#
# There is insufficient memory for the Java Runtime Environment to continue.
# Native memory allocation (malloc) failed to allocate 605808 bytes. Error detail: Chunk::new
# Possible reasons:
#   The system is out of physical RAM or swap space
#   This process is running with CompressedOops enabled, and the Java Heap may be blocking the growth of the native heap
# Possible solutions:
#   Reduce memory load on the system
#   Increase physical memory or swap space
#   Check if swap backing store is full
#   Decrease Java heap size (-Xmx/-Xms)
#   Decrease number of Java threads
#   Decrease Java thread stack sizes (-Xss)
#   Set larger code cache with -XX:ReservedCodeCacheSize=
#   JVM is running with Unscaled Compressed Oops mode in which the Java heap is
#     placed in the first 4GB address space. The Java Heap base address is the
#     maximum limit for the native heap growth. Please use -XX:HeapBaseMinAddress
#     to set the Java Heap base and to place the Java Heap above 4GB virtual address.
# This output file may be truncated or incomplete.
#
#  Out of Memory Error (arena.cpp:150), pid=8180, tid=27480
#
# JRE version: Java(TM) SE Runtime Environment (22.0.1+8) (build 22.0.1+8-16)
# Java VM: Java HotSpot(TM) 64-Bit Server VM (22.0.1+8-16, mixed mode, sharing, tiered, compressed oops, compressed class ptrs, g1 gc, windows-amd64)
# No core dump will be written. Minidumps are not enabled by default on client versions of Windows
#

---------------  S U M M A R Y ------------

Command Line: -Dclassworlds.conf=C:\Program Files\NetBeans-22\netbeans\java\maven\bin\m2.conf -Dmaven.home=C:\Program Files\NetBeans-22\netbeans\java\maven -Dlibrary.jansi.path=C:\Program Files\NetBeans-22\netbeans\java\maven\lib\jansi-native -Dmaven.multiModuleProjectDirectory=C:\Users\eljulls\Documents\GitHub\Juatsapp_233537_240005\Juatsapp_presentacion org.codehaus.plexus.classworlds.launcher.Launcher -Dexec.vmArgs= -Dexec.args=${exec.vmArgs} -classpath %classpath ${exec.mainClass} ${exec.appArgs} -Dexec.executable=C:\Program Files\Java\jdk-22\bin\java.exe -Dexec.mainClass=forms.FrmMain -Dexec.classpathScope=runtime -Dexec.appArgs= -Dmaven.ext.class.path=C:\Program Files\NetBeans-22\netbeans\java\maven-nblib\netbeans-eventspy.jar --no-transfer-progress process-classes org.codehaus.mojo:exec-maven-plugin:3.1.0:exec

Host: Intel(R) Core(TM) i5-10500H CPU @ 2.50GHz, 12 cores, 7G,  Windows 11 , 64 bit Build 22621 (10.0.22621.3672)
Time: Tue Jul  2 05:37:28 2024 Hora estándar Montañas, EE.UU. elapsed time: 1.195823 seconds (0d 0h 0m 1s)

---------------  T H R E A D  ---------------

Current thread (0x0000018845c29320):  JavaThread "C2 CompilerThread1" daemon [_thread_in_native, id=27480, stack(0x000000324c500000,0x000000324c600000) (1024K)]


Current CompileTask:
C2:1195 2786       4       sun.util.locale.BaseLocale::getInstance (150 bytes)

Stack: [0x000000324c500000,0x000000324c600000]
Native frames: (J=compiled Java code, j=interpreted, Vv=VM code, C=native code)
V  [jvm.dll+0x6e2279]  (no source info available)
V  [jvm.dll+0x874e33]  (no source info available)
V  [jvm.dll+0x87725e]  (no source info available)
V  [jvm.dll+0x877933]  (no source info available)
V  [jvm.dll+0x27fd76]  (no source info available)
V  [jvm.dll+0xc3d0f]  (no source info available)
V  [jvm.dll+0xc3f6b]  (no source info available)
V  [jvm.dll+0x3bb10c]  (no source info available)
V  [jvm.dll+0x387b6b]  (no source info available)
V  [jvm.dll+0x386fda]  (no source info available)
V  [jvm.dll+0x247918]  (no source info available)
V  [jvm.dll+0x246fbf]  (no source info available)
V  [jvm.dll+0x1c4e90]  (no source info available)
V  [jvm.dll+0x2569fe]  (no source info available)
V  [jvm.dll+0x254cba]  (no source info available)
V  [jvm.dll+0x3f5336]  (no source info available)
V  [jvm.dll+0x81d44b]  (no source info available)
V  [jvm.dll+0x6e0915]  (no source info available)
C  [ucrtbase.dll+0x29333]  (no source info available)
C  [KERNEL32.DLL+0x1257d]  (no source info available)
C  [ntdll.dll+0x5af28]  (no source info available)


---------------  P R O C E S S  ---------------

Threads class SMR info:
_java_thread_list=0x0000018845e835a0, length=12, elements={
0x000001884ca013a0, 0x000001886b88dd80, 0x000001886b88ea40, 0x000001886b897180,
0x000001886b893850, 0x000001886b894570, 0x000001886b895fb0, 0x000001886b8c7ac0,
0x000001886b8c9120, 0x000001886b896640, 0x000001886b8931c0, 0x0000018845c29320
}

Java Threads: ( => current thread )
  0x000001884ca013a0 JavaThread "main"                              [_thread_in_vm, id=17476, stack(0x000000324b300000,0x000000324b400000) (1024K)]
  0x000001886b88dd80 JavaThread "Reference Handler"          daemon [_thread_blocked, id=17736, stack(0x000000324bb00000,0x000000324bc00000) (1024K)]
  0x000001886b88ea40 JavaThread "Finalizer"                  daemon [_thread_blocked, id=6552, stack(0x000000324bc00000,0x000000324bd00000) (1024K)]
  0x000001886b897180 JavaThread "Signal Dispatcher"          daemon [_thread_blocked, id=22496, stack(0x000000324bd00000,0x000000324be00000) (1024K)]
  0x000001886b893850 JavaThread "Attach Listener"            daemon [_thread_blocked, id=12452, stack(0x000000324be00000,0x000000324bf00000) (1024K)]
  0x000001886b894570 JavaThread "Service Thread"             daemon [_thread_blocked, id=26184, stack(0x000000324bf00000,0x000000324c000000) (1024K)]
  0x000001886b895fb0 JavaThread "Monitor Deflation Thread"   daemon [_thread_blocked, id=26284, stack(0x000000324c000000,0x000000324c100000) (1024K)]
  0x000001886b8c7ac0 JavaThread "C2 CompilerThread0"         daemon [_thread_in_native, id=26608, stack(0x000000324c100000,0x000000324c200000) (1024K)]
  0x000001886b8c9120 JavaThread "C1 CompilerThread0"         daemon [_thread_blocked, id=22248, stack(0x000000324c200000,0x000000324c300000) (1024K)]
  0x000001886b896640 JavaThread "Notification Thread"        daemon [_thread_blocked, id=18264, stack(0x000000324c300000,0x000000324c400000) (1024K)]
  0x000001886b8931c0 JavaThread "Common-Cleaner"             daemon [_thread_blocked, id=21392, stack(0x000000324c400000,0x000000324c500000) (1024K)]
=>0x0000018845c29320 JavaThread "C2 CompilerThread1"         daemon [_thread_in_native, id=27480, stack(0x000000324c500000,0x000000324c600000) (1024K)]
Total: 12

Other Threads:
  0x000001886b874ba0 VMThread "VM Thread"                           [id=27008, stack(0x000000324ba00000,0x000000324bb00000) (1024K)]
  0x000001886b85c9a0 WatcherThread "VM Periodic Task Thread"        [id=4760, stack(0x000000324b900000,0x000000324ba00000) (1024K)]
  0x000001884ecd3c10 WorkerThread "GC Thread#0"                     [id=11236, stack(0x000000324b400000,0x000000324b500000) (1024K)]
  0x000001884626f010 WorkerThread "GC Thread#1"                     [id=12240, stack(0x000000324c600000,0x000000324c700000) (1024K)]
  0x00000188465b9e20 WorkerThread "GC Thread#2"                     [id=13660, stack(0x000000324c700000,0x000000324c800000) (1024K)]
  0x00000188465ba1d0 WorkerThread "GC Thread#3"                     [id=21632, stack(0x000000324c800000,0x000000324c900000) (1024K)]
  0x00000188465b9310 WorkerThread "GC Thread#4"                     [id=9200, stack(0x000000324c900000,0x000000324ca00000) (1024K)]
  0x00000188465b96c0 WorkerThread "GC Thread#5"                     [id=20344, stack(0x000000324ca00000,0x000000324cb00000) (1024K)]
  0x00000188465b8f60 WorkerThread "GC Thread#6"                     [id=25004, stack(0x000000324cb00000,0x000000324cc00000) (1024K)]
  0x00000188465b8800 WorkerThread "GC Thread#7"                     [id=8304, stack(0x000000324cc00000,0x000000324cd00000) (1024K)]
  0x00000188465b9a70 WorkerThread "GC Thread#8"                     [id=19056, stack(0x000000324cd00000,0x000000324ce00000) (1024K)]
  0x0000018845e234d0 WorkerThread "GC Thread#9"                     [id=20504, stack(0x000000324ce00000,0x000000324cf00000) (1024K)]
  0x000001884ece4840 ConcurrentGCThread "G1 Main Marker"            [id=22860, stack(0x000000324b500000,0x000000324b600000) (1024K)]
  0x000001884ece5350 WorkerThread "G1 Conc#0"                       [id=1508, stack(0x000000324b600000,0x000000324b700000) (1024K)]
  0x000001886b728920 ConcurrentGCThread "G1 Refine#0"               [id=24696, stack(0x000000324b700000,0x000000324b800000) (1024K)]
  0x000001886b729150 ConcurrentGCThread "G1 Service"                [id=24932, stack(0x000000324b800000,0x000000324b900000) (1024K)]
Total: 16

Threads with active compile tasks:
C2 CompilerThread0  1252 2877       4       org.codehaus.plexus.util.xml.pull.MXParser::parseStartTag (1190 bytes)
C2 CompilerThread1  1252 2786       4       sun.util.locale.BaseLocale::getInstance (150 bytes)
Total: 2

VM state: not at safepoint (normal execution)

VM Mutex/Monitor currently owned by a thread: None

Heap address: 0x0000000082c00000, size: 2004 MB, Compressed Oops mode: 32-bit

CDS archive(s) mapped at: [0x0000018800000000-0x0000018800c60000-0x0000018800c60000), size 12976128, SharedBaseAddress: 0x0000018800000000, ArchiveRelocationMode: 1.
Compressed class space mapped at: 0x0000018801000000-0x0000018841000000, reserved size: 1073741824
Narrow klass base: 0x0000018800000000, Narrow klass shift: 0, Narrow klass range: 0x41000000

GC Precious Log:
 CardTable entry size: 512
 Card Set container configuration: InlinePtr #cards 5 size 8 Array Of Cards #cards 12 size 40 Howl #buckets 4 coarsen threshold 1843 Howl Bitmap #cards 512 size 80 coarsen threshold 460 Card regions per heap region 1 cards per card region 2048
 CPUs: 12 total, 12 available
 Memory: 8013M
 Large Page Support: Disabled
 NUMA Support: Disabled
 Compressed Oops: Enabled (32-bit)
 Heap Region Size: 1M
 Heap Min Capacity: 8M
 Heap Initial Capacity: 126M
 Heap Max Capacity: 2004M
 Pre-touch: Disabled
 Parallel Workers: 10
 Concurrent Workers: 3
 Concurrent Refinement Workers: 10
 Periodic GC: Disabled

Heap:
 garbage-first heap   total reserved 2052096K, committed 129024K, used 28591K [0x0000000082c00000, 0x0000000100000000)
  region size 1024K, 26 young (26624K), 3 survivors (3072K)
 Metaspace       used 15116K, committed 15360K, reserved 1114112K
  class space    used 1834K, committed 1920K, reserved 1048576K

Heap Regions: E=young(eden), S=young(survivor), O=old, HS=humongous(starts), HC=humongous(continues), CS=collection set, F=free, TAMS=top-at-mark-start, PB=parsable bottom
|   0|0x0000000082c00000, 0x0000000082d00000, 0x0000000082d00000|100%| O|  |TAMS 0x0000000082c00000| PB 0x0000000082c00000| Untracked |  0
|   1|0x0000000082d00000, 0x0000000082e00000, 0x0000000082e00000|100%| O|  |TAMS 0x0000000082d00000| PB 0x0000000082d00000| Untracked |  0
|   2|0x0000000082e00000, 0x0000000082f00000, 0x0000000082f00000|100%| O|  |TAMS 0x0000000082e00000| PB 0x0000000082e00000| Untracked |  0
|   3|0x0000000082f00000, 0x0000000082fc0160, 0x0000000083000000| 75%| O|  |TAMS 0x0000000082f00000| PB 0x0000000082f00000| Untracked |  0
|   4|0x0000000083000000, 0x0000000083000000, 0x0000000083100000|  0%| F|  |TAMS 0x0000000083000000| PB 0x0000000083000000| Untracked |  0
|   5|0x0000000083100000, 0x0000000083100000, 0x0000000083200000|  0%| F|  |TAMS 0x0000000083100000| PB 0x0000000083100000| Untracked |  0
|   6|0x0000000083200000, 0x0000000083200000, 0x0000000083300000|  0%| F|  |TAMS 0x0000000083200000| PB 0x0000000083200000| Untracked |  0
|   7|0x0000000083300000, 0x0000000083300000, 0x0000000083400000|  0%| F|  |TAMS 0x0000000083300000| PB 0x0000000083300000| Untracked |  0
|   8|0x0000000083400000, 0x0000000083400000, 0x0000000083500000|  0%| F|  |TAMS 0x0000000083400000| PB 0x0000000083400000| Untracked |  0
|   9|0x0000000083500000, 0x0000000083500000, 0x0000000083600000|  0%| F|  |TAMS 0x0000000083500000| PB 0x0000000083500000| Untracked |  0
|  10|0x0000000083600000, 0x0000000083600000, 0x0000000083700000|  0%| F|  |TAMS 0x0000000083600000| PB 0x0000000083600000| Untracked |  0
|  11|0x0000000083700000, 0x0000000083700000, 0x0000000083800000|  0%| F|  |TAMS 0x0000000083700000| PB 0x0000000083700000| Untracked |  0
|  12|0x0000000083800000, 0x0000000083800000, 0x0000000083900000|  0%| F|  |TAMS 0x0000000083800000| PB 0x0000000083800000| Untracked |  0
|  13|0x0000000083900000, 0x0000000083900000, 0x0000000083a00000|  0%| F|  |TAMS 0x0000000083900000| PB 0x0000000083900000| Untracked |  0
|  14|0x0000000083a00000, 0x0000000083a00000, 0x0000000083b00000|  0%| F|  |TAMS 0x0000000083a00000| PB 0x0000000083a00000| Untracked |  0
|  15|0x0000000083b00000, 0x0000000083b00000, 0x0000000083c00000|  0%| F|  |TAMS 0x0000000083b00000| PB 0x0000000083b00000| Untracked |  0
|  16|0x0000000083c00000, 0x0000000083c00000, 0x0000000083d00000|  0%| F|  |TAMS 0x0000000083c00000| PB 0x0000000083c00000| Untracked |  0
|  17|0x0000000083d00000, 0x0000000083d00000, 0x0000000083e00000|  0%| F|  |TAMS 0x0000000083d00000| PB 0x0000000083d00000| Untracked |  0
|  18|0x0000000083e00000, 0x0000000083e00000, 0x0000000083f00000|  0%| F|  |TAMS 0x0000000083e00000| PB 0x0000000083e00000| Untracked |  0
|  19|0x0000000083f00000, 0x0000000083f00000, 0x0000000084000000|  0%| F|  |TAMS 0x0000000083f00000| PB 0x0000000083f00000| Untracked |  0
|  20|0x0000000084000000, 0x0000000084000000, 0x0000000084100000|  0%| F|  |TAMS 0x0000000084000000| PB 0x0000000084000000| Untracked |  0
|  21|0x0000000084100000, 0x0000000084100000, 0x0000000084200000|  0%| F|  |TAMS 0x0000000084100000| PB 0x0000000084100000| Untracked |  0
|  22|0x0000000084200000, 0x0000000084200000, 0x0000000084300000|  0%| F|  |TAMS 0x0000000084200000| PB 0x0000000084200000| Untracked |  0
|  23|0x0000000084300000, 0x0000000084300000, 0x0000000084400000|  0%| F|  |TAMS 0x0000000084300000| PB 0x0000000084300000| Untracked |  0
|  24|0x0000000084400000, 0x0000000084400000, 0x0000000084500000|  0%| F|  |TAMS 0x0000000084400000| PB 0x0000000084400000| Untracked |  0
|  25|0x0000000084500000, 0x0000000084500000, 0x0000000084600000|  0%| F|  |TAMS 0x0000000084500000| PB 0x0000000084500000| Untracked |  0
|  26|0x0000000084600000, 0x0000000084600000, 0x0000000084700000|  0%| F|  |TAMS 0x0000000084600000| PB 0x0000000084600000| Untracked |  0
|  27|0x0000000084700000, 0x0000000084700000, 0x0000000084800000|  0%| F|  |TAMS 0x0000000084700000| PB 0x0000000084700000| Untracked |  0
|  28|0x0000000084800000, 0x0000000084800000, 0x0000000084900000|  0%| F|  |TAMS 0x0000000084800000| PB 0x0000000084800000| Untracked |  0
|  29|0x0000000084900000, 0x0000000084900000, 0x0000000084a00000|  0%| F|  |TAMS 0x0000000084900000| PB 0x0000000084900000| Untracked |  0
|  30|0x0000000084a00000, 0x0000000084a00000, 0x0000000084b00000|  0%| F|  |TAMS 0x0000000084a00000| PB 0x0000000084a00000| Untracked |  0
|  31|0x0000000084b00000, 0x0000000084b00000, 0x0000000084c00000|  0%| F|  |TAMS 0x0000000084b00000| PB 0x0000000084b00000| Untracked |  0
|  32|0x0000000084c00000, 0x0000000084c00000, 0x0000000084d00000|  0%| F|  |TAMS 0x0000000084c00000| PB 0x0000000084c00000| Untracked |  0
|  33|0x0000000084d00000, 0x0000000084d00000, 0x0000000084e00000|  0%| F|  |TAMS 0x0000000084d00000| PB 0x0000000084d00000| Untracked |  0
|  34|0x0000000084e00000, 0x0000000084e00000, 0x0000000084f00000|  0%| F|  |TAMS 0x0000000084e00000| PB 0x0000000084e00000| Untracked |  0
|  35|0x0000000084f00000, 0x0000000084f00000, 0x0000000085000000|  0%| F|  |TAMS 0x0000000084f00000| PB 0x0000000084f00000| Untracked |  0
|  36|0x0000000085000000, 0x0000000085000000, 0x0000000085100000|  0%| F|  |TAMS 0x0000000085000000| PB 0x0000000085000000| Untracked |  0
|  37|0x0000000085100000, 0x0000000085100000, 0x0000000085200000|  0%| F|  |TAMS 0x0000000085100000| PB 0x0000000085100000| Untracked |  0
|  38|0x0000000085200000, 0x0000000085200000, 0x0000000085300000|  0%| F|  |TAMS 0x0000000085200000| PB 0x0000000085200000| Untracked |  0
|  39|0x0000000085300000, 0x0000000085300000, 0x0000000085400000|  0%| F|  |TAMS 0x0000000085300000| PB 0x0000000085300000| Untracked |  0
|  40|0x0000000085400000, 0x0000000085400000, 0x0000000085500000|  0%| F|  |TAMS 0x0000000085400000| PB 0x0000000085400000| Untracked |  0
|  41|0x0000000085500000, 0x0000000085500000, 0x0000000085600000|  0%| F|  |TAMS 0x0000000085500000| PB 0x0000000085500000| Untracked |  0
|  42|0x0000000085600000, 0x0000000085600000, 0x0000000085700000|  0%| F|  |TAMS 0x0000000085600000| PB 0x0000000085600000| Untracked |  0
|  43|0x0000000085700000, 0x0000000085700000, 0x0000000085800000|  0%| F|  |TAMS 0x0000000085700000| PB 0x0000000085700000| Untracked |  0
|  44|0x0000000085800000, 0x0000000085800000, 0x0000000085900000|  0%| F|  |TAMS 0x0000000085800000| PB 0x0000000085800000| Untracked |  0
|  45|0x0000000085900000, 0x0000000085900000, 0x0000000085a00000|  0%| F|  |TAMS 0x0000000085900000| PB 0x0000000085900000| Untracked |  0
|  46|0x0000000085a00000, 0x0000000085a00000, 0x0000000085b00000|  0%| F|  |TAMS 0x0000000085a00000| PB 0x0000000085a00000| Untracked |  0
|  47|0x0000000085b00000, 0x0000000085b00000, 0x0000000085c00000|  0%| F|  |TAMS 0x0000000085b00000| PB 0x0000000085b00000| Untracked |  0
|  48|0x0000000085c00000, 0x0000000085c00000, 0x0000000085d00000|  0%| F|  |TAMS 0x0000000085c00000| PB 0x0000000085c00000| Untracked |  0
|  49|0x0000000085d00000, 0x0000000085d00000, 0x0000000085e00000|  0%| F|  |TAMS 0x0000000085d00000| PB 0x0000000085d00000| Untracked |  0
|  50|0x0000000085e00000, 0x0000000085e00000, 0x0000000085f00000|  0%| F|  |TAMS 0x0000000085e00000| PB 0x0000000085e00000| Untracked |  0
|  51|0x0000000085f00000, 0x0000000085f00000, 0x0000000086000000|  0%| F|  |TAMS 0x0000000085f00000| PB 0x0000000085f00000| Untracked |  0
|  52|0x0000000086000000, 0x0000000086000000, 0x0000000086100000|  0%| F|  |TAMS 0x0000000086000000| PB 0x0000000086000000| Untracked |  0
|  53|0x0000000086100000, 0x0000000086100000, 0x0000000086200000|  0%| F|  |TAMS 0x0000000086100000| PB 0x0000000086100000| Untracked |  0
|  54|0x0000000086200000, 0x0000000086200000, 0x0000000086300000|  0%| F|  |TAMS 0x0000000086200000| PB 0x0000000086200000| Untracked |  0
|  55|0x0000000086300000, 0x0000000086300000, 0x0000000086400000|  0%| F|  |TAMS 0x0000000086300000| PB 0x0000000086300000| Untracked |  0
|  56|0x0000000086400000, 0x0000000086400000, 0x0000000086500000|  0%| F|  |TAMS 0x0000000086400000| PB 0x0000000086400000| Untracked |  0
|  57|0x0000000086500000, 0x0000000086500000, 0x0000000086600000|  0%| F|  |TAMS 0x0000000086500000| PB 0x0000000086500000| Untracked |  0
|  58|0x0000000086600000, 0x0000000086600000, 0x0000000086700000|  0%| F|  |TAMS 0x0000000086600000| PB 0x0000000086600000| Untracked |  0
|  59|0x0000000086700000, 0x0000000086700000, 0x0000000086800000|  0%| F|  |TAMS 0x0000000086700000| PB 0x0000000086700000| Untracked |  0
|  60|0x0000000086800000, 0x0000000086800000, 0x0000000086900000|  0%| F|  |TAMS 0x0000000086800000| PB 0x0000000086800000| Untracked |  0
|  61|0x0000000086900000, 0x0000000086900000, 0x0000000086a00000|  0%| F|  |TAMS 0x0000000086900000| PB 0x0000000086900000| Untracked |  0
|  62|0x0000000086a00000, 0x0000000086a00000, 0x0000000086b00000|  0%| F|  |TAMS 0x0000000086a00000| PB 0x0000000086a00000| Untracked |  0
|  63|0x0000000086b00000, 0x0000000086b00000, 0x0000000086c00000|  0%| F|  |TAMS 0x0000000086b00000| PB 0x0000000086b00000| Untracked |  0
|  64|0x0000000086c00000, 0x0000000086c00000, 0x0000000086d00000|  0%| F|  |TAMS 0x0000000086c00000| PB 0x0000000086c00000| Untracked |  0
|  65|0x0000000086d00000, 0x0000000086d00000, 0x0000000086e00000|  0%| F|  |TAMS 0x0000000086d00000| PB 0x0000000086d00000| Untracked |  0
|  66|0x0000000086e00000, 0x0000000086e00000, 0x0000000086f00000|  0%| F|  |TAMS 0x0000000086e00000| PB 0x0000000086e00000| Untracked |  0
|  67|0x0000000086f00000, 0x0000000086f00000, 0x0000000087000000|  0%| F|  |TAMS 0x0000000086f00000| PB 0x0000000086f00000| Untracked |  0
|  68|0x0000000087000000, 0x0000000087000000, 0x0000000087100000|  0%| F|  |TAMS 0x0000000087000000| PB 0x0000000087000000| Untracked |  0
|  69|0x0000000087100000, 0x0000000087100000, 0x0000000087200000|  0%| F|  |TAMS 0x0000000087100000| PB 0x0000000087100000| Untracked |  0
|  70|0x0000000087200000, 0x0000000087200000, 0x0000000087300000|  0%| F|  |TAMS 0x0000000087200000| PB 0x0000000087200000| Untracked |  0
|  71|0x0000000087300000, 0x0000000087300000, 0x0000000087400000|  0%| F|  |TAMS 0x0000000087300000| PB 0x0000000087300000| Untracked |  0
|  72|0x0000000087400000, 0x0000000087400000, 0x0000000087500000|  0%| F|  |TAMS 0x0000000087400000| PB 0x0000000087400000| Untracked |  0
|  73|0x0000000087500000, 0x0000000087500000, 0x0000000087600000|  0%| F|  |TAMS 0x0000000087500000| PB 0x0000000087500000| Untracked |  0
|  74|0x0000000087600000, 0x0000000087600000, 0x0000000087700000|  0%| F|  |TAMS 0x0000000087600000| PB 0x0000000087600000| Untracked |  0
|  75|0x0000000087700000, 0x0000000087700000, 0x0000000087800000|  0%| F|  |TAMS 0x0000000087700000| PB 0x0000000087700000| Untracked |  0
|  76|0x0000000087800000, 0x0000000087800000, 0x0000000087900000|  0%| F|  |TAMS 0x0000000087800000| PB 0x0000000087800000| Untracked |  0
|  77|0x0000000087900000, 0x0000000087900000, 0x0000000087a00000|  0%| F|  |TAMS 0x0000000087900000| PB 0x0000000087900000| Untracked |  0
|  78|0x0000000087a00000, 0x0000000087a00000, 0x0000000087b00000|  0%| F|  |TAMS 0x0000000087a00000| PB 0x0000000087a00000| Untracked |  0
|  79|0x0000000087b00000, 0x0000000087b00000, 0x0000000087c00000|  0%| F|  |TAMS 0x0000000087b00000| PB 0x0000000087b00000| Untracked |  0
|  80|0x0000000087c00000, 0x0000000087c00000, 0x0000000087d00000|  0%| F|  |TAMS 0x0000000087c00000| PB 0x0000000087c00000| Untracked |  0
|  81|0x0000000087d00000, 0x0000000087d00000, 0x0000000087e00000|  0%| F|  |TAMS 0x0000000087d00000| PB 0x0000000087d00000| Untracked |  0
|  82|0x0000000087e00000, 0x0000000087e00000, 0x0000000087f00000|  0%| F|  |TAMS 0x0000000087e00000| PB 0x0000000087e00000| Untracked |  0
|  83|0x0000000087f00000, 0x0000000087f00000, 0x0000000088000000|  0%| F|  |TAMS 0x0000000087f00000| PB 0x0000000087f00000| Untracked |  0
|  84|0x0000000088000000, 0x0000000088000000, 0x0000000088100000|  0%| F|  |TAMS 0x0000000088000000| PB 0x0000000088000000| Untracked |  0
|  85|0x0000000088100000, 0x0000000088100000, 0x0000000088200000|  0%| F|  |TAMS 0x0000000088100000| PB 0x0000000088100000| Untracked |  0
|  86|0x0000000088200000, 0x0000000088200000, 0x0000000088300000|  0%| F|  |TAMS 0x0000000088200000| PB 0x0000000088200000| Untracked |  0
|  87|0x0000000088300000, 0x0000000088300000, 0x0000000088400000|  0%| F|  |TAMS 0x0000000088300000| PB 0x0000000088300000| Untracked |  0
|  88|0x0000000088400000, 0x000000008842bb50, 0x0000000088500000| 17%| S|CS|TAMS 0x0000000088400000| PB 0x0000000088400000| Complete |  0
|  89|0x0000000088500000, 0x0000000088600000, 0x0000000088600000|100%| S|CS|TAMS 0x0000000088500000| PB 0x0000000088500000| Complete |  0
|  90|0x0000000088600000, 0x0000000088700000, 0x0000000088700000|100%| S|CS|TAMS 0x0000000088600000| PB 0x0000000088600000| Complete |  0
|  91|0x0000000088700000, 0x0000000088700000, 0x0000000088800000|  0%| F|  |TAMS 0x0000000088700000| PB 0x0000000088700000| Untracked |  0
|  92|0x0000000088800000, 0x0000000088800000, 0x0000000088900000|  0%| F|  |TAMS 0x0000000088800000| PB 0x0000000088800000| Untracked |  0
|  93|0x0000000088900000, 0x0000000088900000, 0x0000000088a00000|  0%| F|  |TAMS 0x0000000088900000| PB 0x0000000088900000| Untracked |  0
|  94|0x0000000088a00000, 0x0000000088a00000, 0x0000000088b00000|  0%| F|  |TAMS 0x0000000088a00000| PB 0x0000000088a00000| Untracked |  0
|  95|0x0000000088b00000, 0x0000000088b00000, 0x0000000088c00000|  0%| F|  |TAMS 0x0000000088b00000| PB 0x0000000088b00000| Untracked |  0
|  96|0x0000000088c00000, 0x0000000088c00000, 0x0000000088d00000|  0%| F|  |TAMS 0x0000000088c00000| PB 0x0000000088c00000| Untracked |  0
|  97|0x0000000088d00000, 0x0000000088d00000, 0x0000000088e00000|  0%| F|  |TAMS 0x0000000088d00000| PB 0x0000000088d00000| Untracked |  0
|  98|0x0000000088e00000, 0x0000000088e00000, 0x0000000088f00000|  0%| F|  |TAMS 0x0000000088e00000| PB 0x0000000088e00000| Untracked |  0
|  99|0x0000000088f00000, 0x0000000088f00000, 0x0000000089000000|  0%| F|  |TAMS 0x0000000088f00000| PB 0x0000000088f00000| Untracked |  0
| 100|0x0000000089000000, 0x0000000089000000, 0x0000000089100000|  0%| F|  |TAMS 0x0000000089000000| PB 0x0000000089000000| Untracked |  0
| 101|0x0000000089100000, 0x0000000089100000, 0x0000000089200000|  0%| F|  |TAMS 0x0000000089100000| PB 0x0000000089100000| Untracked |  0
| 102|0x0000000089200000, 0x0000000089200000, 0x0000000089300000|  0%| F|  |TAMS 0x0000000089200000| PB 0x0000000089200000| Untracked |  0
| 103|0x0000000089300000, 0x0000000089400000, 0x0000000089400000|100%| E|  |TAMS 0x0000000089300000| PB 0x0000000089300000| Complete |  0
| 104|0x0000000089400000, 0x0000000089500000, 0x0000000089500000|100%| E|CS|TAMS 0x0000000089400000| PB 0x0000000089400000| Complete |  0
| 105|0x0000000089500000, 0x0000000089600000, 0x0000000089600000|100%| E|CS|TAMS 0x0000000089500000| PB 0x0000000089500000| Complete |  0
| 106|0x0000000089600000, 0x0000000089700000, 0x0000000089700000|100%| E|CS|TAMS 0x0000000089600000| PB 0x0000000089600000| Complete |  0
| 107|0x0000000089700000, 0x0000000089800000, 0x0000000089800000|100%| E|CS|TAMS 0x0000000089700000| PB 0x0000000089700000| Complete |  0
| 108|0x0000000089800000, 0x0000000089900000, 0x0000000089900000|100%| E|CS|TAMS 0x0000000089800000| PB 0x0000000089800000| Complete |  0
| 109|0x0000000089900000, 0x0000000089a00000, 0x0000000089a00000|100%| E|CS|TAMS 0x0000000089900000| PB 0x0000000089900000| Complete |  0
| 110|0x0000000089a00000, 0x0000000089b00000, 0x0000000089b00000|100%| E|CS|TAMS 0x0000000089a00000| PB 0x0000000089a00000| Complete |  0
| 111|0x0000000089b00000, 0x0000000089c00000, 0x0000000089c00000|100%| E|CS|TAMS 0x0000000089b00000| PB 0x0000000089b00000| Complete |  0
| 112|0x0000000089c00000, 0x0000000089d00000, 0x0000000089d00000|100%| E|CS|TAMS 0x0000000089c00000| PB 0x0000000089c00000| Complete |  0
| 113|0x0000000089d00000, 0x0000000089e00000, 0x0000000089e00000|100%| E|CS|TAMS 0x0000000089d00000| PB 0x0000000089d00000| Complete |  0
| 114|0x0000000089e00000, 0x0000000089f00000, 0x0000000089f00000|100%| E|CS|TAMS 0x0000000089e00000| PB 0x0000000089e00000| Complete |  0
| 115|0x0000000089f00000, 0x000000008a000000, 0x000000008a000000|100%| E|CS|TAMS 0x0000000089f00000| PB 0x0000000089f00000| Complete |  0
| 116|0x000000008a000000, 0x000000008a100000, 0x000000008a100000|100%| E|CS|TAMS 0x000000008a000000| PB 0x000000008a000000| Complete |  0
| 117|0x000000008a100000, 0x000000008a200000, 0x000000008a200000|100%| E|CS|TAMS 0x000000008a100000| PB 0x000000008a100000| Complete |  0
| 118|0x000000008a200000, 0x000000008a300000, 0x000000008a300000|100%| E|CS|TAMS 0x000000008a200000| PB 0x000000008a200000| Complete |  0
| 119|0x000000008a300000, 0x000000008a400000, 0x000000008a400000|100%| E|CS|TAMS 0x000000008a300000| PB 0x000000008a300000| Complete |  0
| 120|0x000000008a400000, 0x000000008a500000, 0x000000008a500000|100%| E|CS|TAMS 0x000000008a400000| PB 0x000000008a400000| Complete |  0
| 121|0x000000008a500000, 0x000000008a600000, 0x000000008a600000|100%| E|CS|TAMS 0x000000008a500000| PB 0x000000008a500000| Complete |  0
| 122|0x000000008a600000, 0x000000008a700000, 0x000000008a700000|100%| E|CS|TAMS 0x000000008a600000| PB 0x000000008a600000| Complete |  0
| 123|0x000000008a700000, 0x000000008a800000, 0x000000008a800000|100%| E|CS|TAMS 0x000000008a700000| PB 0x000000008a700000| Complete |  0
| 124|0x000000008a800000, 0x000000008a900000, 0x000000008a900000|100%| E|CS|TAMS 0x000000008a800000| PB 0x000000008a800000| Complete |  0
| 125|0x000000008a900000, 0x000000008aa00000, 0x000000008aa00000|100%| E|CS|TAMS 0x000000008a900000| PB 0x000000008a900000| Complete |  0

Card table byte_map: [0x0000018866900000,0x0000018866cf0000] _byte_map_base: 0x00000188664ea000

Marking Bits: (CMBitMap*) 0x000001884ecd4330
 Bits: [0x0000018866cf0000, 0x0000018868c40000)

Polling page: 0x000001884cbc0000

Metaspace:

Usage:
  Non-class:     12.98 MB used.
      Class:      1.79 MB used.
       Both:     14.77 MB used.

Virtual space:
  Non-class space:       64.00 MB reserved,      13.12 MB ( 21%) committed,  1 nodes.
      Class space:        1.00 GB reserved,       1.88 MB ( <1%) committed,  1 nodes.
             Both:        1.06 GB reserved,      15.00 MB (  1%) committed. 

Chunk freelists:
   Non-Class:  2.38 MB
       Class:  13.95 MB
        Both:  16.33 MB

MaxMetaspaceSize: unlimited
CompressedClassSpaceSize: 1.00 GB
Initial GC threshold: 21.00 MB
Current GC threshold: 21.00 MB
CDS: on
 - commit_granule_bytes: 65536.
 - commit_granule_words: 8192.
 - virtual_space_node_default_size: 8388608.
 - enlarge_chunks_in_place: 1.
 - use_allocation_guard: 0.


Internal statistics:

num_allocs_failed_limit: 0.
num_arena_births: 154.
num_arena_deaths: 0.
num_vsnodes_births: 2.
num_vsnodes_deaths: 0.
num_space_committed: 240.
num_space_uncommitted: 0.
num_chunks_returned_to_freelist: 0.
num_chunks_taken_from_freelist: 665.
num_chunk_merges: 0.
num_chunk_splits: 455.
num_chunks_enlarged: 374.
num_inconsistent_stats: 0.

CodeHeap 'non-profiled nmethods': size=120000Kb used=1032Kb max_used=1032Kb free=118967Kb
 bounds [0x000001885ea90000, 0x000001885ed00000, 0x0000018865fc0000]
CodeHeap 'profiled nmethods': size=120000Kb used=5696Kb max_used=5696Kb free=114304Kb
 bounds [0x0000018856fc0000, 0x0000018857550000, 0x000001885e4f0000]
CodeHeap 'non-nmethods': size=5760Kb used=1399Kb max_used=1441Kb free=4360Kb
 bounds [0x000001885e4f0000, 0x000001885e760000, 0x000001885ea90000]
 total_blobs=3451 nmethods=2956 adapters=399
 compilation: enabled
              stopped_count=0, restarted_count=0
 full_count=0

Compilation events (20 events):
Event: 1.189 Thread 0x000001886b8c9120 2804       3       java.util.ImmutableCollections$List12::size (16 bytes)
Event: 1.190 Thread 0x000001886b8c9120 nmethod 2804 0x00000188574f5d10 code [0x00000188574f5ec0, 0x00000188574f6050]
Event: 1.190 Thread 0x000001886b8c9120 2805       3       jdk.internal.org.objectweb.asm.ClassWriter::visitField (53 bytes)
Event: 1.190 Thread 0x000001886b8c9120 nmethod 2805 0x00000188574f6110 code [0x00000188574f62c0, 0x00000188574f6610]
Event: 1.190 Thread 0x000001886b8c9120 2806       3       jdk.internal.org.objectweb.asm.FieldWriter::<init> (69 bytes)
Event: 1.191 Thread 0x000001886b8c9120 nmethod 2806 0x00000188574f6790 code [0x00000188574f6980, 0x00000188574f6d38]
Event: 1.191 Thread 0x000001886b8c9120 2807       3       java.lang.invoke.MethodHandleStatics::dumper (4 bytes)
Event: 1.191 Thread 0x000001886b8c9120 nmethod 2807 0x00000188574f6f10 code [0x00000188574f70a0, 0x00000188574f7198]
Event: 1.191 Thread 0x000001886b8c9120 2811       3       java.lang.invoke.InvokerBytecodeGenerator::getInternalName (103 bytes)
Event: 1.191 Thread 0x000001886b8c9120 nmethod 2811 0x00000188574f7210 code [0x00000188574f7420, 0x00000188574f7938]
Event: 1.191 Thread 0x000001886b8c9120 2812       3       java.lang.invoke.LambdaFormBuffer::ownedCount (7 bytes)
Event: 1.191 Thread 0x000001886b8c9120 nmethod 2812 0x00000188574f7a90 code [0x00000188574f7c20, 0x00000188574f7d30]
Event: 1.191 Thread 0x000001886b8c9120 2813       3       java.lang.invoke.MemberName::isMethod (8 bytes)
Event: 1.192 Thread 0x000001886b8c9120 nmethod 2813 0x00000188574f7d90 code [0x00000188574f7f20, 0x00000188574f80e8]
Event: 1.192 Thread 0x000001886b8c9120 2814       3       java.lang.invoke.InvokerBytecodeGenerator::emitStoreResult (27 bytes)
Event: 1.192 Thread 0x000001886b8c9120 nmethod 2814 0x00000188574f8190 code [0x00000188574f8340, 0x00000188574f8510]
Event: 1.192 Thread 0x000001886b8c9120 2815       3       java.lang.invoke.LambdaForm$NamedFunction::intrinsicName (21 bytes)
Event: 1.192 Thread 0x000001886b8c9120 nmethod 2815 0x00000188574f8610 code [0x00000188574f87c0, 0x00000188574f8a08]
Event: 1.193 Thread 0x000001886b8c9120 2816       3       java.lang.String::replace (42 bytes)
Event: 1.194 Thread 0x000001886b8c9120 nmethod 2816 0x00000188574f8b10 code [0x00000188574f8ce0, 0x00000188574f8ff0]

GC Heap History (4 events):
Event: 0.489 GC heap before
{Heap before GC invocations=0 (full 0):
 garbage-first heap   total reserved 2052096K, committed 129024K, used 23552K [0x0000000082c00000, 0x0000000100000000)
  region size 1024K, 24 young (24576K), 0 survivors (0K)
 Metaspace       used 5758K, committed 5952K, reserved 1114112K
  class space    used 677K, committed 768K, reserved 1048576K
}
Event: 0.495 GC heap after
{Heap after GC invocations=1 (full 0):
 garbage-first heap   total reserved 2052096K, committed 129024K, used 3933K [0x0000000082c00000, 0x0000000100000000)
  region size 1024K, 3 young (3072K), 3 survivors (3072K)
 Metaspace       used 5758K, committed 5952K, reserved 1114112K
  class space    used 677K, committed 768K, reserved 1048576K
}
Event: 0.892 GC heap before
{Heap before GC invocations=1 (full 0):
 garbage-first heap   total reserved 2052096K, committed 129024K, used 36701K [0x0000000082c00000, 0x0000000100000000)
  region size 1024K, 35 young (35840K), 3 survivors (3072K)
 Metaspace       used 10747K, committed 10944K, reserved 1114112K
  class space    used 1300K, committed 1408K, reserved 1048576K
}
Event: 0.897 GC heap after
{Heap after GC invocations=2 (full 0):
 garbage-first heap   total reserved 2052096K, committed 129024K, used 6063K [0x0000000082c00000, 0x0000000100000000)
  region size 1024K, 3 young (3072K), 3 survivors (3072K)
 Metaspace       used 10747K, committed 10944K, reserved 1114112K
  class space    used 1300K, committed 1408K, reserved 1048576K
}

Dll operation events (8 events):
Event: 0.005 Loaded shared library C:\Program Files\Java\jdk-22\bin\java.dll
Event: 0.029 Loaded shared library C:\Program Files\Java\jdk-22\bin\jsvml.dll
Event: 0.042 Loaded shared library C:\Program Files\Java\jdk-22\bin\net.dll
Event: 0.043 Loaded shared library C:\Program Files\Java\jdk-22\bin\nio.dll
Event: 0.045 Loaded shared library C:\Program Files\Java\jdk-22\bin\zip.dll
Event: 0.127 Loaded shared library C:\Program Files\Java\jdk-22\bin\jimage.dll
Event: 0.135 Loaded shared library C:\Program Files\NetBeans-22\netbeans\java\maven\lib\jansi-native\Windows\x86_64\jansi.dll
Event: 0.144 Loaded shared library C:\Program Files\Java\jdk-22\bin\verify.dll

Deoptimization events (20 events):
Event: 1.175 Thread 0x000001884ca013a0 Uncommon trap: trap_request=0xffffff45 fr.pc=0x000001885eaf6c64 relative=0x00000000000000c4
Event: 1.175 Thread 0x000001884ca013a0 Uncommon trap: reason=unstable_if action=reinterpret pc=0x000001885eaf6c64 method=java.nio.Buffer.limit(I)Ljava/nio/Buffer; @ 42 c2
Event: 1.175 Thread 0x000001884ca013a0 DEOPT PACKING pc=0x000001885eaf6c64 sp=0x000000324b3fcea0
Event: 1.175 Thread 0x000001884ca013a0 DEOPT UNPACKING pc=0x000001885e5446a2 sp=0x000000324b3fce28 mode 2
Event: 1.175 Thread 0x000001884ca013a0 Uncommon trap: trap_request=0xffffffc6 fr.pc=0x000001885eaf7700 relative=0x00000000000003a0
Event: 1.175 Thread 0x000001884ca013a0 Uncommon trap: reason=bimorphic_or_optimized_type_check action=maybe_recompile pc=0x000001885eaf7700 method=java.nio.Buffer.<init>(IIIILjava/lang/foreign/MemorySegment;)V @ 39 c2
Event: 1.175 Thread 0x000001884ca013a0 DEOPT PACKING pc=0x000001885eaf7700 sp=0x000000324b3fcb60
Event: 1.175 Thread 0x000001884ca013a0 DEOPT UNPACKING pc=0x000001885e5446a2 sp=0x000000324b3fcb08 mode 2
Event: 1.175 Thread 0x000001884ca013a0 Uncommon trap: trap_request=0xffffffc6 fr.pc=0x000001885eaf7700 relative=0x00000000000003a0
Event: 1.175 Thread 0x000001884ca013a0 Uncommon trap: reason=bimorphic_or_optimized_type_check action=maybe_recompile pc=0x000001885eaf7700 method=java.nio.Buffer.<init>(IIIILjava/lang/foreign/MemorySegment;)V @ 39 c2
Event: 1.175 Thread 0x000001884ca013a0 DEOPT PACKING pc=0x000001885eaf7700 sp=0x000000324b3fcc30
Event: 1.175 Thread 0x000001884ca013a0 DEOPT UNPACKING pc=0x000001885e5446a2 sp=0x000000324b3fcbd8 mode 2
Event: 1.176 Thread 0x000001884ca013a0 Uncommon trap: trap_request=0xffffffc6 fr.pc=0x000001885eaf7700 relative=0x00000000000003a0
Event: 1.176 Thread 0x000001884ca013a0 Uncommon trap: reason=bimorphic_or_optimized_type_check action=maybe_recompile pc=0x000001885eaf7700 method=java.nio.Buffer.<init>(IIIILjava/lang/foreign/MemorySegment;)V @ 39 c2
Event: 1.176 Thread 0x000001884ca013a0 DEOPT PACKING pc=0x000001885eaf7700 sp=0x000000324b3fcd00
Event: 1.176 Thread 0x000001884ca013a0 DEOPT UNPACKING pc=0x000001885e5446a2 sp=0x000000324b3fcca8 mode 2
Event: 1.184 Thread 0x000001884ca013a0 Uncommon trap: trap_request=0xffffff45 fr.pc=0x000001885eb09468 relative=0x0000000000000728
Event: 1.184 Thread 0x000001884ca013a0 Uncommon trap: reason=unstable_if action=reinterpret pc=0x000001885eb09468 method=java.lang.String.replace(CC)Ljava/lang/String; @ 2 c2
Event: 1.184 Thread 0x000001884ca013a0 DEOPT PACKING pc=0x000001885eb09468 sp=0x000000324b3fddf0
Event: 1.184 Thread 0x000001884ca013a0 DEOPT UNPACKING pc=0x000001885e5446a2 sp=0x000000324b3fddb0 mode 2

Classes loaded (20 events):
Event: 1.150 Loading class java/util/regex/Pattern$Pos
Event: 1.150 Loading class java/util/regex/Pattern$Pos done
Event: 1.151 Loading class java/util/ArrayList$SubList$1
Event: 1.151 Loading class java/util/ArrayList$SubList$1 done
Event: 1.154 Loading class java/util/concurrent/atomic/AtomicReference
Event: 1.154 Loading class java/util/concurrent/atomic/AtomicReference done
Event: 1.174 Loading class sun/util/resources/LocaleData$CommonResourceBundleProvider
Event: 1.174 Loading class sun/util/resources/LocaleData$LocaleDataResourceBundleProvider
Event: 1.174 Loading class java/util/spi/ResourceBundleProvider
Event: 1.174 Loading class java/util/spi/ResourceBundleProvider done
Event: 1.174 Loading class sun/util/resources/LocaleData$LocaleDataResourceBundleProvider done
Event: 1.174 Loading class sun/util/resources/LocaleData$CommonResourceBundleProvider done
Event: 1.174 Loading class sun/util/resources/Bundles$2
Event: 1.174 Loading class sun/util/resources/Bundles$2 done
Event: 1.187 Loading class java/math/BigDecimal
Event: 1.188 Loading class java/math/BigDecimal done
Event: 1.188 Loading class java/lang/Short$ShortCache
Event: 1.188 Loading class java/lang/Short$ShortCache done
Event: 1.188 Loading class java/lang/Byte$ByteCache
Event: 1.188 Loading class java/lang/Byte$ByteCache done

Classes unloaded (0 events):
No events

Classes redefined (0 events):
No events

Internal exceptions (20 events):
Event: 0.375 Thread 0x000001884ca013a0 Exception <a 'java/lang/NoSuchMethodError'{0x0000000089b92af0}: 'int java.lang.invoke.DirectMethodHandle$Holder.invokeSpecialIFC(java.lang.Object, java.lang.Object, java.lang.Object, java.lang.Object, java.lang.Object)'> (0x0000000089b92af0) 
thrown [s\open\src\hotspot\share\interpreter\linkResolver.cpp, line 774]
Event: 0.405 Thread 0x000001884ca013a0 Exception <a 'java/lang/NoSuchMethodError'{0x0000000089909418}: 'java.lang.Object java.lang.invoke.DirectMethodHandle$Holder.newInvokeSpecial(java.lang.Object, java.lang.Object, java.lang.Object, java.lang.Object, java.lang.Object)'> (0x0000000089909418) 
thrown [s\open\src\hotspot\share\interpreter\linkResolver.cpp, line 774]
Event: 0.425 Thread 0x000001884ca013a0 Exception <a 'java/lang/NoSuchMethodError'{0x00000000899feb60}: 'int java.lang.invoke.DirectMethodHandle$Holder.invokeStaticInit(java.lang.Object, java.lang.Object)'> (0x00000000899feb60) 
thrown [s\open\src\hotspot\share\interpreter\linkResolver.cpp, line 774]
Event: 0.431 Thread 0x000001884ca013a0 Exception <a 'java/lang/NoClassDefFoundError'{0x0000000089832f48}: javax/enterprise/inject/Typed> (0x0000000089832f48) 
thrown [s\open\src\hotspot\share\classfile\systemDictionary.cpp, line 302]
Event: 0.877 Thread 0x000001884ca013a0 Exception <a 'java/lang/NoSuchMethodError'{0x00000000888f8888}: 'void java.lang.invoke.DirectMethodHandle$Holder.invokeStaticInit(java.lang.Object, java.lang.Object, java.lang.Object)'> (0x00000000888f8888) 
thrown [s\open\src\hotspot\share\interpreter\linkResolver.cpp, line 774]
Event: 0.880 Thread 0x000001884ca013a0 Exception <a 'java/lang/ExceptionInInitializerError'{0x0000000088721760}> (0x0000000088721760) 
thrown [s\open\src\hotspot\share\oops\instanceKlass.cpp, line 1247]
Event: 0.901 Thread 0x000001884ca013a0 Exception <a 'java/lang/NoSuchMethodError'{0x000000008a92b1b8}: 'long java.lang.invoke.DirectMethodHandle$Holder.invokeStatic(java.lang.Object, java.lang.Object, int)'> (0x000000008a92b1b8) 
thrown [s\open\src\hotspot\share\interpreter\linkResolver.cpp, line 774]
Event: 0.902 Thread 0x000001884ca013a0 Exception <a 'java/lang/NoSuchMethodError'{0x000000008a93e6d0}: 'java.lang.Object java.lang.invoke.DirectMethodHandle$Holder.invokeStatic(java.lang.Object, java.lang.Object, java.lang.Object, java.lang.Object, int)'> (0x000000008a93e6d0) 
thrown [s\open\src\hotspot\share\interpreter\linkResolver.cpp, line 774]
Event: 0.903 Thread 0x000001884ca013a0 Exception <a 'java/lang/NoSuchMethodError'{0x000000008a946888}: 'java.lang.Object java.lang.invoke.DirectMethodHandle$Holder.invokeSpecial(java.lang.Object, java.lang.Object, java.lang.Object, java.lang.Object, long)'> (0x000000008a946888) 
thrown [s\open\src\hotspot\share\interpreter\linkResolver.cpp, line 774]
Event: 0.903 Thread 0x000001884ca013a0 Exception <a 'java/lang/NoSuchMethodError'{0x000000008a952658}: 'java.lang.Object java.lang.invoke.DirectMethodHandle$Holder.invokeSpecial(java.lang.Object, java.lang.Object, java.lang.Object, int, java.lang.Object)'> (0x000000008a952658) 
thrown [s\open\src\hotspot\share\interpreter\linkResolver.cpp, line 774]
Event: 0.904 Thread 0x000001884ca013a0 Exception <a 'java/lang/NoSuchMethodError'{0x000000008a95a988}: 'int java.lang.invoke.DirectMethodHandle$Holder.invokeSpecial(java.lang.Object, java.lang.Object, java.lang.Object, int)'> (0x000000008a95a988) 
thrown [s\open\src\hotspot\share\interpreter\linkResolver.cpp, line 774]
Event: 0.906 Thread 0x000001884ca013a0 Implicit null exception at 0x000001885eb040ba to 0x000001885eb042b8
Event: 0.907 Thread 0x000001884ca013a0 Exception <a 'java/lang/NoSuchMethodError'{0x000000008a9e9ea8}: 'java.lang.Object java.lang.invoke.Invokers$Holder.invokeExact_MT(java.lang.Object, int, java.lang.Object)'> (0x000000008a9e9ea8) 
thrown [s\open\src\hotspot\share\interpreter\linkResolver.cpp, line 774]
Event: 0.911 Thread 0x000001884ca013a0 Exception <a 'java/lang/NoSuchMethodError'{0x000000008a83df40}: 'void java.lang.invoke.DirectMethodHandle$Holder.invokeStatic(java.lang.Object, java.lang.Object)'> (0x000000008a83df40) 
thrown [s\open\src\hotspot\share\interpreter\linkResolver.cpp, line 774]
Event: 1.025 Thread 0x000001884ca013a0 Exception <a 'java/lang/NoSuchMethodError'{0x000000008a1c5038}: 'void java.lang.invoke.Invokers$Holder.invokeExact_MT(java.lang.Object, java.lang.Object, java.lang.Object, java.lang.Object)'> (0x000000008a1c5038) 
thrown [s\open\src\hotspot\share\interpreter\linkResolver.cpp, line 774]
Event: 1.035 Thread 0x000001884ca013a0 Exception <a 'java/lang/NoClassDefFoundError'{0x000000008a04ea90}: com/google/inject/servlet/ServletModuleTargetVisitor> (0x000000008a04ea90) 
thrown [s\open\src\hotspot\share\classfile\systemDictionary.cpp, line 302]
Event: 1.073 Thread 0x000001884ca013a0 Exception <a 'java/lang/NoSuchMethodError'{0x0000000089d0ac80}: 'void java.lang.invoke.DirectMethodHandle$Holder.invokeVirtual(java.lang.Object, java.lang.Object)'> (0x0000000089d0ac80) 
thrown [s\open\src\hotspot\share\interpreter\linkResolver.cpp, line 774]
Event: 1.098 Thread 0x000001884ca013a0 Exception <a 'java/lang/NoSuchMethodError'{0x0000000089d98d68}: 'java.lang.Object java.lang.invoke.DirectMethodHandle$Holder.invokeStaticInit(java.lang.Object, int, int, int, int)'> (0x0000000089d98d68) 
thrown [s\open\src\hotspot\share\interpreter\linkResolver.cpp, line 774]
Event: 1.191 Thread 0x000001884ca013a0 Exception <a 'java/lang/NoSuchMethodError'{0x00000000897be7a8}: 'void java.lang.invoke.DirectMethodHandle$Holder.invokeVirtual(java.lang.Object, java.lang.Object, int)'> (0x00000000897be7a8) 
thrown [s\open\src\hotspot\share\interpreter\linkResolver.cpp, line 774]
Event: 1.191 Thread 0x000001884ca013a0 Exception <a 'java/lang/NoSuchMethodError'{0x00000000897c5848}: 'void java.lang.invoke.DelegatingMethodHandle$Holder.reinvoke_L(java.lang.Object, java.lang.Object, int)'> (0x00000000897c5848) 
thrown [s\open\src\hotspot\share\interpreter\linkResolver.cpp, line 774]

ZGC Phase Switch (0 events):
No events

VM Operations (20 events):
Event: 0.892 Executing VM operation: G1CollectForAllocation (G1 Evacuation Pause)
Event: 0.897 Executing VM operation: G1CollectForAllocation (G1 Evacuation Pause) done
Event: 0.925 Executing VM operation: HandshakeAllThreads (Deoptimize)
Event: 0.925 Executing VM operation: HandshakeAllThreads (Deoptimize) done
Event: 0.926 Executing VM operation: HandshakeAllThreads (Deoptimize)
Event: 0.926 Executing VM operation: HandshakeAllThreads (Deoptimize) done
Event: 0.959 Executing VM operation: HandshakeAllThreads (Deoptimize)
Event: 0.959 Executing VM operation: HandshakeAllThreads (Deoptimize) done
Event: 1.022 Executing VM operation: HandshakeAllThreads (Deoptimize)
Event: 1.022 Executing VM operation: HandshakeAllThreads (Deoptimize) done
Event: 1.051 Executing VM operation: ICBufferFull
Event: 1.051 Executing VM operation: ICBufferFull done
Event: 1.079 Executing VM operation: HandshakeAllThreads (Deoptimize)
Event: 1.079 Executing VM operation: HandshakeAllThreads (Deoptimize) done
Event: 1.106 Executing VM operation: HandshakeAllThreads (Deoptimize)
Event: 1.106 Executing VM operation: HandshakeAllThreads (Deoptimize) done
Event: 1.125 Executing VM operation: HandshakeAllThreads (Deoptimize)
Event: 1.125 Executing VM operation: HandshakeAllThreads (Deoptimize) done
Event: 1.149 Executing VM operation: HandshakeAllThreads (Deoptimize)
Event: 1.149 Executing VM operation: HandshakeAllThreads (Deoptimize) done

Events (12 events):
Event: 0.019 Thread 0x000001884ca013a0 Thread added: 0x000001884ca013a0
Event: 0.028 Thread 0x000001886b88dd80 Thread added: 0x000001886b88dd80
Event: 0.028 Thread 0x000001886b88ea40 Thread added: 0x000001886b88ea40
Event: 0.028 Thread 0x000001886b897180 Thread added: 0x000001886b897180
Event: 0.028 Thread 0x000001886b893850 Thread added: 0x000001886b893850
Event: 0.028 Thread 0x000001886b894570 Thread added: 0x000001886b894570
Event: 0.028 Thread 0x000001886b895fb0 Thread added: 0x000001886b895fb0
Event: 0.028 Thread 0x000001886b8c7ac0 Thread added: 0x000001886b8c7ac0
Event: 0.028 Thread 0x000001886b8c9120 Thread added: 0x000001886b8c9120
Event: 0.038 Thread 0x000001886b896640 Thread added: 0x000001886b896640
Event: 0.040 Thread 0x000001886b8931c0 Thread added: 0x000001886b8931c0
Event: 0.443 Thread 0x0000018845c29320 Thread added: 0x0000018845c29320


Dynamic libraries:
0x00007ff7ba2a0000 - 0x00007ff7ba2b0000 	C:\Program Files\Java\jdk-22\bin\java.exe
0x00007ff80c6b0000 - 0x00007ff80c8c7000 	C:\WINDOWS\SYSTEM32\ntdll.dll
0x00007ff80b240000 - 0x00007ff80b304000 	C:\WINDOWS\System32\KERNEL32.DLL
0x00007ff809a60000 - 0x00007ff809e0c000 	C:\WINDOWS\System32\KERNELBASE.dll
0x00007ff809e10000 - 0x00007ff809f21000 	C:\WINDOWS\System32\ucrtbase.dll
0x00007fff86eb0000 - 0x00007fff86ecb000 	C:\Program Files\Java\jdk-22\bin\VCRUNTIME140.dll
0x00007fffcda80000 - 0x00007fffcda97000 	C:\Program Files\Java\jdk-22\bin\jli.dll
0x00007ff80b020000 - 0x00007ff80b0d2000 	C:\WINDOWS\System32\ADVAPI32.dll
0x00007ff80b3b0000 - 0x00007ff80b457000 	C:\WINDOWS\System32\msvcrt.dll
0x00007ff80c5c0000 - 0x00007ff80c66a000 	C:\WINDOWS\System32\sechost.dll
0x00007ff80a3c0000 - 0x00007ff80a3e8000 	C:\WINDOWS\System32\bcrypt.dll
0x00007ff80c380000 - 0x00007ff80c495000 	C:\WINDOWS\System32\RPCRT4.dll
0x00007ff80c1d0000 - 0x00007ff80c37e000 	C:\WINDOWS\System32\USER32.dll
0x00007ff80a260000 - 0x00007ff80a286000 	C:\WINDOWS\System32\win32u.dll
0x00007fffedf20000 - 0x00007fffee1b3000 	C:\WINDOWS\WinSxS\amd64_microsoft.windows.common-controls_6595b64144ccf1df_6.0.22621.3672_none_2713b9d173822955\COMCTL32.dll
0x00007ff80b160000 - 0x00007ff80b189000 	C:\WINDOWS\System32\GDI32.dll
0x00007ff80a140000 - 0x00007ff80a259000 	C:\WINDOWS\System32\gdi32full.dll
0x00007ff80a0a0000 - 0x00007ff80a13a000 	C:\WINDOWS\System32\msvcp_win.dll
0x00007ff8065e0000 - 0x00007ff8065ea000 	C:\WINDOWS\SYSTEM32\VERSION.dll
0x00007ff80af50000 - 0x00007ff80af81000 	C:\WINDOWS\System32\IMM32.DLL
0x00007fffc2b00000 - 0x00007fffc2b0c000 	C:\Program Files\Java\jdk-22\bin\vcruntime140_1.dll
0x00007fff856c0000 - 0x00007fff8574e000 	C:\Program Files\Java\jdk-22\bin\msvcp140.dll
0x00007fff85a40000 - 0x00007fff86787000 	C:\Program Files\Java\jdk-22\bin\server\jvm.dll
0x00007ff80af90000 - 0x00007ff80b001000 	C:\WINDOWS\System32\WS2_32.dll
0x00007ff808870000 - 0x00007ff8088bd000 	C:\WINDOWS\SYSTEM32\POWRPROF.dll
0x00007ffff80a0000 - 0x00007ffff80d4000 	C:\WINDOWS\SYSTEM32\WINMM.dll
0x00007ff808850000 - 0x00007ff808863000 	C:\WINDOWS\SYSTEM32\UMPDC.dll
0x00007ff808b00000 - 0x00007ff808b18000 	C:\WINDOWS\SYSTEM32\kernel.appcore.dll
0x00007fffc1670000 - 0x00007fffc167a000 	C:\Program Files\Java\jdk-22\bin\jimage.dll
0x00007ffff75e0000 - 0x00007ffff7812000 	C:\WINDOWS\SYSTEM32\DBGHELP.DLL
0x00007ff80b460000 - 0x00007ff80b7e8000 	C:\WINDOWS\System32\combase.dll
0x00007ff80a630000 - 0x00007ff80a707000 	C:\WINDOWS\System32\OLEAUT32.dll
0x00007ffff4e90000 - 0x00007ffff4ec2000 	C:\WINDOWS\SYSTEM32\dbgcore.DLL
0x00007ff8099e0000 - 0x00007ff809a5b000 	C:\WINDOWS\System32\bcryptPrimitives.dll
0x00007fff86e90000 - 0x00007fff86eae000 	C:\Program Files\Java\jdk-22\bin\java.dll
0x00007ff80b850000 - 0x00007ff80c0ac000 	C:\WINDOWS\System32\SHELL32.dll
0x00007ff80ada0000 - 0x00007ff80af45000 	C:\WINDOWS\System32\ole32.dll
0x00007ff807940000 - 0x00007ff808237000 	C:\WINDOWS\SYSTEM32\windows.storage.dll
0x00007ff807800000 - 0x00007ff80793f000 	C:\WINDOWS\SYSTEM32\wintypes.dll
0x00007ff80c4c0000 - 0x00007ff80c5b4000 	C:\WINDOWS\System32\SHCORE.dll
0x00007ff80abe0000 - 0x00007ff80ac3e000 	C:\WINDOWS\System32\shlwapi.dll
0x00007ff809910000 - 0x00007ff809931000 	C:\WINDOWS\SYSTEM32\profapi.dll
0x00007fff85920000 - 0x00007fff859f7000 	C:\Program Files\Java\jdk-22\bin\jsvml.dll
0x00007fffbefe0000 - 0x00007fffbeff0000 	C:\Program Files\Java\jdk-22\bin\net.dll
0x00007ff808f70000 - 0x00007ff808fd9000 	C:\WINDOWS\system32\mswsock.dll
0x00007fff85900000 - 0x00007fff85916000 	C:\Program Files\Java\jdk-22\bin\nio.dll
0x00007fff858e0000 - 0x00007fff858f7000 	C:\Program Files\Java\jdk-22\bin\zip.dll
0x0000000069ac0000 - 0x0000000069ae4000 	C:\Program Files\NetBeans-22\netbeans\java\maven\lib\jansi-native\Windows\x86_64\jansi.dll
0x00007fffa6780000 - 0x00007fffa6790000 	C:\Program Files\Java\jdk-22\bin\verify.dll

dbghelp: loaded successfully - version: 4.0.5 - missing functions: none
symbol engine: initialized successfully - sym options: 0x614 - pdb path: .;C:\Program Files\Java\jdk-22\bin;C:\WINDOWS\SYSTEM32;C:\WINDOWS\WinSxS\amd64_microsoft.windows.common-controls_6595b64144ccf1df_6.0.22621.3672_none_2713b9d173822955;C:\Program Files\Java\jdk-22\bin\server;C:\Program Files\NetBeans-22\netbeans\java\maven\lib\jansi-native\Windows\x86_64

VM Arguments:
jvm_args: -Dclassworlds.conf=C:\Program Files\NetBeans-22\netbeans\java\maven\bin\m2.conf -Dmaven.home=C:\Program Files\NetBeans-22\netbeans\java\maven -Dlibrary.jansi.path=C:\Program Files\NetBeans-22\netbeans\java\maven\lib\jansi-native -Dmaven.multiModuleProjectDirectory=C:\Users\eljulls\Documents\GitHub\Juatsapp_233537_240005\Juatsapp_presentacion 
java_command: org.codehaus.plexus.classworlds.launcher.Launcher -Dexec.vmArgs= -Dexec.args=${exec.vmArgs} -classpath %classpath ${exec.mainClass} ${exec.appArgs} -Dexec.executable=C:\Program Files\Java\jdk-22\bin\java.exe -Dexec.mainClass=forms.FrmMain -Dexec.classpathScope=runtime -Dexec.appArgs= -Dmaven.ext.class.path=C:\Program Files\NetBeans-22\netbeans\java\maven-nblib\netbeans-eventspy.jar --no-transfer-progress process-classes org.codehaus.mojo:exec-maven-plugin:3.1.0:exec
java_class_path (initial): C:\Program Files\NetBeans-22\netbeans\java\maven\boot\plexus-classworlds-2.7.0.jar
Launcher Type: SUN_STANDARD

[Global flags]
     intx CICompilerCount                          = 4                                         {product} {ergonomic}
     uint ConcGCThreads                            = 3                                         {product} {ergonomic}
     uint G1ConcRefinementThreads                  = 10                                        {product} {ergonomic}
   size_t G1HeapRegionSize                         = 1048576                                   {product} {ergonomic}
   size_t InitialHeapSize                          = 132120576                                 {product} {ergonomic}
   size_t MarkStackSize                            = 4194304                                   {product} {ergonomic}
   size_t MaxHeapSize                              = 2101346304                                {product} {ergonomic}
   size_t MaxNewSize                               = 1260388352                                {product} {ergonomic}
   size_t MinHeapDeltaBytes                        = 1048576                                   {product} {ergonomic}
   size_t MinHeapSize                              = 8388608                                   {product} {ergonomic}
    uintx NonNMethodCodeHeapSize                   = 5839372                                {pd product} {ergonomic}
    uintx NonProfiledCodeHeapSize                  = 122909434                              {pd product} {ergonomic}
    uintx ProfiledCodeHeapSize                     = 122909434                              {pd product} {ergonomic}
    uintx ReservedCodeCacheSize                    = 251658240                              {pd product} {ergonomic}
     bool SegmentedCodeCache                       = true                                      {product} {ergonomic}
   size_t SoftMaxHeapSize                          = 2101346304                             {manageable} {ergonomic}
     bool UseCompressedOops                        = true                           {product lp64_product} {ergonomic}
     bool UseG1GC                                  = true                                      {product} {ergonomic}
     bool UseLargePagesIndividualAllocation        = false                                  {pd product} {ergonomic}

Logging:
Log output configuration:
 #0: stdout all=warning uptime,level,tags foldmultilines=false
 #1: stderr all=off uptime,level,tags foldmultilines=false

Environment Variables:
JAVA_HOME=C:\Program Files\Java\jdk-22
PATH=C:\Program Files\Common Files\Oracle\Java\javapath;C:\Program Files (x86)\Common Files\Oracle\Java\javapath;C:\Windows\system32;C:\Windows;C:\Windows\System32\Wbem;C:\Windows\System32\WindowsPowerShell\v1.0\;C:\Windows\System32\OpenSSH\;C:\Program Files (x86)\NVIDIA Corporation\PhysX\Common;C:\Program Files\NVIDIA Corporation\NVIDIA NvDLISR;C:\WINDOWS\system32;C:\WINDOWS;C:\WINDOWS\System32\Wbem;C:\WINDOWS\System32\WindowsPowerShell\v1.0\;C:\WINDOWS\System32\OpenSSH\;C:\Program Files\PuTTY\;C:\Program Files\dotnet\;C:\Program Files\nodejs\;C:\Users\eljulls\AppData\Local\Programs\Python\Python312\Scripts\;C:\Users\eljulls\AppData\Local\Programs\Python\Python312\;C:\Users\eljulls\AppData\Local\Programs\Python\Python311\Scripts\;C:\Users\eljulls\AppData\Local\Programs\Python\Python311\;C:\Users\eljulls\AppData\Local\Programs\Python\Launcher\;C:\Users\eljulls\AppData\Local\Microsoft\WindowsApps;C:\Users\eljulls\AppData\Local\Programs\Microsoft VS Code\bin;C:\Users\eljulls\AppData\Roaming\npm;C:\Users\eljulls\AppData\Local\GitHubDesktop\bin
USERNAME=eljulls
OS=Windows_NT
PROCESSOR_IDENTIFIER=Intel64 Family 6 Model 165 Stepping 2, GenuineIntel
TMP=C:\Users\eljulls\AppData\Local\Temp
TEMP=C:\Users\eljulls\AppData\Local\Temp




Periodic native trim disabled

---------------  S Y S T E M  ---------------

OS:
 Windows 11 , 64 bit Build 22621 (10.0.22621.3672)
OS uptime: 1 days 1:05 hours

CPU: total 12 (initial active 12) (6 cores per cpu, 2 threads per core) family 6 model 165 stepping 2 microcode 0xe2, cx8, cmov, fxsr, ht, mmx, 3dnowpref, sse, sse2, sse3, ssse3, sse4.1, sse4.2, popcnt, lzcnt, tsc, tscinvbit, avx, avx2, aes, erms, clmul, bmi1, bmi2, adx, fma, vzeroupper, clflush, clflushopt, rdtscp, f16c, pku
Processor Information for all 12 processors :
  Max Mhz: 2496, Current Mhz: 2496, Mhz Limit: 2496

Memory: 4k page, system-wide physical 8013M (686M free)
TotalPageFile size 25783M (AvailPageFile size 3M)
current process WorkingSet (physical memory assigned to process): 124M, peak: 124M
current process commit charge ("private bytes"): 255M, peak: 256M

vm_info: Java HotSpot(TM) 64-Bit Server VM (22.0.1+8-16) for windows-amd64 JRE (22.0.1+8-16), built on 2024-03-12T10:33:16Z by "mach5one" with MS VC++ 17.6 (VS2022)

END.
