#
# There is insufficient memory for the Java Runtime Environment to continue.
# Native memory allocation (mmap) failed to map 65536 bytes. Error detail: Failed to commit metaspace.
# Possible reasons:
#   The system is out of physical RAM or swap space
#   This process is running with CompressedOops enabled, and the Java Heap may be blocking the growth of the native heap
# Possible solutions:
#   Reduce memory load on the system
#   Increase physical memory or swap space
#   Check if swap backing store is full
#   Decrease Java heap size (-Xmx/-Xms)
#   Decrease number of Java threads
#   Decrease Java thread stack sizes (-Xss)
#   Set larger code cache with -XX:ReservedCodeCacheSize=
#   JVM is running with Unscaled Compressed Oops mode in which the Java heap is
#     placed in the first 4GB address space. The Java Heap base address is the
#     maximum limit for the native heap growth. Please use -XX:HeapBaseMinAddress
#     to set the Java Heap base and to place the Java Heap above 4GB virtual address.
# This output file may be truncated or incomplete.
#
#  Out of Memory Error (virtualSpaceNode.cpp:112), pid=26224, tid=18436
#
# JRE version: Java(TM) SE Runtime Environment (22.0.1+8) (build 22.0.1+8-16)
# Java VM: Java HotSpot(TM) 64-Bit Server VM (22.0.1+8-16, mixed mode, tiered, compressed oops, compressed class ptrs, g1 gc, windows-amd64)
# No core dump will be written. Minidumps are not enabled by default on client versions of Windows
#

---------------  S U M M A R Y ------------

Command Line: -Dclassworlds.conf=C:\Program Files\NetBeans-22\netbeans\java\maven\bin\m2.conf -Dmaven.home=C:\Program Files\NetBeans-22\netbeans\java\maven -Dlibrary.jansi.path=C:\Program Files\NetBeans-22\netbeans\java\maven\lib\jansi-native -Dmaven.multiModuleProjectDirectory=C:\Users\eljulls\Documents\GitHub\Juatsapp_233537_240005\Juatsapp_presentacion org.codehaus.plexus.classworlds.launcher.Launcher -Dexec.vmArgs= -Dexec.args=${exec.vmArgs} -classpath %classpath ${exec.mainClass} ${exec.appArgs} -Dexec.executable=C:\Program Files\Java\jdk-22\bin\java.exe -Dexec.mainClass=forms.FrmMain -Dexec.classpathScope=runtime -Dexec.appArgs= -Dmaven.ext.class.path=C:\Program Files\NetBeans-22\netbeans\java\maven-nblib\netbeans-eventspy.jar --no-transfer-progress process-classes org.codehaus.mojo:exec-maven-plugin:3.1.0:exec

Host: Intel(R) Core(TM) i5-10500H CPU @ 2.50GHz, 12 cores, 7G,  Windows 11 , 64 bit Build 22621 (10.0.22621.3672)
Time: Tue Jul  2 05:15:53 2024 Hora estándar Montañas, EE.UU. elapsed time: 0.086785 seconds (0d 0h 0m 0s)

---------------  T H R E A D  ---------------

Current thread (0x000001666899f850):  JavaThread "main"             [_thread_in_vm, id=18436, stack(0x0000002816100000,0x0000002816200000) (1024K)]

Stack: [0x0000002816100000,0x0000002816200000]
Native frames: (J=compiled Java code, j=interpreted, Vv=VM code, C=native code)
V  [jvm.dll+0x6e2279]  (no source info available)
V  [jvm.dll+0x874e33]  (no source info available)
V  [jvm.dll+0x87725e]  (no source info available)
V  [jvm.dll+0x877933]  (no source info available)
V  [jvm.dll+0x27fd76]  (no source info available)
V  [jvm.dll+0x870a7e]  (no source info available)
V  [jvm.dll+0x6852e5]  (no source info available)
V  [jvm.dll+0x68534a]  (no source info available)
V  [jvm.dll+0x687b8a]  (no source info available)
V  [jvm.dll+0x2250ac]  (no source info available)
V  [jvm.dll+0x685cfe]  (no source info available)
V  [jvm.dll+0x269eaf]  (no source info available)
V  [jvm.dll+0x68ff54]  (no source info available)
V  [jvm.dll+0x215301]  (no source info available)
V  [jvm.dll+0x21578a]  (no source info available)
V  [jvm.dll+0x2161b1]  (no source info available)
V  [jvm.dll+0x20b4ee]  (no source info available)
V  [jvm.dll+0x5c462f]  (no source info available)
V  [jvm.dll+0x21cc6a]  (no source info available)
V  [jvm.dll+0x7eb6dc]  (no source info available)
V  [jvm.dll+0x7ec776]  (no source info available)
V  [jvm.dll+0x7ecd84]  (no source info available)
V  [jvm.dll+0x7eca08]  (no source info available)
V  [jvm.dll+0x26d79b]  (no source info available)
V  [jvm.dll+0x3d9b4e]  (no source info available)
C  0x000001667822a9d2  (no source info available)

The last pc belongs to new (printed below).
Java frames: (J=compiled Java code, j=interpreted, Vv=VM code)
j  java.util.Collections.newSetFromMap(Ljava/util/Map;)Ljava/util/Set;+20 java.base
j  java.lang.ClassLoader$ParallelLoaders.<clinit>()V+7 java.base
v  ~StubRoutines::call_stub 0x000001667821100d
j  java.lang.ClassLoader.registerAsParallelCapable(Ljava/lang/Class;)Z+47 java.base
j  java.lang.ClassLoader.registerAsParallelCapable()Z+3 java.base
j  java.security.SecureClassLoader.<clinit>()V+0 java.base
v  ~StubRoutines::call_stub 0x000001667821100d
j  jdk.internal.loader.ClassLoaders.<clinit>()V+80 java.base
v  ~StubRoutines::call_stub 0x000001667821100d
j  jdk.internal.loader.BootLoader.loadModule(Ljava/lang/module/ModuleReference;)V+0 java.base
j  jdk.internal.module.ModuleBootstrap.boot2()Ljava/lang/ModuleLayer;+358 java.base
j  jdk.internal.module.ModuleBootstrap.boot()Ljava/lang/ModuleLayer;+64 java.base
j  java.lang.System.initPhase2(ZZ)I+0 java.base
v  ~StubRoutines::call_stub 0x000001667821100d
new  187 new  [0x000001667822a860, 0x000001667822aa58]  504 bytes
[MachCode]
  0x000001667822a860: 4883 ec08 | c5fa 1104 | 24eb 1f48 | 83ec 10c5 | fb11 0424 | eb14 4883 | ec10 4889 | 0424 48c7 
  0x000001667822a880: 4424 0800 | 0000 00eb | 0150 410f | b755 010f | cac1 ea10 | 488b 4de8 | 488b 4908 | 488b 4908 
  0x000001667822a8a0: 488b 4108 | 807c 1004 | 070f 85c6 | 0000 0066 | 8b54 d148 | 488b 4928 | 488b 4cd1 | 0851 80b9 
  0x000001667822a8c0: 2001 0000 | 050f 85a9 | 0000 008b | 5108 f6c2 | 010f 859d | 0000 0049 | 8b87 b801 | 0000 488d 
  0x000001667822a8e0: 1c10 493b | 9fc8 0100 | 000f 8785 | 0000 0049 | 899f b801 | 0000 4883 | ea10 0f84 | 0f00 0000 
  0x000001667822a900: 33c9 c1ea | 0348 894c | d008 48ff | ca75 f648 | c700 0100 | 0000 5933 | f689 700c | 8948 0849 
  0x000001667822a920: ba9d 3068 | 86ff 7f00 | 0041 803a | 000f 843c | 0000 0050 | 488b c848 | 83ec 2040 | f6c4 0f0f 
  0x000001667822a940: 8419 0000 | 0048 83ec | 0848 b880 | b518 86ff | 7f00 00ff | d048 83c4 | 08e9 0c00 | 0000 48b8 
  0x000001667822a960: 80b5 1886 | ff7f 0000 | ffd0 4883 | c420 58e9 | cb00 0000 | 5948 8b55 | e848 8b52 | 0848 8b52 
  0x000001667822a980: 0845 0fb7 | 4501 410f | c841 c1e8 | 10e8 0500 | 0000 e9a8 | 0000 0048 | 8d44 2408 | 4c89 6dc0 
  0x000001667822a9a0: 498b cfc5 | f877 4989 | afb0 0300 | 0049 8987 | a003 0000 | 4883 ec20 | 40f6 c40f | 0f84 1900 
  0x000001667822a9c0: 0000 4883 | ec08 48b8 | 009b e185 | ff7f 0000 | ffd0 4883 | c408 e90c | 0000 0048 | b800 9be1 
  0x000001667822a9e0: 85ff 7f00 | 00ff d048 | 83c4 2049 | c787 a003 | 0000 0000 | 0000 49c7 | 87b0 0300 | 0000 0000 
  0x000001667822aa00: 0049 c787 | a803 0000 | 0000 0000 | c5f8 7749 | 837f 0800 | 0f84 0500 | 0000 e9e1 | 64fe ff49 
  0x000001667822aa20: 8b87 f803 | 0000 49c7 | 87f8 0300 | 0000 0000 | 004c 8b6d | c04c 8b75 | c84e 8d74 | f500 c341 
  0x000001667822aa40: 0fb6 5d03 | 4983 c503 | 49ba f0f9 | 6b86 ff7f | 0000 41ff | 24da 6690 
[/MachCode]

---------------  P R O C E S S  ---------------

Threads class SMR info:
_java_thread_list=0x000001660579a0f0, length=9, elements={
0x000001666899f850, 0x0000016605764810, 0x0000016605765580, 0x000001660579da30,
0x00000166057906d0, 0x00000166057912e0, 0x0000016605793270, 0x00000166057c3e10,
0x00000166057c74f0
}

Java Threads: ( => current thread )
=>0x000001666899f850 JavaThread "main"                              [_thread_in_vm, id=18436, stack(0x0000002816100000,0x0000002816200000) (1024K)]
  0x0000016605764810 JavaThread "Reference Handler"          daemon [_thread_blocked, id=12044, stack(0x0000002816900000,0x0000002816a00000) (1024K)]
  0x0000016605765580 JavaThread "Finalizer"                  daemon [_thread_blocked, id=384, stack(0x0000002816a00000,0x0000002816b00000) (1024K)]
  0x000001660579da30 JavaThread "Signal Dispatcher"          daemon [_thread_blocked, id=27584, stack(0x0000002816b00000,0x0000002816c00000) (1024K)]
  0x00000166057906d0 JavaThread "Attach Listener"            daemon [_thread_blocked, id=17420, stack(0x0000002816c00000,0x0000002816d00000) (1024K)]
  0x00000166057912e0 JavaThread "Service Thread"             daemon [_thread_blocked, id=23704, stack(0x0000002816d00000,0x0000002816e00000) (1024K)]
  0x0000016605793270 JavaThread "Monitor Deflation Thread"   daemon [_thread_blocked, id=26528, stack(0x0000002816e00000,0x0000002816f00000) (1024K)]
  0x00000166057c3e10 JavaThread "C2 CompilerThread0"         daemon [_thread_blocked, id=21712, stack(0x0000002816f00000,0x0000002817000000) (1024K)]
  0x00000166057c74f0 JavaThread "C1 CompilerThread0"         daemon [_thread_blocked, id=26756, stack(0x0000002817000000,0x0000002817100000) (1024K)]
Total: 9

Other Threads:
  0x000001660571e320 VMThread "VM Thread"                           [id=27312, stack(0x0000002816800000,0x0000002816900000) (1024K)]
  0x000001660569b9f0 WatcherThread "VM Periodic Task Thread"        [id=27304, stack(0x0000002816700000,0x0000002816800000) (1024K)]
  0x00000166689f4c50 WorkerThread "GC Thread#0"                     [id=19980, stack(0x0000002816200000,0x0000002816300000) (1024K)]
  0x0000016668a05870 ConcurrentGCThread "G1 Main Marker"            [id=12512, stack(0x0000002816300000,0x0000002816400000) (1024K)]
  0x0000016668a06b20 WorkerThread "G1 Conc#0"                       [id=27612, stack(0x0000002816400000,0x0000002816500000) (1024K)]
  0x0000016605569930 ConcurrentGCThread "G1 Refine#0"               [id=27592, stack(0x0000002816500000,0x0000002816600000) (1024K)]
  0x000001660556a2c0 ConcurrentGCThread "G1 Service"                [id=1444, stack(0x0000002816600000,0x0000002816700000) (1024K)]
Total: 7

Threads with active compile tasks:
Total: 0

VM state: not at safepoint (normal execution)

VM Mutex/Monitor currently owned by a thread:  ([mutex/lock_event])
[0x00007fff866a9b38] Metaspace_lock - owner thread: 0x000001666899f850

Heap address: 0x0000000082c00000, size: 2004 MB, Compressed Oops mode: 32-bit

CDS archive(s) not mapped
Compressed class space mapped at: 0x0000000024000000-0x0000000064000000, reserved size: 1073741824
Narrow klass base: 0x0000000000000000, Narrow klass shift: 0, Narrow klass range: 0x64000000

GC Precious Log:
 CardTable entry size: 512
 Card Set container configuration: InlinePtr #cards 5 size 8 Array Of Cards #cards 12 size 40 Howl #buckets 4 coarsen threshold 1843 Howl Bitmap #cards 512 size 80 coarsen threshold 460 Card regions per heap region 1 cards per card region 2048
 CPUs: 12 total, 12 available
 Memory: 8013M
 Large Page Support: Disabled
 NUMA Support: Disabled
 Compressed Oops: Enabled (32-bit)
 Heap Region Size: 1M
 Heap Min Capacity: 8M
 Heap Initial Capacity: 126M
 Heap Max Capacity: 2004M
 Pre-touch: Disabled
 Parallel Workers: 10
 Concurrent Workers: 3
 Concurrent Refinement Workers: 10
 Periodic GC: Disabled

Heap:
 garbage-first heap   total reserved 2052096K, committed 129024K, used 1024K [0x0000000082c00000, 0x0000000100000000)
  region size 1024K, 2 young (2048K), 0 survivors (0K)
 Metaspace       used 3675K, committed 3712K, reserved 1114112K
  class space    used 283K, committed 320K, reserved 1048576K

Heap Regions: E=young(eden), S=young(survivor), O=old, HS=humongous(starts), HC=humongous(continues), CS=collection set, F=free, TAMS=top-at-mark-start, PB=parsable bottom
|   0|0x0000000082c00000, 0x0000000082c00000, 0x0000000082d00000|  0%| F|  |TAMS 0x0000000082c00000| PB 0x0000000082c00000| Untracked |  0
|   1|0x0000000082d00000, 0x0000000082d00000, 0x0000000082e00000|  0%| F|  |TAMS 0x0000000082d00000| PB 0x0000000082d00000| Untracked |  0
|   2|0x0000000082e00000, 0x0000000082e00000, 0x0000000082f00000|  0%| F|  |TAMS 0x0000000082e00000| PB 0x0000000082e00000| Untracked |  0
|   3|0x0000000082f00000, 0x0000000082f00000, 0x0000000083000000|  0%| F|  |TAMS 0x0000000082f00000| PB 0x0000000082f00000| Untracked |  0
|   4|0x0000000083000000, 0x0000000083000000, 0x0000000083100000|  0%| F|  |TAMS 0x0000000083000000| PB 0x0000000083000000| Untracked |  0
|   5|0x0000000083100000, 0x0000000083100000, 0x0000000083200000|  0%| F|  |TAMS 0x0000000083100000| PB 0x0000000083100000| Untracked |  0
|   6|0x0000000083200000, 0x0000000083200000, 0x0000000083300000|  0%| F|  |TAMS 0x0000000083200000| PB 0x0000000083200000| Untracked |  0
|   7|0x0000000083300000, 0x0000000083300000, 0x0000000083400000|  0%| F|  |TAMS 0x0000000083300000| PB 0x0000000083300000| Untracked |  0
|   8|0x0000000083400000, 0x0000000083400000, 0x0000000083500000|  0%| F|  |TAMS 0x0000000083400000| PB 0x0000000083400000| Untracked |  0
|   9|0x0000000083500000, 0x0000000083500000, 0x0000000083600000|  0%| F|  |TAMS 0x0000000083500000| PB 0x0000000083500000| Untracked |  0
|  10|0x0000000083600000, 0x0000000083600000, 0x0000000083700000|  0%| F|  |TAMS 0x0000000083600000| PB 0x0000000083600000| Untracked |  0
|  11|0x0000000083700000, 0x0000000083700000, 0x0000000083800000|  0%| F|  |TAMS 0x0000000083700000| PB 0x0000000083700000| Untracked |  0
|  12|0x0000000083800000, 0x0000000083800000, 0x0000000083900000|  0%| F|  |TAMS 0x0000000083800000| PB 0x0000000083800000| Untracked |  0
|  13|0x0000000083900000, 0x0000000083900000, 0x0000000083a00000|  0%| F|  |TAMS 0x0000000083900000| PB 0x0000000083900000| Untracked |  0
|  14|0x0000000083a00000, 0x0000000083a00000, 0x0000000083b00000|  0%| F|  |TAMS 0x0000000083a00000| PB 0x0000000083a00000| Untracked |  0
|  15|0x0000000083b00000, 0x0000000083b00000, 0x0000000083c00000|  0%| F|  |TAMS 0x0000000083b00000| PB 0x0000000083b00000| Untracked |  0
|  16|0x0000000083c00000, 0x0000000083c00000, 0x0000000083d00000|  0%| F|  |TAMS 0x0000000083c00000| PB 0x0000000083c00000| Untracked |  0
|  17|0x0000000083d00000, 0x0000000083d00000, 0x0000000083e00000|  0%| F|  |TAMS 0x0000000083d00000| PB 0x0000000083d00000| Untracked |  0
|  18|0x0000000083e00000, 0x0000000083e00000, 0x0000000083f00000|  0%| F|  |TAMS 0x0000000083e00000| PB 0x0000000083e00000| Untracked |  0
|  19|0x0000000083f00000, 0x0000000083f00000, 0x0000000084000000|  0%| F|  |TAMS 0x0000000083f00000| PB 0x0000000083f00000| Untracked |  0
|  20|0x0000000084000000, 0x0000000084000000, 0x0000000084100000|  0%| F|  |TAMS 0x0000000084000000| PB 0x0000000084000000| Untracked |  0
|  21|0x0000000084100000, 0x0000000084100000, 0x0000000084200000|  0%| F|  |TAMS 0x0000000084100000| PB 0x0000000084100000| Untracked |  0
|  22|0x0000000084200000, 0x0000000084200000, 0x0000000084300000|  0%| F|  |TAMS 0x0000000084200000| PB 0x0000000084200000| Untracked |  0
|  23|0x0000000084300000, 0x0000000084300000, 0x0000000084400000|  0%| F|  |TAMS 0x0000000084300000| PB 0x0000000084300000| Untracked |  0
|  24|0x0000000084400000, 0x0000000084400000, 0x0000000084500000|  0%| F|  |TAMS 0x0000000084400000| PB 0x0000000084400000| Untracked |  0
|  25|0x0000000084500000, 0x0000000084500000, 0x0000000084600000|  0%| F|  |TAMS 0x0000000084500000| PB 0x0000000084500000| Untracked |  0
|  26|0x0000000084600000, 0x0000000084600000, 0x0000000084700000|  0%| F|  |TAMS 0x0000000084600000| PB 0x0000000084600000| Untracked |  0
|  27|0x0000000084700000, 0x0000000084700000, 0x0000000084800000|  0%| F|  |TAMS 0x0000000084700000| PB 0x0000000084700000| Untracked |  0
|  28|0x0000000084800000, 0x0000000084800000, 0x0000000084900000|  0%| F|  |TAMS 0x0000000084800000| PB 0x0000000084800000| Untracked |  0
|  29|0x0000000084900000, 0x0000000084900000, 0x0000000084a00000|  0%| F|  |TAMS 0x0000000084900000| PB 0x0000000084900000| Untracked |  0
|  30|0x0000000084a00000, 0x0000000084a00000, 0x0000000084b00000|  0%| F|  |TAMS 0x0000000084a00000| PB 0x0000000084a00000| Untracked |  0
|  31|0x0000000084b00000, 0x0000000084b00000, 0x0000000084c00000|  0%| F|  |TAMS 0x0000000084b00000| PB 0x0000000084b00000| Untracked |  0
|  32|0x0000000084c00000, 0x0000000084c00000, 0x0000000084d00000|  0%| F|  |TAMS 0x0000000084c00000| PB 0x0000000084c00000| Untracked |  0
|  33|0x0000000084d00000, 0x0000000084d00000, 0x0000000084e00000|  0%| F|  |TAMS 0x0000000084d00000| PB 0x0000000084d00000| Untracked |  0
|  34|0x0000000084e00000, 0x0000000084e00000, 0x0000000084f00000|  0%| F|  |TAMS 0x0000000084e00000| PB 0x0000000084e00000| Untracked |  0
|  35|0x0000000084f00000, 0x0000000084f00000, 0x0000000085000000|  0%| F|  |TAMS 0x0000000084f00000| PB 0x0000000084f00000| Untracked |  0
|  36|0x0000000085000000, 0x0000000085000000, 0x0000000085100000|  0%| F|  |TAMS 0x0000000085000000| PB 0x0000000085000000| Untracked |  0
|  37|0x0000000085100000, 0x0000000085100000, 0x0000000085200000|  0%| F|  |TAMS 0x0000000085100000| PB 0x0000000085100000| Untracked |  0
|  38|0x0000000085200000, 0x0000000085200000, 0x0000000085300000|  0%| F|  |TAMS 0x0000000085200000| PB 0x0000000085200000| Untracked |  0
|  39|0x0000000085300000, 0x0000000085300000, 0x0000000085400000|  0%| F|  |TAMS 0x0000000085300000| PB 0x0000000085300000| Untracked |  0
|  40|0x0000000085400000, 0x0000000085400000, 0x0000000085500000|  0%| F|  |TAMS 0x0000000085400000| PB 0x0000000085400000| Untracked |  0
|  41|0x0000000085500000, 0x0000000085500000, 0x0000000085600000|  0%| F|  |TAMS 0x0000000085500000| PB 0x0000000085500000| Untracked |  0
|  42|0x0000000085600000, 0x0000000085600000, 0x0000000085700000|  0%| F|  |TAMS 0x0000000085600000| PB 0x0000000085600000| Untracked |  0
|  43|0x0000000085700000, 0x0000000085700000, 0x0000000085800000|  0%| F|  |TAMS 0x0000000085700000| PB 0x0000000085700000| Untracked |  0
|  44|0x0000000085800000, 0x0000000085800000, 0x0000000085900000|  0%| F|  |TAMS 0x0000000085800000| PB 0x0000000085800000| Untracked |  0
|  45|0x0000000085900000, 0x0000000085900000, 0x0000000085a00000|  0%| F|  |TAMS 0x0000000085900000| PB 0x0000000085900000| Untracked |  0
|  46|0x0000000085a00000, 0x0000000085a00000, 0x0000000085b00000|  0%| F|  |TAMS 0x0000000085a00000| PB 0x0000000085a00000| Untracked |  0
|  47|0x0000000085b00000, 0x0000000085b00000, 0x0000000085c00000|  0%| F|  |TAMS 0x0000000085b00000| PB 0x0000000085b00000| Untracked |  0
|  48|0x0000000085c00000, 0x0000000085c00000, 0x0000000085d00000|  0%| F|  |TAMS 0x0000000085c00000| PB 0x0000000085c00000| Untracked |  0
|  49|0x0000000085d00000, 0x0000000085d00000, 0x0000000085e00000|  0%| F|  |TAMS 0x0000000085d00000| PB 0x0000000085d00000| Untracked |  0
|  50|0x0000000085e00000, 0x0000000085e00000, 0x0000000085f00000|  0%| F|  |TAMS 0x0000000085e00000| PB 0x0000000085e00000| Untracked |  0
|  51|0x0000000085f00000, 0x0000000085f00000, 0x0000000086000000|  0%| F|  |TAMS 0x0000000085f00000| PB 0x0000000085f00000| Untracked |  0
|  52|0x0000000086000000, 0x0000000086000000, 0x0000000086100000|  0%| F|  |TAMS 0x0000000086000000| PB 0x0000000086000000| Untracked |  0
|  53|0x0000000086100000, 0x0000000086100000, 0x0000000086200000|  0%| F|  |TAMS 0x0000000086100000| PB 0x0000000086100000| Untracked |  0
|  54|0x0000000086200000, 0x0000000086200000, 0x0000000086300000|  0%| F|  |TAMS 0x0000000086200000| PB 0x0000000086200000| Untracked |  0
|  55|0x0000000086300000, 0x0000000086300000, 0x0000000086400000|  0%| F|  |TAMS 0x0000000086300000| PB 0x0000000086300000| Untracked |  0
|  56|0x0000000086400000, 0x0000000086400000, 0x0000000086500000|  0%| F|  |TAMS 0x0000000086400000| PB 0x0000000086400000| Untracked |  0
|  57|0x0000000086500000, 0x0000000086500000, 0x0000000086600000|  0%| F|  |TAMS 0x0000000086500000| PB 0x0000000086500000| Untracked |  0
|  58|0x0000000086600000, 0x0000000086600000, 0x0000000086700000|  0%| F|  |TAMS 0x0000000086600000| PB 0x0000000086600000| Untracked |  0
|  59|0x0000000086700000, 0x0000000086700000, 0x0000000086800000|  0%| F|  |TAMS 0x0000000086700000| PB 0x0000000086700000| Untracked |  0
|  60|0x0000000086800000, 0x0000000086800000, 0x0000000086900000|  0%| F|  |TAMS 0x0000000086800000| PB 0x0000000086800000| Untracked |  0
|  61|0x0000000086900000, 0x0000000086900000, 0x0000000086a00000|  0%| F|  |TAMS 0x0000000086900000| PB 0x0000000086900000| Untracked |  0
|  62|0x0000000086a00000, 0x0000000086a00000, 0x0000000086b00000|  0%| F|  |TAMS 0x0000000086a00000| PB 0x0000000086a00000| Untracked |  0
|  63|0x0000000086b00000, 0x0000000086b00000, 0x0000000086c00000|  0%| F|  |TAMS 0x0000000086b00000| PB 0x0000000086b00000| Untracked |  0
|  64|0x0000000086c00000, 0x0000000086c00000, 0x0000000086d00000|  0%| F|  |TAMS 0x0000000086c00000| PB 0x0000000086c00000| Untracked |  0
|  65|0x0000000086d00000, 0x0000000086d00000, 0x0000000086e00000|  0%| F|  |TAMS 0x0000000086d00000| PB 0x0000000086d00000| Untracked |  0
|  66|0x0000000086e00000, 0x0000000086e00000, 0x0000000086f00000|  0%| F|  |TAMS 0x0000000086e00000| PB 0x0000000086e00000| Untracked |  0
|  67|0x0000000086f00000, 0x0000000086f00000, 0x0000000087000000|  0%| F|  |TAMS 0x0000000086f00000| PB 0x0000000086f00000| Untracked |  0
|  68|0x0000000087000000, 0x0000000087000000, 0x0000000087100000|  0%| F|  |TAMS 0x0000000087000000| PB 0x0000000087000000| Untracked |  0
|  69|0x0000000087100000, 0x0000000087100000, 0x0000000087200000|  0%| F|  |TAMS 0x0000000087100000| PB 0x0000000087100000| Untracked |  0
|  70|0x0000000087200000, 0x0000000087200000, 0x0000000087300000|  0%| F|  |TAMS 0x0000000087200000| PB 0x0000000087200000| Untracked |  0
|  71|0x0000000087300000, 0x0000000087300000, 0x0000000087400000|  0%| F|  |TAMS 0x0000000087300000| PB 0x0000000087300000| Untracked |  0
|  72|0x0000000087400000, 0x0000000087400000, 0x0000000087500000|  0%| F|  |TAMS 0x0000000087400000| PB 0x0000000087400000| Untracked |  0
|  73|0x0000000087500000, 0x0000000087500000, 0x0000000087600000|  0%| F|  |TAMS 0x0000000087500000| PB 0x0000000087500000| Untracked |  0
|  74|0x0000000087600000, 0x0000000087600000, 0x0000000087700000|  0%| F|  |TAMS 0x0000000087600000| PB 0x0000000087600000| Untracked |  0
|  75|0x0000000087700000, 0x0000000087700000, 0x0000000087800000|  0%| F|  |TAMS 0x0000000087700000| PB 0x0000000087700000| Untracked |  0
|  76|0x0000000087800000, 0x0000000087800000, 0x0000000087900000|  0%| F|  |TAMS 0x0000000087800000| PB 0x0000000087800000| Untracked |  0
|  77|0x0000000087900000, 0x0000000087900000, 0x0000000087a00000|  0%| F|  |TAMS 0x0000000087900000| PB 0x0000000087900000| Untracked |  0
|  78|0x0000000087a00000, 0x0000000087a00000, 0x0000000087b00000|  0%| F|  |TAMS 0x0000000087a00000| PB 0x0000000087a00000| Untracked |  0
|  79|0x0000000087b00000, 0x0000000087b00000, 0x0000000087c00000|  0%| F|  |TAMS 0x0000000087b00000| PB 0x0000000087b00000| Untracked |  0
|  80|0x0000000087c00000, 0x0000000087c00000, 0x0000000087d00000|  0%| F|  |TAMS 0x0000000087c00000| PB 0x0000000087c00000| Untracked |  0
|  81|0x0000000087d00000, 0x0000000087d00000, 0x0000000087e00000|  0%| F|  |TAMS 0x0000000087d00000| PB 0x0000000087d00000| Untracked |  0
|  82|0x0000000087e00000, 0x0000000087e00000, 0x0000000087f00000|  0%| F|  |TAMS 0x0000000087e00000| PB 0x0000000087e00000| Untracked |  0
|  83|0x0000000087f00000, 0x0000000087f00000, 0x0000000088000000|  0%| F|  |TAMS 0x0000000087f00000| PB 0x0000000087f00000| Untracked |  0
|  84|0x0000000088000000, 0x0000000088000000, 0x0000000088100000|  0%| F|  |TAMS 0x0000000088000000| PB 0x0000000088000000| Untracked |  0
|  85|0x0000000088100000, 0x0000000088100000, 0x0000000088200000|  0%| F|  |TAMS 0x0000000088100000| PB 0x0000000088100000| Untracked |  0
|  86|0x0000000088200000, 0x0000000088200000, 0x0000000088300000|  0%| F|  |TAMS 0x0000000088200000| PB 0x0000000088200000| Untracked |  0
|  87|0x0000000088300000, 0x0000000088300000, 0x0000000088400000|  0%| F|  |TAMS 0x0000000088300000| PB 0x0000000088300000| Untracked |  0
|  88|0x0000000088400000, 0x0000000088400000, 0x0000000088500000|  0%| F|  |TAMS 0x0000000088400000| PB 0x0000000088400000| Untracked |  0
|  89|0x0000000088500000, 0x0000000088500000, 0x0000000088600000|  0%| F|  |TAMS 0x0000000088500000| PB 0x0000000088500000| Untracked |  0
|  90|0x0000000088600000, 0x0000000088600000, 0x0000000088700000|  0%| F|  |TAMS 0x0000000088600000| PB 0x0000000088600000| Untracked |  0
|  91|0x0000000088700000, 0x0000000088700000, 0x0000000088800000|  0%| F|  |TAMS 0x0000000088700000| PB 0x0000000088700000| Untracked |  0
|  92|0x0000000088800000, 0x0000000088800000, 0x0000000088900000|  0%| F|  |TAMS 0x0000000088800000| PB 0x0000000088800000| Untracked |  0
|  93|0x0000000088900000, 0x0000000088900000, 0x0000000088a00000|  0%| F|  |TAMS 0x0000000088900000| PB 0x0000000088900000| Untracked |  0
|  94|0x0000000088a00000, 0x0000000088a00000, 0x0000000088b00000|  0%| F|  |TAMS 0x0000000088a00000| PB 0x0000000088a00000| Untracked |  0
|  95|0x0000000088b00000, 0x0000000088b00000, 0x0000000088c00000|  0%| F|  |TAMS 0x0000000088b00000| PB 0x0000000088b00000| Untracked |  0
|  96|0x0000000088c00000, 0x0000000088c00000, 0x0000000088d00000|  0%| F|  |TAMS 0x0000000088c00000| PB 0x0000000088c00000| Untracked |  0
|  97|0x0000000088d00000, 0x0000000088d00000, 0x0000000088e00000|  0%| F|  |TAMS 0x0000000088d00000| PB 0x0000000088d00000| Untracked |  0
|  98|0x0000000088e00000, 0x0000000088e00000, 0x0000000088f00000|  0%| F|  |TAMS 0x0000000088e00000| PB 0x0000000088e00000| Untracked |  0
|  99|0x0000000088f00000, 0x0000000088f00000, 0x0000000089000000|  0%| F|  |TAMS 0x0000000088f00000| PB 0x0000000088f00000| Untracked |  0
| 100|0x0000000089000000, 0x0000000089000000, 0x0000000089100000|  0%| F|  |TAMS 0x0000000089000000| PB 0x0000000089000000| Untracked |  0
| 101|0x0000000089100000, 0x0000000089100000, 0x0000000089200000|  0%| F|  |TAMS 0x0000000089100000| PB 0x0000000089100000| Untracked |  0
| 102|0x0000000089200000, 0x0000000089200000, 0x0000000089300000|  0%| F|  |TAMS 0x0000000089200000| PB 0x0000000089200000| Untracked |  0
| 103|0x0000000089300000, 0x0000000089300000, 0x0000000089400000|  0%| F|  |TAMS 0x0000000089300000| PB 0x0000000089300000| Untracked |  0
| 104|0x0000000089400000, 0x0000000089400000, 0x0000000089500000|  0%| F|  |TAMS 0x0000000089400000| PB 0x0000000089400000| Untracked |  0
| 105|0x0000000089500000, 0x0000000089500000, 0x0000000089600000|  0%| F|  |TAMS 0x0000000089500000| PB 0x0000000089500000| Untracked |  0
| 106|0x0000000089600000, 0x0000000089600000, 0x0000000089700000|  0%| F|  |TAMS 0x0000000089600000| PB 0x0000000089600000| Untracked |  0
| 107|0x0000000089700000, 0x0000000089700000, 0x0000000089800000|  0%| F|  |TAMS 0x0000000089700000| PB 0x0000000089700000| Untracked |  0
| 108|0x0000000089800000, 0x0000000089800000, 0x0000000089900000|  0%| F|  |TAMS 0x0000000089800000| PB 0x0000000089800000| Untracked |  0
| 109|0x0000000089900000, 0x0000000089900000, 0x0000000089a00000|  0%| F|  |TAMS 0x0000000089900000| PB 0x0000000089900000| Untracked |  0
| 110|0x0000000089a00000, 0x0000000089a00000, 0x0000000089b00000|  0%| F|  |TAMS 0x0000000089a00000| PB 0x0000000089a00000| Untracked |  0
| 111|0x0000000089b00000, 0x0000000089b00000, 0x0000000089c00000|  0%| F|  |TAMS 0x0000000089b00000| PB 0x0000000089b00000| Untracked |  0
| 112|0x0000000089c00000, 0x0000000089c00000, 0x0000000089d00000|  0%| F|  |TAMS 0x0000000089c00000| PB 0x0000000089c00000| Untracked |  0
| 113|0x0000000089d00000, 0x0000000089d00000, 0x0000000089e00000|  0%| F|  |TAMS 0x0000000089d00000| PB 0x0000000089d00000| Untracked |  0
| 114|0x0000000089e00000, 0x0000000089e00000, 0x0000000089f00000|  0%| F|  |TAMS 0x0000000089e00000| PB 0x0000000089e00000| Untracked |  0
| 115|0x0000000089f00000, 0x0000000089f00000, 0x000000008a000000|  0%| F|  |TAMS 0x0000000089f00000| PB 0x0000000089f00000| Untracked |  0
| 116|0x000000008a000000, 0x000000008a000000, 0x000000008a100000|  0%| F|  |TAMS 0x000000008a000000| PB 0x000000008a000000| Untracked |  0
| 117|0x000000008a100000, 0x000000008a100000, 0x000000008a200000|  0%| F|  |TAMS 0x000000008a100000| PB 0x000000008a100000| Untracked |  0
| 118|0x000000008a200000, 0x000000008a200000, 0x000000008a300000|  0%| F|  |TAMS 0x000000008a200000| PB 0x000000008a200000| Untracked |  0
| 119|0x000000008a300000, 0x000000008a300000, 0x000000008a400000|  0%| F|  |TAMS 0x000000008a300000| PB 0x000000008a300000| Untracked |  0
| 120|0x000000008a400000, 0x000000008a400000, 0x000000008a500000|  0%| F|  |TAMS 0x000000008a400000| PB 0x000000008a400000| Untracked |  0
| 121|0x000000008a500000, 0x000000008a500000, 0x000000008a600000|  0%| F|  |TAMS 0x000000008a500000| PB 0x000000008a500000| Untracked |  0
| 122|0x000000008a600000, 0x000000008a600000, 0x000000008a700000|  0%| F|  |TAMS 0x000000008a600000| PB 0x000000008a600000| Untracked |  0
| 123|0x000000008a700000, 0x000000008a700000, 0x000000008a800000|  0%| F|  |TAMS 0x000000008a700000| PB 0x000000008a700000| Untracked |  0
| 124|0x000000008a800000, 0x000000008a87ae28, 0x000000008a900000| 48%| E|  |TAMS 0x000000008a800000| PB 0x000000008a800000| Complete |  0
| 125|0x000000008a900000, 0x000000008aa00000, 0x000000008aa00000|100%| E|CS|TAMS 0x000000008a900000| PB 0x000000008a900000| Complete |  0

Card table byte_map: [0x0000016600720000,0x0000016600b10000] _byte_map_base: 0x000001660030a000

Marking Bits: (CMBitMap*) 0x00000166689f5360
 Bits: [0x0000016600b10000, 0x0000016602a60000)

Polling page: 0x00000166668f0000

Metaspace:

Usage:
  Non-class:      3.31 MB used.
      Class:    283.60 KB used.
       Both:      3.59 MB used.

Virtual space:
  Non-class space:       64.00 MB reserved,       3.31 MB (  5%) committed,  1 nodes.
      Class space:        1.00 GB reserved,     320.00 KB ( <1%) committed,  1 nodes.
             Both:        1.06 GB reserved,       3.62 MB ( <1%) committed. 

Chunk freelists:
   Non-Class:  12.00 MB
       Class:  15.62 MB
        Both:  27.62 MB

MaxMetaspaceSize: unlimited
CompressedClassSpaceSize: 1.00 GB
Initial GC threshold: 21.00 MB
Current GC threshold: 21.00 MB
CDS: off
 - commit_granule_bytes: 65536.
 - commit_granule_words: 8192.
 - virtual_space_node_default_size: 8388608.
 - enlarge_chunks_in_place: 1.
 - use_allocation_guard: 0.


Internal statistics:

num_allocs_failed_limit: 0.
num_arena_births: 2.
num_arena_deaths: 0.
num_vsnodes_births: 2.
num_vsnodes_deaths: 0.
num_space_committed: 58.
num_space_uncommitted: 0.
num_chunks_returned_to_freelist: 0.
num_chunks_taken_from_freelist: 4.
num_chunk_merges: 0.
num_chunk_splits: 2.
num_chunks_enlarged: 0.
num_inconsistent_stats: 0.

CodeHeap 'non-profiled nmethods': size=120000Kb used=3Kb max_used=3Kb free=119996Kb
 bounds [0x00000166787b0000, 0x0000016678a20000, 0x000001667fce0000]
CodeHeap 'profiled nmethods': size=120000Kb used=38Kb max_used=38Kb free=119961Kb
 bounds [0x0000016670ce0000, 0x0000016670f50000, 0x0000016678210000]
CodeHeap 'non-nmethods': size=5760Kb used=1161Kb max_used=1175Kb free=4598Kb
 bounds [0x0000016678210000, 0x0000016678480000, 0x00000166787b0000]
 total_blobs=323 nmethods=30 adapters=198
 compilation: enabled
              stopped_count=0, restarted_count=0
 full_count=0

Compilation events (20 events):
Event: 0.081 Thread 0x00000166057c74f0 nmethod 20 0x0000016670ce6b90 code [0x0000016670ce6d40, 0x0000016670ce6f18]
Event: 0.081 Thread 0x00000166057c74f0   22       3       java.util.Set::of (68 bytes)
Event: 0.081 Thread 0x00000166057c74f0 nmethod 22 0x0000016670ce7010 code [0x0000016670ce7240, 0x0000016670ce7a10]
Event: 0.083 Thread 0x00000166057c3e10 nmethod 21 0x00000166787b0310 code [0x00000166787b0480, 0x00000166787b0648]
Event: 0.083 Thread 0x00000166057c74f0   23       3       java.lang.String::coder (15 bytes)
Event: 0.083 Thread 0x00000166057c74f0 nmethod 23 0x0000016670ce7d10 code [0x0000016670ce7ea0, 0x0000016670ce7fd8]
Event: 0.083 Thread 0x00000166057c74f0   24       3       java.lang.String::length (11 bytes)
Event: 0.083 Thread 0x00000166057c74f0 nmethod 24 0x0000016670ce8090 code [0x0000016670ce8240, 0x0000016670ce83e0]
Event: 0.083 Thread 0x00000166057c74f0   25       1       java.lang.module.ModuleDescriptor::name (5 bytes)
Event: 0.083 Thread 0x00000166057c74f0 nmethod 25 0x00000166787b0710 code [0x00000166787b08a0, 0x00000166787b0968]
Event: 0.083 Thread 0x00000166057c74f0   26       3       java.lang.String::charAt (25 bytes)
Event: 0.084 Thread 0x00000166057c74f0 nmethod 26 0x0000016670ce8490 code [0x0000016670ce8680, 0x0000016670ce8bc0]
Event: 0.084 Thread 0x00000166057c74f0   27       3       java.lang.StringLatin1::charAt (15 bytes)
Event: 0.084 Thread 0x00000166057c74f0 nmethod 27 0x0000016670ce8e10 code [0x0000016670ce8fc0, 0x0000016670ce9188]
Event: 0.084 Thread 0x00000166057c74f0   28       3       java.lang.String::checkIndex (10 bytes)
Event: 0.084 Thread 0x00000166057c74f0 nmethod 28 0x0000016670ce9290 code [0x0000016670ce9420, 0x0000016670ce9558]
Event: 0.084 Thread 0x00000166057c74f0   29       3       jdk.internal.util.Preconditions::checkIndex (18 bytes)
Event: 0.084 Thread 0x00000166057c74f0 nmethod 29 0x0000016670ce9610 code [0x0000016670ce97c0, 0x0000016670ce9950]
Event: 0.084 Thread 0x00000166057c74f0   30       1       java.lang.module.ModuleReference::descriptor (5 bytes)
Event: 0.084 Thread 0x00000166057c74f0 nmethod 30 0x00000166787b0a10 code [0x00000166787b0ba0, 0x00000166787b0c68]

GC Heap History (0 events):
No events

Dll operation events (2 events):
Event: 0.009 Loaded shared library C:\Program Files\Java\jdk-22\bin\java.dll
Event: 0.069 Loaded shared library C:\Program Files\Java\jdk-22\bin\jsvml.dll

Deoptimization events (0 events):
No events

Classes loaded (20 events):
Event: 0.084 Loading class jdk/internal/loader/NativeLibraries done
Event: 0.084 Loading class jdk/internal/loader/ClassLoaderHelper
Event: 0.085 Loading class jdk/internal/loader/ClassLoaderHelper done
Event: 0.085 Loading class java/util/concurrent/ConcurrentHashMap$KeySetView
Event: 0.085 Loading class java/util/concurrent/ConcurrentHashMap$CollectionView
Event: 0.085 Loading class java/util/concurrent/ConcurrentHashMap$CollectionView done
Event: 0.085 Loading class java/util/concurrent/ConcurrentHashMap$KeySetView done
Event: 0.085 Loading class jdk/internal/loader/ArchivedClassLoaders
Event: 0.085 Loading class jdk/internal/loader/ArchivedClassLoaders done
Event: 0.085 Loading class jdk/internal/loader/ClassLoaders$BootClassLoader
Event: 0.085 Loading class jdk/internal/loader/ClassLoaders$BootClassLoader done
Event: 0.085 Loading class java/security/cert/Certificate
Event: 0.085 Loading class java/security/cert/Certificate done
Event: 0.085 Loading class java/lang/ClassLoader$ParallelLoaders
Event: 0.085 Loading class java/lang/ClassLoader$ParallelLoaders done
Event: 0.085 Loading class java/util/WeakHashMap
Event: 0.086 Loading class java/util/WeakHashMap done
Event: 0.086 Loading class java/util/WeakHashMap$Entry
Event: 0.086 Loading class java/util/WeakHashMap$Entry done
Event: 0.086 Loading class java/util/Collections$SetFromMap

Classes unloaded (0 events):
No events

Classes redefined (0 events):
No events

Internal exceptions (0 events):
No events

ZGC Phase Switch (0 events):
No events

VM Operations (0 events):
No events

Events (9 events):
Event: 0.012 Thread 0x000001666899f850 Thread added: 0x000001666899f850
Event: 0.066 Thread 0x0000016605764810 Thread added: 0x0000016605764810
Event: 0.066 Thread 0x0000016605765580 Thread added: 0x0000016605765580
Event: 0.068 Thread 0x000001660579da30 Thread added: 0x000001660579da30
Event: 0.068 Thread 0x00000166057906d0 Thread added: 0x00000166057906d0
Event: 0.068 Thread 0x00000166057912e0 Thread added: 0x00000166057912e0
Event: 0.068 Thread 0x0000016605793270 Thread added: 0x0000016605793270
Event: 0.068 Thread 0x00000166057c3e10 Thread added: 0x00000166057c3e10
Event: 0.068 Thread 0x00000166057c74f0 Thread added: 0x00000166057c74f0


Dynamic libraries:
0x00007ff7ba2a0000 - 0x00007ff7ba2b0000 	C:\Program Files\Java\jdk-22\bin\java.exe
0x00007ff80c6b0000 - 0x00007ff80c8c7000 	C:\WINDOWS\SYSTEM32\ntdll.dll
0x00007ff80b240000 - 0x00007ff80b304000 	C:\WINDOWS\System32\KERNEL32.DLL
0x00007ff809a60000 - 0x00007ff809e0c000 	C:\WINDOWS\System32\KERNELBASE.dll
0x00007ff809e10000 - 0x00007ff809f21000 	C:\WINDOWS\System32\ucrtbase.dll
0x00007fff86eb0000 - 0x00007fff86ecb000 	C:\Program Files\Java\jdk-22\bin\VCRUNTIME140.dll
0x00007fffc7500000 - 0x00007fffc7517000 	C:\Program Files\Java\jdk-22\bin\jli.dll
0x00007ff80b020000 - 0x00007ff80b0d2000 	C:\WINDOWS\System32\ADVAPI32.dll
0x00007ff80b3b0000 - 0x00007ff80b457000 	C:\WINDOWS\System32\msvcrt.dll
0x00007ff80c5c0000 - 0x00007ff80c66a000 	C:\WINDOWS\System32\sechost.dll
0x00007ff80a3c0000 - 0x00007ff80a3e8000 	C:\WINDOWS\System32\bcrypt.dll
0x00007ff80c380000 - 0x00007ff80c495000 	C:\WINDOWS\System32\RPCRT4.dll
0x00007ff80c1d0000 - 0x00007ff80c37e000 	C:\WINDOWS\System32\USER32.dll
0x00007ff80a260000 - 0x00007ff80a286000 	C:\WINDOWS\System32\win32u.dll
0x00007fffedf20000 - 0x00007fffee1b3000 	C:\WINDOWS\WinSxS\amd64_microsoft.windows.common-controls_6595b64144ccf1df_6.0.22621.3672_none_2713b9d173822955\COMCTL32.dll
0x00007ff80b160000 - 0x00007ff80b189000 	C:\WINDOWS\System32\GDI32.dll
0x00007ff80a140000 - 0x00007ff80a259000 	C:\WINDOWS\System32\gdi32full.dll
0x00007ff80a0a0000 - 0x00007ff80a13a000 	C:\WINDOWS\System32\msvcp_win.dll
0x00007ff8065e0000 - 0x00007ff8065ea000 	C:\WINDOWS\SYSTEM32\VERSION.dll
0x00007ff80af50000 - 0x00007ff80af81000 	C:\WINDOWS\System32\IMM32.DLL
0x00007fffc2b00000 - 0x00007fffc2b0c000 	C:\Program Files\Java\jdk-22\bin\vcruntime140_1.dll
0x00007fff856c0000 - 0x00007fff8574e000 	C:\Program Files\Java\jdk-22\bin\msvcp140.dll
0x00007fff85a40000 - 0x00007fff86787000 	C:\Program Files\Java\jdk-22\bin\server\jvm.dll
0x00007ff80af90000 - 0x00007ff80b001000 	C:\WINDOWS\System32\WS2_32.dll
0x00007ff808870000 - 0x00007ff8088bd000 	C:\WINDOWS\SYSTEM32\POWRPROF.dll
0x00007ffff80a0000 - 0x00007ffff80d4000 	C:\WINDOWS\SYSTEM32\WINMM.dll
0x00007ff808850000 - 0x00007ff808863000 	C:\WINDOWS\SYSTEM32\UMPDC.dll
0x00007ff808b00000 - 0x00007ff808b18000 	C:\WINDOWS\SYSTEM32\kernel.appcore.dll
0x00007fffc1670000 - 0x00007fffc167a000 	C:\Program Files\Java\jdk-22\bin\jimage.dll
0x00007ffff75e0000 - 0x00007ffff7812000 	C:\WINDOWS\SYSTEM32\DBGHELP.DLL
0x00007ff80b460000 - 0x00007ff80b7e8000 	C:\WINDOWS\System32\combase.dll
0x00007ff80a630000 - 0x00007ff80a707000 	C:\WINDOWS\System32\OLEAUT32.dll
0x00007ffff4e90000 - 0x00007ffff4ec2000 	C:\WINDOWS\SYSTEM32\dbgcore.DLL
0x00007ff8099e0000 - 0x00007ff809a5b000 	C:\WINDOWS\System32\bcryptPrimitives.dll
0x00007fff86e90000 - 0x00007fff86eae000 	C:\Program Files\Java\jdk-22\bin\java.dll
0x00007ff80b850000 - 0x00007ff80c0ac000 	C:\WINDOWS\System32\SHELL32.dll
0x00007ff80ada0000 - 0x00007ff80af45000 	C:\WINDOWS\System32\ole32.dll
0x00007ff807940000 - 0x00007ff808237000 	C:\WINDOWS\SYSTEM32\windows.storage.dll
0x00007ff807800000 - 0x00007ff80793f000 	C:\WINDOWS\SYSTEM32\wintypes.dll
0x00007ff80c4c0000 - 0x00007ff80c5b4000 	C:\WINDOWS\System32\SHCORE.dll
0x00007ff80abe0000 - 0x00007ff80ac3e000 	C:\WINDOWS\System32\shlwapi.dll
0x00007ff809910000 - 0x00007ff809931000 	C:\WINDOWS\SYSTEM32\profapi.dll
0x00007fff85920000 - 0x00007fff859f7000 	C:\Program Files\Java\jdk-22\bin\jsvml.dll

dbghelp: loaded successfully - version: 4.0.5 - missing functions: none
symbol engine: initialized successfully - sym options: 0x614 - pdb path: .;C:\Program Files\Java\jdk-22\bin;C:\WINDOWS\SYSTEM32;C:\WINDOWS\WinSxS\amd64_microsoft.windows.common-controls_6595b64144ccf1df_6.0.22621.3672_none_2713b9d173822955;C:\Program Files\Java\jdk-22\bin\server

VM Arguments:
jvm_args: -Dclassworlds.conf=C:\Program Files\NetBeans-22\netbeans\java\maven\bin\m2.conf -Dmaven.home=C:\Program Files\NetBeans-22\netbeans\java\maven -Dlibrary.jansi.path=C:\Program Files\NetBeans-22\netbeans\java\maven\lib\jansi-native -Dmaven.multiModuleProjectDirectory=C:\Users\eljulls\Documents\GitHub\Juatsapp_233537_240005\Juatsapp_presentacion 
java_command: org.codehaus.plexus.classworlds.launcher.Launcher -Dexec.vmArgs= -Dexec.args=${exec.vmArgs} -classpath %classpath ${exec.mainClass} ${exec.appArgs} -Dexec.executable=C:\Program Files\Java\jdk-22\bin\java.exe -Dexec.mainClass=forms.FrmMain -Dexec.classpathScope=runtime -Dexec.appArgs= -Dmaven.ext.class.path=C:\Program Files\NetBeans-22\netbeans\java\maven-nblib\netbeans-eventspy.jar --no-transfer-progress process-classes org.codehaus.mojo:exec-maven-plugin:3.1.0:exec
java_class_path (initial): C:\Program Files\NetBeans-22\netbeans\java\maven\boot\plexus-classworlds-2.7.0.jar
Launcher Type: SUN_STANDARD

[Global flags]
     intx CICompilerCount                          = 4                                         {product} {ergonomic}
     uint ConcGCThreads                            = 3                                         {product} {ergonomic}
     uint G1ConcRefinementThreads                  = 10                                        {product} {ergonomic}
   size_t G1HeapRegionSize                         = 1048576                                   {product} {ergonomic}
   size_t InitialHeapSize                          = 132120576                                 {product} {ergonomic}
   size_t MarkStackSize                            = 4194304                                   {product} {ergonomic}
   size_t MaxHeapSize                              = 2101346304                                {product} {ergonomic}
   size_t MaxNewSize                               = 1260388352                                {product} {ergonomic}
   size_t MinHeapDeltaBytes                        = 1048576                                   {product} {ergonomic}
   size_t MinHeapSize                              = 8388608                                   {product} {ergonomic}
    uintx NonNMethodCodeHeapSize                   = 5839372                                {pd product} {ergonomic}
    uintx NonProfiledCodeHeapSize                  = 122909434                              {pd product} {ergonomic}
    uintx ProfiledCodeHeapSize                     = 122909434                              {pd product} {ergonomic}
    uintx ReservedCodeCacheSize                    = 251658240                              {pd product} {ergonomic}
     bool SegmentedCodeCache                       = true                                      {product} {ergonomic}
   size_t SoftMaxHeapSize                          = 2101346304                             {manageable} {ergonomic}
     bool UseCompressedOops                        = true                           {product lp64_product} {ergonomic}
     bool UseG1GC                                  = true                                      {product} {ergonomic}
     bool UseLargePagesIndividualAllocation        = false                                  {pd product} {ergonomic}

Logging:
Log output configuration:
 #0: stdout all=warning uptime,level,tags foldmultilines=false
 #1: stderr all=off uptime,level,tags foldmultilines=false

Environment Variables:
JAVA_HOME=C:\Program Files\Java\jdk-22
PATH=C:\Program Files\Common Files\Oracle\Java\javapath;C:\Program Files (x86)\Common Files\Oracle\Java\javapath;C:\Windows\system32;C:\Windows;C:\Windows\System32\Wbem;C:\Windows\System32\WindowsPowerShell\v1.0\;C:\Windows\System32\OpenSSH\;C:\Program Files (x86)\NVIDIA Corporation\PhysX\Common;C:\Program Files\NVIDIA Corporation\NVIDIA NvDLISR;C:\WINDOWS\system32;C:\WINDOWS;C:\WINDOWS\System32\Wbem;C:\WINDOWS\System32\WindowsPowerShell\v1.0\;C:\WINDOWS\System32\OpenSSH\;C:\Program Files\PuTTY\;C:\Program Files\dotnet\;C:\Program Files\nodejs\;C:\Users\eljulls\AppData\Local\Programs\Python\Python312\Scripts\;C:\Users\eljulls\AppData\Local\Programs\Python\Python312\;C:\Users\eljulls\AppData\Local\Programs\Python\Python311\Scripts\;C:\Users\eljulls\AppData\Local\Programs\Python\Python311\;C:\Users\eljulls\AppData\Local\Programs\Python\Launcher\;C:\Users\eljulls\AppData\Local\Microsoft\WindowsApps;C:\Users\eljulls\AppData\Local\Programs\Microsoft VS Code\bin;C:\Users\eljulls\AppData\Roaming\npm;C:\Users\eljulls\AppData\Local\GitHubDesktop\bin
USERNAME=eljulls
OS=Windows_NT
PROCESSOR_IDENTIFIER=Intel64 Family 6 Model 165 Stepping 2, GenuineIntel
TMP=C:\Users\eljulls\AppData\Local\Temp
TEMP=C:\Users\eljulls\AppData\Local\Temp




Periodic native trim disabled

---------------  S Y S T E M  ---------------

OS:
 Windows 11 , 64 bit Build 22621 (10.0.22621.3672)
OS uptime: 1 days 0:44 hours

CPU: total 12 (initial active 12) (6 cores per cpu, 2 threads per core) family 6 model 165 stepping 2 microcode 0xe2, cx8, cmov, fxsr, ht, mmx, 3dnowpref, sse, sse2, sse3, ssse3, sse4.1, sse4.2, popcnt, lzcnt, tsc, tscinvbit, avx, avx2, aes, erms, clmul, bmi1, bmi2, adx, fma, vzeroupper, clflush, clflushopt, rdtscp, f16c, pku
Processor Information for all 12 processors :
  Max Mhz: 2496, Current Mhz: 2496, Mhz Limit: 2496

Memory: 4k page, system-wide physical 8013M (537M free)
TotalPageFile size 25800M (AvailPageFile size 37M)
current process WorkingSet (physical memory assigned to process): 26M, peak: 26M
current process commit charge ("private bytes"): 201M, peak: 201M

vm_info: Java HotSpot(TM) 64-Bit Server VM (22.0.1+8-16) for windows-amd64 JRE (22.0.1+8-16), built on 2024-03-12T10:33:16Z by "mach5one" with MS VC++ 17.6 (VS2022)

END.
