#
# There is insufficient memory for the Java Runtime Environment to continue.
# Native memory allocation (mmap) failed to map 683671552 bytes. Error detail: G1 virtual space
# Possible reasons:
#   The system is out of physical RAM or swap space
#   This process is running with CompressedOops enabled, and the Java Heap may be blocking the growth of the native heap
# Possible solutions:
#   Reduce memory load on the system
#   Increase physical memory or swap space
#   Check if swap backing store is full
#   Decrease Java heap size (-Xmx/-Xms)
#   Decrease number of Java threads
#   Decrease Java thread stack sizes (-Xss)
#   Set larger code cache with -XX:ReservedCodeCacheSize=
#   JVM is running with Unscaled Compressed Oops mode in which the Java heap is
#     placed in the first 4GB address space. The Java Heap base address is the
#     maximum limit for the native heap growth. Please use -XX:HeapBaseMinAddress
#     to set the Java Heap base and to place the Java Heap above 4GB virtual address.
# This output file may be truncated or incomplete.
#
#  Out of Memory Error (os_windows.cpp:3631), pid=26952, tid=23624
#
# JRE version: Java(TM) SE Runtime Environment (22.0.1+8) (build 22.0.1+8-16)
# Java VM: Java HotSpot(TM) 64-Bit Server VM (22.0.1+8-16, mixed mode, sharing, tiered, compressed oops, compressed class ptrs, g1 gc, windows-amd64)
# No core dump will be written. Minidumps are not enabled by default on client versions of Windows
#

---------------  S U M M A R Y ------------

Command Line: forms.FrmMain

Host: Intel(R) Core(TM) i5-10500H CPU @ 2.50GHz, 12 cores, 7G,  Windows 11 , 64 bit Build 22621 (10.0.22621.3672)
Time: Tue Jul  2 13:12:12 2024 Hora estándar Montañas, EE.UU. elapsed time: 6.038952 seconds (0d 0h 0m 6s)

---------------  T H R E A D  ---------------

Current thread (0x000001a34e9c6bb0):  VMThread "VM Thread"          [id=23624, stack(0x0000007835800000,0x0000007835900000) (1024K)]

Stack: [0x0000007835800000,0x0000007835900000]
Native frames: (J=compiled Java code, j=interpreted, Vv=VM code, C=native code)
V  [jvm.dll+0x6e2279]  (no source info available)
V  [jvm.dll+0x874e33]  (no source info available)
V  [jvm.dll+0x87725e]  (no source info available)
V  [jvm.dll+0x877933]  (no source info available)
V  [jvm.dll+0x27fd76]  (no source info available)
V  [jvm.dll+0x6de915]  (no source info available)
V  [jvm.dll+0x6d341a]  (no source info available)
V  [jvm.dll+0x3589da]  (no source info available)
V  [jvm.dll+0x360f06]  (no source info available)
V  [jvm.dll+0x3b3e2e]  (no source info available)
V  [jvm.dll+0x3b40d8]  (no source info available)
V  [jvm.dll+0x32c59c]  (no source info available)
V  [jvm.dll+0x32c627]  (no source info available)
V  [jvm.dll+0x37229c]  (no source info available)
V  [jvm.dll+0x370996]  (no source info available)
V  [jvm.dll+0x32bc87]  (no source info available)
V  [jvm.dll+0x370468]  (no source info available)
V  [jvm.dll+0x87d7d0]  (no source info available)
V  [jvm.dll+0x87eb57]  (no source info available)
V  [jvm.dll+0x87f0d0]  (no source info available)
V  [jvm.dll+0x87f373]  (no source info available)
V  [jvm.dll+0x81d44b]  (no source info available)
V  [jvm.dll+0x6e0915]  (no source info available)
C  [ucrtbase.dll+0x29333]  (no source info available)
C  [KERNEL32.DLL+0x1257d]  (no source info available)
C  [ntdll.dll+0x5af28]  (no source info available)

VM_Operation (0x00000078366fdb88): G1TryInitiateConcMark, mode: safepoint, requested by thread 0x000001a34eef9260


---------------  P R O C E S S  ---------------

Threads class SMR info:
_java_thread_list=0x000001a395e98d60, length=16, elements={
0x000001a34e9de860, 0x000001a34e9df580, 0x000001a34e9e7b20, 0x000001a34e9ea8f0,
0x000001a34e9eb7e0, 0x000001a34e9ec240, 0x000001a34e9eefe0, 0x000001a34e9efbc0,
0x000001a34ec8b590, 0x000001a34ec8e010, 0x000001a34ee718f0, 0x000001a34ee76220,
0x000001a34ee77280, 0x000001a34eef9260, 0x000001a32fb639a0, 0x000001a395b1b760
}

Java Threads: ( => current thread )
  0x000001a34e9de860 JavaThread "Reference Handler"          daemon [_thread_blocked, id=16780, stack(0x0000007835900000,0x0000007835a00000) (1024K)]
  0x000001a34e9df580 JavaThread "Finalizer"                  daemon [_thread_blocked, id=23960, stack(0x0000007835a00000,0x0000007835b00000) (1024K)]
  0x000001a34e9e7b20 JavaThread "Signal Dispatcher"          daemon [_thread_blocked, id=16612, stack(0x0000007835b00000,0x0000007835c00000) (1024K)]
  0x000001a34e9ea8f0 JavaThread "Attach Listener"            daemon [_thread_blocked, id=24496, stack(0x0000007835c00000,0x0000007835d00000) (1024K)]
  0x000001a34e9eb7e0 JavaThread "Service Thread"             daemon [_thread_blocked, id=26948, stack(0x0000007835d00000,0x0000007835e00000) (1024K)]
  0x000001a34e9ec240 JavaThread "Monitor Deflation Thread"   daemon [_thread_blocked, id=26816, stack(0x0000007835e00000,0x0000007835f00000) (1024K)]
  0x000001a34e9eefe0 JavaThread "C2 CompilerThread0"         daemon [_thread_blocked, id=8000, stack(0x0000007835f00000,0x0000007836000000) (1024K)]
  0x000001a34e9efbc0 JavaThread "C1 CompilerThread0"         daemon [_thread_blocked, id=19196, stack(0x0000007836000000,0x0000007836100000) (1024K)]
  0x000001a34ec8b590 JavaThread "Notification Thread"        daemon [_thread_blocked, id=5524, stack(0x0000007836100000,0x0000007836200000) (1024K)]
  0x000001a34ec8e010 JavaThread "Common-Cleaner"             daemon [_thread_blocked, id=21060, stack(0x0000007836200000,0x0000007836300000) (1024K)]
  0x000001a34ee718f0 JavaThread "Java2D Disposer"            daemon [_thread_blocked, id=18704, stack(0x0000007836300000,0x0000007836400000) (1024K)]
  0x000001a34ee76220 JavaThread "AWT-Shutdown"                      [_thread_blocked, id=27228, stack(0x0000007836400000,0x0000007836500000) (1024K)]
  0x000001a34ee77280 JavaThread "AWT-Windows"                daemon [_thread_blocked, id=26612, stack(0x0000007836500000,0x0000007836600000) (1024K)]
  0x000001a34eef9260 JavaThread "AWT-EventQueue-0"                  [_thread_blocked, id=11324, stack(0x0000007836600000,0x0000007836700000) (1024K)]
  0x000001a32fb639a0 JavaThread "DestroyJavaVM"                     [_thread_blocked, id=12668, stack(0x0000007835100000,0x0000007835200000) (1024K)]
  0x000001a395b1b760 JavaThread "TimerQueue"                 daemon [_thread_blocked, id=21612, stack(0x0000007836800000,0x0000007836900000) (1024K)]
Total: 16

Other Threads:
=>0x000001a34e9c6bb0 VMThread "VM Thread"                           [id=23624, stack(0x0000007835800000,0x0000007835900000) (1024K)]
  0x000001a34e9ac310 WatcherThread "VM Periodic Task Thread"        [id=19740, stack(0x0000007835700000,0x0000007835800000) (1024K)]
  0x000001a32fe65aa0 WorkerThread "GC Thread#0"                     [id=1616, stack(0x0000007835200000,0x0000007835300000) (1024K)]
  0x000001a395d8d7f0 WorkerThread "GC Thread#1"                     [id=384, stack(0x0000007836a00000,0x0000007836b00000) (1024K)]
  0x000001a395d8dba0 WorkerThread "GC Thread#2"                     [id=9556, stack(0x0000007836b00000,0x0000007836c00000) (1024K)]
  0x000001a395d8df50 WorkerThread "GC Thread#3"                     [id=22692, stack(0x0000007836c00000,0x0000007836d00000) (1024K)]
  0x000001a395d8e300 WorkerThread "GC Thread#4"                     [id=15800, stack(0x0000007836d00000,0x0000007836e00000) (1024K)]
  0x000001a395d946d0 WorkerThread "GC Thread#5"                     [id=3712, stack(0x0000007836e00000,0x0000007836f00000) (1024K)]
  0x000001a395dfbf70 WorkerThread "GC Thread#6"                     [id=3788, stack(0x0000007836f00000,0x0000007837000000) (1024K)]
  0x000001a395dfc320 WorkerThread "GC Thread#7"                     [id=23840, stack(0x0000007837000000,0x0000007837100000) (1024K)]
  0x000001a395dfc6d0 WorkerThread "GC Thread#8"                     [id=11316, stack(0x0000007837100000,0x0000007837200000) (1024K)]
  0x000001a395dfca80 WorkerThread "GC Thread#9"                     [id=6012, stack(0x0000007837200000,0x0000007837300000) (1024K)]
  0x000001a32fe766c0 ConcurrentGCThread "G1 Main Marker"            [id=25864, stack(0x0000007835300000,0x0000007835400000) (1024K)]
  0x000001a32fe77970 WorkerThread "G1 Conc#0"                       [id=14796, stack(0x0000007835400000,0x0000007835500000) (1024K)]
  0x000001a34e87a930 ConcurrentGCThread "G1 Refine#0"               [id=13420, stack(0x0000007835500000,0x0000007835600000) (1024K)]
  0x000001a32fecea40 ConcurrentGCThread "G1 Service"                [id=23728, stack(0x0000007835600000,0x0000007835700000) (1024K)]
Total: 16

Threads with active compile tasks:
C1 CompilerThread0  6097 2164       1       javax.swing.ImageIcon::getIconWidth (5 bytes)
Total: 1

VM state: at safepoint (normal execution)

VM Mutex/Monitor currently owned by a thread:  ([mutex/lock_event])
[0x00007fff96b6bbb8] Threads_lock - owner thread: 0x000001a34e9c6bb0
[0x00007fff96b6bcb8] Heap_lock - owner thread: 0x000001a34eef9260

Heap address: 0x0000000082c00000, size: 2004 MB, Compressed Oops mode: 32-bit

CDS archive(s) mapped at: [0x000001a34f000000-0x000001a34fc60000-0x000001a34fc60000), size 12976128, SharedBaseAddress: 0x000001a34f000000, ArchiveRelocationMode: 1.
Compressed class space mapped at: 0x000001a350000000-0x000001a390000000, reserved size: 1073741824
Narrow klass base: 0x000001a34f000000, Narrow klass shift: 0, Narrow klass range: 0x41000000

GC Precious Log:
 CardTable entry size: 512
 Card Set container configuration: InlinePtr #cards 5 size 8 Array Of Cards #cards 12 size 40 Howl #buckets 4 coarsen threshold 1843 Howl Bitmap #cards 512 size 80 coarsen threshold 460 Card regions per heap region 1 cards per card region 2048
 CPUs: 12 total, 12 available
 Memory: 8013M
 Large Page Support: Disabled
 NUMA Support: Disabled
 Compressed Oops: Enabled (32-bit)
 Heap Region Size: 1M
 Heap Min Capacity: 8M
 Heap Initial Capacity: 126M
 Heap Max Capacity: 2004M
 Pre-touch: Disabled
 Parallel Workers: 10
 Concurrent Workers: 3
 Concurrent Refinement Workers: 10
 Periodic GC: Disabled

Heap:
 garbage-first heap   total reserved 2052096K, committed 333824K, used 146301K [0x0000000082c00000, 0x0000000100000000)
  region size 1024K, 3 young (3072K), 3 survivors (3072K)
 Metaspace       used 12905K, committed 13120K, reserved 1114112K
  class space    used 1486K, committed 1600K, reserved 1048576K

Heap Regions: E=young(eden), S=young(survivor), O=old, HS=humongous(starts), HC=humongous(continues), CS=collection set, F=free, TAMS=top-at-mark-start, PB=parsable bottom
|   0|0x0000000082c00000, 0x0000000082d00000, 0x0000000082d00000|100%|HS|  |TAMS 0x0000000082d00000| PB 0x0000000082c00000| Complete |  0
|   1|0x0000000082d00000, 0x0000000082e00000, 0x0000000082e00000|100%|HC|  |TAMS 0x0000000082e00000| PB 0x0000000082d00000| Complete |  0
|   2|0x0000000082e00000, 0x0000000082f00000, 0x0000000082f00000|100%|HC|  |TAMS 0x0000000082f00000| PB 0x0000000082e00000| Complete |  0
|   3|0x0000000082f00000, 0x0000000083000000, 0x0000000083000000|100%|HC|  |TAMS 0x0000000083000000| PB 0x0000000082f00000| Complete |  0
|   4|0x0000000083000000, 0x0000000083100000, 0x0000000083100000|100%|HC|  |TAMS 0x0000000083100000| PB 0x0000000083000000| Complete |  0
|   5|0x0000000083100000, 0x0000000083200000, 0x0000000083200000|100%|HC|  |TAMS 0x0000000083200000| PB 0x0000000083100000| Complete |  0
|   6|0x0000000083200000, 0x0000000083300000, 0x0000000083300000|100%|HC|  |TAMS 0x0000000083300000| PB 0x0000000083200000| Complete |  0
|   7|0x0000000083300000, 0x0000000083400000, 0x0000000083400000|100%|HC|  |TAMS 0x0000000083400000| PB 0x0000000083300000| Complete |  0
|   8|0x0000000083400000, 0x0000000083500000, 0x0000000083500000|100%|HC|  |TAMS 0x0000000083500000| PB 0x0000000083400000| Complete |  0
|   9|0x0000000083500000, 0x0000000083600000, 0x0000000083600000|100%|HC|  |TAMS 0x0000000083600000| PB 0x0000000083500000| Complete |  0
|  10|0x0000000083600000, 0x0000000083700000, 0x0000000083700000|100%| O|  |TAMS 0x0000000083700000| PB 0x0000000083600000| Untracked |  0
|  11|0x0000000083700000, 0x0000000083800000, 0x0000000083800000|100%|HS|  |TAMS 0x0000000083800000| PB 0x0000000083700000| Complete |  0
|  12|0x0000000083800000, 0x0000000083900000, 0x0000000083900000|100%|HC|  |TAMS 0x0000000083900000| PB 0x0000000083800000| Complete |  0
|  13|0x0000000083900000, 0x0000000083a00000, 0x0000000083a00000|100%|HC|  |TAMS 0x0000000083a00000| PB 0x0000000083900000| Complete |  0
|  14|0x0000000083a00000, 0x0000000083b00000, 0x0000000083b00000|100%|HC|  |TAMS 0x0000000083b00000| PB 0x0000000083a00000| Complete |  0
|  15|0x0000000083b00000, 0x0000000083c00000, 0x0000000083c00000|100%|HC|  |TAMS 0x0000000083c00000| PB 0x0000000083b00000| Complete |  0
|  16|0x0000000083c00000, 0x0000000083d00000, 0x0000000083d00000|100%|HC|  |TAMS 0x0000000083d00000| PB 0x0000000083c00000| Complete |  0
|  17|0x0000000083d00000, 0x0000000083e00000, 0x0000000083e00000|100%|HC|  |TAMS 0x0000000083e00000| PB 0x0000000083d00000| Complete |  0
|  18|0x0000000083e00000, 0x0000000083f00000, 0x0000000083f00000|100%|HS|  |TAMS 0x0000000083f00000| PB 0x0000000083e00000| Complete |  0
|  19|0x0000000083f00000, 0x0000000084000000, 0x0000000084000000|100%|HC|  |TAMS 0x0000000084000000| PB 0x0000000083f00000| Complete |  0
|  20|0x0000000084000000, 0x0000000084100000, 0x0000000084100000|100%|HC|  |TAMS 0x0000000084100000| PB 0x0000000084000000| Complete |  0
|  21|0x0000000084100000, 0x0000000084200000, 0x0000000084200000|100%|HC|  |TAMS 0x0000000084200000| PB 0x0000000084100000| Complete |  0
|  22|0x0000000084200000, 0x0000000084300000, 0x0000000084300000|100%|HC|  |TAMS 0x0000000084300000| PB 0x0000000084200000| Complete |  0
|  23|0x0000000084300000, 0x0000000084400000, 0x0000000084400000|100%|HC|  |TAMS 0x0000000084400000| PB 0x0000000084300000| Complete |  0
|  24|0x0000000084400000, 0x0000000084500000, 0x0000000084500000|100%|HC|  |TAMS 0x0000000084500000| PB 0x0000000084400000| Complete |  0
|  25|0x0000000084500000, 0x0000000084600000, 0x0000000084600000|100%|HC|  |TAMS 0x0000000084600000| PB 0x0000000084500000| Complete |  0
|  26|0x0000000084600000, 0x0000000084700000, 0x0000000084700000|100%|HC|  |TAMS 0x0000000084700000| PB 0x0000000084600000| Complete |  0
|  27|0x0000000084700000, 0x0000000084800000, 0x0000000084800000|100%|HC|  |TAMS 0x0000000084800000| PB 0x0000000084700000| Complete |  0
|  28|0x0000000084800000, 0x0000000084900000, 0x0000000084900000|100%|HS|  |TAMS 0x0000000084900000| PB 0x0000000084800000| Complete |  0
|  29|0x0000000084900000, 0x0000000084a00000, 0x0000000084a00000|100%|HC|  |TAMS 0x0000000084a00000| PB 0x0000000084900000| Complete |  0
|  30|0x0000000084a00000, 0x0000000084b00000, 0x0000000084b00000|100%|HC|  |TAMS 0x0000000084b00000| PB 0x0000000084a00000| Complete |  0
|  31|0x0000000084b00000, 0x0000000084c00000, 0x0000000084c00000|100%|HC|  |TAMS 0x0000000084c00000| PB 0x0000000084b00000| Complete |  0
|  32|0x0000000084c00000, 0x0000000084d00000, 0x0000000084d00000|100%|HC|  |TAMS 0x0000000084d00000| PB 0x0000000084c00000| Complete |  0
|  33|0x0000000084d00000, 0x0000000084e00000, 0x0000000084e00000|100%|HC|  |TAMS 0x0000000084e00000| PB 0x0000000084d00000| Complete |  0
|  34|0x0000000084e00000, 0x0000000084f00000, 0x0000000084f00000|100%|HC|  |TAMS 0x0000000084f00000| PB 0x0000000084e00000| Complete |  0
|  35|0x0000000084f00000, 0x0000000085000000, 0x0000000085000000|100%|HS|  |TAMS 0x0000000085000000| PB 0x0000000084f00000| Complete |  0
|  36|0x0000000085000000, 0x0000000085100000, 0x0000000085100000|100%|HC|  |TAMS 0x0000000085100000| PB 0x0000000085000000| Complete |  0
|  37|0x0000000085100000, 0x0000000085200000, 0x0000000085200000|100%|HC|  |TAMS 0x0000000085200000| PB 0x0000000085100000| Complete |  0
|  38|0x0000000085200000, 0x0000000085300000, 0x0000000085300000|100%|HC|  |TAMS 0x0000000085300000| PB 0x0000000085200000| Complete |  0
|  39|0x0000000085300000, 0x0000000085400000, 0x0000000085400000|100%|HC|  |TAMS 0x0000000085400000| PB 0x0000000085300000| Complete |  0
|  40|0x0000000085400000, 0x0000000085500000, 0x0000000085500000|100%|HC|  |TAMS 0x0000000085500000| PB 0x0000000085400000| Complete |  0
|  41|0x0000000085500000, 0x0000000085600000, 0x0000000085600000|100%|HC|  |TAMS 0x0000000085600000| PB 0x0000000085500000| Complete |  0
|  42|0x0000000085600000, 0x0000000085700000, 0x0000000085700000|100%|HC|  |TAMS 0x0000000085700000| PB 0x0000000085600000| Complete |  0
|  43|0x0000000085700000, 0x0000000085800000, 0x0000000085800000|100%|HC|  |TAMS 0x0000000085800000| PB 0x0000000085700000| Complete |  0
|  44|0x0000000085800000, 0x0000000085900000, 0x0000000085900000|100%|HC|  |TAMS 0x0000000085900000| PB 0x0000000085800000| Complete |  0
|  45|0x0000000085900000, 0x0000000085a00000, 0x0000000085a00000|100%|HS|  |TAMS 0x0000000085a00000| PB 0x0000000085900000| Complete |  0
|  46|0x0000000085a00000, 0x0000000085b00000, 0x0000000085b00000|100%|HC|  |TAMS 0x0000000085b00000| PB 0x0000000085a00000| Complete |  0
|  47|0x0000000085b00000, 0x0000000085c00000, 0x0000000085c00000|100%|HC|  |TAMS 0x0000000085c00000| PB 0x0000000085b00000| Complete |  0
|  48|0x0000000085c00000, 0x0000000085d00000, 0x0000000085d00000|100%|HC|  |TAMS 0x0000000085d00000| PB 0x0000000085c00000| Complete |  0
|  49|0x0000000085d00000, 0x0000000085e00000, 0x0000000085e00000|100%|HC|  |TAMS 0x0000000085e00000| PB 0x0000000085d00000| Complete |  0
|  50|0x0000000085e00000, 0x0000000085f00000, 0x0000000085f00000|100%|HC|  |TAMS 0x0000000085f00000| PB 0x0000000085e00000| Complete |  0
|  51|0x0000000085f00000, 0x0000000086000000, 0x0000000086000000|100%|HC|  |TAMS 0x0000000086000000| PB 0x0000000085f00000| Complete |  0
|  52|0x0000000086000000, 0x0000000086100000, 0x0000000086100000|100%| O|  |TAMS 0x0000000086100000| PB 0x0000000086000000| Untracked |  0
|  53|0x0000000086100000, 0x0000000086200000, 0x0000000086200000|100%| O|  |TAMS 0x0000000086200000| PB 0x0000000086100000| Untracked |  0
|  54|0x0000000086200000, 0x000000008628ec60, 0x0000000086300000| 55%| O|  |TAMS 0x000000008628ec60| PB 0x0000000086200000| Untracked |  0
|  55|0x0000000086300000, 0x0000000086400000, 0x0000000086400000|100%|HS|  |TAMS 0x0000000086400000| PB 0x0000000086300000| Complete |  0
|  56|0x0000000086400000, 0x0000000086500000, 0x0000000086500000|100%|HC|  |TAMS 0x0000000086500000| PB 0x0000000086400000| Complete |  0
|  57|0x0000000086500000, 0x0000000086600000, 0x0000000086600000|100%|HC|  |TAMS 0x0000000086600000| PB 0x0000000086500000| Complete |  0
|  58|0x0000000086600000, 0x0000000086700000, 0x0000000086700000|100%|HC|  |TAMS 0x0000000086700000| PB 0x0000000086600000| Complete |  0
|  59|0x0000000086700000, 0x0000000086800000, 0x0000000086800000|100%|HC|  |TAMS 0x0000000086800000| PB 0x0000000086700000| Complete |  0
|  60|0x0000000086800000, 0x0000000086900000, 0x0000000086900000|100%|HC|  |TAMS 0x0000000086900000| PB 0x0000000086800000| Complete |  0
|  61|0x0000000086900000, 0x0000000086a00000, 0x0000000086a00000|100%|HC|  |TAMS 0x0000000086a00000| PB 0x0000000086900000| Complete |  0
|  62|0x0000000086a00000, 0x0000000086b00000, 0x0000000086b00000|100%|HC|  |TAMS 0x0000000086b00000| PB 0x0000000086a00000| Complete |  0
|  63|0x0000000086b00000, 0x0000000086c00000, 0x0000000086c00000|100%|HC|  |TAMS 0x0000000086c00000| PB 0x0000000086b00000| Complete |  0
|  64|0x0000000086c00000, 0x0000000086d00000, 0x0000000086d00000|100%|HC|  |TAMS 0x0000000086d00000| PB 0x0000000086c00000| Complete |  0
|  65|0x0000000086d00000, 0x0000000086e00000, 0x0000000086e00000|100%|HS|  |TAMS 0x0000000086e00000| PB 0x0000000086d00000| Complete |  0
|  66|0x0000000086e00000, 0x0000000086f00000, 0x0000000086f00000|100%|HC|  |TAMS 0x0000000086f00000| PB 0x0000000086e00000| Complete |  0
|  67|0x0000000086f00000, 0x0000000087000000, 0x0000000087000000|100%|HC|  |TAMS 0x0000000087000000| PB 0x0000000086f00000| Complete |  0
|  68|0x0000000087000000, 0x0000000087100000, 0x0000000087100000|100%|HC|  |TAMS 0x0000000087100000| PB 0x0000000087000000| Complete |  0
|  69|0x0000000087100000, 0x0000000087200000, 0x0000000087200000|100%|HC|  |TAMS 0x0000000087200000| PB 0x0000000087100000| Complete |  0
|  70|0x0000000087200000, 0x0000000087300000, 0x0000000087300000|100%|HC|  |TAMS 0x0000000087300000| PB 0x0000000087200000| Complete |  0
|  71|0x0000000087300000, 0x0000000087400000, 0x0000000087400000|100%|HC|  |TAMS 0x0000000087400000| PB 0x0000000087300000| Complete |  0
|  72|0x0000000087400000, 0x0000000087500000, 0x0000000087500000|100%|HS|  |TAMS 0x0000000087500000| PB 0x0000000087400000| Complete |  0
|  73|0x0000000087500000, 0x0000000087600000, 0x0000000087600000|100%|HC|  |TAMS 0x0000000087600000| PB 0x0000000087500000| Complete |  0
|  74|0x0000000087600000, 0x0000000087700000, 0x0000000087700000|100%|HC|  |TAMS 0x0000000087700000| PB 0x0000000087600000| Complete |  0
|  75|0x0000000087700000, 0x0000000087800000, 0x0000000087800000|100%|HC|  |TAMS 0x0000000087800000| PB 0x0000000087700000| Complete |  0
|  76|0x0000000087800000, 0x0000000087900000, 0x0000000087900000|100%|HC|  |TAMS 0x0000000087900000| PB 0x0000000087800000| Complete |  0
|  77|0x0000000087900000, 0x0000000087a00000, 0x0000000087a00000|100%|HC|  |TAMS 0x0000000087a00000| PB 0x0000000087900000| Complete |  0
|  78|0x0000000087a00000, 0x0000000087b00000, 0x0000000087b00000|100%|HC|  |TAMS 0x0000000087b00000| PB 0x0000000087a00000| Complete |  0
|  79|0x0000000087b00000, 0x0000000087c00000, 0x0000000087c00000|100%|HC|  |TAMS 0x0000000087c00000| PB 0x0000000087b00000| Complete |  0
|  80|0x0000000087c00000, 0x0000000087d00000, 0x0000000087d00000|100%|HC|  |TAMS 0x0000000087d00000| PB 0x0000000087c00000| Complete |  0
|  81|0x0000000087d00000, 0x0000000087e00000, 0x0000000087e00000|100%|HC|  |TAMS 0x0000000087e00000| PB 0x0000000087d00000| Complete |  0
|  82|0x0000000087e00000, 0x0000000087f00000, 0x0000000087f00000|100%|HS|  |TAMS 0x0000000087f00000| PB 0x0000000087e00000| Complete |  0
|  83|0x0000000087f00000, 0x0000000088000000, 0x0000000088000000|100%|HC|  |TAMS 0x0000000088000000| PB 0x0000000087f00000| Complete |  0
|  84|0x0000000088000000, 0x0000000088100000, 0x0000000088100000|100%|HC|  |TAMS 0x0000000088100000| PB 0x0000000088000000| Complete |  0
|  85|0x0000000088100000, 0x0000000088200000, 0x0000000088200000|100%|HC|  |TAMS 0x0000000088200000| PB 0x0000000088100000| Complete |  0
|  86|0x0000000088200000, 0x0000000088300000, 0x0000000088300000|100%|HC|  |TAMS 0x0000000088300000| PB 0x0000000088200000| Complete |  0
|  87|0x0000000088300000, 0x0000000088400000, 0x0000000088400000|100%|HC|  |TAMS 0x0000000088400000| PB 0x0000000088300000| Complete |  0
|  88|0x0000000088400000, 0x0000000088500000, 0x0000000088500000|100%|HC|  |TAMS 0x0000000088500000| PB 0x0000000088400000| Complete |  0
|  89|0x0000000088500000, 0x0000000088600000, 0x0000000088600000|100%|HS|  |TAMS 0x0000000088600000| PB 0x0000000088500000| Complete |  0
|  90|0x0000000088600000, 0x0000000088700000, 0x0000000088700000|100%|HC|  |TAMS 0x0000000088700000| PB 0x0000000088600000| Complete |  0
|  91|0x0000000088700000, 0x0000000088800000, 0x0000000088800000|100%|HC|  |TAMS 0x0000000088800000| PB 0x0000000088700000| Complete |  0
|  92|0x0000000088800000, 0x0000000088900000, 0x0000000088900000|100%|HC|  |TAMS 0x0000000088900000| PB 0x0000000088800000| Complete |  0
|  93|0x0000000088900000, 0x0000000088a00000, 0x0000000088a00000|100%|HC|  |TAMS 0x0000000088a00000| PB 0x0000000088900000| Complete |  0
|  94|0x0000000088a00000, 0x0000000088b00000, 0x0000000088b00000|100%|HC|  |TAMS 0x0000000088b00000| PB 0x0000000088a00000| Complete |  0
|  95|0x0000000088b00000, 0x0000000088c00000, 0x0000000088c00000|100%|HC|  |TAMS 0x0000000088c00000| PB 0x0000000088b00000| Complete |  0
|  96|0x0000000088c00000, 0x0000000088d00000, 0x0000000088d00000|100%|HC|  |TAMS 0x0000000088d00000| PB 0x0000000088c00000| Complete |  0
|  97|0x0000000088d00000, 0x0000000088e00000, 0x0000000088e00000|100%|HC|  |TAMS 0x0000000088e00000| PB 0x0000000088d00000| Complete |  0
|  98|0x0000000088e00000, 0x0000000088f00000, 0x0000000088f00000|100%|HC|  |TAMS 0x0000000088f00000| PB 0x0000000088e00000| Complete |  0
|  99|0x0000000088f00000, 0x0000000089000000, 0x0000000089000000|100%|HS|  |TAMS 0x0000000089000000| PB 0x0000000088f00000| Complete |  0
| 100|0x0000000089000000, 0x0000000089100000, 0x0000000089100000|100%|HC|  |TAMS 0x0000000089100000| PB 0x0000000089000000| Complete |  0
| 101|0x0000000089100000, 0x0000000089200000, 0x0000000089200000|100%|HC|  |TAMS 0x0000000089200000| PB 0x0000000089100000| Complete |  0
| 102|0x0000000089200000, 0x0000000089300000, 0x0000000089300000|100%|HC|  |TAMS 0x0000000089300000| PB 0x0000000089200000| Complete |  0
| 103|0x0000000089300000, 0x0000000089400000, 0x0000000089400000|100%|HC|  |TAMS 0x0000000089400000| PB 0x0000000089300000| Complete |  0
| 104|0x0000000089400000, 0x0000000089500000, 0x0000000089500000|100%|HC|  |TAMS 0x0000000089500000| PB 0x0000000089400000| Complete |  0
| 105|0x0000000089500000, 0x0000000089600000, 0x0000000089600000|100%|HC|  |TAMS 0x0000000089600000| PB 0x0000000089500000| Complete |  0
| 106|0x0000000089600000, 0x0000000089700000, 0x0000000089700000|100%|HS|  |TAMS 0x0000000089700000| PB 0x0000000089600000| Complete |  0
| 107|0x0000000089700000, 0x0000000089800000, 0x0000000089800000|100%|HC|  |TAMS 0x0000000089800000| PB 0x0000000089700000| Complete |  0
| 108|0x0000000089800000, 0x0000000089900000, 0x0000000089900000|100%|HC|  |TAMS 0x0000000089900000| PB 0x0000000089800000| Complete |  0
| 109|0x0000000089900000, 0x0000000089a00000, 0x0000000089a00000|100%|HC|  |TAMS 0x0000000089a00000| PB 0x0000000089900000| Complete |  0
| 110|0x0000000089a00000, 0x0000000089b00000, 0x0000000089b00000|100%|HC|  |TAMS 0x0000000089b00000| PB 0x0000000089a00000| Complete |  0
| 111|0x0000000089b00000, 0x0000000089c00000, 0x0000000089c00000|100%|HC|  |TAMS 0x0000000089c00000| PB 0x0000000089b00000| Complete |  0
| 112|0x0000000089c00000, 0x0000000089d00000, 0x0000000089d00000|100%|HC|  |TAMS 0x0000000089d00000| PB 0x0000000089c00000| Complete |  0
| 113|0x0000000089d00000, 0x0000000089e00000, 0x0000000089e00000|100%|HC|  |TAMS 0x0000000089e00000| PB 0x0000000089d00000| Complete |  0
| 114|0x0000000089e00000, 0x0000000089f00000, 0x0000000089f00000|100%|HC|  |TAMS 0x0000000089f00000| PB 0x0000000089e00000| Complete |  0
| 115|0x0000000089f00000, 0x000000008a000000, 0x000000008a000000|100%|HC|  |TAMS 0x000000008a000000| PB 0x0000000089f00000| Complete |  0
| 116|0x000000008a000000, 0x000000008a100000, 0x000000008a100000|100%|HS|  |TAMS 0x000000008a100000| PB 0x000000008a000000| Complete |  0
| 117|0x000000008a100000, 0x000000008a200000, 0x000000008a200000|100%|HC|  |TAMS 0x000000008a200000| PB 0x000000008a100000| Complete |  0
| 118|0x000000008a200000, 0x000000008a300000, 0x000000008a300000|100%|HC|  |TAMS 0x000000008a300000| PB 0x000000008a200000| Complete |  0
| 119|0x000000008a300000, 0x000000008a400000, 0x000000008a400000|100%|HC|  |TAMS 0x000000008a400000| PB 0x000000008a300000| Complete |  0
| 120|0x000000008a400000, 0x000000008a500000, 0x000000008a500000|100%|HC|  |TAMS 0x000000008a500000| PB 0x000000008a400000| Complete |  0
| 121|0x000000008a500000, 0x000000008a600000, 0x000000008a600000|100%|HC|  |TAMS 0x000000008a600000| PB 0x000000008a500000| Complete |  0
| 122|0x000000008a600000, 0x000000008a700000, 0x000000008a700000|100%|HC|  |TAMS 0x000000008a700000| PB 0x000000008a600000| Complete |  0
| 123|0x000000008a700000, 0x000000008a800000, 0x000000008a800000|100%|HS|  |TAMS 0x000000008a800000| PB 0x000000008a700000| Complete |  0
| 124|0x000000008a800000, 0x000000008a900000, 0x000000008a900000|100%|HC|  |TAMS 0x000000008a900000| PB 0x000000008a800000| Complete |  0
| 125|0x000000008a900000, 0x000000008aa00000, 0x000000008aa00000|100%|HC|  |TAMS 0x000000008aa00000| PB 0x000000008a900000| Complete |  0
| 126|0x000000008aa00000, 0x000000008ab00000, 0x000000008ab00000|100%|HC|  |TAMS 0x000000008ab00000| PB 0x000000008aa00000| Complete |  0
| 127|0x000000008ab00000, 0x000000008ac00000, 0x000000008ac00000|100%|HC|  |TAMS 0x000000008ac00000| PB 0x000000008ab00000| Complete |  0
| 128|0x000000008ac00000, 0x000000008ad00000, 0x000000008ad00000|100%|HC|  |TAMS 0x000000008ad00000| PB 0x000000008ac00000| Complete |  0
| 129|0x000000008ad00000, 0x000000008ae00000, 0x000000008ae00000|100%|HC|  |TAMS 0x000000008ae00000| PB 0x000000008ad00000| Complete |  0
| 130|0x000000008ae00000, 0x000000008af00000, 0x000000008af00000|100%|HC|  |TAMS 0x000000008af00000| PB 0x000000008ae00000| Complete |  0
| 131|0x000000008af00000, 0x000000008b000000, 0x000000008b000000|100%|HC|  |TAMS 0x000000008b000000| PB 0x000000008af00000| Complete |  0
| 132|0x000000008b000000, 0x000000008b100000, 0x000000008b100000|100%|HC|  |TAMS 0x000000008b100000| PB 0x000000008b000000| Complete |  0
| 133|0x000000008b100000, 0x000000008b100000, 0x000000008b200000|  0%| F|  |TAMS 0x000000008b100000| PB 0x000000008b100000| Untracked |  0
| 134|0x000000008b200000, 0x000000008b200000, 0x000000008b300000|  0%| F|  |TAMS 0x000000008b200000| PB 0x000000008b200000| Untracked |  0
| 135|0x000000008b300000, 0x000000008b300000, 0x000000008b400000|  0%| F|  |TAMS 0x000000008b300000| PB 0x000000008b300000| Untracked |  0
| 136|0x000000008b400000, 0x000000008b400000, 0x000000008b500000|  0%| F|  |TAMS 0x000000008b400000| PB 0x000000008b400000| Untracked |  0
| 137|0x000000008b500000, 0x000000008b500000, 0x000000008b600000|  0%| F|  |TAMS 0x000000008b500000| PB 0x000000008b500000| Untracked |  0
| 138|0x000000008b600000, 0x000000008b600000, 0x000000008b700000|  0%| F|  |TAMS 0x000000008b600000| PB 0x000000008b600000| Untracked |  0
| 139|0x000000008b700000, 0x000000008b700000, 0x000000008b800000|  0%| F|  |TAMS 0x000000008b700000| PB 0x000000008b700000| Untracked |  0
| 140|0x000000008b800000, 0x000000008b800000, 0x000000008b900000|  0%| F|  |TAMS 0x000000008b800000| PB 0x000000008b800000| Untracked |  0
| 141|0x000000008b900000, 0x000000008b900000, 0x000000008ba00000|  0%| F|  |TAMS 0x000000008b900000| PB 0x000000008b900000| Untracked |  0
| 142|0x000000008ba00000, 0x000000008ba00000, 0x000000008bb00000|  0%| F|  |TAMS 0x000000008ba00000| PB 0x000000008ba00000| Untracked |  0
| 143|0x000000008bb00000, 0x000000008bb00000, 0x000000008bc00000|  0%| F|  |TAMS 0x000000008bb00000| PB 0x000000008bb00000| Untracked |  0
| 144|0x000000008bc00000, 0x000000008bc00000, 0x000000008bd00000|  0%| F|  |TAMS 0x000000008bc00000| PB 0x000000008bc00000| Untracked |  0
| 145|0x000000008bd00000, 0x000000008bd00000, 0x000000008be00000|  0%| F|  |TAMS 0x000000008bd00000| PB 0x000000008bd00000| Untracked |  0
| 146|0x000000008be00000, 0x000000008be00000, 0x000000008bf00000|  0%| F|  |TAMS 0x000000008be00000| PB 0x000000008be00000| Untracked |  0
| 147|0x000000008bf00000, 0x000000008bf00000, 0x000000008c000000|  0%| F|  |TAMS 0x000000008bf00000| PB 0x000000008bf00000| Untracked |  0
| 148|0x000000008c000000, 0x000000008c100000, 0x000000008c100000|100%|HS|  |TAMS 0x000000008c100000| PB 0x000000008c000000| Complete |  0
| 149|0x000000008c100000, 0x000000008c200000, 0x000000008c200000|100%|HC|  |TAMS 0x000000008c200000| PB 0x000000008c100000| Complete |  0
| 150|0x000000008c200000, 0x000000008c300000, 0x000000008c300000|100%|HC|  |TAMS 0x000000008c300000| PB 0x000000008c200000| Complete |  0
| 151|0x000000008c300000, 0x000000008c400000, 0x000000008c400000|100%|HC|  |TAMS 0x000000008c400000| PB 0x000000008c300000| Complete |  0
| 152|0x000000008c400000, 0x000000008c500000, 0x000000008c500000|100%|HC|  |TAMS 0x000000008c500000| PB 0x000000008c400000| Complete |  0
| 153|0x000000008c500000, 0x000000008c600000, 0x000000008c600000|100%|HC|  |TAMS 0x000000008c600000| PB 0x000000008c500000| Complete |  0
| 154|0x000000008c600000, 0x000000008c700000, 0x000000008c700000|100%|HC|  |TAMS 0x000000008c700000| PB 0x000000008c600000| Complete |  0
| 155|0x000000008c700000, 0x000000008c800000, 0x000000008c800000|100%|HC|  |TAMS 0x000000008c800000| PB 0x000000008c700000| Complete |  0
| 156|0x000000008c800000, 0x000000008c800000, 0x000000008c900000|  0%| F|  |TAMS 0x000000008c800000| PB 0x000000008c800000| Untracked |  0
| 157|0x000000008c900000, 0x000000008c900000, 0x000000008ca00000|  0%| F|  |TAMS 0x000000008c900000| PB 0x000000008c900000| Untracked |  0
| 158|0x000000008ca00000, 0x000000008ca00000, 0x000000008cb00000|  0%| F|  |TAMS 0x000000008ca00000| PB 0x000000008ca00000| Untracked |  0
| 159|0x000000008cb00000, 0x000000008cb00000, 0x000000008cc00000|  0%| F|  |TAMS 0x000000008cb00000| PB 0x000000008cb00000| Untracked |  0
| 160|0x000000008cc00000, 0x000000008cc00000, 0x000000008cd00000|  0%| F|  |TAMS 0x000000008cc00000| PB 0x000000008cc00000| Untracked |  0
| 161|0x000000008cd00000, 0x000000008cd00000, 0x000000008ce00000|  0%| F|  |TAMS 0x000000008cd00000| PB 0x000000008cd00000| Untracked |  0
| 162|0x000000008ce00000, 0x000000008ce00000, 0x000000008cf00000|  0%| F|  |TAMS 0x000000008ce00000| PB 0x000000008ce00000| Untracked |  0
| 163|0x000000008cf00000, 0x000000008cf00000, 0x000000008d000000|  0%| F|  |TAMS 0x000000008cf00000| PB 0x000000008cf00000| Untracked |  0
| 164|0x000000008d000000, 0x000000008d000000, 0x000000008d100000|  0%| F|  |TAMS 0x000000008d000000| PB 0x000000008d000000| Untracked |  0
| 165|0x000000008d100000, 0x000000008d100000, 0x000000008d200000|  0%| F|  |TAMS 0x000000008d100000| PB 0x000000008d100000| Untracked |  0
| 166|0x000000008d200000, 0x000000008d200000, 0x000000008d300000|  0%| F|  |TAMS 0x000000008d200000| PB 0x000000008d200000| Untracked |  0
| 167|0x000000008d300000, 0x000000008d300000, 0x000000008d400000|  0%| F|  |TAMS 0x000000008d300000| PB 0x000000008d300000| Untracked |  0
| 168|0x000000008d400000, 0x000000008d400000, 0x000000008d500000|  0%| F|  |TAMS 0x000000008d400000| PB 0x000000008d400000| Untracked |  0
| 169|0x000000008d500000, 0x000000008d500000, 0x000000008d600000|  0%| F|  |TAMS 0x000000008d500000| PB 0x000000008d500000| Untracked |  0
| 170|0x000000008d600000, 0x000000008d600000, 0x000000008d700000|  0%| F|  |TAMS 0x000000008d600000| PB 0x000000008d600000| Untracked |  0
| 171|0x000000008d700000, 0x000000008d700000, 0x000000008d800000|  0%| F|  |TAMS 0x000000008d700000| PB 0x000000008d700000| Untracked |  0
| 172|0x000000008d800000, 0x000000008d800000, 0x000000008d900000|  0%| F|  |TAMS 0x000000008d800000| PB 0x000000008d800000| Untracked |  0
| 173|0x000000008d900000, 0x000000008d900000, 0x000000008da00000|  0%| F|  |TAMS 0x000000008d900000| PB 0x000000008d900000| Untracked |  0
| 174|0x000000008da00000, 0x000000008da00000, 0x000000008db00000|  0%| F|  |TAMS 0x000000008da00000| PB 0x000000008da00000| Untracked |  0
| 175|0x000000008db00000, 0x000000008db00000, 0x000000008dc00000|  0%| F|  |TAMS 0x000000008db00000| PB 0x000000008db00000| Untracked |  0
| 176|0x000000008dc00000, 0x000000008dc00000, 0x000000008dd00000|  0%| F|  |TAMS 0x000000008dc00000| PB 0x000000008dc00000| Untracked |  0
| 177|0x000000008dd00000, 0x000000008dd00000, 0x000000008de00000|  0%| F|  |TAMS 0x000000008dd00000| PB 0x000000008dd00000| Untracked |  0
| 178|0x000000008de00000, 0x000000008de00000, 0x000000008df00000|  0%| F|  |TAMS 0x000000008de00000| PB 0x000000008de00000| Untracked |  0
| 179|0x000000008df00000, 0x000000008df00000, 0x000000008e000000|  0%| F|  |TAMS 0x000000008df00000| PB 0x000000008df00000| Untracked |  0
| 180|0x000000008e000000, 0x000000008e000000, 0x000000008e100000|  0%| F|  |TAMS 0x000000008e000000| PB 0x000000008e000000| Untracked |  0
| 181|0x000000008e100000, 0x000000008e100000, 0x000000008e200000|  0%| F|  |TAMS 0x000000008e100000| PB 0x000000008e100000| Untracked |  0
| 182|0x000000008e200000, 0x000000008e200000, 0x000000008e300000|  0%| F|  |TAMS 0x000000008e200000| PB 0x000000008e200000| Untracked |  0
| 183|0x000000008e300000, 0x000000008e300000, 0x000000008e400000|  0%| F|  |TAMS 0x000000008e300000| PB 0x000000008e300000| Untracked |  0
| 184|0x000000008e400000, 0x000000008e400000, 0x000000008e500000|  0%| F|  |TAMS 0x000000008e400000| PB 0x000000008e400000| Untracked |  0
| 185|0x000000008e500000, 0x000000008e500000, 0x000000008e600000|  0%| F|  |TAMS 0x000000008e500000| PB 0x000000008e500000| Untracked |  0
| 186|0x000000008e600000, 0x000000008e600000, 0x000000008e700000|  0%| F|  |TAMS 0x000000008e600000| PB 0x000000008e600000| Untracked |  0
| 187|0x000000008e700000, 0x000000008e700000, 0x000000008e800000|  0%| F|  |TAMS 0x000000008e700000| PB 0x000000008e700000| Untracked |  0
| 188|0x000000008e800000, 0x000000008e800000, 0x000000008e900000|  0%| F|  |TAMS 0x000000008e800000| PB 0x000000008e800000| Untracked |  0
| 189|0x000000008e900000, 0x000000008e900000, 0x000000008ea00000|  0%| F|  |TAMS 0x000000008e900000| PB 0x000000008e900000| Untracked |  0
| 190|0x000000008ea00000, 0x000000008ea00000, 0x000000008eb00000|  0%| F|  |TAMS 0x000000008ea00000| PB 0x000000008ea00000| Untracked |  0
| 191|0x000000008eb00000, 0x000000008eb00000, 0x000000008ec00000|  0%| F|  |TAMS 0x000000008eb00000| PB 0x000000008eb00000| Untracked |  0
| 192|0x000000008ec00000, 0x000000008ec00000, 0x000000008ed00000|  0%| F|  |TAMS 0x000000008ec00000| PB 0x000000008ec00000| Untracked |  0
| 193|0x000000008ed00000, 0x000000008ed00000, 0x000000008ee00000|  0%| F|  |TAMS 0x000000008ed00000| PB 0x000000008ed00000| Untracked |  0
| 194|0x000000008ee00000, 0x000000008ee00000, 0x000000008ef00000|  0%| F|  |TAMS 0x000000008ee00000| PB 0x000000008ee00000| Untracked |  0
| 195|0x000000008ef00000, 0x000000008ef00000, 0x000000008f000000|  0%| F|  |TAMS 0x000000008ef00000| PB 0x000000008ef00000| Untracked |  0
| 196|0x000000008f000000, 0x000000008f000000, 0x000000008f100000|  0%| F|  |TAMS 0x000000008f000000| PB 0x000000008f000000| Untracked |  0
| 197|0x000000008f100000, 0x000000008f100000, 0x000000008f200000|  0%| F|  |TAMS 0x000000008f100000| PB 0x000000008f100000| Untracked |  0
| 198|0x000000008f200000, 0x000000008f200000, 0x000000008f300000|  0%| F|  |TAMS 0x000000008f200000| PB 0x000000008f200000| Untracked |  0
| 199|0x000000008f300000, 0x000000008f300000, 0x000000008f400000|  0%| F|  |TAMS 0x000000008f300000| PB 0x000000008f300000| Untracked |  0
| 200|0x000000008f400000, 0x000000008f400000, 0x000000008f500000|  0%| F|  |TAMS 0x000000008f400000| PB 0x000000008f400000| Untracked |  0
| 201|0x000000008f500000, 0x000000008f500000, 0x000000008f600000|  0%| F|  |TAMS 0x000000008f500000| PB 0x000000008f500000| Untracked |  0
| 202|0x000000008f600000, 0x000000008f600000, 0x000000008f700000|  0%| F|  |TAMS 0x000000008f600000| PB 0x000000008f600000| Untracked |  0
| 203|0x000000008f700000, 0x000000008f700000, 0x000000008f800000|  0%| F|  |TAMS 0x000000008f700000| PB 0x000000008f700000| Untracked |  0
| 204|0x000000008f800000, 0x000000008f800000, 0x000000008f900000|  0%| F|  |TAMS 0x000000008f800000| PB 0x000000008f800000| Untracked |  0
| 205|0x000000008f900000, 0x000000008f900000, 0x000000008fa00000|  0%| F|  |TAMS 0x000000008f900000| PB 0x000000008f900000| Untracked |  0
| 206|0x000000008fa00000, 0x000000008fa00000, 0x000000008fb00000|  0%| F|  |TAMS 0x000000008fa00000| PB 0x000000008fa00000| Untracked |  0
| 207|0x000000008fb00000, 0x000000008fb00000, 0x000000008fc00000|  0%| F|  |TAMS 0x000000008fb00000| PB 0x000000008fb00000| Untracked |  0
| 208|0x000000008fc00000, 0x000000008fc00000, 0x000000008fd00000|  0%| F|  |TAMS 0x000000008fc00000| PB 0x000000008fc00000| Untracked |  0
| 209|0x000000008fd00000, 0x000000008fd00000, 0x000000008fe00000|  0%| F|  |TAMS 0x000000008fd00000| PB 0x000000008fd00000| Untracked |  0
| 210|0x000000008fe00000, 0x000000008fe00000, 0x000000008ff00000|  0%| F|  |TAMS 0x000000008fe00000| PB 0x000000008fe00000| Untracked |  0
| 211|0x000000008ff00000, 0x000000008ff00000, 0x0000000090000000|  0%| F|  |TAMS 0x000000008ff00000| PB 0x000000008ff00000| Untracked |  0
| 212|0x0000000090000000, 0x0000000090000000, 0x0000000090100000|  0%| F|  |TAMS 0x0000000090000000| PB 0x0000000090000000| Untracked |  0
| 213|0x0000000090100000, 0x0000000090100000, 0x0000000090200000|  0%| F|  |TAMS 0x0000000090100000| PB 0x0000000090100000| Untracked |  0
| 214|0x0000000090200000, 0x0000000090200000, 0x0000000090300000|  0%| F|  |TAMS 0x0000000090200000| PB 0x0000000090200000| Untracked |  0
| 215|0x0000000090300000, 0x0000000090300000, 0x0000000090400000|  0%| F|  |TAMS 0x0000000090300000| PB 0x0000000090300000| Untracked |  0
| 216|0x0000000090400000, 0x0000000090400000, 0x0000000090500000|  0%| F|  |TAMS 0x0000000090400000| PB 0x0000000090400000| Untracked |  0
| 217|0x0000000090500000, 0x0000000090500000, 0x0000000090600000|  0%| F|  |TAMS 0x0000000090500000| PB 0x0000000090500000| Untracked |  0
| 218|0x0000000090600000, 0x0000000090600000, 0x0000000090700000|  0%| F|  |TAMS 0x0000000090600000| PB 0x0000000090600000| Untracked |  0
| 219|0x0000000090700000, 0x0000000090700000, 0x0000000090800000|  0%| F|  |TAMS 0x0000000090700000| PB 0x0000000090700000| Untracked |  0
| 220|0x0000000090800000, 0x0000000090800000, 0x0000000090900000|  0%| F|  |TAMS 0x0000000090800000| PB 0x0000000090800000| Untracked |  0
| 221|0x0000000090900000, 0x0000000090900000, 0x0000000090a00000|  0%| F|  |TAMS 0x0000000090900000| PB 0x0000000090900000| Untracked |  0
| 222|0x0000000090a00000, 0x0000000090a00000, 0x0000000090b00000|  0%| F|  |TAMS 0x0000000090a00000| PB 0x0000000090a00000| Untracked |  0
| 223|0x0000000090b00000, 0x0000000090b00000, 0x0000000090c00000|  0%| F|  |TAMS 0x0000000090b00000| PB 0x0000000090b00000| Untracked |  0
| 224|0x0000000090c00000, 0x0000000090c00000, 0x0000000090d00000|  0%| F|  |TAMS 0x0000000090c00000| PB 0x0000000090c00000| Untracked |  0
| 225|0x0000000090d00000, 0x0000000090d00000, 0x0000000090e00000|  0%| F|  |TAMS 0x0000000090d00000| PB 0x0000000090d00000| Untracked |  0
| 226|0x0000000090e00000, 0x0000000090e00000, 0x0000000090f00000|  0%| F|  |TAMS 0x0000000090e00000| PB 0x0000000090e00000| Untracked |  0
| 227|0x0000000090f00000, 0x0000000090f00000, 0x0000000091000000|  0%| F|  |TAMS 0x0000000090f00000| PB 0x0000000090f00000| Untracked |  0
| 228|0x0000000091000000, 0x0000000091000000, 0x0000000091100000|  0%| F|  |TAMS 0x0000000091000000| PB 0x0000000091000000| Untracked |  0
| 229|0x0000000091100000, 0x0000000091100000, 0x0000000091200000|  0%| F|  |TAMS 0x0000000091100000| PB 0x0000000091100000| Untracked |  0
| 230|0x0000000091200000, 0x0000000091200000, 0x0000000091300000|  0%| F|  |TAMS 0x0000000091200000| PB 0x0000000091200000| Untracked |  0
| 231|0x0000000091300000, 0x0000000091300000, 0x0000000091400000|  0%| F|  |TAMS 0x0000000091300000| PB 0x0000000091300000| Untracked |  0
| 232|0x0000000091400000, 0x0000000091400000, 0x0000000091500000|  0%| F|  |TAMS 0x0000000091400000| PB 0x0000000091400000| Untracked |  0
| 233|0x0000000091500000, 0x0000000091500000, 0x0000000091600000|  0%| F|  |TAMS 0x0000000091500000| PB 0x0000000091500000| Untracked |  0
| 234|0x0000000091600000, 0x0000000091600000, 0x0000000091700000|  0%| F|  |TAMS 0x0000000091600000| PB 0x0000000091600000| Untracked |  0
| 235|0x0000000091700000, 0x0000000091700000, 0x0000000091800000|  0%| F|  |TAMS 0x0000000091700000| PB 0x0000000091700000| Untracked |  0
| 236|0x0000000091800000, 0x0000000091800000, 0x0000000091900000|  0%| F|  |TAMS 0x0000000091800000| PB 0x0000000091800000| Untracked |  0
| 237|0x0000000091900000, 0x0000000091900000, 0x0000000091a00000|  0%| F|  |TAMS 0x0000000091900000| PB 0x0000000091900000| Untracked |  0
| 238|0x0000000091a00000, 0x0000000091a00000, 0x0000000091b00000|  0%| F|  |TAMS 0x0000000091a00000| PB 0x0000000091a00000| Untracked |  0
| 239|0x0000000091b00000, 0x0000000091b00000, 0x0000000091c00000|  0%| F|  |TAMS 0x0000000091b00000| PB 0x0000000091b00000| Untracked |  0
| 240|0x0000000091c00000, 0x0000000091c00000, 0x0000000091d00000|  0%| F|  |TAMS 0x0000000091c00000| PB 0x0000000091c00000| Untracked |  0
| 241|0x0000000091d00000, 0x0000000091d00000, 0x0000000091e00000|  0%| F|  |TAMS 0x0000000091d00000| PB 0x0000000091d00000| Untracked |  0
| 242|0x0000000091e00000, 0x0000000091e00000, 0x0000000091f00000|  0%| F|  |TAMS 0x0000000091e00000| PB 0x0000000091e00000| Untracked |  0
| 243|0x0000000091f00000, 0x0000000091f00000, 0x0000000092000000|  0%| F|  |TAMS 0x0000000091f00000| PB 0x0000000091f00000| Untracked |  0
| 244|0x0000000092000000, 0x0000000092000000, 0x0000000092100000|  0%| F|  |TAMS 0x0000000092000000| PB 0x0000000092000000| Untracked |  0
| 245|0x0000000092100000, 0x0000000092100000, 0x0000000092200000|  0%| F|  |TAMS 0x0000000092100000| PB 0x0000000092100000| Untracked |  0
| 246|0x0000000092200000, 0x0000000092200000, 0x0000000092300000|  0%| F|  |TAMS 0x0000000092200000| PB 0x0000000092200000| Untracked |  0
| 247|0x0000000092300000, 0x0000000092300000, 0x0000000092400000|  0%| F|  |TAMS 0x0000000092300000| PB 0x0000000092300000| Untracked |  0
| 248|0x0000000092400000, 0x0000000092400000, 0x0000000092500000|  0%| F|  |TAMS 0x0000000092400000| PB 0x0000000092400000| Untracked |  0
| 249|0x0000000092500000, 0x0000000092500000, 0x0000000092600000|  0%| F|  |TAMS 0x0000000092500000| PB 0x0000000092500000| Untracked |  0
| 250|0x0000000092600000, 0x0000000092600000, 0x0000000092700000|  0%| F|  |TAMS 0x0000000092600000| PB 0x0000000092600000| Untracked |  0
| 251|0x0000000092700000, 0x0000000092700000, 0x0000000092800000|  0%| F|  |TAMS 0x0000000092700000| PB 0x0000000092700000| Untracked |  0
| 252|0x0000000092800000, 0x0000000092800000, 0x0000000092900000|  0%| F|  |TAMS 0x0000000092800000| PB 0x0000000092800000| Untracked |  0
| 253|0x0000000092900000, 0x0000000092900000, 0x0000000092a00000|  0%| F|  |TAMS 0x0000000092900000| PB 0x0000000092900000| Untracked |  0
| 254|0x0000000092a00000, 0x0000000092a00000, 0x0000000092b00000|  0%| F|  |TAMS 0x0000000092a00000| PB 0x0000000092a00000| Untracked |  0
| 255|0x0000000092b00000, 0x0000000092b00000, 0x0000000092c00000|  0%| F|  |TAMS 0x0000000092b00000| PB 0x0000000092b00000| Untracked |  0
| 256|0x0000000092c00000, 0x0000000092c00000, 0x0000000092d00000|  0%| F|  |TAMS 0x0000000092c00000| PB 0x0000000092c00000| Untracked |  0
| 257|0x0000000092d00000, 0x0000000092d00000, 0x0000000092e00000|  0%| F|  |TAMS 0x0000000092d00000| PB 0x0000000092d00000| Untracked |  0
| 258|0x0000000092e00000, 0x0000000092e00000, 0x0000000092f00000|  0%| F|  |TAMS 0x0000000092e00000| PB 0x0000000092e00000| Untracked |  0
| 259|0x0000000092f00000, 0x0000000092f00000, 0x0000000093000000|  0%| F|  |TAMS 0x0000000092f00000| PB 0x0000000092f00000| Untracked |  0
| 260|0x0000000093000000, 0x0000000093000000, 0x0000000093100000|  0%| F|  |TAMS 0x0000000093000000| PB 0x0000000093000000| Untracked |  0
| 261|0x0000000093100000, 0x0000000093100000, 0x0000000093200000|  0%| F|  |TAMS 0x0000000093100000| PB 0x0000000093100000| Untracked |  0
| 262|0x0000000093200000, 0x0000000093200000, 0x0000000093300000|  0%| F|  |TAMS 0x0000000093200000| PB 0x0000000093200000| Untracked |  0
| 263|0x0000000093300000, 0x0000000093300000, 0x0000000093400000|  0%| F|  |TAMS 0x0000000093300000| PB 0x0000000093300000| Untracked |  0
| 264|0x0000000093400000, 0x0000000093400000, 0x0000000093500000|  0%| F|  |TAMS 0x0000000093400000| PB 0x0000000093400000| Untracked |  0
| 265|0x0000000093500000, 0x0000000093500000, 0x0000000093600000|  0%| F|  |TAMS 0x0000000093500000| PB 0x0000000093500000| Untracked |  0
| 266|0x0000000093600000, 0x0000000093600000, 0x0000000093700000|  0%| F|  |TAMS 0x0000000093600000| PB 0x0000000093600000| Untracked |  0
| 267|0x0000000093700000, 0x0000000093700000, 0x0000000093800000|  0%| F|  |TAMS 0x0000000093700000| PB 0x0000000093700000| Untracked |  0
| 268|0x0000000093800000, 0x0000000093800000, 0x0000000093900000|  0%| F|  |TAMS 0x0000000093800000| PB 0x0000000093800000| Untracked |  0
| 269|0x0000000093900000, 0x0000000093900000, 0x0000000093a00000|  0%| F|  |TAMS 0x0000000093900000| PB 0x0000000093900000| Untracked |  0
| 270|0x0000000093a00000, 0x0000000093a00000, 0x0000000093b00000|  0%| F|  |TAMS 0x0000000093a00000| PB 0x0000000093a00000| Untracked |  0
| 271|0x0000000093b00000, 0x0000000093b00000, 0x0000000093c00000|  0%| F|  |TAMS 0x0000000093b00000| PB 0x0000000093b00000| Untracked |  0
| 272|0x0000000093c00000, 0x0000000093c00000, 0x0000000093d00000|  0%| F|  |TAMS 0x0000000093c00000| PB 0x0000000093c00000| Untracked |  0
| 273|0x0000000093d00000, 0x0000000093d00000, 0x0000000093e00000|  0%| F|  |TAMS 0x0000000093d00000| PB 0x0000000093d00000| Untracked |  0
| 274|0x0000000093e00000, 0x0000000093e00000, 0x0000000093f00000|  0%| F|  |TAMS 0x0000000093e00000| PB 0x0000000093e00000| Untracked |  0
| 275|0x0000000093f00000, 0x0000000093f00000, 0x0000000094000000|  0%| F|  |TAMS 0x0000000093f00000| PB 0x0000000093f00000| Untracked |  0
| 276|0x0000000094000000, 0x0000000094000000, 0x0000000094100000|  0%| F|  |TAMS 0x0000000094000000| PB 0x0000000094000000| Untracked |  0
| 277|0x0000000094100000, 0x0000000094100000, 0x0000000094200000|  0%| F|  |TAMS 0x0000000094100000| PB 0x0000000094100000| Untracked |  0
| 278|0x0000000094200000, 0x0000000094200000, 0x0000000094300000|  0%| F|  |TAMS 0x0000000094200000| PB 0x0000000094200000| Untracked |  0
| 279|0x0000000094300000, 0x0000000094300000, 0x0000000094400000|  0%| F|  |TAMS 0x0000000094300000| PB 0x0000000094300000| Untracked |  0
| 280|0x0000000094400000, 0x0000000094400000, 0x0000000094500000|  0%| F|  |TAMS 0x0000000094400000| PB 0x0000000094400000| Untracked |  0
| 281|0x0000000094500000, 0x0000000094500000, 0x0000000094600000|  0%| F|  |TAMS 0x0000000094500000| PB 0x0000000094500000| Untracked |  0
| 282|0x0000000094600000, 0x0000000094600000, 0x0000000094700000|  0%| F|  |TAMS 0x0000000094600000| PB 0x0000000094600000| Untracked |  0
| 283|0x0000000094700000, 0x0000000094700000, 0x0000000094800000|  0%| F|  |TAMS 0x0000000094700000| PB 0x0000000094700000| Untracked |  0
| 284|0x0000000094800000, 0x0000000094800000, 0x0000000094900000|  0%| F|  |TAMS 0x0000000094800000| PB 0x0000000094800000| Untracked |  0
| 285|0x0000000094900000, 0x0000000094900000, 0x0000000094a00000|  0%| F|  |TAMS 0x0000000094900000| PB 0x0000000094900000| Untracked |  0
| 286|0x0000000094a00000, 0x0000000094a00000, 0x0000000094b00000|  0%| F|  |TAMS 0x0000000094a00000| PB 0x0000000094a00000| Untracked |  0
| 287|0x0000000094b00000, 0x0000000094b00000, 0x0000000094c00000|  0%| F|  |TAMS 0x0000000094b00000| PB 0x0000000094b00000| Untracked |  0
| 288|0x0000000094c00000, 0x0000000094c00000, 0x0000000094d00000|  0%| F|  |TAMS 0x0000000094c00000| PB 0x0000000094c00000| Untracked |  0
| 289|0x0000000094d00000, 0x0000000094d00000, 0x0000000094e00000|  0%| F|  |TAMS 0x0000000094d00000| PB 0x0000000094d00000| Untracked |  0
| 290|0x0000000094e00000, 0x0000000094e00000, 0x0000000094f00000|  0%| F|  |TAMS 0x0000000094e00000| PB 0x0000000094e00000| Untracked |  0
| 291|0x0000000094f00000, 0x0000000094f00000, 0x0000000095000000|  0%| F|  |TAMS 0x0000000094f00000| PB 0x0000000094f00000| Untracked |  0
| 292|0x0000000095000000, 0x0000000095000000, 0x0000000095100000|  0%| F|  |TAMS 0x0000000095000000| PB 0x0000000095000000| Untracked |  0
| 293|0x0000000095100000, 0x0000000095100000, 0x0000000095200000|  0%| F|  |TAMS 0x0000000095100000| PB 0x0000000095100000| Untracked |  0
| 294|0x0000000095200000, 0x0000000095200000, 0x0000000095300000|  0%| F|  |TAMS 0x0000000095200000| PB 0x0000000095200000| Untracked |  0
| 295|0x0000000095300000, 0x0000000095300000, 0x0000000095400000|  0%| F|  |TAMS 0x0000000095300000| PB 0x0000000095300000| Untracked |  0
| 296|0x0000000095400000, 0x0000000095400000, 0x0000000095500000|  0%| F|  |TAMS 0x0000000095400000| PB 0x0000000095400000| Untracked |  0
| 297|0x0000000095500000, 0x0000000095500000, 0x0000000095600000|  0%| F|  |TAMS 0x0000000095500000| PB 0x0000000095500000| Untracked |  0
| 298|0x0000000095600000, 0x0000000095600000, 0x0000000095700000|  0%| F|  |TAMS 0x0000000095600000| PB 0x0000000095600000| Untracked |  0
| 299|0x0000000095700000, 0x0000000095700000, 0x0000000095800000|  0%| F|  |TAMS 0x0000000095700000| PB 0x0000000095700000| Untracked |  0
| 300|0x0000000095800000, 0x0000000095800000, 0x0000000095900000|  0%| F|  |TAMS 0x0000000095800000| PB 0x0000000095800000| Untracked |  0
| 301|0x0000000095900000, 0x0000000095900000, 0x0000000095a00000|  0%| F|  |TAMS 0x0000000095900000| PB 0x0000000095900000| Untracked |  0
| 302|0x0000000095a00000, 0x0000000095a00000, 0x0000000095b00000|  0%| F|  |TAMS 0x0000000095a00000| PB 0x0000000095a00000| Untracked |  0
| 303|0x0000000095b00000, 0x0000000095b00000, 0x0000000095c00000|  0%| F|  |TAMS 0x0000000095b00000| PB 0x0000000095b00000| Untracked |  0
| 304|0x0000000095c00000, 0x0000000095c00000, 0x0000000095d00000|  0%| F|  |TAMS 0x0000000095c00000| PB 0x0000000095c00000| Untracked |  0
| 305|0x0000000095d00000, 0x0000000095d00000, 0x0000000095e00000|  0%| F|  |TAMS 0x0000000095d00000| PB 0x0000000095d00000| Untracked |  0
| 306|0x0000000095e00000, 0x0000000095e00000, 0x0000000095f00000|  0%| F|  |TAMS 0x0000000095e00000| PB 0x0000000095e00000| Untracked |  0
| 307|0x0000000095f00000, 0x0000000095f00000, 0x0000000096000000|  0%| F|  |TAMS 0x0000000095f00000| PB 0x0000000095f00000| Untracked |  0
| 308|0x0000000096000000, 0x0000000096000000, 0x0000000096100000|  0%| F|  |TAMS 0x0000000096000000| PB 0x0000000096000000| Untracked |  0
| 309|0x0000000096100000, 0x0000000096100000, 0x0000000096200000|  0%| F|  |TAMS 0x0000000096100000| PB 0x0000000096100000| Untracked |  0
| 310|0x0000000096200000, 0x0000000096200000, 0x0000000096300000|  0%| F|  |TAMS 0x0000000096200000| PB 0x0000000096200000| Untracked |  0
| 311|0x0000000096300000, 0x0000000096300000, 0x0000000096400000|  0%| F|  |TAMS 0x0000000096300000| PB 0x0000000096300000| Untracked |  0
| 312|0x0000000096400000, 0x0000000096400000, 0x0000000096500000|  0%| F|  |TAMS 0x0000000096400000| PB 0x0000000096400000| Untracked |  0
| 313|0x0000000096500000, 0x0000000096500000, 0x0000000096600000|  0%| F|  |TAMS 0x0000000096500000| PB 0x0000000096500000| Untracked |  0
| 314|0x0000000096600000, 0x0000000096600000, 0x0000000096700000|  0%| F|  |TAMS 0x0000000096600000| PB 0x0000000096600000| Untracked |  0
| 315|0x0000000096700000, 0x0000000096700000, 0x0000000096800000|  0%| F|  |TAMS 0x0000000096700000| PB 0x0000000096700000| Untracked |  0
| 316|0x0000000096800000, 0x0000000096800000, 0x0000000096900000|  0%| F|  |TAMS 0x0000000096800000| PB 0x0000000096800000| Untracked |  0
| 317|0x0000000096900000, 0x0000000096900000, 0x0000000096a00000|  0%| F|  |TAMS 0x0000000096900000| PB 0x0000000096900000| Untracked |  0
| 318|0x0000000096a00000, 0x0000000096a50b40, 0x0000000096b00000| 31%| S|CS|TAMS 0x0000000096a00000| PB 0x0000000096a00000| Complete |  0
| 319|0x0000000096b00000, 0x0000000096b00000, 0x0000000096c00000|  0%| F|  |TAMS 0x0000000096b00000| PB 0x0000000096b00000| Untracked |  0
| 320|0x0000000096c00000, 0x0000000096d00000, 0x0000000096d00000|100%| S|CS|TAMS 0x0000000096c00000| PB 0x0000000096c00000| Complete |  0
| 321|0x0000000096d00000, 0x0000000096e00000, 0x0000000096e00000|100%| S|CS|TAMS 0x0000000096d00000| PB 0x0000000096d00000| Complete |  0
| 322|0x0000000096e00000, 0x0000000096e00000, 0x0000000096f00000|  0%| F|  |TAMS 0x0000000096e00000| PB 0x0000000096e00000| Untracked |  0
| 323|0x0000000096f00000, 0x0000000096f00000, 0x0000000097000000|  0%| F|  |TAMS 0x0000000096f00000| PB 0x0000000096f00000| Untracked |  0
| 324|0x0000000097000000, 0x0000000097000000, 0x0000000097100000|  0%| F|  |TAMS 0x0000000097000000| PB 0x0000000097000000| Untracked |  0
| 325|0x0000000097100000, 0x0000000097100000, 0x0000000097200000|  0%| F|  |TAMS 0x0000000097100000| PB 0x0000000097100000| Untracked |  0

Card table byte_map: [0x000001a3499b0000,0x000001a349da0000] _byte_map_base: 0x000001a34959a000

Marking Bits: (CMBitMap*) 0x000001a32fe661b0
 Bits: [0x000001a349da0000, 0x000001a34bcf0000)

Polling page: 0x000001a32fed0000

Metaspace:

Usage:
  Non-class:     11.15 MB used.
      Class:      1.45 MB used.
       Both:     12.60 MB used.

Virtual space:
  Non-class space:       64.00 MB reserved,      11.25 MB ( 18%) committed,  1 nodes.
      Class space:        1.00 GB reserved,       1.56 MB ( <1%) committed,  1 nodes.
             Both:        1.06 GB reserved,      12.81 MB (  1%) committed. 

Chunk freelists:
   Non-Class:  4.41 MB
       Class:  14.25 MB
        Both:  18.66 MB

MaxMetaspaceSize: unlimited
CompressedClassSpaceSize: 1.00 GB
Initial GC threshold: 21.00 MB
Current GC threshold: 21.00 MB
CDS: on
 - commit_granule_bytes: 65536.
 - commit_granule_words: 8192.
 - virtual_space_node_default_size: 8388608.
 - enlarge_chunks_in_place: 1.
 - use_allocation_guard: 0.


Internal statistics:

num_allocs_failed_limit: 0.
num_arena_births: 170.
num_arena_deaths: 0.
num_vsnodes_births: 2.
num_vsnodes_deaths: 0.
num_space_committed: 205.
num_space_uncommitted: 0.
num_chunks_returned_to_freelist: 0.
num_chunks_taken_from_freelist: 258.
num_chunk_merges: 0.
num_chunk_splits: 153.
num_chunks_enlarged: 72.
num_inconsistent_stats: 0.

CodeHeap 'non-profiled nmethods': size=120000Kb used=771Kb max_used=771Kb free=119228Kb
 bounds [0x000001a341400000, 0x000001a341670000, 0x000001a348930000]
CodeHeap 'profiled nmethods': size=120000Kb used=3947Kb max_used=3947Kb free=116053Kb
 bounds [0x000001a339930000, 0x000001a339d10000, 0x000001a340e60000]
CodeHeap 'non-nmethods': size=5760Kb used=1676Kb max_used=1698Kb free=4083Kb
 bounds [0x000001a340e60000, 0x000001a3410d0000, 0x000001a341400000]
 total_blobs=2881 nmethods=2163 adapters=622
 compilation: enabled
              stopped_count=0, restarted_count=0
 full_count=0

Compilation events (20 events):
Event: 5.984 Thread 0x000001a34e9efbc0 nmethod 2154 0x000001a339cff410 code [0x000001a339cffcc0, 0x000001a339d060f8]
Event: 5.997 Thread 0x000001a34e9efbc0 2155   !   3       java.awt.Window::getInputContext (36 bytes)
Event: 5.998 Thread 0x000001a34e9efbc0 nmethod 2155 0x000001a339d07610 code [0x000001a339d077e0, 0x000001a339d07d10]
Event: 5.998 Thread 0x000001a34e9efbc0 2156       3       sun.awt.im.InputMethodContext::dispatchEvent (62 bytes)
Event: 5.998 Thread 0x000001a34e9efbc0 nmethod 2156 0x000001a339d07f10 code [0x000001a339d08180, 0x000001a339d08d88]
Event: 6.004 Thread 0x000001a34e9efbc0 2157       3       sun.awt.windows.WInputMethod::dispatchEvent (66 bytes)
Event: 6.005 Thread 0x000001a34e9efbc0 nmethod 2157 0x000001a339d09010 code [0x000001a339d09200, 0x000001a339d09990]
Event: 6.026 Thread 0x000001a34e9efbc0 2158       3       javax.swing.SwingUtilities::computeIntersection (189 bytes)
Event: 6.027 Thread 0x000001a34e9efbc0 nmethod 2158 0x000001a339d09b10 code [0x000001a339d09cc0, 0x000001a339d09f78]
Event: 6.027 Thread 0x000001a34e9efbc0 2159       3       java.awt.Rectangle::setLocation (7 bytes)
Event: 6.027 Thread 0x000001a34e9efbc0 nmethod 2159 0x000001a339d0a090 code [0x000001a339d0a220, 0x000001a339d0a410]
Event: 6.027 Thread 0x000001a34e9efbc0 2160       3       java.awt.Rectangle::move (11 bytes)
Event: 6.027 Thread 0x000001a34e9efbc0 nmethod 2160 0x000001a339d0a510 code [0x000001a339d0a6a0, 0x000001a339d0a7b0]
Event: 6.034 Thread 0x000001a34e9efbc0 2161       1       java.awt.geom.AffineTransform::getTranslateX (5 bytes)
Event: 6.034 Thread 0x000001a34e9efbc0 nmethod 2161 0x000001a3414c0710 code [0x000001a3414c08a0, 0x000001a3414c0968]
Event: 6.034 Thread 0x000001a34e9efbc0 2163       3       sun.java2d.pipe.Region::<init> (26 bytes)
Event: 6.034 Thread 0x000001a34e9efbc0 nmethod 2163 0x000001a339d0a810 code [0x000001a339d0a9a0, 0x000001a339d0ab10]
Event: 6.034 Thread 0x000001a34e9efbc0 2162       1       java.awt.geom.AffineTransform::getTranslateY (5 bytes)
Event: 6.034 Thread 0x000001a34e9efbc0 nmethod 2162 0x000001a3414c0a10 code [0x000001a3414c0ba0, 0x000001a3414c0c68]
Event: 6.034 Thread 0x000001a34e9efbc0 2164       1       javax.swing.ImageIcon::getIconWidth (5 bytes)

GC Heap History (20 events):
Event: 1.051 GC heap after
{Heap after GC invocations=2 (full 0):
 garbage-first heap   total reserved 2052096K, committed 129024K, used 58218K [0x0000000082c00000, 0x0000000100000000)
  region size 1024K, 3 young (3072K), 3 survivors (3072K)
 Metaspace       used 12451K, committed 12672K, reserved 1114112K
  class space    used 1467K, committed 1536K, reserved 1048576K
}
Event: 1.056 GC heap before
{Heap before GC invocations=2 (full 0):
 garbage-first heap   total reserved 2052096K, committed 129024K, used 69482K [0x0000000082c00000, 0x0000000100000000)
  region size 1024K, 5 young (5120K), 3 survivors (3072K)
 Metaspace       used 12457K, committed 12672K, reserved 1114112K
  class space    used 1467K, committed 1536K, reserved 1048576K
}
Event: 1.058 GC heap after
{Heap after GC invocations=3 (full 0):
 garbage-first heap   total reserved 2052096K, committed 129024K, used 30404K [0x0000000082c00000, 0x0000000100000000)
  region size 1024K, 3 young (3072K), 3 survivors (3072K)
 Metaspace       used 12457K, committed 12672K, reserved 1114112K
  class space    used 1467K, committed 1536K, reserved 1048576K
}
Event: 1.079 GC heap before
{Heap before GC invocations=3 (full 0):
 garbage-first heap   total reserved 2052096K, committed 129024K, used 54980K [0x0000000082c00000, 0x0000000100000000)
  region size 1024K, 4 young (4096K), 3 survivors (3072K)
 Metaspace       used 12457K, committed 12672K, reserved 1114112K
  class space    used 1467K, committed 1536K, reserved 1048576K
}
Event: 1.081 GC heap after
{Heap after GC invocations=4 (full 0):
 garbage-first heap   total reserved 2052096K, committed 129024K, used 55013K [0x0000000082c00000, 0x0000000100000000)
  region size 1024K, 3 young (3072K), 3 survivors (3072K)
 Metaspace       used 12457K, committed 12672K, reserved 1114112K
  class space    used 1467K, committed 1536K, reserved 1048576K
}
Event: 1.082 GC heap before
{Heap before GC invocations=4 (full 0):
 garbage-first heap   total reserved 2052096K, committed 129024K, used 65253K [0x0000000082c00000, 0x0000000100000000)
  region size 1024K, 4 young (4096K), 3 survivors (3072K)
 Metaspace       used 12457K, committed 12672K, reserved 1114112K
  class space    used 1467K, committed 1536K, reserved 1048576K
}
Event: 1.084 GC heap after
{Heap after GC invocations=5 (full 0):
 garbage-first heap   total reserved 2052096K, committed 129024K, used 30429K [0x0000000082c00000, 0x0000000100000000)
  region size 1024K, 3 young (3072K), 3 survivors (3072K)
 Metaspace       used 12457K, committed 12672K, reserved 1114112K
  class space    used 1467K, committed 1536K, reserved 1048576K
}
Event: 1.103 GC heap before
{Heap before GC invocations=5 (full 0):
 garbage-first heap   total reserved 2052096K, committed 129024K, used 55005K [0x0000000082c00000, 0x0000000100000000)
  region size 1024K, 4 young (4096K), 3 survivors (3072K)
 Metaspace       used 12458K, committed 12672K, reserved 1114112K
  class space    used 1467K, committed 1536K, reserved 1048576K
}
Event: 1.104 GC heap after
{Heap after GC invocations=6 (full 0):
 garbage-first heap   total reserved 2052096K, committed 129024K, used 55049K [0x0000000082c00000, 0x0000000100000000)
  region size 1024K, 3 young (3072K), 3 survivors (3072K)
 Metaspace       used 12458K, committed 12672K, reserved 1114112K
  class space    used 1467K, committed 1536K, reserved 1048576K
}
Event: 1.106 GC heap before
{Heap before GC invocations=6 (full 0):
 garbage-first heap   total reserved 2052096K, committed 129024K, used 65289K [0x0000000082c00000, 0x0000000100000000)
  region size 1024K, 4 young (4096K), 3 survivors (3072K)
 Metaspace       used 12458K, committed 12672K, reserved 1114112K
  class space    used 1467K, committed 1536K, reserved 1048576K
}
Event: 1.108 GC heap after
{Heap after GC invocations=7 (full 0):
 garbage-first heap   total reserved 2052096K, committed 333824K, used 30422K [0x0000000082c00000, 0x0000000100000000)
  region size 1024K, 3 young (3072K), 3 survivors (3072K)
 Metaspace       used 12458K, committed 12672K, reserved 1114112K
  class space    used 1467K, committed 1536K, reserved 1048576K
}
Event: 4.355 GC heap before
{Heap before GC invocations=7 (full 0):
 garbage-first heap   total reserved 2052096K, committed 333824K, used 151254K [0x0000000082c00000, 0x0000000100000000)
  region size 1024K, 6 young (6144K), 3 survivors (3072K)
 Metaspace       used 12787K, committed 13056K, reserved 1114112K
  class space    used 1486K, committed 1600K, reserved 1048576K
}
Event: 4.357 GC heap after
{Heap after GC invocations=8 (full 0):
 garbage-first heap   total reserved 2052096K, committed 333824K, used 150495K [0x0000000082c00000, 0x0000000100000000)
  region size 1024K, 3 young (3072K), 3 survivors (3072K)
 Metaspace       used 12787K, committed 13056K, reserved 1114112K
  class space    used 1486K, committed 1600K, reserved 1048576K
}
Event: 4.364 GC heap before
{Heap before GC invocations=8 (full 0):
 garbage-first heap   total reserved 2052096K, committed 333824K, used 161759K [0x0000000082c00000, 0x0000000100000000)
  region size 1024K, 5 young (5120K), 3 survivors (3072K)
 Metaspace       used 12787K, committed 13056K, reserved 1114112K
  class space    used 1486K, committed 1600K, reserved 1048576K
}
Event: 4.367 GC heap after
{Heap after GC invocations=9 (full 0):
 garbage-first heap   total reserved 2052096K, committed 333824K, used 34638K [0x0000000082c00000, 0x0000000100000000)
  region size 1024K, 3 young (3072K), 3 survivors (3072K)
 Metaspace       used 12787K, committed 13056K, reserved 1114112K
  class space    used 1486K, committed 1600K, reserved 1048576K
}
Event: 4.434 GC heap before
{Heap before GC invocations=9 (full 0):
 garbage-first heap   total reserved 2052096K, committed 333824K, used 147278K [0x0000000082c00000, 0x0000000100000000)
  region size 1024K, 5 young (5120K), 3 survivors (3072K)
 Metaspace       used 12798K, committed 13056K, reserved 1114112K
  class space    used 1486K, committed 1600K, reserved 1048576K
}
Event: 4.435 GC heap after
{Heap after GC invocations=10 (full 0):
 garbage-first heap   total reserved 2052096K, committed 333824K, used 146303K [0x0000000082c00000, 0x0000000100000000)
  region size 1024K, 3 young (3072K), 3 survivors (3072K)
 Metaspace       used 12798K, committed 13056K, reserved 1114112K
  class space    used 1486K, committed 1600K, reserved 1048576K
}
Event: 4.437 GC heap before
{Heap before GC invocations=10 (full 0):
 garbage-first heap   total reserved 2052096K, committed 333824K, used 156543K [0x0000000082c00000, 0x0000000100000000)
  region size 1024K, 4 young (4096K), 3 survivors (3072K)
 Metaspace       used 12798K, committed 13056K, reserved 1114112K
  class space    used 1486K, committed 1600K, reserved 1048576K
}
Event: 4.439 GC heap after
{Heap after GC invocations=11 (full 0):
 garbage-first heap   total reserved 2052096K, committed 333824K, used 34830K [0x0000000082c00000, 0x0000000100000000)
  region size 1024K, 3 young (3072K), 3 survivors (3072K)
 Metaspace       used 12798K, committed 13056K, reserved 1114112K
  class space    used 1486K, committed 1600K, reserved 1048576K
}
Event: 6.035 GC heap before
{Heap before GC invocations=11 (full 0):
 garbage-first heap   total reserved 2052096K, committed 333824K, used 147470K [0x0000000082c00000, 0x0000000100000000)
  region size 1024K, 5 young (5120K), 3 survivors (3072K)
 Metaspace       used 12905K, committed 13120K, reserved 1114112K
  class space    used 1486K, committed 1600K, reserved 1048576K
}

Dll operation events (10 events):
Event: 0.006 Loaded shared library C:\Program Files\Java\jdk-22\bin\java.dll
Event: 0.029 Loaded shared library C:\Program Files\Java\jdk-22\bin\jsvml.dll
Event: 0.054 Loaded shared library C:\Program Files\Java\jdk-22\bin\jimage.dll
Event: 0.057 Loaded shared library C:\Program Files\Java\jdk-22\bin\net.dll
Event: 0.058 Loaded shared library C:\Program Files\Java\jdk-22\bin\nio.dll
Event: 0.060 Loaded shared library C:\Program Files\Java\jdk-22\bin\zip.dll
Event: 0.074 Loaded shared library C:\Program Files\Java\jdk-22\bin\awt.dll
Event: 0.215 Loaded shared library C:\Program Files\Java\jdk-22\bin\freetype.dll
Event: 0.216 Loaded shared library C:\Program Files\Java\jdk-22\bin\fontmanager.dll
Event: 0.406 Loaded shared library C:\Program Files\Java\jdk-22\bin\javajpeg.dll

Deoptimization events (20 events):
Event: 0.961 Thread 0x000001a34eef9260 Uncommon trap: trap_request=0xffffffbe fr.pc=0x000001a34149d308 relative=0x0000000000000de8
Event: 0.961 Thread 0x000001a34eef9260 Uncommon trap: reason=profile_predicate action=maybe_recompile pc=0x000001a34149d308 method=javax.swing.GroupLayout$Group.calculateSize(II)I @ 71 c2
Event: 0.961 Thread 0x000001a34eef9260 DEOPT PACKING pc=0x000001a34149d308 sp=0x00000078366fdbf0
Event: 0.961 Thread 0x000001a34eef9260 DEOPT UNPACKING pc=0x000001a340eb46a2 sp=0x00000078366fdb98 mode 2
Event: 0.961 Thread 0x000001a34eef9260 Uncommon trap: trap_request=0xffffffbe fr.pc=0x000001a34149d308 relative=0x0000000000000de8
Event: 0.961 Thread 0x000001a34eef9260 Uncommon trap: reason=profile_predicate action=maybe_recompile pc=0x000001a34149d308 method=javax.swing.GroupLayout$Group.calculateSize(II)I @ 71 c2
Event: 0.961 Thread 0x000001a34eef9260 DEOPT PACKING pc=0x000001a34149d308 sp=0x00000078366fe0c0
Event: 0.961 Thread 0x000001a34eef9260 DEOPT UNPACKING pc=0x000001a340eb46a2 sp=0x00000078366fe068 mode 2
Event: 0.961 Thread 0x000001a34eef9260 Uncommon trap: trap_request=0xffffffbe fr.pc=0x000001a34149d308 relative=0x0000000000000de8
Event: 0.961 Thread 0x000001a34eef9260 Uncommon trap: reason=profile_predicate action=maybe_recompile pc=0x000001a34149d308 method=javax.swing.GroupLayout$Group.calculateSize(II)I @ 71 c2
Event: 0.961 Thread 0x000001a34eef9260 DEOPT PACKING pc=0x000001a34149d308 sp=0x00000078366fde90
Event: 0.961 Thread 0x000001a34eef9260 DEOPT UNPACKING pc=0x000001a340eb46a2 sp=0x00000078366fde38 mode 2
Event: 0.961 Thread 0x000001a34eef9260 Uncommon trap: trap_request=0xffffffbe fr.pc=0x000001a34149d308 relative=0x0000000000000de8
Event: 0.961 Thread 0x000001a34eef9260 Uncommon trap: reason=profile_predicate action=maybe_recompile pc=0x000001a34149d308 method=javax.swing.GroupLayout$Group.calculateSize(II)I @ 71 c2
Event: 0.961 Thread 0x000001a34eef9260 DEOPT PACKING pc=0x000001a34149d308 sp=0x00000078366fddc0
Event: 0.961 Thread 0x000001a34eef9260 DEOPT UNPACKING pc=0x000001a340eb46a2 sp=0x00000078366fdd68 mode 2
Event: 0.972 Thread 0x000001a34eef9260 Uncommon trap: trap_request=0xffffff45 fr.pc=0x000001a341457aac relative=0x000000000000010c
Event: 0.972 Thread 0x000001a34eef9260 Uncommon trap: reason=unstable_if action=reinterpret pc=0x000001a341457aac method=java.lang.ThreadLocal$ThreadLocalMap.getEntry(Ljava/lang/ThreadLocal;)Ljava/lang/ThreadLocal$ThreadLocalMap$Entry; @ 21 c2
Event: 0.972 Thread 0x000001a34eef9260 DEOPT PACKING pc=0x000001a341457aac sp=0x00000078366fe010
Event: 0.972 Thread 0x000001a34eef9260 DEOPT UNPACKING pc=0x000001a340eb46a2 sp=0x00000078366fdfa0 mode 2

Classes loaded (20 events):
Event: 1.152 Loading class java/awt/im/spi/InputMethod
Event: 1.152 Loading class java/awt/im/spi/InputMethod done
Event: 1.152 Loading class sun/awt/im/InputMethodAdapter done
Event: 1.152 Loading class sun/awt/windows/WInputMethod done
Event: 1.154 Loading class java/awt/KeyboardFocusManager$3
Event: 1.154 Loading class java/awt/KeyboardFocusManager$3 done
Event: 1.159 Loading class sun/awt/im/CompositionAreaHandler
Event: 1.160 Loading class sun/awt/im/CompositionAreaHandler done
Event: 1.160 Loading class java/text/AttributedString
Event: 1.161 Loading class java/text/AttributedString done
Event: 1.161 Loading class java/text/AttributedString$AttributedStringIterator
Event: 1.161 Loading class java/text/AttributedCharacterIterator
Event: 1.161 Loading class java/text/AttributedCharacterIterator done
Event: 1.161 Loading class java/text/AttributedString$AttributedStringIterator done
Event: 2.788 Loading class java/awt/event/MouseWheelEvent
Event: 2.788 Loading class java/awt/event/MouseWheelEvent done
Event: 3.891 Loading class java/awt/LightweightDispatcher$2
Event: 3.891 Loading class java/awt/LightweightDispatcher$2 done
Event: 4.353 Loading class sun/font/StrikeCache$WeakDisposerRef
Event: 4.353 Loading class sun/font/StrikeCache$WeakDisposerRef done

Classes unloaded (0 events):
No events

Classes redefined (0 events):
No events

Internal exceptions (20 events):
Event: 0.253 Thread 0x000001a32fb639a0 Exception <a 'java/lang/ClassNotFoundException'{0x000000008a5bfd20}: RootPane> (0x000000008a5bfd20) 
thrown [s\open\src\hotspot\share\classfile\systemDictionary.cpp, line 313]
Event: 0.255 Thread 0x000001a32fb639a0 Exception <a 'java/lang/ClassNotFoundException'{0x000000008a5c2ab0}: com/sun/swing/internal/plaf/metal/resources/spi/metalProvider> (0x000000008a5c2ab0) 
thrown [s\open\src\hotspot\share\classfile\systemDictionary.cpp, line 313]
Event: 0.256 Thread 0x000001a32fb639a0 Exception <a 'java/lang/ClassNotFoundException'{0x000000008a5c67b0}: com/sun/swing/internal/plaf/basic/resources/spi/basicProvider> (0x000000008a5c67b0) 
thrown [s\open\src\hotspot\share\classfile\systemDictionary.cpp, line 313]
Event: 0.274 Thread 0x000001a34eef9260 Exception <a 'java/lang/ClassNotFoundException'{0x000000008a491140}: com/sun/swing/internal/plaf/synth/resources/spi/synthProvider> (0x000000008a491140) 
thrown [s\open\src\hotspot\share\classfile\systemDictionary.cpp, line 313]
Event: 0.287 Thread 0x000001a34eef9260 Exception <a 'java/lang/NoSuchMethodError'{0x000000008a4d4d60}: 'int java.lang.invoke.Invokers$Holder.invokeExact_MT(java.lang.Object, java.lang.Object)'> (0x000000008a4d4d60) 
thrown [s\open\src\hotspot\share\interpreter\linkResolver.cpp, line 774]
Event: 0.295 Thread 0x000001a34eef9260 Exception <a 'java/lang/NoSuchMethodError'{0x000000008a4eaa08}: 'java.lang.Object java.lang.invoke.DirectMethodHandle$Holder.newInvokeSpecial(java.lang.Object, java.lang.Object, int)'> (0x000000008a4eaa08) 
thrown [s\open\src\hotspot\share\interpreter\linkResolver.cpp, line 774]
Event: 0.295 Thread 0x000001a34eef9260 Exception <a 'java/lang/NoSuchMethodError'{0x000000008a4efac8}: 'int java.lang.invoke.DirectMethodHandle$Holder.invokeSpecial(java.lang.Object, java.lang.Object, java.lang.Object, int)'> (0x000000008a4efac8) 
thrown [s\open\src\hotspot\share\interpreter\linkResolver.cpp, line 774]
Event: 0.296 Thread 0x000001a34eef9260 Exception <a 'java/lang/NoSuchMethodError'{0x000000008a30ca20}: 'java.lang.Object java.lang.invoke.DirectMethodHandle$Holder.invokeStatic(java.lang.Object, java.lang.Object, java.lang.Object, java.lang.Object, int)'> (0x000000008a30ca20) 
thrown [s\open\src\hotspot\share\interpreter\linkResolver.cpp, line 774]
Event: 0.297 Thread 0x000001a34eef9260 Exception <a 'java/lang/NoSuchMethodError'{0x000000008a3186e8}: 'int java.lang.invoke.DirectMethodHandle$Holder.invokeSpecial(java.lang.Object, java.lang.Object, java.lang.Object)'> (0x000000008a3186e8) 
thrown [s\open\src\hotspot\share\interpreter\linkResolver.cpp, line 774]
Event: 0.352 Thread 0x000001a395955e30 Exception <a 'java/lang/NoSuchMethodError'{0x000000008a12af28}: 'java.lang.Object java.lang.invoke.DirectMethodHandle$Holder.newInvokeSpecial(java.lang.Object, java.lang.Object, java.lang.Object, int, int, int, int, int)'> (0x000000008a12af28) 
thrown [s\open\src\hotspot\share\interpreter\linkResolver.cpp, line 774]
Event: 0.378 Thread 0x000001a34eef9260 Exception <a 'java/lang/ClassNotFoundException'{0x000000008a018380}: java/lang/ObjectCustomizer> (0x000000008a018380) 
thrown [s\open\src\hotspot\share\classfile\systemDictionary.cpp, line 313]
Event: 0.382 Thread 0x000001a34eef9260 Exception <a 'java/lang/NoSuchMethodError'{0x000000008a01f4c0}: 'java.lang.Object java.lang.invoke.DirectMethodHandle$Holder.invokeInterface(java.lang.Object, java.lang.Object)'> (0x000000008a01f4c0) 
thrown [s\open\src\hotspot\share\interpreter\linkResolver.cpp, line 774]
Event: 0.382 Thread 0x000001a34eef9260 Exception <a 'java/lang/IncompatibleClassChangeError'{0x000000008a022a78}: Found class java.lang.Object, but interface was expected> (0x000000008a022a78) 
thrown [s\open\src\hotspot\share\interpreter\linkResolver.cpp, line 841]
Event: 0.391 Thread 0x000001a34eef9260 Exception <a 'java/lang/ClassNotFoundException'{0x000000008a0610c8}: net/miginfocom/layout/UnitValueCustomizer> (0x000000008a0610c8) 
thrown [s\open\src\hotspot\share\classfile\systemDictionary.cpp, line 313]
Event: 0.393 Thread 0x000001a34eef9260 Exception <a 'java/lang/ClassNotFoundException'{0x000000008a0757d0}: java/lang/ObjectCustomizer> (0x000000008a0757d0) 
thrown [s\open\src\hotspot\share\classfile\systemDictionary.cpp, line 313]
Event: 0.393 Thread 0x000001a34eef9260 Exception <a 'java/lang/ClassNotFoundException'{0x000000008a07aa88}: net/miginfocom/layout/BoundSizeCustomizer> (0x000000008a07aa88) 
thrown [s\open\src\hotspot\share\classfile\systemDictionary.cpp, line 313]
Event: 0.894 Thread 0x000001a34ee77280 Exception <a 'java/lang/NoSuchMethodError'{0x0000000089cf7cb0}: 'void java.lang.invoke.DirectMethodHandle$Holder.invokeVirtual(java.lang.Object, java.lang.Object)'> (0x0000000089cf7cb0) 
thrown [s\open\src\hotspot\share\interpreter\linkResolver.cpp, line 774]
Event: 0.909 Thread 0x000001a34eef9260 Exception <a 'java/lang/NoSuchMethodError'{0x0000000089cdb518}: 'void java.lang.invoke.DirectMethodHandle$Holder.invokeStaticInit(java.lang.Object)'> (0x0000000089cdb518) 
thrown [s\open\src\hotspot\share\interpreter\linkResolver.cpp, line 774]
Event: 0.953 Thread 0x000001a34eef9260 Implicit null exception at 0x000001a341441a69 to 0x000001a341441b98
Event: 0.972 Thread 0x000001a34eef9260 Implicit null exception at 0x000001a341457a0a to 0x000001a341457a94

ZGC Phase Switch (0 events):
No events

VM Operations (20 events):
Event: 1.108 Executing VM operation: G1TryInitiateConcMark (G1 Humongous Allocation) done
Event: 1.147 Executing VM operation: HandshakeAllThreads (Deoptimize)
Event: 1.147 Executing VM operation: HandshakeAllThreads (Deoptimize) done
Event: 2.161 Executing VM operation: Cleanup
Event: 2.161 Executing VM operation: Cleanup done
Event: 3.174 Executing VM operation: Cleanup
Event: 3.174 Executing VM operation: Cleanup done
Event: 4.183 Executing VM operation: Cleanup
Event: 4.183 Executing VM operation: Cleanup done
Event: 4.355 Executing VM operation: G1TryInitiateConcMark (G1 Humongous Allocation)
Event: 4.357 Executing VM operation: G1TryInitiateConcMark (G1 Humongous Allocation) done
Event: 4.364 Executing VM operation: G1TryInitiateConcMark (G1 Humongous Allocation)
Event: 4.367 Executing VM operation: G1TryInitiateConcMark (G1 Humongous Allocation) done
Event: 4.434 Executing VM operation: G1TryInitiateConcMark (G1 Humongous Allocation)
Event: 4.435 Executing VM operation: G1TryInitiateConcMark (G1 Humongous Allocation) done
Event: 4.437 Executing VM operation: G1TryInitiateConcMark (G1 Humongous Allocation)
Event: 4.439 Executing VM operation: G1TryInitiateConcMark (G1 Humongous Allocation) done
Event: 5.441 Executing VM operation: Cleanup
Event: 5.441 Executing VM operation: Cleanup done
Event: 6.034 Executing VM operation: G1TryInitiateConcMark (G1 Humongous Allocation)

Events (20 events):
Event: 0.027 Thread 0x000001a34e9df580 Thread added: 0x000001a34e9df580
Event: 0.027 Thread 0x000001a34e9e7b20 Thread added: 0x000001a34e9e7b20
Event: 0.028 Thread 0x000001a34e9ea8f0 Thread added: 0x000001a34e9ea8f0
Event: 0.028 Thread 0x000001a34e9eb7e0 Thread added: 0x000001a34e9eb7e0
Event: 0.028 Thread 0x000001a34e9ec240 Thread added: 0x000001a34e9ec240
Event: 0.028 Thread 0x000001a34e9eefe0 Thread added: 0x000001a34e9eefe0
Event: 0.028 Thread 0x000001a34e9efbc0 Thread added: 0x000001a34e9efbc0
Event: 0.039 Thread 0x000001a34ec8b590 Thread added: 0x000001a34ec8b590
Event: 0.041 Thread 0x000001a34ec8e010 Thread added: 0x000001a34ec8e010
Event: 0.127 Thread 0x000001a34ee718f0 Thread added: 0x000001a34ee718f0
Event: 0.128 Thread 0x000001a34ee76220 Thread added: 0x000001a34ee76220
Event: 0.129 Thread 0x000001a34ee77280 Thread added: 0x000001a34ee77280
Event: 0.265 Thread 0x000001a34eef9260 Thread added: 0x000001a34eef9260
Event: 0.266 Thread 0x000001a32fb639a0 Thread exited: 0x000001a32fb639a0
Event: 0.266 Thread 0x000001a32fb639a0 Thread added: 0x000001a32fb639a0
Event: 0.315 Thread 0x000001a395955e30 Thread added: 0x000001a395955e30
Event: 0.401 Thread 0x000001a395b1b760 Thread added: 0x000001a395b1b760
Event: 0.562 Thread 0x000001a395d834e0 Thread added: 0x000001a395d834e0
Event: 1.815 Thread 0x000001a395d834e0 Thread exited: 0x000001a395d834e0
Event: 5.893 Thread 0x000001a395955e30 Thread exited: 0x000001a395955e30


Dynamic libraries:
0x00007ff75ae20000 - 0x00007ff75ae30000 	C:\Program Files\Java\jdk-22\bin\java.exe
0x00007ff80c6b0000 - 0x00007ff80c8c7000 	C:\WINDOWS\SYSTEM32\ntdll.dll
0x00007ff80b240000 - 0x00007ff80b304000 	C:\WINDOWS\System32\KERNEL32.DLL
0x00007ff809a60000 - 0x00007ff809e0c000 	C:\WINDOWS\System32\KERNELBASE.dll
0x00007ff809e10000 - 0x00007ff809f21000 	C:\WINDOWS\System32\ucrtbase.dll
0x00007ffff29a0000 - 0x00007ffff29bb000 	C:\Program Files\Java\jdk-22\bin\VCRUNTIME140.dll
0x00007fffc7500000 - 0x00007fffc7517000 	C:\Program Files\Java\jdk-22\bin\jli.dll
0x00007ff80b020000 - 0x00007ff80b0d2000 	C:\WINDOWS\System32\ADVAPI32.dll
0x00007ff80b3b0000 - 0x00007ff80b457000 	C:\WINDOWS\System32\msvcrt.dll
0x00007ff80c5c0000 - 0x00007ff80c66a000 	C:\WINDOWS\System32\sechost.dll
0x00007ff80a3c0000 - 0x00007ff80a3e8000 	C:\WINDOWS\System32\bcrypt.dll
0x00007ff80c380000 - 0x00007ff80c495000 	C:\WINDOWS\System32\RPCRT4.dll
0x00007ff80c1d0000 - 0x00007ff80c37e000 	C:\WINDOWS\System32\USER32.dll
0x00007fffedf20000 - 0x00007fffee1b3000 	C:\WINDOWS\WinSxS\amd64_microsoft.windows.common-controls_6595b64144ccf1df_6.0.22621.3672_none_2713b9d173822955\COMCTL32.dll
0x00007ff80a260000 - 0x00007ff80a286000 	C:\WINDOWS\System32\win32u.dll
0x00007ff80b160000 - 0x00007ff80b189000 	C:\WINDOWS\System32\GDI32.dll
0x00007ff80a140000 - 0x00007ff80a259000 	C:\WINDOWS\System32\gdi32full.dll
0x00007ff80a0a0000 - 0x00007ff80a13a000 	C:\WINDOWS\System32\msvcp_win.dll
0x00007ff8065e0000 - 0x00007ff8065ea000 	C:\WINDOWS\SYSTEM32\VERSION.dll
0x00007ff80af50000 - 0x00007ff80af81000 	C:\WINDOWS\System32\IMM32.DLL
0x00007ff806c30000 - 0x00007ff806c3c000 	C:\Program Files\Java\jdk-22\bin\vcruntime140_1.dll
0x00007fffc08f0000 - 0x00007fffc097e000 	C:\Program Files\Java\jdk-22\bin\msvcp140.dll
0x00007fff95f00000 - 0x00007fff96c47000 	C:\Program Files\Java\jdk-22\bin\server\jvm.dll
0x00007ff80af90000 - 0x00007ff80b001000 	C:\WINDOWS\System32\WS2_32.dll
0x00007ff808870000 - 0x00007ff8088bd000 	C:\WINDOWS\SYSTEM32\POWRPROF.dll
0x00007ffff80a0000 - 0x00007ffff80d4000 	C:\WINDOWS\SYSTEM32\WINMM.dll
0x00007ff808850000 - 0x00007ff808863000 	C:\WINDOWS\SYSTEM32\UMPDC.dll
0x00007ff808b00000 - 0x00007ff808b18000 	C:\WINDOWS\SYSTEM32\kernel.appcore.dll
0x00007ff805cb0000 - 0x00007ff805cba000 	C:\Program Files\Java\jdk-22\bin\jimage.dll
0x00007ffff75e0000 - 0x00007ffff7812000 	C:\WINDOWS\SYSTEM32\DBGHELP.DLL
0x00007ff80b460000 - 0x00007ff80b7e8000 	C:\WINDOWS\System32\combase.dll
0x00007ff80a630000 - 0x00007ff80a707000 	C:\WINDOWS\System32\OLEAUT32.dll
0x00007ffff4e90000 - 0x00007ffff4ec2000 	C:\WINDOWS\SYSTEM32\dbgcore.DLL
0x00007ff8099e0000 - 0x00007ff809a5b000 	C:\WINDOWS\System32\bcryptPrimitives.dll
0x00007ffff1e40000 - 0x00007ffff1e5e000 	C:\Program Files\Java\jdk-22\bin\java.dll
0x00007ff80b850000 - 0x00007ff80c0ac000 	C:\WINDOWS\System32\SHELL32.dll
0x00007ff80ada0000 - 0x00007ff80af45000 	C:\WINDOWS\System32\ole32.dll
0x00007ff807940000 - 0x00007ff808237000 	C:\WINDOWS\SYSTEM32\windows.storage.dll
0x00007ff807800000 - 0x00007ff80793f000 	C:\WINDOWS\SYSTEM32\wintypes.dll
0x00007ff80c4c0000 - 0x00007ff80c5b4000 	C:\WINDOWS\System32\SHCORE.dll
0x00007ff80abe0000 - 0x00007ff80ac3e000 	C:\WINDOWS\System32\shlwapi.dll
0x00007ff809910000 - 0x00007ff809931000 	C:\WINDOWS\SYSTEM32\profapi.dll
0x00007fffc01b0000 - 0x00007fffc0287000 	C:\Program Files\Java\jdk-22\bin\jsvml.dll
0x00007ffff1e30000 - 0x00007ffff1e40000 	C:\Program Files\Java\jdk-22\bin\net.dll
0x00007ff808f70000 - 0x00007ff808fd9000 	C:\WINDOWS\system32\mswsock.dll
0x00007fffe3fb0000 - 0x00007fffe3fc6000 	C:\Program Files\Java\jdk-22\bin\nio.dll
0x00007fffe28c0000 - 0x00007fffe28d7000 	C:\Program Files\Java\jdk-22\bin\zip.dll
0x00007fffb6080000 - 0x00007fffb620e000 	C:\Program Files\Java\jdk-22\bin\awt.dll
0x00007ff805d20000 - 0x00007ff805db7000 	C:\WINDOWS\SYSTEM32\apphelp.dll
0x00007ff806e70000 - 0x00007ff806f1a000 	C:\WINDOWS\system32\uxtheme.dll
0x00007fffcd810000 - 0x00007fffcd943000 	C:\ProgramData\A-Volute\A-Volute.Nahimic\Modules\Scheduled\x64\AudioDevProps2.dll
0x00007ff80ac40000 - 0x00007ff80ad93000 	C:\WINDOWS\System32\MSCTF.dll
0x00007ff8070f0000 - 0x00007ff80711b000 	C:\WINDOWS\system32\DWMAPI.DLL
0x00007fffc0120000 - 0x00007fffc01a7000 	C:\Program Files\Java\jdk-22\bin\freetype.dll
0x00007fffb5fa0000 - 0x00007fffb6077000 	C:\Program Files\Java\jdk-22\bin\fontmanager.dll
0x00007fffd7f30000 - 0x00007fffd8030000 	C:\WINDOWS\system32\opengl32.dll
0x00007fffd80e0000 - 0x00007fffd810d000 	C:\WINDOWS\SYSTEM32\GLU32.dll
0x00007ff807160000 - 0x00007ff807199000 	C:\WINDOWS\SYSTEM32\dxcore.dll
0x00007ffff1e70000 - 0x00007ffff1e9e000 	C:\Program Files\Java\jdk-22\bin\javajpeg.dll
0x00007ff80b190000 - 0x00007ff80b240000 	C:\WINDOWS\System32\clbcatq.dll
0x00007ff806c80000 - 0x00007ff806e30000 	C:\WINDOWS\SYSTEM32\WindowsCodecs.dll
0x00007fffd6af0000 - 0x00007fffd6b4e000 	C:\WINDOWS\system32\dataexchange.dll
0x00007ff805e20000 - 0x00007ff8060aa000 	C:\WINDOWS\system32\twinapi.appcore.dll
0x00007ffff96f0000 - 0x00007ffff983d000 	C:\WINDOWS\SYSTEM32\textinputframework.dll
0x00007ff8058c0000 - 0x00007ff8059f3000 	C:\WINDOWS\SYSTEM32\CoreMessaging.dll
0x00007ff8026f0000 - 0x00007ff802a5d000 	C:\WINDOWS\SYSTEM32\CoreUIComponents.dll
0x00007ff8091f0000 - 0x00007ff8091fc000 	C:\WINDOWS\SYSTEM32\CRYPTBASE.DLL
0x00007fffd8030000 - 0x00007fffd809b000 	C:\WINDOWS\system32\Ninput.dll

dbghelp: loaded successfully - version: 4.0.5 - missing functions: none
symbol engine: initialized successfully - sym options: 0x614 - pdb path: .;C:\Program Files\Java\jdk-22\bin;C:\WINDOWS\SYSTEM32;C:\WINDOWS\WinSxS\amd64_microsoft.windows.common-controls_6595b64144ccf1df_6.0.22621.3672_none_2713b9d173822955;C:\Program Files\Java\jdk-22\bin\server;C:\ProgramData\A-Volute\A-Volute.Nahimic\Modules\Scheduled\x64

VM Arguments:
java_command: forms.FrmMain
java_class_path (initial): C:\Users\eljulls\Documents\GitHub\Juatsapp_233537_240005\Juatsapp_presentacion\target\classes;C:\Users\eljulls\.m2\repository\org\netbeans\external\AbsoluteLayout\RELEASE210\AbsoluteLayout-RELEASE210.jar;C:\Users\eljulls\.m2\repository\com\github\lgooddatepicker\LGoodDatePicker\11.2.1\LGoodDatePicker-11.2.1.jar;C:\Users\eljulls\.m2\repository\com\miglayout\miglayout-swing\5.2\miglayout-swing-5.2.jar;C:\Users\eljulls\.m2\repository\com\miglayout\miglayout-core\5.2\miglayout-core-5.2.jar
Launcher Type: SUN_STANDARD

[Global flags]
     intx CICompilerCount                          = 4                                         {product} {ergonomic}
     uint ConcGCThreads                            = 3                                         {product} {ergonomic}
     uint G1ConcRefinementThreads                  = 10                                        {product} {ergonomic}
   size_t G1HeapRegionSize                         = 1048576                                   {product} {ergonomic}
   size_t InitialHeapSize                          = 132120576                                 {product} {ergonomic}
   size_t MarkStackSize                            = 4194304                                   {product} {ergonomic}
   size_t MaxHeapSize                              = 2101346304                                {product} {ergonomic}
   size_t MaxNewSize                               = 1260388352                                {product} {ergonomic}
   size_t MinHeapDeltaBytes                        = 1048576                                   {product} {ergonomic}
   size_t MinHeapSize                              = 8388608                                   {product} {ergonomic}
    uintx NonNMethodCodeHeapSize                   = 5839372                                {pd product} {ergonomic}
    uintx NonProfiledCodeHeapSize                  = 122909434                              {pd product} {ergonomic}
    uintx ProfiledCodeHeapSize                     = 122909434                              {pd product} {ergonomic}
    uintx ReservedCodeCacheSize                    = 251658240                              {pd product} {ergonomic}
     bool SegmentedCodeCache                       = true                                      {product} {ergonomic}
   size_t SoftMaxHeapSize                          = 2101346304                             {manageable} {ergonomic}
     bool UseCompressedOops                        = true                           {product lp64_product} {ergonomic}
     bool UseG1GC                                  = true                                      {product} {ergonomic}
     bool UseLargePagesIndividualAllocation        = false                                  {pd product} {ergonomic}

Logging:
Log output configuration:
 #0: stdout all=warning uptime,level,tags foldmultilines=false
 #1: stderr all=off uptime,level,tags foldmultilines=false

Environment Variables:
JAVA_HOME=C:\Program Files\Java\jdk-22
PATH=C:\Program Files\Common Files\Oracle\Java\javapath;C:\Program Files (x86)\Common Files\Oracle\Java\javapath;C:\Windows\system32;C:\Windows;C:\Windows\System32\Wbem;C:\Windows\System32\WindowsPowerShell\v1.0\;C:\Windows\System32\OpenSSH\;C:\Program Files (x86)\NVIDIA Corporation\PhysX\Common;C:\Program Files\NVIDIA Corporation\NVIDIA NvDLISR;C:\WINDOWS\system32;C:\WINDOWS;C:\WINDOWS\System32\Wbem;C:\WINDOWS\System32\WindowsPowerShell\v1.0\;C:\WINDOWS\System32\OpenSSH\;C:\Program Files\PuTTY\;C:\Program Files\dotnet\;C:\Program Files\nodejs\;C:\Users\eljulls\AppData\Local\Programs\Python\Python312\Scripts\;C:\Users\eljulls\AppData\Local\Programs\Python\Python312\;C:\Users\eljulls\AppData\Local\Programs\Python\Python311\Scripts\;C:\Users\eljulls\AppData\Local\Programs\Python\Python311\;C:\Users\eljulls\AppData\Local\Programs\Python\Launcher\;C:\Users\eljulls\AppData\Local\Microsoft\WindowsApps;C:\Users\eljulls\AppData\Local\Programs\Microsoft VS Code\bin;C:\Users\eljulls\AppData\Roaming\npm;C:\Users\eljulls\AppData\Local\GitHubDesktop\bin
USERNAME=eljulls
OS=Windows_NT
PROCESSOR_IDENTIFIER=Intel64 Family 6 Model 165 Stepping 2, GenuineIntel
TMP=C:\Users\eljulls\AppData\Local\Temp
TEMP=C:\Users\eljulls\AppData\Local\Temp




Periodic native trim disabled

---------------  S Y S T E M  ---------------

OS:
 Windows 11 , 64 bit Build 22621 (10.0.22621.3672)
OS uptime: 1 days 8:40 hours

CPU: total 12 (initial active 12) (6 cores per cpu, 2 threads per core) family 6 model 165 stepping 2 microcode 0xe2, cx8, cmov, fxsr, ht, mmx, 3dnowpref, sse, sse2, sse3, ssse3, sse4.1, sse4.2, popcnt, lzcnt, tsc, tscinvbit, avx, avx2, aes, erms, clmul, bmi1, bmi2, adx, fma, vzeroupper, clflush, clflushopt, rdtscp, f16c, pku
Processor Information for all 12 processors :
  Max Mhz: 2496, Current Mhz: 2496, Mhz Limit: 2496

Memory: 4k page, system-wide physical 8013M (570M free)
TotalPageFile size 25236M (AvailPageFile size 466M)
current process WorkingSet (physical memory assigned to process): 245M, peak: 246M
current process commit charge ("private bytes"): 446M, peak: 1097M

vm_info: Java HotSpot(TM) 64-Bit Server VM (22.0.1+8-16) for windows-amd64 JRE (22.0.1+8-16), built on 2024-03-12T10:33:16Z by "mach5one" with MS VC++ 17.6 (VS2022)

END.
