#
# There is insufficient memory for the Java Runtime Environment to continue.
# Native memory allocation (mmap) failed to map 597688320 bytes. Error detail: G1 virtual space
# Possible reasons:
#   The system is out of physical RAM or swap space
#   This process is running with CompressedOops enabled, and the Java Heap may be blocking the growth of the native heap
# Possible solutions:
#   Reduce memory load on the system
#   Increase physical memory or swap space
#   Check if swap backing store is full
#   Decrease Java heap size (-Xmx/-Xms)
#   Decrease number of Java threads
#   Decrease Java thread stack sizes (-Xss)
#   Set larger code cache with -XX:ReservedCodeCacheSize=
#   JVM is running with Unscaled Compressed Oops mode in which the Java heap is
#     placed in the first 4GB address space. The Java Heap base address is the
#     maximum limit for the native heap growth. Please use -XX:HeapBaseMinAddress
#     to set the Java Heap base and to place the Java Heap above 4GB virtual address.
# This output file may be truncated or incomplete.
#
#  Out of Memory Error (os_windows.cpp:3631), pid=27256, tid=27344
#
# JRE version: Java(TM) SE Runtime Environment (22.0.1+8) (build 22.0.1+8-16)
# Java VM: Java HotSpot(TM) 64-Bit Server VM (22.0.1+8-16, mixed mode, sharing, tiered, compressed oops, compressed class ptrs, g1 gc, windows-amd64)
# No core dump will be written. Minidumps are not enabled by default on client versions of Windows
#

---------------  S U M M A R Y ------------

Command Line: forms.FrmMain

Host: Intel(R) Core(TM) i5-10500H CPU @ 2.50GHz, 12 cores, 7G,  Windows 11 , 64 bit Build 22621 (10.0.22621.3672)
Time: Tue Jul  2 05:08:24 2024 Hora estándar Montañas, EE.UU. elapsed time: 2.575190 seconds (0d 0h 0m 2s)

---------------  T H R E A D  ---------------

Current thread (0x000002aff7545af0):  VMThread "VM Thread"          [id=27344, stack(0x000000ec7d400000,0x000000ec7d500000) (1024K)]

Stack: [0x000000ec7d400000,0x000000ec7d500000]
Native frames: (J=compiled Java code, j=interpreted, Vv=VM code, C=native code)
V  [jvm.dll+0x6e2279]  (no source info available)
V  [jvm.dll+0x874e33]  (no source info available)
V  [jvm.dll+0x87725e]  (no source info available)
V  [jvm.dll+0x877933]  (no source info available)
V  [jvm.dll+0x27fd76]  (no source info available)
V  [jvm.dll+0x6de915]  (no source info available)
V  [jvm.dll+0x6d341a]  (no source info available)
V  [jvm.dll+0x3589da]  (no source info available)
V  [jvm.dll+0x360f06]  (no source info available)
V  [jvm.dll+0x3b3e2e]  (no source info available)
V  [jvm.dll+0x3b40d8]  (no source info available)
V  [jvm.dll+0x32c59c]  (no source info available)
V  [jvm.dll+0x32c627]  (no source info available)
V  [jvm.dll+0x37229c]  (no source info available)
V  [jvm.dll+0x370996]  (no source info available)
V  [jvm.dll+0x32bc87]  (no source info available)
V  [jvm.dll+0x370468]  (no source info available)
V  [jvm.dll+0x87d7d0]  (no source info available)
V  [jvm.dll+0x87eb57]  (no source info available)
V  [jvm.dll+0x87f0d0]  (no source info available)
V  [jvm.dll+0x87f373]  (no source info available)
V  [jvm.dll+0x81d44b]  (no source info available)
V  [jvm.dll+0x6e0915]  (no source info available)
C  [ucrtbase.dll+0x29333]  (no source info available)
C  [KERNEL32.DLL+0x1257d]  (no source info available)
C  [ntdll.dll+0x5af28]  (no source info available)

VM_Operation (0x000000ec7e2fd348): G1TryInitiateConcMark, mode: safepoint, requested by thread 0x000002afd44b29f0


---------------  P R O C E S S  ---------------

Threads class SMR info:
_java_thread_list=0x000002afd6a1f7b0, length=17, elements={
0x000002aff755f9f0, 0x000002aff7560910, 0x000002aff7566ea0, 0x000002aff756af50,
0x000002aff756bc30, 0x000002aff756c690, 0x000002aff7571a50, 0x000002aff757da10,
0x000002afd42875a0, 0x000002afd429ef30, 0x000002afd443e670, 0x000002afd4443100,
0x000002afd4445c00, 0x000002afd44b29f0, 0x000002afe75a05a0, 0x000002afd453e810,
0x000002afd5f73230
}

Java Threads: ( => current thread )
  0x000002aff755f9f0 JavaThread "Reference Handler"          daemon [_thread_blocked, id=27348, stack(0x000000ec7d500000,0x000000ec7d600000) (1024K)]
  0x000002aff7560910 JavaThread "Finalizer"                  daemon [_thread_blocked, id=27352, stack(0x000000ec7d600000,0x000000ec7d700000) (1024K)]
  0x000002aff7566ea0 JavaThread "Signal Dispatcher"          daemon [_thread_blocked, id=27356, stack(0x000000ec7d700000,0x000000ec7d800000) (1024K)]
  0x000002aff756af50 JavaThread "Attach Listener"            daemon [_thread_blocked, id=27360, stack(0x000000ec7d800000,0x000000ec7d900000) (1024K)]
  0x000002aff756bc30 JavaThread "Service Thread"             daemon [_thread_blocked, id=27364, stack(0x000000ec7d900000,0x000000ec7da00000) (1024K)]
  0x000002aff756c690 JavaThread "Monitor Deflation Thread"   daemon [_thread_blocked, id=27368, stack(0x000000ec7da00000,0x000000ec7db00000) (1024K)]
  0x000002aff7571a50 JavaThread "C2 CompilerThread0"         daemon [_thread_blocked, id=27372, stack(0x000000ec7db00000,0x000000ec7dc00000) (1024K)]
  0x000002aff757da10 JavaThread "C1 CompilerThread0"         daemon [_thread_blocked, id=27376, stack(0x000000ec7dc00000,0x000000ec7dd00000) (1024K)]
  0x000002afd42875a0 JavaThread "Notification Thread"        daemon [_thread_blocked, id=27380, stack(0x000000ec7dd00000,0x000000ec7de00000) (1024K)]
  0x000002afd429ef30 JavaThread "Common-Cleaner"             daemon [_thread_blocked, id=27384, stack(0x000000ec7de00000,0x000000ec7df00000) (1024K)]
  0x000002afd443e670 JavaThread "Java2D Disposer"            daemon [_thread_blocked, id=27388, stack(0x000000ec7df00000,0x000000ec7e000000) (1024K)]
  0x000002afd4443100 JavaThread "AWT-Shutdown"                      [_thread_blocked, id=27392, stack(0x000000ec7e000000,0x000000ec7e100000) (1024K)]
  0x000002afd4445c00 JavaThread "AWT-Windows"                daemon [_thread_blocked, id=27396, stack(0x000000ec7e100000,0x000000ec7e200000) (1024K)]
  0x000002afd44b29f0 JavaThread "AWT-EventQueue-0"                  [_thread_blocked, id=27400, stack(0x000000ec7e200000,0x000000ec7e300000) (1024K)]
  0x000002afe75a05a0 JavaThread "DestroyJavaVM"                     [_thread_blocked, id=27316, stack(0x000000ec7cd00000,0x000000ec7ce00000) (1024K)]
  0x000002afd453e810 JavaThread "Image Fetcher 0"            daemon [_thread_blocked, id=27404, stack(0x000000ec7e300000,0x000000ec7e400000) (1024K)]
  0x000002afd5f73230 JavaThread "TimerQueue"                 daemon [_thread_blocked, id=27408, stack(0x000000ec7e400000,0x000000ec7e500000) (1024K)]
Total: 17

Other Threads:
=>0x000002aff7545af0 VMThread "VM Thread"                           [id=27344, stack(0x000000ec7d400000,0x000000ec7d500000) (1024K)]
  0x000002aff752c260 WatcherThread "VM Periodic Task Thread"        [id=27340, stack(0x000000ec7d300000,0x000000ec7d400000) (1024K)]
  0x000002afe9994040 WorkerThread "GC Thread#0"                     [id=27320, stack(0x000000ec7ce00000,0x000000ec7cf00000) (1024K)]
  0x000002afd5f90690 WorkerThread "GC Thread#1"                     [id=27420, stack(0x000000ec7e700000,0x000000ec7e800000) (1024K)]
  0x000002afd6038500 WorkerThread "GC Thread#2"                     [id=27424, stack(0x000000ec7e800000,0x000000ec7e900000) (1024K)]
  0x000002afd6038cc0 WorkerThread "GC Thread#3"                     [id=27428, stack(0x000000ec7e900000,0x000000ec7ea00000) (1024K)]
  0x000002afd6039070 WorkerThread "GC Thread#4"                     [id=27432, stack(0x000000ec7ea00000,0x000000ec7eb00000) (1024K)]
  0x000002afd6039420 WorkerThread "GC Thread#5"                     [id=27436, stack(0x000000ec7eb00000,0x000000ec7ec00000) (1024K)]
  0x000002afd5fa9ab0 WorkerThread "GC Thread#6"                     [id=27440, stack(0x000000ec7ec00000,0x000000ec7ed00000) (1024K)]
  0x000002afd5fa9e60 WorkerThread "GC Thread#7"                     [id=27444, stack(0x000000ec7ed00000,0x000000ec7ee00000) (1024K)]
  0x000002afd5faa210 WorkerThread "GC Thread#8"                     [id=27448, stack(0x000000ec7ee00000,0x000000ec7ef00000) (1024K)]
  0x000002afd5faade0 WorkerThread "GC Thread#9"                     [id=27452, stack(0x000000ec7ef00000,0x000000ec7f000000) (1024K)]
  0x000002afe99a4c60 ConcurrentGCThread "G1 Main Marker"            [id=27324, stack(0x000000ec7cf00000,0x000000ec7d000000) (1024K)]
  0x000002afe99a5f10 WorkerThread "G1 Conc#0"                       [id=27328, stack(0x000000ec7d000000,0x000000ec7d100000) (1024K)]
  0x000002aff73f9530 ConcurrentGCThread "G1 Refine#0"               [id=27332, stack(0x000000ec7d100000,0x000000ec7d200000) (1024K)]
  0x000002aff73f9fd0 ConcurrentGCThread "G1 Service"                [id=27336, stack(0x000000ec7d200000,0x000000ec7d300000) (1024K)]
Total: 16

Threads with active compile tasks:
Total: 0

VM state: at safepoint (normal execution)

VM Mutex/Monitor currently owned by a thread:  ([mutex/lock_event])
[0x00007fff866abbb8] Threads_lock - owner thread: 0x000002aff7545af0
[0x00007fff866abcb8] Heap_lock - owner thread: 0x000002afd44b29f0

Heap address: 0x0000000082c00000, size: 2004 MB, Compressed Oops mode: 32-bit

CDS archive(s) mapped at: [0x000002af8f000000-0x000002af8fc60000-0x000002af8fc60000), size 12976128, SharedBaseAddress: 0x000002af8f000000, ArchiveRelocationMode: 1.
Compressed class space mapped at: 0x000002af90000000-0x000002afd0000000, reserved size: 1073741824
Narrow klass base: 0x000002af8f000000, Narrow klass shift: 0, Narrow klass range: 0x41000000

GC Precious Log:
 CardTable entry size: 512
 Card Set container configuration: InlinePtr #cards 5 size 8 Array Of Cards #cards 12 size 40 Howl #buckets 4 coarsen threshold 1843 Howl Bitmap #cards 512 size 80 coarsen threshold 460 Card regions per heap region 1 cards per card region 2048
 CPUs: 12 total, 12 available
 Memory: 8013M
 Large Page Support: Disabled
 NUMA Support: Disabled
 Compressed Oops: Enabled (32-bit)
 Heap Region Size: 1M
 Heap Min Capacity: 8M
 Heap Initial Capacity: 126M
 Heap Max Capacity: 2004M
 Pre-touch: Disabled
 Parallel Workers: 10
 Concurrent Workers: 3
 Concurrent Refinement Workers: 10
 Periodic GC: Disabled

Heap:
 garbage-first heap   total reserved 2052096K, committed 387072K, used 47412K [0x0000000082c00000, 0x0000000100000000)
  region size 1024K, 2 young (2048K), 2 survivors (2048K)
 Metaspace       used 12122K, committed 12288K, reserved 1114112K
  class space    used 1399K, committed 1472K, reserved 1048576K

Heap Regions: E=young(eden), S=young(survivor), O=old, HS=humongous(starts), HC=humongous(continues), CS=collection set, F=free, TAMS=top-at-mark-start, PB=parsable bottom
|   0|0x0000000082c00000, 0x0000000082d00000, 0x0000000082d00000|100%|HS|  |TAMS 0x0000000082d00000| PB 0x0000000082c00000| Complete |  0
|   1|0x0000000082d00000, 0x0000000082e00000, 0x0000000082e00000|100%|HC|  |TAMS 0x0000000082e00000| PB 0x0000000082d00000| Complete |  0
|   2|0x0000000082e00000, 0x0000000082f00000, 0x0000000082f00000|100%|HC|  |TAMS 0x0000000082f00000| PB 0x0000000082e00000| Complete |  0
|   3|0x0000000082f00000, 0x0000000083000000, 0x0000000083000000|100%|HC|  |TAMS 0x0000000083000000| PB 0x0000000082f00000| Complete |  0
|   4|0x0000000083000000, 0x0000000083100000, 0x0000000083100000|100%|HC|  |TAMS 0x0000000083100000| PB 0x0000000083000000| Complete |  0
|   5|0x0000000083100000, 0x0000000083200000, 0x0000000083200000|100%|HC|  |TAMS 0x0000000083200000| PB 0x0000000083100000| Complete |  0
|   6|0x0000000083200000, 0x0000000083300000, 0x0000000083300000|100%|HC|  |TAMS 0x0000000083300000| PB 0x0000000083200000| Complete |  0
|   7|0x0000000083300000, 0x0000000083400000, 0x0000000083400000|100%|HC|  |TAMS 0x0000000083400000| PB 0x0000000083300000| Complete |  0
|   8|0x0000000083400000, 0x0000000083500000, 0x0000000083500000|100%|HC|  |TAMS 0x0000000083500000| PB 0x0000000083400000| Complete |  0
|   9|0x0000000083500000, 0x0000000083600000, 0x0000000083600000|100%|HC|  |TAMS 0x0000000083600000| PB 0x0000000083500000| Complete |  0
|  10|0x0000000083600000, 0x0000000083700000, 0x0000000083700000|100%| O|  |TAMS 0x0000000083700000| PB 0x0000000083600000| Untracked |  0
|  11|0x0000000083700000, 0x0000000083800000, 0x0000000083800000|100%|HS|  |TAMS 0x0000000083800000| PB 0x0000000083700000| Complete |  0
|  12|0x0000000083800000, 0x0000000083900000, 0x0000000083900000|100%|HC|  |TAMS 0x0000000083900000| PB 0x0000000083800000| Complete |  0
|  13|0x0000000083900000, 0x0000000083a00000, 0x0000000083a00000|100%|HC|  |TAMS 0x0000000083a00000| PB 0x0000000083900000| Complete |  0
|  14|0x0000000083a00000, 0x0000000083b00000, 0x0000000083b00000|100%|HC|  |TAMS 0x0000000083b00000| PB 0x0000000083a00000| Complete |  0
|  15|0x0000000083b00000, 0x0000000083b00000, 0x0000000083c00000|  0%| F|  |TAMS 0x0000000083b00000| PB 0x0000000083b00000| Untracked |  0
|  16|0x0000000083c00000, 0x0000000083c00000, 0x0000000083d00000|  0%| F|  |TAMS 0x0000000083c00000| PB 0x0000000083c00000| Untracked |  0
|  17|0x0000000083d00000, 0x0000000083d00000, 0x0000000083e00000|  0%| F|  |TAMS 0x0000000083d00000| PB 0x0000000083d00000| Untracked |  0
|  18|0x0000000083e00000, 0x0000000083e00000, 0x0000000083f00000|  0%| F|  |TAMS 0x0000000083e00000| PB 0x0000000083e00000| Untracked |  0
|  19|0x0000000083f00000, 0x0000000083f00000, 0x0000000084000000|  0%| F|  |TAMS 0x0000000083f00000| PB 0x0000000083f00000| Untracked |  0
|  20|0x0000000084000000, 0x0000000084000000, 0x0000000084100000|  0%| F|  |TAMS 0x0000000084000000| PB 0x0000000084000000| Untracked |  0
|  21|0x0000000084100000, 0x0000000084100000, 0x0000000084200000|  0%| F|  |TAMS 0x0000000084100000| PB 0x0000000084100000| Untracked |  0
|  22|0x0000000084200000, 0x0000000084200000, 0x0000000084300000|  0%| F|  |TAMS 0x0000000084200000| PB 0x0000000084200000| Untracked |  0
|  23|0x0000000084300000, 0x0000000084300000, 0x0000000084400000|  0%| F|  |TAMS 0x0000000084300000| PB 0x0000000084300000| Untracked |  0
|  24|0x0000000084400000, 0x0000000084400000, 0x0000000084500000|  0%| F|  |TAMS 0x0000000084400000| PB 0x0000000084400000| Untracked |  0
|  25|0x0000000084500000, 0x0000000084500000, 0x0000000084600000|  0%| F|  |TAMS 0x0000000084500000| PB 0x0000000084500000| Untracked |  0
|  26|0x0000000084600000, 0x0000000084600000, 0x0000000084700000|  0%| F|  |TAMS 0x0000000084600000| PB 0x0000000084600000| Untracked |  0
|  27|0x0000000084700000, 0x0000000084700000, 0x0000000084800000|  0%| F|  |TAMS 0x0000000084700000| PB 0x0000000084700000| Untracked |  0
|  28|0x0000000084800000, 0x0000000084800000, 0x0000000084900000|  0%| F|  |TAMS 0x0000000084800000| PB 0x0000000084800000| Untracked |  0
|  29|0x0000000084900000, 0x0000000084900000, 0x0000000084a00000|  0%| F|  |TAMS 0x0000000084900000| PB 0x0000000084900000| Untracked |  0
|  30|0x0000000084a00000, 0x0000000084a00000, 0x0000000084b00000|  0%| F|  |TAMS 0x0000000084a00000| PB 0x0000000084a00000| Untracked |  0
|  31|0x0000000084b00000, 0x0000000084b00000, 0x0000000084c00000|  0%| F|  |TAMS 0x0000000084b00000| PB 0x0000000084b00000| Untracked |  0
|  32|0x0000000084c00000, 0x0000000084c00000, 0x0000000084d00000|  0%| F|  |TAMS 0x0000000084c00000| PB 0x0000000084c00000| Untracked |  0
|  33|0x0000000084d00000, 0x0000000084d00000, 0x0000000084e00000|  0%| F|  |TAMS 0x0000000084d00000| PB 0x0000000084d00000| Untracked |  0
|  34|0x0000000084e00000, 0x0000000084e00000, 0x0000000084f00000|  0%| F|  |TAMS 0x0000000084e00000| PB 0x0000000084e00000| Untracked |  0
|  35|0x0000000084f00000, 0x0000000084f00000, 0x0000000085000000|  0%| F|  |TAMS 0x0000000084f00000| PB 0x0000000084f00000| Untracked |  0
|  36|0x0000000085000000, 0x0000000085000000, 0x0000000085100000|  0%| F|  |TAMS 0x0000000085000000| PB 0x0000000085000000| Untracked |  0
|  37|0x0000000085100000, 0x0000000085100000, 0x0000000085200000|  0%| F|  |TAMS 0x0000000085100000| PB 0x0000000085100000| Untracked |  0
|  38|0x0000000085200000, 0x0000000085200000, 0x0000000085300000|  0%| F|  |TAMS 0x0000000085200000| PB 0x0000000085200000| Untracked |  0
|  39|0x0000000085300000, 0x0000000085300000, 0x0000000085400000|  0%| F|  |TAMS 0x0000000085300000| PB 0x0000000085300000| Untracked |  0
|  40|0x0000000085400000, 0x0000000085400000, 0x0000000085500000|  0%| F|  |TAMS 0x0000000085400000| PB 0x0000000085400000| Untracked |  0
|  41|0x0000000085500000, 0x0000000085500000, 0x0000000085600000|  0%| F|  |TAMS 0x0000000085500000| PB 0x0000000085500000| Untracked |  0
|  42|0x0000000085600000, 0x0000000085600000, 0x0000000085700000|  0%| F|  |TAMS 0x0000000085600000| PB 0x0000000085600000| Untracked |  0
|  43|0x0000000085700000, 0x0000000085700000, 0x0000000085800000|  0%| F|  |TAMS 0x0000000085700000| PB 0x0000000085700000| Untracked |  0
|  44|0x0000000085800000, 0x0000000085800000, 0x0000000085900000|  0%| F|  |TAMS 0x0000000085800000| PB 0x0000000085800000| Untracked |  0
|  45|0x0000000085900000, 0x0000000085900000, 0x0000000085a00000|  0%| F|  |TAMS 0x0000000085900000| PB 0x0000000085900000| Untracked |  0
|  46|0x0000000085a00000, 0x0000000085a00000, 0x0000000085b00000|  0%| F|  |TAMS 0x0000000085a00000| PB 0x0000000085a00000| Untracked |  0
|  47|0x0000000085b00000, 0x0000000085b00000, 0x0000000085c00000|  0%| F|  |TAMS 0x0000000085b00000| PB 0x0000000085b00000| Untracked |  0
|  48|0x0000000085c00000, 0x0000000085c00000, 0x0000000085d00000|  0%| F|  |TAMS 0x0000000085c00000| PB 0x0000000085c00000| Untracked |  0
|  49|0x0000000085d00000, 0x0000000085e00000, 0x0000000085e00000|100%| O|  |TAMS 0x0000000085e00000| PB 0x0000000085d00000| Untracked |  0
|  50|0x0000000085e00000, 0x0000000085f00000, 0x0000000085f00000|100%| O|  |TAMS 0x0000000085f00000| PB 0x0000000085e00000| Untracked |  0
|  51|0x0000000085f00000, 0x0000000085f64970, 0x0000000086000000| 39%| O|  |TAMS 0x0000000085f64970| PB 0x0000000085f00000| Untracked |  0
|  52|0x0000000086000000, 0x0000000086000000, 0x0000000086100000|  0%| F|  |TAMS 0x0000000086000000| PB 0x0000000086000000| Untracked |  0
|  53|0x0000000086100000, 0x0000000086100000, 0x0000000086200000|  0%| F|  |TAMS 0x0000000086100000| PB 0x0000000086100000| Untracked |  0
|  54|0x0000000086200000, 0x0000000086200000, 0x0000000086300000|  0%| F|  |TAMS 0x0000000086200000| PB 0x0000000086200000| Untracked |  0
|  55|0x0000000086300000, 0x0000000086300000, 0x0000000086400000|  0%| F|  |TAMS 0x0000000086300000| PB 0x0000000086300000| Untracked |  0
|  56|0x0000000086400000, 0x0000000086400000, 0x0000000086500000|  0%| F|  |TAMS 0x0000000086400000| PB 0x0000000086400000| Untracked |  0
|  57|0x0000000086500000, 0x0000000086500000, 0x0000000086600000|  0%| F|  |TAMS 0x0000000086500000| PB 0x0000000086500000| Untracked |  0
|  58|0x0000000086600000, 0x0000000086600000, 0x0000000086700000|  0%| F|  |TAMS 0x0000000086600000| PB 0x0000000086600000| Untracked |  0
|  59|0x0000000086700000, 0x0000000086700000, 0x0000000086800000|  0%| F|  |TAMS 0x0000000086700000| PB 0x0000000086700000| Untracked |  0
|  60|0x0000000086800000, 0x0000000086800000, 0x0000000086900000|  0%| F|  |TAMS 0x0000000086800000| PB 0x0000000086800000| Untracked |  0
|  61|0x0000000086900000, 0x0000000086900000, 0x0000000086a00000|  0%| F|  |TAMS 0x0000000086900000| PB 0x0000000086900000| Untracked |  0
|  62|0x0000000086a00000, 0x0000000086a00000, 0x0000000086b00000|  0%| F|  |TAMS 0x0000000086a00000| PB 0x0000000086a00000| Untracked |  0
|  63|0x0000000086b00000, 0x0000000086b00000, 0x0000000086c00000|  0%| F|  |TAMS 0x0000000086b00000| PB 0x0000000086b00000| Untracked |  0
|  64|0x0000000086c00000, 0x0000000086c00000, 0x0000000086d00000|  0%| F|  |TAMS 0x0000000086c00000| PB 0x0000000086c00000| Untracked |  0
|  65|0x0000000086d00000, 0x0000000086d00000, 0x0000000086e00000|  0%| F|  |TAMS 0x0000000086d00000| PB 0x0000000086d00000| Untracked |  0
|  66|0x0000000086e00000, 0x0000000086e00000, 0x0000000086f00000|  0%| F|  |TAMS 0x0000000086e00000| PB 0x0000000086e00000| Untracked |  0
|  67|0x0000000086f00000, 0x0000000086f00000, 0x0000000087000000|  0%| F|  |TAMS 0x0000000086f00000| PB 0x0000000086f00000| Untracked |  0
|  68|0x0000000087000000, 0x0000000087000000, 0x0000000087100000|  0%| F|  |TAMS 0x0000000087000000| PB 0x0000000087000000| Untracked |  0
|  69|0x0000000087100000, 0x0000000087100000, 0x0000000087200000|  0%| F|  |TAMS 0x0000000087100000| PB 0x0000000087100000| Untracked |  0
|  70|0x0000000087200000, 0x0000000087200000, 0x0000000087300000|  0%| F|  |TAMS 0x0000000087200000| PB 0x0000000087200000| Untracked |  0
|  71|0x0000000087300000, 0x0000000087300000, 0x0000000087400000|  0%| F|  |TAMS 0x0000000087300000| PB 0x0000000087300000| Untracked |  0
|  72|0x0000000087400000, 0x0000000087400000, 0x0000000087500000|  0%| F|  |TAMS 0x0000000087400000| PB 0x0000000087400000| Untracked |  0
|  73|0x0000000087500000, 0x0000000087500000, 0x0000000087600000|  0%| F|  |TAMS 0x0000000087500000| PB 0x0000000087500000| Untracked |  0
|  74|0x0000000087600000, 0x0000000087600000, 0x0000000087700000|  0%| F|  |TAMS 0x0000000087600000| PB 0x0000000087600000| Untracked |  0
|  75|0x0000000087700000, 0x0000000087700000, 0x0000000087800000|  0%| F|  |TAMS 0x0000000087700000| PB 0x0000000087700000| Untracked |  0
|  76|0x0000000087800000, 0x0000000087800000, 0x0000000087900000|  0%| F|  |TAMS 0x0000000087800000| PB 0x0000000087800000| Untracked |  0
|  77|0x0000000087900000, 0x0000000087900000, 0x0000000087a00000|  0%| F|  |TAMS 0x0000000087900000| PB 0x0000000087900000| Untracked |  0
|  78|0x0000000087a00000, 0x0000000087a00000, 0x0000000087b00000|  0%| F|  |TAMS 0x0000000087a00000| PB 0x0000000087a00000| Untracked |  0
|  79|0x0000000087b00000, 0x0000000087b00000, 0x0000000087c00000|  0%| F|  |TAMS 0x0000000087b00000| PB 0x0000000087b00000| Untracked |  0
|  80|0x0000000087c00000, 0x0000000087c00000, 0x0000000087d00000|  0%| F|  |TAMS 0x0000000087c00000| PB 0x0000000087c00000| Untracked |  0
|  81|0x0000000087d00000, 0x0000000087d00000, 0x0000000087e00000|  0%| F|  |TAMS 0x0000000087d00000| PB 0x0000000087d00000| Untracked |  0
|  82|0x0000000087e00000, 0x0000000087e00000, 0x0000000087f00000|  0%| F|  |TAMS 0x0000000087e00000| PB 0x0000000087e00000| Untracked |  0
|  83|0x0000000087f00000, 0x0000000087f00000, 0x0000000088000000|  0%| F|  |TAMS 0x0000000087f00000| PB 0x0000000087f00000| Untracked |  0
|  84|0x0000000088000000, 0x0000000088000000, 0x0000000088100000|  0%| F|  |TAMS 0x0000000088000000| PB 0x0000000088000000| Untracked |  0
|  85|0x0000000088100000, 0x0000000088100000, 0x0000000088200000|  0%| F|  |TAMS 0x0000000088100000| PB 0x0000000088100000| Untracked |  0
|  86|0x0000000088200000, 0x0000000088200000, 0x0000000088300000|  0%| F|  |TAMS 0x0000000088200000| PB 0x0000000088200000| Untracked |  0
|  87|0x0000000088300000, 0x0000000088300000, 0x0000000088400000|  0%| F|  |TAMS 0x0000000088300000| PB 0x0000000088300000| Untracked |  0
|  88|0x0000000088400000, 0x0000000088400000, 0x0000000088500000|  0%| F|  |TAMS 0x0000000088400000| PB 0x0000000088400000| Untracked |  0
|  89|0x0000000088500000, 0x0000000088500000, 0x0000000088600000|  0%| F|  |TAMS 0x0000000088500000| PB 0x0000000088500000| Untracked |  0
|  90|0x0000000088600000, 0x0000000088600000, 0x0000000088700000|  0%| F|  |TAMS 0x0000000088600000| PB 0x0000000088600000| Untracked |  0
|  91|0x0000000088700000, 0x0000000088700000, 0x0000000088800000|  0%| F|  |TAMS 0x0000000088700000| PB 0x0000000088700000| Untracked |  0
|  92|0x0000000088800000, 0x0000000088800000, 0x0000000088900000|  0%| F|  |TAMS 0x0000000088800000| PB 0x0000000088800000| Untracked |  0
|  93|0x0000000088900000, 0x0000000088900000, 0x0000000088a00000|  0%| F|  |TAMS 0x0000000088900000| PB 0x0000000088900000| Untracked |  0
|  94|0x0000000088a00000, 0x0000000088a00000, 0x0000000088b00000|  0%| F|  |TAMS 0x0000000088a00000| PB 0x0000000088a00000| Untracked |  0
|  95|0x0000000088b00000, 0x0000000088b00000, 0x0000000088c00000|  0%| F|  |TAMS 0x0000000088b00000| PB 0x0000000088b00000| Untracked |  0
|  96|0x0000000088c00000, 0x0000000088c00000, 0x0000000088d00000|  0%| F|  |TAMS 0x0000000088c00000| PB 0x0000000088c00000| Untracked |  0
|  97|0x0000000088d00000, 0x0000000088d00000, 0x0000000088e00000|  0%| F|  |TAMS 0x0000000088d00000| PB 0x0000000088d00000| Untracked |  0
|  98|0x0000000088e00000, 0x0000000088e00000, 0x0000000088f00000|  0%| F|  |TAMS 0x0000000088e00000| PB 0x0000000088e00000| Untracked |  0
|  99|0x0000000088f00000, 0x0000000088f00000, 0x0000000089000000|  0%| F|  |TAMS 0x0000000088f00000| PB 0x0000000088f00000| Untracked |  0
| 100|0x0000000089000000, 0x0000000089000000, 0x0000000089100000|  0%| F|  |TAMS 0x0000000089000000| PB 0x0000000089000000| Untracked |  0
| 101|0x0000000089100000, 0x0000000089100000, 0x0000000089200000|  0%| F|  |TAMS 0x0000000089100000| PB 0x0000000089100000| Untracked |  0
| 102|0x0000000089200000, 0x0000000089200000, 0x0000000089300000|  0%| F|  |TAMS 0x0000000089200000| PB 0x0000000089200000| Untracked |  0
| 103|0x0000000089300000, 0x0000000089300000, 0x0000000089400000|  0%| F|  |TAMS 0x0000000089300000| PB 0x0000000089300000| Untracked |  0
| 104|0x0000000089400000, 0x0000000089400000, 0x0000000089500000|  0%| F|  |TAMS 0x0000000089400000| PB 0x0000000089400000| Untracked |  0
| 105|0x0000000089500000, 0x0000000089500000, 0x0000000089600000|  0%| F|  |TAMS 0x0000000089500000| PB 0x0000000089500000| Untracked |  0
| 106|0x0000000089600000, 0x0000000089600000, 0x0000000089700000|  0%| F|  |TAMS 0x0000000089600000| PB 0x0000000089600000| Untracked |  0
| 107|0x0000000089700000, 0x0000000089700000, 0x0000000089800000|  0%| F|  |TAMS 0x0000000089700000| PB 0x0000000089700000| Untracked |  0
| 108|0x0000000089800000, 0x0000000089800000, 0x0000000089900000|  0%| F|  |TAMS 0x0000000089800000| PB 0x0000000089800000| Untracked |  0
| 109|0x0000000089900000, 0x0000000089900000, 0x0000000089a00000|  0%| F|  |TAMS 0x0000000089900000| PB 0x0000000089900000| Untracked |  0
| 110|0x0000000089a00000, 0x0000000089a00000, 0x0000000089b00000|  0%| F|  |TAMS 0x0000000089a00000| PB 0x0000000089a00000| Untracked |  0
| 111|0x0000000089b00000, 0x0000000089b00000, 0x0000000089c00000|  0%| F|  |TAMS 0x0000000089b00000| PB 0x0000000089b00000| Untracked |  0
| 112|0x0000000089c00000, 0x0000000089c00000, 0x0000000089d00000|  0%| F|  |TAMS 0x0000000089c00000| PB 0x0000000089c00000| Untracked |  0
| 113|0x0000000089d00000, 0x0000000089d00000, 0x0000000089e00000|  0%| F|  |TAMS 0x0000000089d00000| PB 0x0000000089d00000| Untracked |  0
| 114|0x0000000089e00000, 0x0000000089e00000, 0x0000000089f00000|  0%| F|  |TAMS 0x0000000089e00000| PB 0x0000000089e00000| Untracked |  0
| 115|0x0000000089f00000, 0x0000000089f00000, 0x000000008a000000|  0%| F|  |TAMS 0x0000000089f00000| PB 0x0000000089f00000| Untracked |  0
| 116|0x000000008a000000, 0x000000008a000000, 0x000000008a100000|  0%| F|  |TAMS 0x000000008a000000| PB 0x000000008a000000| Untracked |  0
| 117|0x000000008a100000, 0x000000008a100000, 0x000000008a200000|  0%| F|  |TAMS 0x000000008a100000| PB 0x000000008a100000| Untracked |  0
| 118|0x000000008a200000, 0x000000008a200000, 0x000000008a300000|  0%| F|  |TAMS 0x000000008a200000| PB 0x000000008a200000| Untracked |  0
| 119|0x000000008a300000, 0x000000008a300000, 0x000000008a400000|  0%| F|  |TAMS 0x000000008a300000| PB 0x000000008a300000| Untracked |  0
| 120|0x000000008a400000, 0x000000008a400000, 0x000000008a500000|  0%| F|  |TAMS 0x000000008a400000| PB 0x000000008a400000| Untracked |  0
| 121|0x000000008a500000, 0x000000008a500000, 0x000000008a600000|  0%| F|  |TAMS 0x000000008a500000| PB 0x000000008a500000| Untracked |  0
| 122|0x000000008a600000, 0x000000008a600000, 0x000000008a700000|  0%| F|  |TAMS 0x000000008a600000| PB 0x000000008a600000| Untracked |  0
| 123|0x000000008a700000, 0x000000008a700000, 0x000000008a800000|  0%| F|  |TAMS 0x000000008a700000| PB 0x000000008a700000| Untracked |  0
| 124|0x000000008a800000, 0x000000008a800000, 0x000000008a900000|  0%| F|  |TAMS 0x000000008a800000| PB 0x000000008a800000| Untracked |  0
| 125|0x000000008a900000, 0x000000008a900000, 0x000000008aa00000|  0%| F|  |TAMS 0x000000008a900000| PB 0x000000008a900000| Untracked |  0
| 126|0x000000008aa00000, 0x000000008aa00000, 0x000000008ab00000|  0%| F|  |TAMS 0x000000008aa00000| PB 0x000000008aa00000| Untracked |  0
| 127|0x000000008ab00000, 0x000000008ac00000, 0x000000008ac00000|100%|HS|  |TAMS 0x000000008ac00000| PB 0x000000008ab00000| Complete |  0
| 128|0x000000008ac00000, 0x000000008ad00000, 0x000000008ad00000|100%|HC|  |TAMS 0x000000008ad00000| PB 0x000000008ac00000| Complete |  0
| 129|0x000000008ad00000, 0x000000008ae00000, 0x000000008ae00000|100%|HC|  |TAMS 0x000000008ae00000| PB 0x000000008ad00000| Complete |  0
| 130|0x000000008ae00000, 0x000000008af00000, 0x000000008af00000|100%|HC|  |TAMS 0x000000008af00000| PB 0x000000008ae00000| Complete |  0
| 131|0x000000008af00000, 0x000000008b000000, 0x000000008b000000|100%|HC|  |TAMS 0x000000008b000000| PB 0x000000008af00000| Complete |  0
| 132|0x000000008b000000, 0x000000008b100000, 0x000000008b100000|100%|HC|  |TAMS 0x000000008b100000| PB 0x000000008b000000| Complete |  0
| 133|0x000000008b100000, 0x000000008b200000, 0x000000008b200000|100%|HC|  |TAMS 0x000000008b200000| PB 0x000000008b100000| Complete |  0
| 134|0x000000008b200000, 0x000000008b300000, 0x000000008b300000|100%|HC|  |TAMS 0x000000008b300000| PB 0x000000008b200000| Complete |  0
| 135|0x000000008b300000, 0x000000008b400000, 0x000000008b400000|100%|HC|  |TAMS 0x000000008b400000| PB 0x000000008b300000| Complete |  0
| 136|0x000000008b400000, 0x000000008b500000, 0x000000008b500000|100%|HC|  |TAMS 0x000000008b500000| PB 0x000000008b400000| Complete |  0
| 137|0x000000008b500000, 0x000000008b600000, 0x000000008b600000|100%|HS|  |TAMS 0x000000008b600000| PB 0x000000008b500000| Complete |  0
| 138|0x000000008b600000, 0x000000008b700000, 0x000000008b700000|100%|HC|  |TAMS 0x000000008b700000| PB 0x000000008b600000| Complete |  0
| 139|0x000000008b700000, 0x000000008b800000, 0x000000008b800000|100%|HC|  |TAMS 0x000000008b800000| PB 0x000000008b700000| Complete |  0
| 140|0x000000008b800000, 0x000000008b900000, 0x000000008b900000|100%|HC|  |TAMS 0x000000008b900000| PB 0x000000008b800000| Complete |  0
| 141|0x000000008b900000, 0x000000008ba00000, 0x000000008ba00000|100%|HC|  |TAMS 0x000000008ba00000| PB 0x000000008b900000| Complete |  0
| 142|0x000000008ba00000, 0x000000008bb00000, 0x000000008bb00000|100%|HC|  |TAMS 0x000000008bb00000| PB 0x000000008ba00000| Complete |  0
| 143|0x000000008bb00000, 0x000000008bc00000, 0x000000008bc00000|100%|HC|  |TAMS 0x000000008bc00000| PB 0x000000008bb00000| Complete |  0
| 144|0x000000008bc00000, 0x000000008bd00000, 0x000000008bd00000|100%|HS|  |TAMS 0x000000008bd00000| PB 0x000000008bc00000| Complete |  0
| 145|0x000000008bd00000, 0x000000008be00000, 0x000000008be00000|100%|HC|  |TAMS 0x000000008be00000| PB 0x000000008bd00000| Complete |  0
| 146|0x000000008be00000, 0x000000008bf00000, 0x000000008bf00000|100%|HC|  |TAMS 0x000000008bf00000| PB 0x000000008be00000| Complete |  0
| 147|0x000000008bf00000, 0x000000008c000000, 0x000000008c000000|100%|HC|  |TAMS 0x000000008c000000| PB 0x000000008bf00000| Complete |  0
| 148|0x000000008c000000, 0x000000008c100000, 0x000000008c100000|100%|HC|  |TAMS 0x000000008c100000| PB 0x000000008c000000| Complete |  0
| 149|0x000000008c100000, 0x000000008c200000, 0x000000008c200000|100%|HC|  |TAMS 0x000000008c200000| PB 0x000000008c100000| Complete |  0
| 150|0x000000008c200000, 0x000000008c300000, 0x000000008c300000|100%|HC|  |TAMS 0x000000008c300000| PB 0x000000008c200000| Complete |  0
| 151|0x000000008c300000, 0x000000008c400000, 0x000000008c400000|100%|HC|  |TAMS 0x000000008c400000| PB 0x000000008c300000| Complete |  0
| 152|0x000000008c400000, 0x000000008c500000, 0x000000008c500000|100%|HC|  |TAMS 0x000000008c500000| PB 0x000000008c400000| Complete |  0
| 153|0x000000008c500000, 0x000000008c600000, 0x000000008c600000|100%|HC|  |TAMS 0x000000008c600000| PB 0x000000008c500000| Complete |  0
| 154|0x000000008c600000, 0x000000008c600000, 0x000000008c700000|  0%| F|  |TAMS 0x000000008c600000| PB 0x000000008c600000| Untracked |  0
| 155|0x000000008c700000, 0x000000008c700000, 0x000000008c800000|  0%| F|  |TAMS 0x000000008c700000| PB 0x000000008c700000| Untracked |  0
| 156|0x000000008c800000, 0x000000008c800000, 0x000000008c900000|  0%| F|  |TAMS 0x000000008c800000| PB 0x000000008c800000| Untracked |  0
| 157|0x000000008c900000, 0x000000008c900000, 0x000000008ca00000|  0%| F|  |TAMS 0x000000008c900000| PB 0x000000008c900000| Untracked |  0
| 158|0x000000008ca00000, 0x000000008ca00000, 0x000000008cb00000|  0%| F|  |TAMS 0x000000008ca00000| PB 0x000000008ca00000| Untracked |  0
| 159|0x000000008cb00000, 0x000000008cb00000, 0x000000008cc00000|  0%| F|  |TAMS 0x000000008cb00000| PB 0x000000008cb00000| Untracked |  0
| 160|0x000000008cc00000, 0x000000008cc00000, 0x000000008cd00000|  0%| F|  |TAMS 0x000000008cc00000| PB 0x000000008cc00000| Untracked |  0
| 161|0x000000008cd00000, 0x000000008cd00000, 0x000000008ce00000|  0%| F|  |TAMS 0x000000008cd00000| PB 0x000000008cd00000| Untracked |  0
| 162|0x000000008ce00000, 0x000000008ce00000, 0x000000008cf00000|  0%| F|  |TAMS 0x000000008ce00000| PB 0x000000008ce00000| Untracked |  0
| 163|0x000000008cf00000, 0x000000008cf00000, 0x000000008d000000|  0%| F|  |TAMS 0x000000008cf00000| PB 0x000000008cf00000| Untracked |  0
| 164|0x000000008d000000, 0x000000008d000000, 0x000000008d100000|  0%| F|  |TAMS 0x000000008d000000| PB 0x000000008d000000| Untracked |  0
| 165|0x000000008d100000, 0x000000008d100000, 0x000000008d200000|  0%| F|  |TAMS 0x000000008d100000| PB 0x000000008d100000| Untracked |  0
| 166|0x000000008d200000, 0x000000008d200000, 0x000000008d300000|  0%| F|  |TAMS 0x000000008d200000| PB 0x000000008d200000| Untracked |  0
| 167|0x000000008d300000, 0x000000008d300000, 0x000000008d400000|  0%| F|  |TAMS 0x000000008d300000| PB 0x000000008d300000| Untracked |  0
| 168|0x000000008d400000, 0x000000008d400000, 0x000000008d500000|  0%| F|  |TAMS 0x000000008d400000| PB 0x000000008d400000| Untracked |  0
| 169|0x000000008d500000, 0x000000008d500000, 0x000000008d600000|  0%| F|  |TAMS 0x000000008d500000| PB 0x000000008d500000| Untracked |  0
| 170|0x000000008d600000, 0x000000008d600000, 0x000000008d700000|  0%| F|  |TAMS 0x000000008d600000| PB 0x000000008d600000| Untracked |  0
| 171|0x000000008d700000, 0x000000008d700000, 0x000000008d800000|  0%| F|  |TAMS 0x000000008d700000| PB 0x000000008d700000| Untracked |  0
| 172|0x000000008d800000, 0x000000008d800000, 0x000000008d900000|  0%| F|  |TAMS 0x000000008d800000| PB 0x000000008d800000| Untracked |  0
| 173|0x000000008d900000, 0x000000008d900000, 0x000000008da00000|  0%| F|  |TAMS 0x000000008d900000| PB 0x000000008d900000| Untracked |  0
| 174|0x000000008da00000, 0x000000008da00000, 0x000000008db00000|  0%| F|  |TAMS 0x000000008da00000| PB 0x000000008da00000| Untracked |  0
| 175|0x000000008db00000, 0x000000008db00000, 0x000000008dc00000|  0%| F|  |TAMS 0x000000008db00000| PB 0x000000008db00000| Untracked |  0
| 176|0x000000008dc00000, 0x000000008dc00000, 0x000000008dd00000|  0%| F|  |TAMS 0x000000008dc00000| PB 0x000000008dc00000| Untracked |  0
| 177|0x000000008dd00000, 0x000000008dd00000, 0x000000008de00000|  0%| F|  |TAMS 0x000000008dd00000| PB 0x000000008dd00000| Untracked |  0
| 178|0x000000008de00000, 0x000000008de00000, 0x000000008df00000|  0%| F|  |TAMS 0x000000008de00000| PB 0x000000008de00000| Untracked |  0
| 179|0x000000008df00000, 0x000000008df00000, 0x000000008e000000|  0%| F|  |TAMS 0x000000008df00000| PB 0x000000008df00000| Untracked |  0
| 180|0x000000008e000000, 0x000000008e000000, 0x000000008e100000|  0%| F|  |TAMS 0x000000008e000000| PB 0x000000008e000000| Untracked |  0
| 181|0x000000008e100000, 0x000000008e100000, 0x000000008e200000|  0%| F|  |TAMS 0x000000008e100000| PB 0x000000008e100000| Untracked |  0
| 182|0x000000008e200000, 0x000000008e200000, 0x000000008e300000|  0%| F|  |TAMS 0x000000008e200000| PB 0x000000008e200000| Untracked |  0
| 183|0x000000008e300000, 0x000000008e300000, 0x000000008e400000|  0%| F|  |TAMS 0x000000008e300000| PB 0x000000008e300000| Untracked |  0
| 184|0x000000008e400000, 0x000000008e400000, 0x000000008e500000|  0%| F|  |TAMS 0x000000008e400000| PB 0x000000008e400000| Untracked |  0
| 185|0x000000008e500000, 0x000000008e500000, 0x000000008e600000|  0%| F|  |TAMS 0x000000008e500000| PB 0x000000008e500000| Untracked |  0
| 186|0x000000008e600000, 0x000000008e600000, 0x000000008e700000|  0%| F|  |TAMS 0x000000008e600000| PB 0x000000008e600000| Untracked |  0
| 187|0x000000008e700000, 0x000000008e700000, 0x000000008e800000|  0%| F|  |TAMS 0x000000008e700000| PB 0x000000008e700000| Untracked |  0
| 188|0x000000008e800000, 0x000000008e800000, 0x000000008e900000|  0%| F|  |TAMS 0x000000008e800000| PB 0x000000008e800000| Untracked |  0
| 189|0x000000008e900000, 0x000000008e900000, 0x000000008ea00000|  0%| F|  |TAMS 0x000000008e900000| PB 0x000000008e900000| Untracked |  0
| 190|0x000000008ea00000, 0x000000008ea00000, 0x000000008eb00000|  0%| F|  |TAMS 0x000000008ea00000| PB 0x000000008ea00000| Untracked |  0
| 191|0x000000008eb00000, 0x000000008eb00000, 0x000000008ec00000|  0%| F|  |TAMS 0x000000008eb00000| PB 0x000000008eb00000| Untracked |  0
| 192|0x000000008ec00000, 0x000000008ec00000, 0x000000008ed00000|  0%| F|  |TAMS 0x000000008ec00000| PB 0x000000008ec00000| Untracked |  0
| 193|0x000000008ed00000, 0x000000008ed00000, 0x000000008ee00000|  0%| F|  |TAMS 0x000000008ed00000| PB 0x000000008ed00000| Untracked |  0
| 194|0x000000008ee00000, 0x000000008ee00000, 0x000000008ef00000|  0%| F|  |TAMS 0x000000008ee00000| PB 0x000000008ee00000| Untracked |  0
| 195|0x000000008ef00000, 0x000000008ef00000, 0x000000008f000000|  0%| F|  |TAMS 0x000000008ef00000| PB 0x000000008ef00000| Untracked |  0
| 196|0x000000008f000000, 0x000000008f000000, 0x000000008f100000|  0%| F|  |TAMS 0x000000008f000000| PB 0x000000008f000000| Untracked |  0
| 197|0x000000008f100000, 0x000000008f100000, 0x000000008f200000|  0%| F|  |TAMS 0x000000008f100000| PB 0x000000008f100000| Untracked |  0
| 198|0x000000008f200000, 0x000000008f200000, 0x000000008f300000|  0%| F|  |TAMS 0x000000008f200000| PB 0x000000008f200000| Untracked |  0
| 199|0x000000008f300000, 0x000000008f300000, 0x000000008f400000|  0%| F|  |TAMS 0x000000008f300000| PB 0x000000008f300000| Untracked |  0
| 200|0x000000008f400000, 0x000000008f400000, 0x000000008f500000|  0%| F|  |TAMS 0x000000008f400000| PB 0x000000008f400000| Untracked |  0
| 201|0x000000008f500000, 0x000000008f500000, 0x000000008f600000|  0%| F|  |TAMS 0x000000008f500000| PB 0x000000008f500000| Untracked |  0
| 202|0x000000008f600000, 0x000000008f600000, 0x000000008f700000|  0%| F|  |TAMS 0x000000008f600000| PB 0x000000008f600000| Untracked |  0
| 203|0x000000008f700000, 0x000000008f700000, 0x000000008f800000|  0%| F|  |TAMS 0x000000008f700000| PB 0x000000008f700000| Untracked |  0
| 204|0x000000008f800000, 0x000000008f800000, 0x000000008f900000|  0%| F|  |TAMS 0x000000008f800000| PB 0x000000008f800000| Untracked |  0
| 205|0x000000008f900000, 0x000000008f900000, 0x000000008fa00000|  0%| F|  |TAMS 0x000000008f900000| PB 0x000000008f900000| Untracked |  0
| 206|0x000000008fa00000, 0x000000008fa00000, 0x000000008fb00000|  0%| F|  |TAMS 0x000000008fa00000| PB 0x000000008fa00000| Untracked |  0
| 207|0x000000008fb00000, 0x000000008fb00000, 0x000000008fc00000|  0%| F|  |TAMS 0x000000008fb00000| PB 0x000000008fb00000| Untracked |  0
| 208|0x000000008fc00000, 0x000000008fc00000, 0x000000008fd00000|  0%| F|  |TAMS 0x000000008fc00000| PB 0x000000008fc00000| Untracked |  0
| 209|0x000000008fd00000, 0x000000008fd00000, 0x000000008fe00000|  0%| F|  |TAMS 0x000000008fd00000| PB 0x000000008fd00000| Untracked |  0
| 210|0x000000008fe00000, 0x000000008fe00000, 0x000000008ff00000|  0%| F|  |TAMS 0x000000008fe00000| PB 0x000000008fe00000| Untracked |  0
| 211|0x000000008ff00000, 0x000000008ff00000, 0x0000000090000000|  0%| F|  |TAMS 0x000000008ff00000| PB 0x000000008ff00000| Untracked |  0
| 212|0x0000000090000000, 0x0000000090000000, 0x0000000090100000|  0%| F|  |TAMS 0x0000000090000000| PB 0x0000000090000000| Untracked |  0
| 213|0x0000000090100000, 0x0000000090100000, 0x0000000090200000|  0%| F|  |TAMS 0x0000000090100000| PB 0x0000000090100000| Untracked |  0
| 214|0x0000000090200000, 0x0000000090200000, 0x0000000090300000|  0%| F|  |TAMS 0x0000000090200000| PB 0x0000000090200000| Untracked |  0
| 215|0x0000000090300000, 0x0000000090300000, 0x0000000090400000|  0%| F|  |TAMS 0x0000000090300000| PB 0x0000000090300000| Untracked |  0
| 216|0x0000000090400000, 0x0000000090400000, 0x0000000090500000|  0%| F|  |TAMS 0x0000000090400000| PB 0x0000000090400000| Untracked |  0
| 217|0x0000000090500000, 0x0000000090500000, 0x0000000090600000|  0%| F|  |TAMS 0x0000000090500000| PB 0x0000000090500000| Untracked |  0
| 218|0x0000000090600000, 0x0000000090600000, 0x0000000090700000|  0%| F|  |TAMS 0x0000000090600000| PB 0x0000000090600000| Untracked |  0
| 219|0x0000000090700000, 0x0000000090700000, 0x0000000090800000|  0%| F|  |TAMS 0x0000000090700000| PB 0x0000000090700000| Untracked |  0
| 220|0x0000000090800000, 0x0000000090800000, 0x0000000090900000|  0%| F|  |TAMS 0x0000000090800000| PB 0x0000000090800000| Untracked |  0
| 221|0x0000000090900000, 0x0000000090900000, 0x0000000090a00000|  0%| F|  |TAMS 0x0000000090900000| PB 0x0000000090900000| Untracked |  0
| 222|0x0000000090a00000, 0x0000000090a00000, 0x0000000090b00000|  0%| F|  |TAMS 0x0000000090a00000| PB 0x0000000090a00000| Untracked |  0
| 223|0x0000000090b00000, 0x0000000090b00000, 0x0000000090c00000|  0%| F|  |TAMS 0x0000000090b00000| PB 0x0000000090b00000| Untracked |  0
| 224|0x0000000090c00000, 0x0000000090c00000, 0x0000000090d00000|  0%| F|  |TAMS 0x0000000090c00000| PB 0x0000000090c00000| Untracked |  0
| 225|0x0000000090d00000, 0x0000000090d00000, 0x0000000090e00000|  0%| F|  |TAMS 0x0000000090d00000| PB 0x0000000090d00000| Untracked |  0
| 226|0x0000000090e00000, 0x0000000090e00000, 0x0000000090f00000|  0%| F|  |TAMS 0x0000000090e00000| PB 0x0000000090e00000| Untracked |  0
| 227|0x0000000090f00000, 0x0000000090f00000, 0x0000000091000000|  0%| F|  |TAMS 0x0000000090f00000| PB 0x0000000090f00000| Untracked |  0
| 228|0x0000000091000000, 0x0000000091000000, 0x0000000091100000|  0%| F|  |TAMS 0x0000000091000000| PB 0x0000000091000000| Untracked |  0
| 229|0x0000000091100000, 0x0000000091100000, 0x0000000091200000|  0%| F|  |TAMS 0x0000000091100000| PB 0x0000000091100000| Untracked |  0
| 230|0x0000000091200000, 0x0000000091200000, 0x0000000091300000|  0%| F|  |TAMS 0x0000000091200000| PB 0x0000000091200000| Untracked |  0
| 231|0x0000000091300000, 0x0000000091300000, 0x0000000091400000|  0%| F|  |TAMS 0x0000000091300000| PB 0x0000000091300000| Untracked |  0
| 232|0x0000000091400000, 0x0000000091400000, 0x0000000091500000|  0%| F|  |TAMS 0x0000000091400000| PB 0x0000000091400000| Untracked |  0
| 233|0x0000000091500000, 0x0000000091500000, 0x0000000091600000|  0%| F|  |TAMS 0x0000000091500000| PB 0x0000000091500000| Untracked |  0
| 234|0x0000000091600000, 0x0000000091600000, 0x0000000091700000|  0%| F|  |TAMS 0x0000000091600000| PB 0x0000000091600000| Untracked |  0
| 235|0x0000000091700000, 0x0000000091700000, 0x0000000091800000|  0%| F|  |TAMS 0x0000000091700000| PB 0x0000000091700000| Untracked |  0
| 236|0x0000000091800000, 0x0000000091800000, 0x0000000091900000|  0%| F|  |TAMS 0x0000000091800000| PB 0x0000000091800000| Untracked |  0
| 237|0x0000000091900000, 0x0000000091900000, 0x0000000091a00000|  0%| F|  |TAMS 0x0000000091900000| PB 0x0000000091900000| Untracked |  0
| 238|0x0000000091a00000, 0x0000000091a00000, 0x0000000091b00000|  0%| F|  |TAMS 0x0000000091a00000| PB 0x0000000091a00000| Untracked |  0
| 239|0x0000000091b00000, 0x0000000091b00000, 0x0000000091c00000|  0%| F|  |TAMS 0x0000000091b00000| PB 0x0000000091b00000| Untracked |  0
| 240|0x0000000091c00000, 0x0000000091c00000, 0x0000000091d00000|  0%| F|  |TAMS 0x0000000091c00000| PB 0x0000000091c00000| Untracked |  0
| 241|0x0000000091d00000, 0x0000000091d00000, 0x0000000091e00000|  0%| F|  |TAMS 0x0000000091d00000| PB 0x0000000091d00000| Untracked |  0
| 242|0x0000000091e00000, 0x0000000091e00000, 0x0000000091f00000|  0%| F|  |TAMS 0x0000000091e00000| PB 0x0000000091e00000| Untracked |  0
| 243|0x0000000091f00000, 0x0000000091f00000, 0x0000000092000000|  0%| F|  |TAMS 0x0000000091f00000| PB 0x0000000091f00000| Untracked |  0
| 244|0x0000000092000000, 0x0000000092000000, 0x0000000092100000|  0%| F|  |TAMS 0x0000000092000000| PB 0x0000000092000000| Untracked |  0
| 245|0x0000000092100000, 0x0000000092100000, 0x0000000092200000|  0%| F|  |TAMS 0x0000000092100000| PB 0x0000000092100000| Untracked |  0
| 246|0x0000000092200000, 0x0000000092200000, 0x0000000092300000|  0%| F|  |TAMS 0x0000000092200000| PB 0x0000000092200000| Untracked |  0
| 247|0x0000000092300000, 0x0000000092300000, 0x0000000092400000|  0%| F|  |TAMS 0x0000000092300000| PB 0x0000000092300000| Untracked |  0
| 248|0x0000000092400000, 0x0000000092400000, 0x0000000092500000|  0%| F|  |TAMS 0x0000000092400000| PB 0x0000000092400000| Untracked |  0
| 249|0x0000000092500000, 0x0000000092500000, 0x0000000092600000|  0%| F|  |TAMS 0x0000000092500000| PB 0x0000000092500000| Untracked |  0
| 250|0x0000000092600000, 0x0000000092600000, 0x0000000092700000|  0%| F|  |TAMS 0x0000000092600000| PB 0x0000000092600000| Untracked |  0
| 251|0x0000000092700000, 0x0000000092700000, 0x0000000092800000|  0%| F|  |TAMS 0x0000000092700000| PB 0x0000000092700000| Untracked |  0
| 252|0x0000000092800000, 0x0000000092800000, 0x0000000092900000|  0%| F|  |TAMS 0x0000000092800000| PB 0x0000000092800000| Untracked |  0
| 253|0x0000000092900000, 0x0000000092900000, 0x0000000092a00000|  0%| F|  |TAMS 0x0000000092900000| PB 0x0000000092900000| Untracked |  0
| 254|0x0000000092a00000, 0x0000000092a00000, 0x0000000092b00000|  0%| F|  |TAMS 0x0000000092a00000| PB 0x0000000092a00000| Untracked |  0
| 255|0x0000000092b00000, 0x0000000092b00000, 0x0000000092c00000|  0%| F|  |TAMS 0x0000000092b00000| PB 0x0000000092b00000| Untracked |  0
| 256|0x0000000092c00000, 0x0000000092c00000, 0x0000000092d00000|  0%| F|  |TAMS 0x0000000092c00000| PB 0x0000000092c00000| Untracked |  0
| 257|0x0000000092d00000, 0x0000000092d00000, 0x0000000092e00000|  0%| F|  |TAMS 0x0000000092d00000| PB 0x0000000092d00000| Untracked |  0
| 258|0x0000000092e00000, 0x0000000092e00000, 0x0000000092f00000|  0%| F|  |TAMS 0x0000000092e00000| PB 0x0000000092e00000| Untracked |  0
| 259|0x0000000092f00000, 0x0000000092f00000, 0x0000000093000000|  0%| F|  |TAMS 0x0000000092f00000| PB 0x0000000092f00000| Untracked |  0
| 260|0x0000000093000000, 0x0000000093000000, 0x0000000093100000|  0%| F|  |TAMS 0x0000000093000000| PB 0x0000000093000000| Untracked |  0
| 261|0x0000000093100000, 0x0000000093100000, 0x0000000093200000|  0%| F|  |TAMS 0x0000000093100000| PB 0x0000000093100000| Untracked |  0
| 262|0x0000000093200000, 0x0000000093200000, 0x0000000093300000|  0%| F|  |TAMS 0x0000000093200000| PB 0x0000000093200000| Untracked |  0
| 263|0x0000000093300000, 0x0000000093300000, 0x0000000093400000|  0%| F|  |TAMS 0x0000000093300000| PB 0x0000000093300000| Untracked |  0
| 264|0x0000000093400000, 0x0000000093400000, 0x0000000093500000|  0%| F|  |TAMS 0x0000000093400000| PB 0x0000000093400000| Untracked |  0
| 265|0x0000000093500000, 0x0000000093500000, 0x0000000093600000|  0%| F|  |TAMS 0x0000000093500000| PB 0x0000000093500000| Untracked |  0
| 266|0x0000000093600000, 0x0000000093600000, 0x0000000093700000|  0%| F|  |TAMS 0x0000000093600000| PB 0x0000000093600000| Untracked |  0
| 267|0x0000000093700000, 0x0000000093700000, 0x0000000093800000|  0%| F|  |TAMS 0x0000000093700000| PB 0x0000000093700000| Untracked |  0
| 268|0x0000000093800000, 0x0000000093800000, 0x0000000093900000|  0%| F|  |TAMS 0x0000000093800000| PB 0x0000000093800000| Untracked |  0
| 269|0x0000000093900000, 0x0000000093900000, 0x0000000093a00000|  0%| F|  |TAMS 0x0000000093900000| PB 0x0000000093900000| Untracked |  0
| 270|0x0000000093a00000, 0x0000000093a00000, 0x0000000093b00000|  0%| F|  |TAMS 0x0000000093a00000| PB 0x0000000093a00000| Untracked |  0
| 271|0x0000000093b00000, 0x0000000093b00000, 0x0000000093c00000|  0%| F|  |TAMS 0x0000000093b00000| PB 0x0000000093b00000| Untracked |  0
| 272|0x0000000093c00000, 0x0000000093c00000, 0x0000000093d00000|  0%| F|  |TAMS 0x0000000093c00000| PB 0x0000000093c00000| Untracked |  0
| 273|0x0000000093d00000, 0x0000000093d00000, 0x0000000093e00000|  0%| F|  |TAMS 0x0000000093d00000| PB 0x0000000093d00000| Untracked |  0
| 274|0x0000000093e00000, 0x0000000093e00000, 0x0000000093f00000|  0%| F|  |TAMS 0x0000000093e00000| PB 0x0000000093e00000| Untracked |  0
| 275|0x0000000093f00000, 0x0000000093f00000, 0x0000000094000000|  0%| F|  |TAMS 0x0000000093f00000| PB 0x0000000093f00000| Untracked |  0
| 276|0x0000000094000000, 0x0000000094000000, 0x0000000094100000|  0%| F|  |TAMS 0x0000000094000000| PB 0x0000000094000000| Untracked |  0
| 277|0x0000000094100000, 0x0000000094100000, 0x0000000094200000|  0%| F|  |TAMS 0x0000000094100000| PB 0x0000000094100000| Untracked |  0
| 278|0x0000000094200000, 0x0000000094200000, 0x0000000094300000|  0%| F|  |TAMS 0x0000000094200000| PB 0x0000000094200000| Untracked |  0
| 279|0x0000000094300000, 0x0000000094300000, 0x0000000094400000|  0%| F|  |TAMS 0x0000000094300000| PB 0x0000000094300000| Untracked |  0
| 280|0x0000000094400000, 0x0000000094400000, 0x0000000094500000|  0%| F|  |TAMS 0x0000000094400000| PB 0x0000000094400000| Untracked |  0
| 281|0x0000000094500000, 0x0000000094500000, 0x0000000094600000|  0%| F|  |TAMS 0x0000000094500000| PB 0x0000000094500000| Untracked |  0
| 282|0x0000000094600000, 0x0000000094600000, 0x0000000094700000|  0%| F|  |TAMS 0x0000000094600000| PB 0x0000000094600000| Untracked |  0
| 283|0x0000000094700000, 0x0000000094700000, 0x0000000094800000|  0%| F|  |TAMS 0x0000000094700000| PB 0x0000000094700000| Untracked |  0
| 284|0x0000000094800000, 0x0000000094800000, 0x0000000094900000|  0%| F|  |TAMS 0x0000000094800000| PB 0x0000000094800000| Untracked |  0
| 285|0x0000000094900000, 0x0000000094900000, 0x0000000094a00000|  0%| F|  |TAMS 0x0000000094900000| PB 0x0000000094900000| Untracked |  0
| 286|0x0000000094a00000, 0x0000000094a00000, 0x0000000094b00000|  0%| F|  |TAMS 0x0000000094a00000| PB 0x0000000094a00000| Untracked |  0
| 287|0x0000000094b00000, 0x0000000094b00000, 0x0000000094c00000|  0%| F|  |TAMS 0x0000000094b00000| PB 0x0000000094b00000| Untracked |  0
| 288|0x0000000094c00000, 0x0000000094c00000, 0x0000000094d00000|  0%| F|  |TAMS 0x0000000094c00000| PB 0x0000000094c00000| Untracked |  0
| 289|0x0000000094d00000, 0x0000000094d00000, 0x0000000094e00000|  0%| F|  |TAMS 0x0000000094d00000| PB 0x0000000094d00000| Untracked |  0
| 290|0x0000000094e00000, 0x0000000094e00000, 0x0000000094f00000|  0%| F|  |TAMS 0x0000000094e00000| PB 0x0000000094e00000| Untracked |  0
| 291|0x0000000094f00000, 0x0000000094f00000, 0x0000000095000000|  0%| F|  |TAMS 0x0000000094f00000| PB 0x0000000094f00000| Untracked |  0
| 292|0x0000000095000000, 0x0000000095000000, 0x0000000095100000|  0%| F|  |TAMS 0x0000000095000000| PB 0x0000000095000000| Untracked |  0
| 293|0x0000000095100000, 0x0000000095100000, 0x0000000095200000|  0%| F|  |TAMS 0x0000000095100000| PB 0x0000000095100000| Untracked |  0
| 294|0x0000000095200000, 0x0000000095200000, 0x0000000095300000|  0%| F|  |TAMS 0x0000000095200000| PB 0x0000000095200000| Untracked |  0
| 295|0x0000000095300000, 0x0000000095300000, 0x0000000095400000|  0%| F|  |TAMS 0x0000000095300000| PB 0x0000000095300000| Untracked |  0
| 296|0x0000000095400000, 0x0000000095400000, 0x0000000095500000|  0%| F|  |TAMS 0x0000000095400000| PB 0x0000000095400000| Untracked |  0
| 297|0x0000000095500000, 0x0000000095500000, 0x0000000095600000|  0%| F|  |TAMS 0x0000000095500000| PB 0x0000000095500000| Untracked |  0
| 298|0x0000000095600000, 0x0000000095600000, 0x0000000095700000|  0%| F|  |TAMS 0x0000000095600000| PB 0x0000000095600000| Untracked |  0
| 299|0x0000000095700000, 0x0000000095700000, 0x0000000095800000|  0%| F|  |TAMS 0x0000000095700000| PB 0x0000000095700000| Untracked |  0
| 300|0x0000000095800000, 0x0000000095800000, 0x0000000095900000|  0%| F|  |TAMS 0x0000000095800000| PB 0x0000000095800000| Untracked |  0
| 301|0x0000000095900000, 0x0000000095900000, 0x0000000095a00000|  0%| F|  |TAMS 0x0000000095900000| PB 0x0000000095900000| Untracked |  0
| 302|0x0000000095a00000, 0x0000000095a00000, 0x0000000095b00000|  0%| F|  |TAMS 0x0000000095a00000| PB 0x0000000095a00000| Untracked |  0
| 303|0x0000000095b00000, 0x0000000095b00000, 0x0000000095c00000|  0%| F|  |TAMS 0x0000000095b00000| PB 0x0000000095b00000| Untracked |  0
| 304|0x0000000095c00000, 0x0000000095c00000, 0x0000000095d00000|  0%| F|  |TAMS 0x0000000095c00000| PB 0x0000000095c00000| Untracked |  0
| 305|0x0000000095d00000, 0x0000000095d00000, 0x0000000095e00000|  0%| F|  |TAMS 0x0000000095d00000| PB 0x0000000095d00000| Untracked |  0
| 306|0x0000000095e00000, 0x0000000095e00000, 0x0000000095f00000|  0%| F|  |TAMS 0x0000000095e00000| PB 0x0000000095e00000| Untracked |  0
| 307|0x0000000095f00000, 0x0000000095f00000, 0x0000000096000000|  0%| F|  |TAMS 0x0000000095f00000| PB 0x0000000095f00000| Untracked |  0
| 308|0x0000000096000000, 0x0000000096000000, 0x0000000096100000|  0%| F|  |TAMS 0x0000000096000000| PB 0x0000000096000000| Untracked |  0
| 309|0x0000000096100000, 0x0000000096100000, 0x0000000096200000|  0%| F|  |TAMS 0x0000000096100000| PB 0x0000000096100000| Untracked |  0
| 310|0x0000000096200000, 0x0000000096200000, 0x0000000096300000|  0%| F|  |TAMS 0x0000000096200000| PB 0x0000000096200000| Untracked |  0
| 311|0x0000000096300000, 0x0000000096300000, 0x0000000096400000|  0%| F|  |TAMS 0x0000000096300000| PB 0x0000000096300000| Untracked |  0
| 312|0x0000000096400000, 0x0000000096400000, 0x0000000096500000|  0%| F|  |TAMS 0x0000000096400000| PB 0x0000000096400000| Untracked |  0
| 313|0x0000000096500000, 0x0000000096500000, 0x0000000096600000|  0%| F|  |TAMS 0x0000000096500000| PB 0x0000000096500000| Untracked |  0
| 314|0x0000000096600000, 0x0000000096600000, 0x0000000096700000|  0%| F|  |TAMS 0x0000000096600000| PB 0x0000000096600000| Untracked |  0
| 315|0x0000000096700000, 0x0000000096700000, 0x0000000096800000|  0%| F|  |TAMS 0x0000000096700000| PB 0x0000000096700000| Untracked |  0
| 316|0x0000000096800000, 0x0000000096800000, 0x0000000096900000|  0%| F|  |TAMS 0x0000000096800000| PB 0x0000000096800000| Untracked |  0
| 317|0x0000000096900000, 0x0000000096900000, 0x0000000096a00000|  0%| F|  |TAMS 0x0000000096900000| PB 0x0000000096900000| Untracked |  0
| 318|0x0000000096a00000, 0x0000000096a00000, 0x0000000096b00000|  0%| F|  |TAMS 0x0000000096a00000| PB 0x0000000096a00000| Untracked |  0
| 319|0x0000000096b00000, 0x0000000096b00000, 0x0000000096c00000|  0%| F|  |TAMS 0x0000000096b00000| PB 0x0000000096b00000| Untracked |  0
| 320|0x0000000096c00000, 0x0000000096c00000, 0x0000000096d00000|  0%| F|  |TAMS 0x0000000096c00000| PB 0x0000000096c00000| Untracked |  0
| 321|0x0000000096d00000, 0x0000000096d00000, 0x0000000096e00000|  0%| F|  |TAMS 0x0000000096d00000| PB 0x0000000096d00000| Untracked |  0
| 322|0x0000000096e00000, 0x0000000096e00000, 0x0000000096f00000|  0%| F|  |TAMS 0x0000000096e00000| PB 0x0000000096e00000| Untracked |  0
| 323|0x0000000096f00000, 0x0000000096f00000, 0x0000000097000000|  0%| F|  |TAMS 0x0000000096f00000| PB 0x0000000096f00000| Untracked |  0
| 324|0x0000000097000000, 0x0000000097000000, 0x0000000097100000|  0%| F|  |TAMS 0x0000000097000000| PB 0x0000000097000000| Untracked |  0
| 325|0x0000000097100000, 0x0000000097100000, 0x0000000097200000|  0%| F|  |TAMS 0x0000000097100000| PB 0x0000000097100000| Untracked |  0
| 326|0x0000000097200000, 0x0000000097200000, 0x0000000097300000|  0%| F|  |TAMS 0x0000000097200000| PB 0x0000000097200000| Untracked |  0
| 327|0x0000000097300000, 0x0000000097300000, 0x0000000097400000|  0%| F|  |TAMS 0x0000000097300000| PB 0x0000000097300000| Untracked |  0
| 328|0x0000000097400000, 0x0000000097400000, 0x0000000097500000|  0%| F|  |TAMS 0x0000000097400000| PB 0x0000000097400000| Untracked |  0
| 329|0x0000000097500000, 0x0000000097500000, 0x0000000097600000|  0%| F|  |TAMS 0x0000000097500000| PB 0x0000000097500000| Untracked |  0
| 330|0x0000000097600000, 0x0000000097600000, 0x0000000097700000|  0%| F|  |TAMS 0x0000000097600000| PB 0x0000000097600000| Untracked |  0
| 331|0x0000000097700000, 0x0000000097700000, 0x0000000097800000|  0%| F|  |TAMS 0x0000000097700000| PB 0x0000000097700000| Untracked |  0
| 332|0x0000000097800000, 0x0000000097800000, 0x0000000097900000|  0%| F|  |TAMS 0x0000000097800000| PB 0x0000000097800000| Untracked |  0
| 333|0x0000000097900000, 0x0000000097900000, 0x0000000097a00000|  0%| F|  |TAMS 0x0000000097900000| PB 0x0000000097900000| Untracked |  0
| 334|0x0000000097a00000, 0x0000000097a00000, 0x0000000097b00000|  0%| F|  |TAMS 0x0000000097a00000| PB 0x0000000097a00000| Untracked |  0
| 335|0x0000000097b00000, 0x0000000097b00000, 0x0000000097c00000|  0%| F|  |TAMS 0x0000000097b00000| PB 0x0000000097b00000| Untracked |  0
| 336|0x0000000097c00000, 0x0000000097c00000, 0x0000000097d00000|  0%| F|  |TAMS 0x0000000097c00000| PB 0x0000000097c00000| Untracked |  0
| 337|0x0000000097d00000, 0x0000000097d00000, 0x0000000097e00000|  0%| F|  |TAMS 0x0000000097d00000| PB 0x0000000097d00000| Untracked |  0
| 338|0x0000000097e00000, 0x0000000097e00000, 0x0000000097f00000|  0%| F|  |TAMS 0x0000000097e00000| PB 0x0000000097e00000| Untracked |  0
| 339|0x0000000097f00000, 0x0000000097f00000, 0x0000000098000000|  0%| F|  |TAMS 0x0000000097f00000| PB 0x0000000097f00000| Untracked |  0
| 340|0x0000000098000000, 0x0000000098000000, 0x0000000098100000|  0%| F|  |TAMS 0x0000000098000000| PB 0x0000000098000000| Untracked |  0
| 341|0x0000000098100000, 0x0000000098100000, 0x0000000098200000|  0%| F|  |TAMS 0x0000000098100000| PB 0x0000000098100000| Untracked |  0
| 342|0x0000000098200000, 0x0000000098200000, 0x0000000098300000|  0%| F|  |TAMS 0x0000000098200000| PB 0x0000000098200000| Untracked |  0
| 343|0x0000000098300000, 0x0000000098300000, 0x0000000098400000|  0%| F|  |TAMS 0x0000000098300000| PB 0x0000000098300000| Untracked |  0
| 344|0x0000000098400000, 0x0000000098400000, 0x0000000098500000|  0%| F|  |TAMS 0x0000000098400000| PB 0x0000000098400000| Untracked |  0
| 345|0x0000000098500000, 0x0000000098500000, 0x0000000098600000|  0%| F|  |TAMS 0x0000000098500000| PB 0x0000000098500000| Untracked |  0
| 346|0x0000000098600000, 0x0000000098600000, 0x0000000098700000|  0%| F|  |TAMS 0x0000000098600000| PB 0x0000000098600000| Untracked |  0
| 347|0x0000000098700000, 0x0000000098700000, 0x0000000098800000|  0%| F|  |TAMS 0x0000000098700000| PB 0x0000000098700000| Untracked |  0
| 348|0x0000000098800000, 0x0000000098800000, 0x0000000098900000|  0%| F|  |TAMS 0x0000000098800000| PB 0x0000000098800000| Untracked |  0
| 349|0x0000000098900000, 0x0000000098900000, 0x0000000098a00000|  0%| F|  |TAMS 0x0000000098900000| PB 0x0000000098900000| Untracked |  0
| 350|0x0000000098a00000, 0x0000000098a00000, 0x0000000098b00000|  0%| F|  |TAMS 0x0000000098a00000| PB 0x0000000098a00000| Untracked |  0
| 351|0x0000000098b00000, 0x0000000098b00000, 0x0000000098c00000|  0%| F|  |TAMS 0x0000000098b00000| PB 0x0000000098b00000| Untracked |  0
| 352|0x0000000098c00000, 0x0000000098c00000, 0x0000000098d00000|  0%| F|  |TAMS 0x0000000098c00000| PB 0x0000000098c00000| Untracked |  0
| 353|0x0000000098d00000, 0x0000000098d00000, 0x0000000098e00000|  0%| F|  |TAMS 0x0000000098d00000| PB 0x0000000098d00000| Untracked |  0
| 354|0x0000000098e00000, 0x0000000098e00000, 0x0000000098f00000|  0%| F|  |TAMS 0x0000000098e00000| PB 0x0000000098e00000| Untracked |  0
| 355|0x0000000098f00000, 0x0000000098f00000, 0x0000000099000000|  0%| F|  |TAMS 0x0000000098f00000| PB 0x0000000098f00000| Untracked |  0
| 356|0x0000000099000000, 0x0000000099000000, 0x0000000099100000|  0%| F|  |TAMS 0x0000000099000000| PB 0x0000000099000000| Untracked |  0
| 357|0x0000000099100000, 0x0000000099100000, 0x0000000099200000|  0%| F|  |TAMS 0x0000000099100000| PB 0x0000000099100000| Untracked |  0
| 358|0x0000000099200000, 0x0000000099200000, 0x0000000099300000|  0%| F|  |TAMS 0x0000000099200000| PB 0x0000000099200000| Untracked |  0
| 359|0x0000000099300000, 0x0000000099300000, 0x0000000099400000|  0%| F|  |TAMS 0x0000000099300000| PB 0x0000000099300000| Untracked |  0
| 360|0x0000000099400000, 0x0000000099400000, 0x0000000099500000|  0%| F|  |TAMS 0x0000000099400000| PB 0x0000000099400000| Untracked |  0
| 361|0x0000000099500000, 0x0000000099500000, 0x0000000099600000|  0%| F|  |TAMS 0x0000000099500000| PB 0x0000000099500000| Untracked |  0
| 362|0x0000000099600000, 0x0000000099600000, 0x0000000099700000|  0%| F|  |TAMS 0x0000000099600000| PB 0x0000000099600000| Untracked |  0
| 363|0x0000000099700000, 0x0000000099700000, 0x0000000099800000|  0%| F|  |TAMS 0x0000000099700000| PB 0x0000000099700000| Untracked |  0
| 364|0x0000000099800000, 0x0000000099800000, 0x0000000099900000|  0%| F|  |TAMS 0x0000000099800000| PB 0x0000000099800000| Untracked |  0
| 365|0x0000000099900000, 0x0000000099900000, 0x0000000099a00000|  0%| F|  |TAMS 0x0000000099900000| PB 0x0000000099900000| Untracked |  0
| 366|0x0000000099a00000, 0x0000000099a00000, 0x0000000099b00000|  0%| F|  |TAMS 0x0000000099a00000| PB 0x0000000099a00000| Untracked |  0
| 367|0x0000000099b00000, 0x0000000099b00000, 0x0000000099c00000|  0%| F|  |TAMS 0x0000000099b00000| PB 0x0000000099b00000| Untracked |  0
| 368|0x0000000099c00000, 0x0000000099c00000, 0x0000000099d00000|  0%| F|  |TAMS 0x0000000099c00000| PB 0x0000000099c00000| Untracked |  0
| 369|0x0000000099d00000, 0x0000000099d00000, 0x0000000099e00000|  0%| F|  |TAMS 0x0000000099d00000| PB 0x0000000099d00000| Untracked |  0
| 370|0x0000000099e00000, 0x0000000099e00000, 0x0000000099f00000|  0%| F|  |TAMS 0x0000000099e00000| PB 0x0000000099e00000| Untracked |  0
| 371|0x0000000099f00000, 0x0000000099f00000, 0x000000009a000000|  0%| F|  |TAMS 0x0000000099f00000| PB 0x0000000099f00000| Untracked |  0
| 372|0x000000009a000000, 0x000000009a0e8950, 0x000000009a100000| 90%| S|CS|TAMS 0x000000009a000000| PB 0x000000009a000000| Complete |  0
| 373|0x000000009a100000, 0x000000009a200000, 0x000000009a200000|100%| S|CS|TAMS 0x000000009a100000| PB 0x000000009a100000| Complete |  0
| 374|0x000000009a200000, 0x000000009a200000, 0x000000009a300000|  0%| F|  |TAMS 0x000000009a200000| PB 0x000000009a200000| Untracked |  0
| 375|0x000000009a300000, 0x000000009a300000, 0x000000009a400000|  0%| F|  |TAMS 0x000000009a300000| PB 0x000000009a300000| Untracked |  0
| 376|0x000000009a400000, 0x000000009a400000, 0x000000009a500000|  0%| F|  |TAMS 0x000000009a400000| PB 0x000000009a400000| Untracked |  0
| 377|0x000000009a500000, 0x000000009a500000, 0x000000009a600000|  0%| F|  |TAMS 0x000000009a500000| PB 0x000000009a500000| Untracked |  0

Card table byte_map: [0x000002aff25d0000,0x000002aff29c0000] _byte_map_base: 0x000002aff21ba000

Marking Bits: (CMBitMap*) 0x000002afe9994750
 Bits: [0x000002aff29c0000, 0x000002aff4910000)

Polling page: 0x000002afe7880000

Metaspace:

Usage:
  Non-class:     10.47 MB used.
      Class:      1.37 MB used.
       Both:     11.84 MB used.

Virtual space:
  Non-class space:       64.00 MB reserved,      10.56 MB ( 17%) committed,  1 nodes.
      Class space:        1.00 GB reserved,       1.44 MB ( <1%) committed,  1 nodes.
             Both:        1.06 GB reserved,      12.00 MB (  1%) committed. 

Chunk freelists:
   Non-Class:  5.00 MB
       Class:  14.58 MB
        Both:  19.58 MB

MaxMetaspaceSize: unlimited
CompressedClassSpaceSize: 1.00 GB
Initial GC threshold: 21.00 MB
Current GC threshold: 21.00 MB
CDS: on
 - commit_granule_bytes: 65536.
 - commit_granule_words: 8192.
 - virtual_space_node_default_size: 8388608.
 - enlarge_chunks_in_place: 1.
 - use_allocation_guard: 0.


Internal statistics:

num_allocs_failed_limit: 0.
num_arena_births: 170.
num_arena_deaths: 0.
num_vsnodes_births: 2.
num_vsnodes_deaths: 0.
num_space_committed: 192.
num_space_uncommitted: 0.
num_chunks_returned_to_freelist: 0.
num_chunks_taken_from_freelist: 249.
num_chunk_merges: 0.
num_chunk_splits: 148.
num_chunks_enlarged: 70.
num_inconsistent_stats: 0.

CodeHeap 'non-profiled nmethods': size=120000Kb used=676Kb max_used=676Kb free=119323Kb
 bounds [0x000002af87ad0000, 0x000002af87d40000, 0x000002af8f000000]
CodeHeap 'profiled nmethods': size=120000Kb used=3237Kb max_used=3237Kb free=116762Kb
 bounds [0x000002af80000000, 0x000002af80330000, 0x000002af87530000]
CodeHeap 'non-nmethods': size=5760Kb used=1660Kb max_used=1686Kb free=4099Kb
 bounds [0x000002af87530000, 0x000002af877a0000, 0x000002af87ad0000]
 total_blobs=2581 nmethods=1874 adapters=612
 compilation: enabled
              stopped_count=0, restarted_count=0
 full_count=0

Compilation events (20 events):
Event: 2.547 Thread 0x000002aff757da10 1865       3       sun.java2d.loops.SurfaceType::pixelFor (10 bytes)
Event: 2.548 Thread 0x000002aff757da10 nmethod 1865 0x000002af80326390 code [0x000002af80326540, 0x000002af80326718]
Event: 2.552 Thread 0x000002aff757da10 1866       3       java.lang.Math::ceil (5 bytes)
Event: 2.552 Thread 0x000002aff757da10 nmethod 1866 0x000002af80326810 code [0x000002af803269c0, 0x000002af80326ad8]
Event: 2.552 Thread 0x000002aff757da10 1867       3       java.lang.StrictMath::ceil (10 bytes)
Event: 2.552 Thread 0x000002aff757da10 nmethod 1867 0x000002af80326b90 code [0x000002af80326d60, 0x000002af80326e90]
Event: 2.552 Thread 0x000002aff757da10 1868       3       javax.swing.plaf.nimbus.NimbusStyle::getColorForState (112 bytes)
Event: 2.552 Thread 0x000002aff757da10 nmethod 1868 0x000002af80326f10 code [0x000002af80327100, 0x000002af803275b0]
Event: 2.560 Thread 0x000002aff757da10 1869       3       sun.awt.image.BufImgSurfaceData::getRenderLoops (26 bytes)
Event: 2.560 Thread 0x000002aff757da10 nmethod 1869 0x000002af80327690 code [0x000002af80327840, 0x000002af80327a18]
Event: 2.560 Thread 0x000002aff757da10 1870       3       sun.awt.SunHints$Key::isCompatibleValue (18 bytes)
Event: 2.560 Thread 0x000002aff757da10 nmethod 1870 0x000002af80327b10 code [0x000002af80327cc0, 0x000002af80328098]
Event: 2.560 Thread 0x000002aff757da10 1871       3       sun.awt.SunHints$Value::isCompatibleKey (14 bytes)
Event: 2.560 Thread 0x000002aff757da10 nmethod 1871 0x000002af80328190 code [0x000002af80328320, 0x000002af80328480]
Event: 2.570 Thread 0x000002aff757da10 1872       3       sun.font.CompositeGlyphMapper::getCachedGlyphCode (32 bytes)
Event: 2.570 Thread 0x000002aff757da10 nmethod 1872 0x000002af80328510 code [0x000002af803286c0, 0x000002af803288f0]
Event: 2.570 Thread 0x000002aff757da10 1873       3       sun.font.CMap$CMapFormat12::getGlyph (138 bytes)
Event: 2.570 Thread 0x000002aff757da10 nmethod 1873 0x000002af80328a10 code [0x000002af80328c00, 0x000002af80329120]
Event: 2.570 Thread 0x000002aff757da10 1874       3       java.awt.event.InputEvent::getModifiers (8 bytes)
Event: 2.570 Thread 0x000002aff757da10 nmethod 1874 0x000002af80329390 code [0x000002af80329520, 0x000002af80329630]

GC Heap History (20 events):
Event: 0.992 GC heap after
{Heap after GC invocations=3 (full 0):
 garbage-first heap   total reserved 2052096K, committed 129024K, used 29993K [0x0000000082c00000, 0x0000000100000000)
  region size 1024K, 2 young (2048K), 2 survivors (2048K)
 Metaspace       used 11831K, committed 12032K, reserved 1114112K
  class space    used 1380K, committed 1472K, reserved 1048576K
}
Event: 1.011 GC heap before
{Heap before GC invocations=3 (full 0):
 garbage-first heap   total reserved 2052096K, committed 129024K, used 54569K [0x0000000082c00000, 0x0000000100000000)
  region size 1024K, 3 young (3072K), 2 survivors (2048K)
 Metaspace       used 11836K, committed 12032K, reserved 1114112K
  class space    used 1380K, committed 1472K, reserved 1048576K
}
Event: 1.012 GC heap after
{Heap after GC invocations=4 (full 0):
 garbage-first heap   total reserved 2052096K, committed 129024K, used 54570K [0x0000000082c00000, 0x0000000100000000)
  region size 1024K, 2 young (2048K), 2 survivors (2048K)
 Metaspace       used 11836K, committed 12032K, reserved 1114112K
  class space    used 1380K, committed 1472K, reserved 1048576K
}
Event: 1.014 GC heap before
{Heap before GC invocations=4 (full 0):
 garbage-first heap   total reserved 2052096K, committed 129024K, used 64810K [0x0000000082c00000, 0x0000000100000000)
  region size 1024K, 3 young (3072K), 2 survivors (2048K)
 Metaspace       used 11836K, committed 12032K, reserved 1114112K
  class space    used 1380K, committed 1472K, reserved 1048576K
}
Event: 1.018 GC heap after
{Heap after GC invocations=5 (full 0):
 garbage-first heap   total reserved 2052096K, committed 129024K, used 29913K [0x0000000082c00000, 0x0000000100000000)
  region size 1024K, 2 young (2048K), 2 survivors (2048K)
 Metaspace       used 11836K, committed 12032K, reserved 1114112K
  class space    used 1380K, committed 1472K, reserved 1048576K
}
Event: 1.036 GC heap before
{Heap before GC invocations=5 (full 0):
 garbage-first heap   total reserved 2052096K, committed 129024K, used 54489K [0x0000000082c00000, 0x0000000100000000)
  region size 1024K, 3 young (3072K), 2 survivors (2048K)
 Metaspace       used 11836K, committed 12032K, reserved 1114112K
  class space    used 1380K, committed 1472K, reserved 1048576K
}
Event: 1.037 GC heap after
{Heap after GC invocations=6 (full 0):
 garbage-first heap   total reserved 2052096K, committed 129024K, used 54493K [0x0000000082c00000, 0x0000000100000000)
  region size 1024K, 2 young (2048K), 2 survivors (2048K)
 Metaspace       used 11836K, committed 12032K, reserved 1114112K
  class space    used 1380K, committed 1472K, reserved 1048576K
}
Event: 1.038 GC heap before
{Heap before GC invocations=6 (full 0):
 garbage-first heap   total reserved 2052096K, committed 129024K, used 64733K [0x0000000082c00000, 0x0000000100000000)
  region size 1024K, 3 young (3072K), 2 survivors (2048K)
 Metaspace       used 11836K, committed 12032K, reserved 1114112K
  class space    used 1380K, committed 1472K, reserved 1048576K
}
Event: 1.040 GC heap after
{Heap after GC invocations=7 (full 0):
 garbage-first heap   total reserved 2052096K, committed 387072K, used 29892K [0x0000000082c00000, 0x0000000100000000)
  region size 1024K, 2 young (2048K), 2 survivors (2048K)
 Metaspace       used 11836K, committed 12032K, reserved 1114112K
  class space    used 1380K, committed 1472K, reserved 1048576K
}
Event: 2.425 GC heap before
{Heap before GC invocations=7 (full 0):
 garbage-first heap   total reserved 2052096K, committed 387072K, used 170180K [0x0000000082c00000, 0x0000000100000000)
  region size 1024K, 4 young (4096K), 2 survivors (2048K)
 Metaspace       used 12073K, committed 12224K, reserved 1114112K
  class space    used 1399K, committed 1472K, reserved 1048576K
}
Event: 2.427 GC heap after
{Heap after GC invocations=8 (full 0):
 garbage-first heap   total reserved 2052096K, committed 387072K, used 169322K [0x0000000082c00000, 0x0000000100000000)
  region size 1024K, 2 young (2048K), 2 survivors (2048K)
 Metaspace       used 12073K, committed 12224K, reserved 1114112K
  class space    used 1399K, committed 1472K, reserved 1048576K
}
Event: 2.435 GC heap before
{Heap before GC invocations=8 (full 0):
 garbage-first heap   total reserved 2052096K, committed 387072K, used 177514K [0x0000000082c00000, 0x0000000100000000)
  region size 1024K, 4 young (4096K), 2 survivors (2048K)
 Metaspace       used 12075K, committed 12224K, reserved 1114112K
  class space    used 1399K, committed 1472K, reserved 1048576K
}
Event: 2.437 GC heap after
{Heap after GC invocations=9 (full 0):
 garbage-first heap   total reserved 2052096K, committed 387072K, used 37105K [0x0000000082c00000, 0x0000000100000000)
  region size 1024K, 2 young (2048K), 2 survivors (2048K)
 Metaspace       used 12075K, committed 12224K, reserved 1114112K
  class space    used 1399K, committed 1472K, reserved 1048576K
}
Event: 2.495 GC heap before
{Heap before GC invocations=9 (full 0):
 garbage-first heap   total reserved 2052096K, committed 387072K, used 170225K [0x0000000082c00000, 0x0000000100000000)
  region size 1024K, 4 young (4096K), 2 survivors (2048K)
 Metaspace       used 12097K, committed 12288K, reserved 1114112K
  class space    used 1399K, committed 1472K, reserved 1048576K
}
Event: 2.496 GC heap after
{Heap after GC invocations=10 (full 0):
 garbage-first heap   total reserved 2052096K, committed 387072K, used 151812K [0x0000000082c00000, 0x0000000100000000)
  region size 1024K, 2 young (2048K), 2 survivors (2048K)
 Metaspace       used 12097K, committed 12288K, reserved 1114112K
  class space    used 1399K, committed 1472K, reserved 1048576K
}
Event: 2.505 GC heap before
{Heap before GC invocations=10 (full 0):
 garbage-first heap   total reserved 2052096K, committed 387072K, used 170244K [0x0000000082c00000, 0x0000000100000000)
  region size 1024K, 4 young (4096K), 2 survivors (2048K)
 Metaspace       used 12100K, committed 12288K, reserved 1114112K
  class space    used 1399K, committed 1472K, reserved 1048576K
}
Event: 2.506 GC heap after
{Heap after GC invocations=11 (full 0):
 garbage-first heap   total reserved 2052096K, committed 387072K, used 47445K [0x0000000082c00000, 0x0000000100000000)
  region size 1024K, 2 young (2048K), 2 survivors (2048K)
 Metaspace       used 12100K, committed 12288K, reserved 1114112K
  class space    used 1399K, committed 1472K, reserved 1048576K
}
Event: 2.561 GC heap before
{Heap before GC invocations=11 (full 0):
 garbage-first heap   total reserved 2052096K, committed 387072K, used 170325K [0x0000000082c00000, 0x0000000100000000)
  region size 1024K, 4 young (4096K), 2 survivors (2048K)
 Metaspace       used 12120K, committed 12288K, reserved 1114112K
  class space    used 1399K, committed 1472K, reserved 1048576K
}
Event: 2.563 GC heap after
{Heap after GC invocations=12 (full 0):
 garbage-first heap   total reserved 2052096K, committed 387072K, used 151744K [0x0000000082c00000, 0x0000000100000000)
  region size 1024K, 2 young (2048K), 2 survivors (2048K)
 Metaspace       used 12120K, committed 12288K, reserved 1114112K
  class space    used 1399K, committed 1472K, reserved 1048576K
}
Event: 2.571 GC heap before
{Heap before GC invocations=12 (full 0):
 garbage-first heap   total reserved 2052096K, committed 387072K, used 170176K [0x0000000082c00000, 0x0000000100000000)
  region size 1024K, 4 young (4096K), 2 survivors (2048K)
 Metaspace       used 12122K, committed 12288K, reserved 1114112K
  class space    used 1399K, committed 1472K, reserved 1048576K
}

Dll operation events (10 events):
Event: 0.006 Loaded shared library C:\Program Files\Java\jdk-22\bin\java.dll
Event: 0.027 Loaded shared library C:\Program Files\Java\jdk-22\bin\jsvml.dll
Event: 0.050 Loaded shared library C:\Program Files\Java\jdk-22\bin\jimage.dll
Event: 0.053 Loaded shared library C:\Program Files\Java\jdk-22\bin\net.dll
Event: 0.054 Loaded shared library C:\Program Files\Java\jdk-22\bin\nio.dll
Event: 0.056 Loaded shared library C:\Program Files\Java\jdk-22\bin\zip.dll
Event: 0.069 Loaded shared library C:\Program Files\Java\jdk-22\bin\awt.dll
Event: 0.203 Loaded shared library C:\Program Files\Java\jdk-22\bin\freetype.dll
Event: 0.204 Loaded shared library C:\Program Files\Java\jdk-22\bin\fontmanager.dll
Event: 0.385 Loaded shared library C:\Program Files\Java\jdk-22\bin\javajpeg.dll

Deoptimization events (20 events):
Event: 0.939 Thread 0x000002afd44b29f0 Uncommon trap: trap_request=0xffffff45 fr.pc=0x000002af87b27b50 relative=0x0000000000000130
Event: 0.939 Thread 0x000002afd44b29f0 Uncommon trap: reason=unstable_if action=reinterpret pc=0x000002af87b27b50 method=java.lang.ThreadLocal$ThreadLocalMap.getEntry(Ljava/lang/ThreadLocal;)Ljava/lang/ThreadLocal$ThreadLocalMap$Entry; @ 21 c2
Event: 0.939 Thread 0x000002afd44b29f0 DEOPT PACKING pc=0x000002af87b27b50 sp=0x000000ec7e2fd100
Event: 0.939 Thread 0x000002afd44b29f0 DEOPT UNPACKING pc=0x000002af875846a2 sp=0x000000ec7e2fd020 mode 2
Event: 1.075 Thread 0x000002afd44b29f0 Uncommon trap: trap_request=0xffffffbe fr.pc=0x000002af87b648f0 relative=0x0000000000001290
Event: 1.075 Thread 0x000002afd44b29f0 Uncommon trap: reason=profile_predicate action=maybe_recompile pc=0x000002af87b648f0 method=javax.swing.GroupLayout$Group.calculateSize(II)I @ 71 c2
Event: 1.075 Thread 0x000002afd44b29f0 DEOPT PACKING pc=0x000002af87b648f0 sp=0x000000ec7e2fd170
Event: 1.075 Thread 0x000002afd44b29f0 DEOPT UNPACKING pc=0x000002af875846a2 sp=0x000000ec7e2fd118 mode 2
Event: 1.075 Thread 0x000002afd44b29f0 Uncommon trap: trap_request=0xffffffbe fr.pc=0x000002af87b648f0 relative=0x0000000000001290
Event: 1.075 Thread 0x000002afd44b29f0 Uncommon trap: reason=profile_predicate action=maybe_recompile pc=0x000002af87b648f0 method=javax.swing.GroupLayout$Group.calculateSize(II)I @ 71 c2
Event: 1.075 Thread 0x000002afd44b29f0 DEOPT PACKING pc=0x000002af87b648f0 sp=0x000000ec7e2fd170
Event: 1.075 Thread 0x000002afd44b29f0 DEOPT UNPACKING pc=0x000002af875846a2 sp=0x000000ec7e2fd118 mode 2
Event: 1.075 Thread 0x000002afd44b29f0 Uncommon trap: trap_request=0xffffffbe fr.pc=0x000002af87b648f0 relative=0x0000000000001290
Event: 1.075 Thread 0x000002afd44b29f0 Uncommon trap: reason=profile_predicate action=maybe_recompile pc=0x000002af87b648f0 method=javax.swing.GroupLayout$Group.calculateSize(II)I @ 71 c2
Event: 1.075 Thread 0x000002afd44b29f0 DEOPT PACKING pc=0x000002af87b648f0 sp=0x000000ec7e2fd270
Event: 1.075 Thread 0x000002afd44b29f0 DEOPT UNPACKING pc=0x000002af875846a2 sp=0x000000ec7e2fd218 mode 2
Event: 1.075 Thread 0x000002afd44b29f0 Uncommon trap: trap_request=0xffffffbe fr.pc=0x000002af87b648f0 relative=0x0000000000001290
Event: 1.075 Thread 0x000002afd44b29f0 Uncommon trap: reason=profile_predicate action=maybe_recompile pc=0x000002af87b648f0 method=javax.swing.GroupLayout$Group.calculateSize(II)I @ 71 c2
Event: 1.075 Thread 0x000002afd44b29f0 DEOPT PACKING pc=0x000002af87b648f0 sp=0x000000ec7e2fd270
Event: 1.075 Thread 0x000002afd44b29f0 DEOPT UNPACKING pc=0x000002af875846a2 sp=0x000000ec7e2fd218 mode 2

Classes loaded (20 events):
Event: 1.077 Loading class sun/awt/im/InputContext done
Event: 1.077 Loading class sun/awt/im/InputMethodContext done
Event: 1.077 Loading class sun/awt/windows/WInputMethod
Event: 1.077 Loading class sun/awt/im/InputMethodAdapter
Event: 1.077 Loading class java/awt/im/spi/InputMethod
Event: 1.077 Loading class java/awt/im/spi/InputMethod done
Event: 1.077 Loading class sun/awt/im/InputMethodAdapter done
Event: 1.077 Loading class sun/awt/windows/WInputMethod done
Event: 1.078 Loading class java/awt/event/MouseWheelEvent
Event: 1.078 Loading class java/awt/event/MouseWheelEvent done
Event: 1.079 Loading class java/awt/KeyboardFocusManager$3
Event: 1.079 Loading class java/awt/KeyboardFocusManager$3 done
Event: 1.084 Loading class sun/awt/im/CompositionAreaHandler
Event: 1.085 Loading class sun/awt/im/CompositionAreaHandler done
Event: 1.085 Loading class java/text/AttributedString
Event: 1.085 Loading class java/text/AttributedString done
Event: 1.085 Loading class java/text/AttributedString$AttributedStringIterator
Event: 1.085 Loading class java/text/AttributedCharacterIterator
Event: 1.085 Loading class java/text/AttributedCharacterIterator done
Event: 1.085 Loading class java/text/AttributedString$AttributedStringIterator done

Classes unloaded (0 events):
No events

Classes redefined (0 events):
No events

Internal exceptions (20 events):
Event: 0.242 Thread 0x000002afe75a05a0 Exception <a 'java/lang/ClassNotFoundException'{0x000000008a5bfd20}: RootPane> (0x000000008a5bfd20) 
thrown [s\open\src\hotspot\share\classfile\systemDictionary.cpp, line 313]
Event: 0.244 Thread 0x000002afe75a05a0 Exception <a 'java/lang/ClassNotFoundException'{0x000000008a5c2ab0}: com/sun/swing/internal/plaf/metal/resources/spi/metalProvider> (0x000000008a5c2ab0) 
thrown [s\open\src\hotspot\share\classfile\systemDictionary.cpp, line 313]
Event: 0.245 Thread 0x000002afe75a05a0 Exception <a 'java/lang/ClassNotFoundException'{0x000000008a5c67b0}: com/sun/swing/internal/plaf/basic/resources/spi/basicProvider> (0x000000008a5c67b0) 
thrown [s\open\src\hotspot\share\classfile\systemDictionary.cpp, line 313]
Event: 0.262 Thread 0x000002afd44b29f0 Exception <a 'java/lang/ClassNotFoundException'{0x000000008a491158}: com/sun/swing/internal/plaf/synth/resources/spi/synthProvider> (0x000000008a491158) 
thrown [s\open\src\hotspot\share\classfile\systemDictionary.cpp, line 313]
Event: 0.274 Thread 0x000002afd44b29f0 Exception <a 'java/lang/NoSuchMethodError'{0x000000008a4d4ec0}: 'int java.lang.invoke.Invokers$Holder.invokeExact_MT(java.lang.Object, java.lang.Object)'> (0x000000008a4d4ec0) 
thrown [s\open\src\hotspot\share\interpreter\linkResolver.cpp, line 774]
Event: 0.281 Thread 0x000002afd44b29f0 Exception <a 'java/lang/NoSuchMethodError'{0x000000008a4ea500}: 'java.lang.Object java.lang.invoke.DirectMethodHandle$Holder.newInvokeSpecial(java.lang.Object, java.lang.Object, int)'> (0x000000008a4ea500) 
thrown [s\open\src\hotspot\share\interpreter\linkResolver.cpp, line 774]
Event: 0.282 Thread 0x000002afd44b29f0 Exception <a 'java/lang/NoSuchMethodError'{0x000000008a4ef5c0}: 'int java.lang.invoke.DirectMethodHandle$Holder.invokeSpecial(java.lang.Object, java.lang.Object, java.lang.Object, int)'> (0x000000008a4ef5c0) 
thrown [s\open\src\hotspot\share\interpreter\linkResolver.cpp, line 774]
Event: 0.283 Thread 0x000002afd44b29f0 Exception <a 'java/lang/NoSuchMethodError'{0x000000008a30c520}: 'java.lang.Object java.lang.invoke.DirectMethodHandle$Holder.invokeStatic(java.lang.Object, java.lang.Object, java.lang.Object, java.lang.Object, int)'> (0x000000008a30c520) 
thrown [s\open\src\hotspot\share\interpreter\linkResolver.cpp, line 774]
Event: 0.284 Thread 0x000002afd44b29f0 Exception <a 'java/lang/NoSuchMethodError'{0x000000008a318040}: 'int java.lang.invoke.DirectMethodHandle$Holder.invokeSpecial(java.lang.Object, java.lang.Object, java.lang.Object)'> (0x000000008a318040) 
thrown [s\open\src\hotspot\share\interpreter\linkResolver.cpp, line 774]
Event: 0.337 Thread 0x000002afd453e810 Exception <a 'java/lang/NoSuchMethodError'{0x000000008a12a808}: 'java.lang.Object java.lang.invoke.DirectMethodHandle$Holder.newInvokeSpecial(java.lang.Object, java.lang.Object, java.lang.Object, int, int, int, int, int)'> (0x000000008a12a808) 
thrown [s\open\src\hotspot\share\interpreter\linkResolver.cpp, line 774]
Event: 0.357 Thread 0x000002afd44b29f0 Exception <a 'java/lang/ClassNotFoundException'{0x000000008a197c28}: java/lang/ObjectCustomizer> (0x000000008a197c28) 
thrown [s\open\src\hotspot\share\classfile\systemDictionary.cpp, line 313]
Event: 0.361 Thread 0x000002afd44b29f0 Exception <a 'java/lang/NoSuchMethodError'{0x000000008a19ed68}: 'java.lang.Object java.lang.invoke.DirectMethodHandle$Holder.invokeInterface(java.lang.Object, java.lang.Object)'> (0x000000008a19ed68) 
thrown [s\open\src\hotspot\share\interpreter\linkResolver.cpp, line 774]
Event: 0.361 Thread 0x000002afd44b29f0 Exception <a 'java/lang/IncompatibleClassChangeError'{0x000000008a1a2320}: Found class java.lang.Object, but interface was expected> (0x000000008a1a2320) 
thrown [s\open\src\hotspot\share\interpreter\linkResolver.cpp, line 841]
Event: 0.369 Thread 0x000002afd44b29f0 Exception <a 'java/lang/ClassNotFoundException'{0x000000008a1e0970}: net/miginfocom/layout/UnitValueCustomizer> (0x000000008a1e0970) 
thrown [s\open\src\hotspot\share\classfile\systemDictionary.cpp, line 313]
Event: 0.371 Thread 0x000002afd44b29f0 Exception <a 'java/lang/ClassNotFoundException'{0x000000008a1f4a08}: java/lang/ObjectCustomizer> (0x000000008a1f4a08) 
thrown [s\open\src\hotspot\share\classfile\systemDictionary.cpp, line 313]
Event: 0.372 Thread 0x000002afd44b29f0 Exception <a 'java/lang/ClassNotFoundException'{0x000000008a1fa350}: net/miginfocom/layout/BoundSizeCustomizer> (0x000000008a1fa350) 
thrown [s\open\src\hotspot\share\classfile\systemDictionary.cpp, line 313]
Event: 0.858 Thread 0x000002afd4445c00 Exception <a 'java/lang/NoSuchMethodError'{0x0000000089cf2aa0}: 'void java.lang.invoke.DirectMethodHandle$Holder.invokeVirtual(java.lang.Object, java.lang.Object)'> (0x0000000089cf2aa0) 
thrown [s\open\src\hotspot\share\interpreter\linkResolver.cpp, line 774]
Event: 0.872 Thread 0x000002afd44b29f0 Exception <a 'java/lang/NoSuchMethodError'{0x0000000089cc89b0}: 'void java.lang.invoke.DirectMethodHandle$Holder.invokeStaticInit(java.lang.Object)'> (0x0000000089cc89b0) 
thrown [s\open\src\hotspot\share\interpreter\linkResolver.cpp, line 774]
Event: 0.906 Thread 0x000002afd44b29f0 Implicit null exception at 0x000002af87b0d8e9 to 0x000002af87b0da18
Event: 0.939 Thread 0x000002afd44b29f0 Implicit null exception at 0x000002af87b27a81 to 0x000002af87b27b30

ZGC Phase Switch (0 events):
No events

VM Operations (20 events):
Event: 1.018 Executing VM operation: G1TryInitiateConcMark (G1 Humongous Allocation) done
Event: 1.036 Executing VM operation: G1TryInitiateConcMark (G1 Humongous Allocation)
Event: 1.037 Executing VM operation: G1TryInitiateConcMark (G1 Humongous Allocation) done
Event: 1.038 Executing VM operation: G1TryInitiateConcMark (G1 Humongous Allocation)
Event: 1.040 Executing VM operation: G1TryInitiateConcMark (G1 Humongous Allocation) done
Event: 1.073 Executing VM operation: HandshakeAllThreads (Deoptimize)
Event: 1.073 Executing VM operation: HandshakeAllThreads (Deoptimize) done
Event: 2.080 Executing VM operation: Cleanup
Event: 2.080 Executing VM operation: Cleanup done
Event: 2.425 Executing VM operation: G1TryInitiateConcMark (G1 Humongous Allocation)
Event: 2.427 Executing VM operation: G1TryInitiateConcMark (G1 Humongous Allocation) done
Event: 2.435 Executing VM operation: G1TryInitiateConcMark (G1 Humongous Allocation)
Event: 2.437 Executing VM operation: G1TryInitiateConcMark (G1 Humongous Allocation) done
Event: 2.495 Executing VM operation: G1TryInitiateConcMark (G1 Humongous Allocation)
Event: 2.496 Executing VM operation: G1TryInitiateConcMark (G1 Humongous Allocation) done
Event: 2.505 Executing VM operation: G1TryInitiateConcMark (G1 Humongous Allocation)
Event: 2.506 Executing VM operation: G1TryInitiateConcMark (G1 Humongous Allocation) done
Event: 2.561 Executing VM operation: G1TryInitiateConcMark (G1 Humongous Allocation)
Event: 2.563 Executing VM operation: G1TryInitiateConcMark (G1 Humongous Allocation) done
Event: 2.571 Executing VM operation: G1TryInitiateConcMark (G1 Humongous Allocation)

Events (20 events):
Event: 0.025 Thread 0x000002aff7566ea0 Thread added: 0x000002aff7566ea0
Event: 0.026 Thread 0x000002aff756af50 Thread added: 0x000002aff756af50
Event: 0.026 Thread 0x000002aff756bc30 Thread added: 0x000002aff756bc30
Event: 0.026 Thread 0x000002aff756c690 Thread added: 0x000002aff756c690
Event: 0.026 Thread 0x000002aff7571a50 Thread added: 0x000002aff7571a50
Event: 0.026 Thread 0x000002aff757da10 Thread added: 0x000002aff757da10
Event: 0.037 Thread 0x000002afd42875a0 Thread added: 0x000002afd42875a0
Event: 0.039 Thread 0x000002afd429ef30 Thread added: 0x000002afd429ef30
Event: 0.116 Thread 0x000002afd443e670 Thread added: 0x000002afd443e670
Event: 0.117 Thread 0x000002afd4443100 Thread added: 0x000002afd4443100
Event: 0.118 Thread 0x000002afd4445c00 Thread added: 0x000002afd4445c00
Event: 0.254 Thread 0x000002afd44b29f0 Thread added: 0x000002afd44b29f0
Event: 0.254 Thread 0x000002afe75a05a0 Thread exited: 0x000002afe75a05a0
Event: 0.254 Thread 0x000002afe75a05a0 Thread added: 0x000002afe75a05a0
Event: 0.301 Thread 0x000002afd453e810 Thread added: 0x000002afd453e810
Event: 0.380 Thread 0x000002afd5f73230 Thread added: 0x000002afd5f73230
Event: 0.543 Thread 0x000002afd5f8f2a0 Thread added: 0x000002afd5f8f2a0
Event: 0.543 Thread 0x000002afd5f8f960 Thread added: 0x000002afd5f8f960
Event: 1.179 Thread 0x000002afd5f8f960 Thread exited: 0x000002afd5f8f960
Event: 1.179 Thread 0x000002afd5f8f2a0 Thread exited: 0x000002afd5f8f2a0


Dynamic libraries:
0x00007ff7ba2a0000 - 0x00007ff7ba2b0000 	C:\Program Files\Java\jdk-22\bin\java.exe
0x00007ff80c6b0000 - 0x00007ff80c8c7000 	C:\WINDOWS\SYSTEM32\ntdll.dll
0x00007ff80b240000 - 0x00007ff80b304000 	C:\WINDOWS\System32\KERNEL32.DLL
0x00007ff809a60000 - 0x00007ff809e0c000 	C:\WINDOWS\System32\KERNELBASE.dll
0x00007ff809e10000 - 0x00007ff809f21000 	C:\WINDOWS\System32\ucrtbase.dll
0x00007fff86eb0000 - 0x00007fff86ecb000 	C:\Program Files\Java\jdk-22\bin\VCRUNTIME140.dll
0x00007fffc7500000 - 0x00007fffc7517000 	C:\Program Files\Java\jdk-22\bin\jli.dll
0x00007ff80b020000 - 0x00007ff80b0d2000 	C:\WINDOWS\System32\ADVAPI32.dll
0x00007ff80b3b0000 - 0x00007ff80b457000 	C:\WINDOWS\System32\msvcrt.dll
0x00007ff80c5c0000 - 0x00007ff80c66a000 	C:\WINDOWS\System32\sechost.dll
0x00007ff80a3c0000 - 0x00007ff80a3e8000 	C:\WINDOWS\System32\bcrypt.dll
0x00007ff80c380000 - 0x00007ff80c495000 	C:\WINDOWS\System32\RPCRT4.dll
0x00007ff80c1d0000 - 0x00007ff80c37e000 	C:\WINDOWS\System32\USER32.dll
0x00007ff80a260000 - 0x00007ff80a286000 	C:\WINDOWS\System32\win32u.dll
0x00007ff80b160000 - 0x00007ff80b189000 	C:\WINDOWS\System32\GDI32.dll
0x00007fffedf20000 - 0x00007fffee1b3000 	C:\WINDOWS\WinSxS\amd64_microsoft.windows.common-controls_6595b64144ccf1df_6.0.22621.3672_none_2713b9d173822955\COMCTL32.dll
0x00007ff80a140000 - 0x00007ff80a259000 	C:\WINDOWS\System32\gdi32full.dll
0x00007ff80a0a0000 - 0x00007ff80a13a000 	C:\WINDOWS\System32\msvcp_win.dll
0x00007ff8065e0000 - 0x00007ff8065ea000 	C:\WINDOWS\SYSTEM32\VERSION.dll
0x00007ff80af50000 - 0x00007ff80af81000 	C:\WINDOWS\System32\IMM32.DLL
0x00007fffc2b00000 - 0x00007fffc2b0c000 	C:\Program Files\Java\jdk-22\bin\vcruntime140_1.dll
0x00007fff856c0000 - 0x00007fff8574e000 	C:\Program Files\Java\jdk-22\bin\msvcp140.dll
0x00007fff85a40000 - 0x00007fff86787000 	C:\Program Files\Java\jdk-22\bin\server\jvm.dll
0x00007ff80af90000 - 0x00007ff80b001000 	C:\WINDOWS\System32\WS2_32.dll
0x00007ff808870000 - 0x00007ff8088bd000 	C:\WINDOWS\SYSTEM32\POWRPROF.dll
0x00007ffff80a0000 - 0x00007ffff80d4000 	C:\WINDOWS\SYSTEM32\WINMM.dll
0x00007ff808850000 - 0x00007ff808863000 	C:\WINDOWS\SYSTEM32\UMPDC.dll
0x00007ff808b00000 - 0x00007ff808b18000 	C:\WINDOWS\SYSTEM32\kernel.appcore.dll
0x00007fffc1670000 - 0x00007fffc167a000 	C:\Program Files\Java\jdk-22\bin\jimage.dll
0x00007ffff75e0000 - 0x00007ffff7812000 	C:\WINDOWS\SYSTEM32\DBGHELP.DLL
0x00007ff80b460000 - 0x00007ff80b7e8000 	C:\WINDOWS\System32\combase.dll
0x00007ff80a630000 - 0x00007ff80a707000 	C:\WINDOWS\System32\OLEAUT32.dll
0x00007ffff4e90000 - 0x00007ffff4ec2000 	C:\WINDOWS\SYSTEM32\dbgcore.DLL
0x00007ff8099e0000 - 0x00007ff809a5b000 	C:\WINDOWS\System32\bcryptPrimitives.dll
0x00007fff86e90000 - 0x00007fff86eae000 	C:\Program Files\Java\jdk-22\bin\java.dll
0x00007ff80b850000 - 0x00007ff80c0ac000 	C:\WINDOWS\System32\SHELL32.dll
0x00007ff80ada0000 - 0x00007ff80af45000 	C:\WINDOWS\System32\ole32.dll
0x00007ff807940000 - 0x00007ff808237000 	C:\WINDOWS\SYSTEM32\windows.storage.dll
0x00007ff807800000 - 0x00007ff80793f000 	C:\WINDOWS\SYSTEM32\wintypes.dll
0x00007ff80c4c0000 - 0x00007ff80c5b4000 	C:\WINDOWS\System32\SHCORE.dll
0x00007ff80abe0000 - 0x00007ff80ac3e000 	C:\WINDOWS\System32\shlwapi.dll
0x00007ff809910000 - 0x00007ff809931000 	C:\WINDOWS\SYSTEM32\profapi.dll
0x00007fff85920000 - 0x00007fff859f7000 	C:\Program Files\Java\jdk-22\bin\jsvml.dll
0x00007fffbefe0000 - 0x00007fffbeff0000 	C:\Program Files\Java\jdk-22\bin\net.dll
0x00007ff808f70000 - 0x00007ff808fd9000 	C:\WINDOWS\system32\mswsock.dll
0x00007fff85900000 - 0x00007fff85916000 	C:\Program Files\Java\jdk-22\bin\nio.dll
0x00007fff858e0000 - 0x00007fff858f7000 	C:\Program Files\Java\jdk-22\bin\zip.dll
0x00007fff85750000 - 0x00007fff858de000 	C:\Program Files\Java\jdk-22\bin\awt.dll
0x00007ff805d20000 - 0x00007ff805db7000 	C:\WINDOWS\SYSTEM32\apphelp.dll
0x00007ff806e70000 - 0x00007ff806f1a000 	C:\WINDOWS\system32\uxtheme.dll
0x00007fffcd810000 - 0x00007fffcd943000 	C:\ProgramData\A-Volute\A-Volute.Nahimic\Modules\Scheduled\x64\AudioDevProps2.dll
0x00007ff80ac40000 - 0x00007ff80ad93000 	C:\WINDOWS\System32\MSCTF.dll
0x00007ff8070f0000 - 0x00007ff80711b000 	C:\WINDOWS\system32\DWMAPI.DLL
0x00007fff85630000 - 0x00007fff856b7000 	C:\Program Files\Java\jdk-22\bin\freetype.dll
0x00007fff85550000 - 0x00007fff85627000 	C:\Program Files\Java\jdk-22\bin\fontmanager.dll
0x00007fffd7f30000 - 0x00007fffd8030000 	C:\WINDOWS\system32\opengl32.dll
0x00007fffd80e0000 - 0x00007fffd810d000 	C:\WINDOWS\SYSTEM32\GLU32.dll
0x00007ff807160000 - 0x00007ff807199000 	C:\WINDOWS\SYSTEM32\dxcore.dll
0x00007fffe2af0000 - 0x00007fffe2b1e000 	C:\Program Files\Java\jdk-22\bin\javajpeg.dll
0x00007ff80b190000 - 0x00007ff80b240000 	C:\WINDOWS\System32\clbcatq.dll
0x00007ff806c80000 - 0x00007ff806e30000 	C:\WINDOWS\SYSTEM32\WindowsCodecs.dll
0x00007fffd6af0000 - 0x00007fffd6b4e000 	C:\WINDOWS\system32\dataexchange.dll
0x00007ff805e20000 - 0x00007ff8060aa000 	C:\WINDOWS\system32\twinapi.appcore.dll
0x00007ffff96f0000 - 0x00007ffff983d000 	C:\WINDOWS\SYSTEM32\textinputframework.dll
0x00007ff8058c0000 - 0x00007ff8059f3000 	C:\WINDOWS\SYSTEM32\CoreMessaging.dll
0x00007ff8026f0000 - 0x00007ff802a5d000 	C:\WINDOWS\SYSTEM32\CoreUIComponents.dll
0x00007ff8091f0000 - 0x00007ff8091fc000 	C:\WINDOWS\SYSTEM32\CRYPTBASE.DLL

dbghelp: loaded successfully - version: 4.0.5 - missing functions: none
symbol engine: initialized successfully - sym options: 0x614 - pdb path: .;C:\Program Files\Java\jdk-22\bin;C:\WINDOWS\SYSTEM32;C:\WINDOWS\WinSxS\amd64_microsoft.windows.common-controls_6595b64144ccf1df_6.0.22621.3672_none_2713b9d173822955;C:\Program Files\Java\jdk-22\bin\server;C:\ProgramData\A-Volute\A-Volute.Nahimic\Modules\Scheduled\x64

VM Arguments:
java_command: forms.FrmMain
java_class_path (initial): C:\Users\eljulls\Documents\GitHub\Juatsapp_233537_240005\Juatsapp_presentacion\target\classes;C:\Users\eljulls\.m2\repository\org\netbeans\external\AbsoluteLayout\RELEASE210\AbsoluteLayout-RELEASE210.jar;C:\Users\eljulls\.m2\repository\com\github\lgooddatepicker\LGoodDatePicker\11.2.1\LGoodDatePicker-11.2.1.jar;C:\Users\eljulls\.m2\repository\com\miglayout\miglayout-swing\5.2\miglayout-swing-5.2.jar;C:\Users\eljulls\.m2\repository\com\miglayout\miglayout-core\5.2\miglayout-core-5.2.jar
Launcher Type: SUN_STANDARD

[Global flags]
     intx CICompilerCount                          = 4                                         {product} {ergonomic}
     uint ConcGCThreads                            = 3                                         {product} {ergonomic}
     uint G1ConcRefinementThreads                  = 10                                        {product} {ergonomic}
   size_t G1HeapRegionSize                         = 1048576                                   {product} {ergonomic}
   size_t InitialHeapSize                          = 132120576                                 {product} {ergonomic}
   size_t MarkStackSize                            = 4194304                                   {product} {ergonomic}
   size_t MaxHeapSize                              = 2101346304                                {product} {ergonomic}
   size_t MaxNewSize                               = 1260388352                                {product} {ergonomic}
   size_t MinHeapDeltaBytes                        = 1048576                                   {product} {ergonomic}
   size_t MinHeapSize                              = 8388608                                   {product} {ergonomic}
    uintx NonNMethodCodeHeapSize                   = 5839372                                {pd product} {ergonomic}
    uintx NonProfiledCodeHeapSize                  = 122909434                              {pd product} {ergonomic}
    uintx ProfiledCodeHeapSize                     = 122909434                              {pd product} {ergonomic}
    uintx ReservedCodeCacheSize                    = 251658240                              {pd product} {ergonomic}
     bool SegmentedCodeCache                       = true                                      {product} {ergonomic}
   size_t SoftMaxHeapSize                          = 2101346304                             {manageable} {ergonomic}
     bool UseCompressedOops                        = true                           {product lp64_product} {ergonomic}
     bool UseG1GC                                  = true                                      {product} {ergonomic}
     bool UseLargePagesIndividualAllocation        = false                                  {pd product} {ergonomic}

Logging:
Log output configuration:
 #0: stdout all=warning uptime,level,tags foldmultilines=false
 #1: stderr all=off uptime,level,tags foldmultilines=false

Environment Variables:
JAVA_HOME=C:\Program Files\Java\jdk-22
PATH=C:\Program Files\Common Files\Oracle\Java\javapath;C:\Program Files (x86)\Common Files\Oracle\Java\javapath;C:\Windows\system32;C:\Windows;C:\Windows\System32\Wbem;C:\Windows\System32\WindowsPowerShell\v1.0\;C:\Windows\System32\OpenSSH\;C:\Program Files (x86)\NVIDIA Corporation\PhysX\Common;C:\Program Files\NVIDIA Corporation\NVIDIA NvDLISR;C:\WINDOWS\system32;C:\WINDOWS;C:\WINDOWS\System32\Wbem;C:\WINDOWS\System32\WindowsPowerShell\v1.0\;C:\WINDOWS\System32\OpenSSH\;C:\Program Files\PuTTY\;C:\Program Files\dotnet\;C:\Program Files\nodejs\;C:\Users\eljulls\AppData\Local\Programs\Python\Python312\Scripts\;C:\Users\eljulls\AppData\Local\Programs\Python\Python312\;C:\Users\eljulls\AppData\Local\Programs\Python\Python311\Scripts\;C:\Users\eljulls\AppData\Local\Programs\Python\Python311\;C:\Users\eljulls\AppData\Local\Programs\Python\Launcher\;C:\Users\eljulls\AppData\Local\Microsoft\WindowsApps;C:\Users\eljulls\AppData\Local\Programs\Microsoft VS Code\bin;C:\Users\eljulls\AppData\Roaming\npm;C:\Users\eljulls\AppData\Local\GitHubDesktop\bin
USERNAME=eljulls
OS=Windows_NT
PROCESSOR_IDENTIFIER=Intel64 Family 6 Model 165 Stepping 2, GenuineIntel
TMP=C:\Users\eljulls\AppData\Local\Temp
TEMP=C:\Users\eljulls\AppData\Local\Temp




Periodic native trim disabled

---------------  S Y S T E M  ---------------

OS:
 Windows 11 , 64 bit Build 22621 (10.0.22621.3672)
OS uptime: 1 days 0:36 hours

CPU: total 12 (initial active 12) (6 cores per cpu, 2 threads per core) family 6 model 165 stepping 2 microcode 0xe2, cx8, cmov, fxsr, ht, mmx, 3dnowpref, sse, sse2, sse3, ssse3, sse4.1, sse4.2, popcnt, lzcnt, tsc, tscinvbit, avx, avx2, aes, erms, clmul, bmi1, bmi2, adx, fma, vzeroupper, clflush, clflushopt, rdtscp, f16c, pku
Processor Information for all 12 processors :
  Max Mhz: 2496, Current Mhz: 2496, Mhz Limit: 2496

Memory: 4k page, system-wide physical 8013M (907M free)
TotalPageFile size 25800M (AvailPageFile size 530M)
current process WorkingSet (physical memory assigned to process): 255M, peak: 255M
current process commit charge ("private bytes"): 500M, peak: 1069M

vm_info: Java HotSpot(TM) 64-Bit Server VM (22.0.1+8-16) for windows-amd64 JRE (22.0.1+8-16), built on 2024-03-12T10:33:16Z by "mach5one" with MS VC++ 17.6 (VS2022)

END.
