#
# There is insufficient memory for the Java Runtime Environment to continue.
# Native memory allocation (mmap) failed to map 132120576 bytes. Error detail: G1 virtual space
# Possible reasons:
#   The system is out of physical RAM or swap space
#   This process is running with CompressedOops enabled, and the Java Heap may be blocking the growth of the native heap
# Possible solutions:
#   Reduce memory load on the system
#   Increase physical memory or swap space
#   Check if swap backing store is full
#   Decrease Java heap size (-Xmx/-Xms)
#   Decrease number of Java threads
#   Decrease Java thread stack sizes (-Xss)
#   Set larger code cache with -XX:ReservedCodeCacheSize=
#   JVM is running with Unscaled Compressed Oops mode in which the Java heap is
#     placed in the first 4GB address space. The Java Heap base address is the
#     maximum limit for the native heap growth. Please use -XX:HeapBaseMinAddress
#     to set the Java Heap base and to place the Java Heap above 4GB virtual address.
# This output file may be truncated or incomplete.
#
#  Out of Memory Error (os_windows.cpp:3631), pid=22116, tid=19424
#
# JRE version:  (22.0.1+8) (build )
# Java VM: Java HotSpot(TM) 64-Bit Server VM (22.0.1+8-16, mixed mode, sharing, tiered, compressed oops, compressed class ptrs, g1 gc, windows-amd64)
# No core dump will be written. Minidumps are not enabled by default on client versions of Windows
#

---------------  S U M M A R Y ------------

Command Line: forms.FrmLogin

Host: Intel(R) Core(TM) i5-10500H CPU @ 2.50GHz, 12 cores, 7G,  Windows 11 , 64 bit Build 22621 (10.0.22621.3672)
Time: Sat Jun 29 06:58:06 2024 Hora estándar Montañas, EE.UU. elapsed time: 0.008816 seconds (0d 0h 0m 0s)

---------------  T H R E A D  ---------------

Current thread (0x000001d3ae6a2760):  JavaThread "Unknown thread" [_thread_in_vm, id=19424, stack(0x000000468a300000,0x000000468a400000) (1024K)]

Stack: [0x000000468a300000,0x000000468a400000]
Native frames: (J=compiled Java code, j=interpreted, Vv=VM code, C=native code)
V  [jvm.dll+0x6e2279]  (no source info available)
V  [jvm.dll+0x874e33]  (no source info available)
V  [jvm.dll+0x87725e]  (no source info available)
V  [jvm.dll+0x877933]  (no source info available)
V  [jvm.dll+0x27fd76]  (no source info available)
V  [jvm.dll+0x6de915]  (no source info available)
V  [jvm.dll+0x6d341a]  (no source info available)
V  [jvm.dll+0x3589da]  (no source info available)
V  [jvm.dll+0x360f06]  (no source info available)
V  [jvm.dll+0x3b3e2e]  (no source info available)
V  [jvm.dll+0x3b40d8]  (no source info available)
V  [jvm.dll+0x32c59c]  (no source info available)
V  [jvm.dll+0x32d158]  (no source info available)
V  [jvm.dll+0x83ccdc]  (no source info available)
V  [jvm.dll+0x3c0d71]  (no source info available)
V  [jvm.dll+0x825ccc]  (no source info available)
V  [jvm.dll+0x45b8fe]  (no source info available)
V  [jvm.dll+0x45d781]  (no source info available)
C  [jli.dll+0x52a3]  (no source info available)
C  [ucrtbase.dll+0x29333]  (no source info available)
C  [KERNEL32.DLL+0x1257d]  (no source info available)
C  [ntdll.dll+0x5af28]  (no source info available)


---------------  P R O C E S S  ---------------

Threads class SMR info:
_java_thread_list=0x00007ffb1583b1c8, length=0, elements={
}

Java Threads: ( => current thread )
Total: 0

Other Threads:
  0x000001d3b0874940 WorkerThread "GC Thread#0"                     [id=16856, stack(0x000000468a400000,0x000000468a500000) (1024K)]
  0x000001d3b0885560 ConcurrentGCThread "G1 Main Marker"            [id=10188, stack(0x000000468a500000,0x000000468a600000) (1024K)]
  0x000001d3b0886810 WorkerThread "G1 Conc#0"                       [id=23348, stack(0x000000468a600000,0x000000468a700000) (1024K)]

[error occurred during error reporting (printing all threads), id 0xc0000005, EXCEPTION_ACCESS_VIOLATION (0xc0000005) at pc=0x00007ffb14f8f367]
VM state: not at safepoint (not fully initialized)

VM Mutex/Monitor currently owned by a thread:  ([mutex/lock_event])
[0x00007ffb158bbcb8] Heap_lock - owner thread: 0x000001d3ae6a2760

Heap address: 0x0000000082c00000, size: 2004 MB, Compressed Oops mode: 32-bit

CDS archive(s) mapped at: [0x0000000000000000-0x0000000000000000-0x0000000000000000), size 0, SharedBaseAddress: 0x0000000800000000, ArchiveRelocationMode: 1.
Narrow klass base: 0x0000000000000000, Narrow klass shift: 0, Narrow klass range: 0x0

GC Precious Log:
 CardTable entry size: 512
 Card Set container configuration: InlinePtr #cards 5 size 8 Array Of Cards #cards 12 size 40 Howl #buckets 4 coarsen threshold 1843 Howl Bitmap #cards 512 size 80 coarsen threshold 460 Card regions per heap region 1 cards per card region 2048

Heap:
 garbage-first heap   total reserved 2052096K, committed 0K, used 0K [0x0000000082c00000, 0x0000000100000000)
  region size 1024K, 0 young (0K), 0 survivors (0K)

[error occurred during error reporting (printing heap information), id 0xc0000005, EXCEPTION_ACCESS_VIOLATION (0xc0000005) at pc=0x00007ffb1538e429]
GC Heap History (0 events):
No events

Dll operation events (1 events):
Event: 0.005 Loaded shared library C:\Program Files\Java\jdk-22\bin\java.dll

Deoptimization events (0 events):
No events

Classes loaded (0 events):
No events

Classes unloaded (0 events):
No events

Classes redefined (0 events):
No events

Internal exceptions (0 events):
No events

ZGC Phase Switch (0 events):
No events

VM Operations (0 events):
No events

Events (0 events):
No events


Dynamic libraries:
0x00007ff73c670000 - 0x00007ff73c680000 	C:\Program Files\Java\jdk-22\bin\java.exe
0x00007ffbae010000 - 0x00007ffbae227000 	C:\WINDOWS\SYSTEM32\ntdll.dll
0x00007ffbad910000 - 0x00007ffbad9d4000 	C:\WINDOWS\System32\KERNEL32.DLL
0x00007ffbab340000 - 0x00007ffbab6ec000 	C:\WINDOWS\System32\KERNELBASE.dll
0x00007ffbab9f0000 - 0x00007ffbabb01000 	C:\WINDOWS\System32\ucrtbase.dll
0x00007ffba4690000 - 0x00007ffba46ab000 	C:\Program Files\Java\jdk-22\bin\VCRUNTIME140.dll
0x00007ffba7010000 - 0x00007ffba7027000 	C:\Program Files\Java\jdk-22\bin\jli.dll
0x00007ffbacd40000 - 0x00007ffbacdf2000 	C:\WINDOWS\System32\ADVAPI32.dll
0x00007ffbada40000 - 0x00007ffbadae7000 	C:\WINDOWS\System32\msvcrt.dll
0x00007ffbade00000 - 0x00007ffbadeaa000 	C:\WINDOWS\System32\sechost.dll
0x00007ffbab6f0000 - 0x00007ffbab718000 	C:\WINDOWS\System32\bcrypt.dll
0x00007ffbac730000 - 0x00007ffbac845000 	C:\WINDOWS\System32\RPCRT4.dll
0x00007ffbadaf0000 - 0x00007ffbadc9e000 	C:\WINDOWS\System32\USER32.dll
0x00007ffbabca0000 - 0x00007ffbabcc6000 	C:\WINDOWS\System32\win32u.dll
0x00007ffb840f0000 - 0x00007ffb84383000 	C:\WINDOWS\WinSxS\amd64_microsoft.windows.common-controls_6595b64144ccf1df_6.0.22621.3672_none_2713b9d173822955\COMCTL32.dll
0x00007ffbad9e0000 - 0x00007ffbada09000 	C:\WINDOWS\System32\GDI32.dll
0x00007ffbabb80000 - 0x00007ffbabc99000 	C:\WINDOWS\System32\gdi32full.dll
0x00007ffbab7e0000 - 0x00007ffbab87a000 	C:\WINDOWS\System32\msvcp_win.dll
0x00007ffba4680000 - 0x00007ffba468a000 	C:\WINDOWS\SYSTEM32\VERSION.dll
0x00007ffbac850000 - 0x00007ffbac881000 	C:\WINDOWS\System32\IMM32.DLL
0x00007ffba45c0000 - 0x00007ffba45cc000 	C:\Program Files\Java\jdk-22\bin\vcruntime140_1.dll
0x00007ffb80040000 - 0x00007ffb800ce000 	C:\Program Files\Java\jdk-22\bin\msvcp140.dll
0x00007ffb14c50000 - 0x00007ffb15997000 	C:\Program Files\Java\jdk-22\bin\server\jvm.dll
0x00007ffbac920000 - 0x00007ffbac991000 	C:\WINDOWS\System32\WS2_32.dll
0x00007ffbaa1d0000 - 0x00007ffbaa21d000 	C:\WINDOWS\SYSTEM32\POWRPROF.dll
0x00007ffb9cac0000 - 0x00007ffb9caf4000 	C:\WINDOWS\SYSTEM32\WINMM.dll
0x00007ffbaa1b0000 - 0x00007ffbaa1c3000 	C:\WINDOWS\SYSTEM32\UMPDC.dll
0x00007ffbaa460000 - 0x00007ffbaa478000 	C:\WINDOWS\SYSTEM32\kernel.appcore.dll
0x00007ffba45a0000 - 0x00007ffba45aa000 	C:\Program Files\Java\jdk-22\bin\jimage.dll
0x00007ffba3d00000 - 0x00007ffba3f32000 	C:\WINDOWS\SYSTEM32\DBGHELP.DLL
0x00007ffbac9a0000 - 0x00007ffbacd28000 	C:\WINDOWS\System32\combase.dll
0x00007ffbac490000 - 0x00007ffbac567000 	C:\WINDOWS\System32\OLEAUT32.dll
0x00007ffba3c20000 - 0x00007ffba3c52000 	C:\WINDOWS\SYSTEM32\dbgcore.DLL
0x00007ffbabcd0000 - 0x00007ffbabd4b000 	C:\WINDOWS\System32\bcryptPrimitives.dll
0x00007ffba44b0000 - 0x00007ffba44ce000 	C:\Program Files\Java\jdk-22\bin\java.dll
0x00007ffbacf50000 - 0x00007ffbad7ac000 	C:\WINDOWS\System32\SHELL32.dll
0x00007ffbac2e0000 - 0x00007ffbac485000 	C:\WINDOWS\System32\ole32.dll

dbghelp: loaded successfully - version: 4.0.5 - missing functions: none
symbol engine: initialized successfully - sym options: 0x614 - pdb path: .;C:\Program Files\Java\jdk-22\bin;C:\WINDOWS\SYSTEM32;C:\WINDOWS\WinSxS\amd64_microsoft.windows.common-controls_6595b64144ccf1df_6.0.22621.3672_none_2713b9d173822955;C:\Program Files\Java\jdk-22\bin\server

VM Arguments:
java_command: forms.FrmLogin
java_class_path (initial): C:\Users\eljulls\Documents\GitHub\Juatsapp_233537_240005\Juatsapp_presentacion\target\classes;C:\Users\eljulls\.m2\repository\org\netbeans\external\AbsoluteLayout\RELEASE220\AbsoluteLayout-RELEASE220.jar
Launcher Type: SUN_STANDARD

[Global flags]
     intx CICompilerCount                          = 4                                         {product} {ergonomic}
     uint ConcGCThreads                            = 3                                         {product} {ergonomic}
     uint G1ConcRefinementThreads                  = 10                                        {product} {ergonomic}
   size_t G1HeapRegionSize                         = 1048576                                   {product} {ergonomic}
   size_t InitialHeapSize                          = 132120576                                 {product} {ergonomic}
   size_t MarkStackSize                            = 4194304                                   {product} {ergonomic}
   size_t MaxHeapSize                              = 2101346304                                {product} {ergonomic}
   size_t MinHeapDeltaBytes                        = 1048576                                   {product} {ergonomic}
   size_t MinHeapSize                              = 8388608                                   {product} {ergonomic}
    uintx NonNMethodCodeHeapSize                   = 5839372                                {pd product} {ergonomic}
    uintx NonProfiledCodeHeapSize                  = 122909434                              {pd product} {ergonomic}
    uintx ProfiledCodeHeapSize                     = 122909434                              {pd product} {ergonomic}
    uintx ReservedCodeCacheSize                    = 251658240                              {pd product} {ergonomic}
     bool SegmentedCodeCache                       = true                                      {product} {ergonomic}
   size_t SoftMaxHeapSize                          = 2101346304                             {manageable} {ergonomic}
     bool UseCompressedOops                        = true                           {product lp64_product} {ergonomic}
     bool UseG1GC                                  = true                                      {product} {ergonomic}
     bool UseLargePagesIndividualAllocation        = false                                  {pd product} {ergonomic}

Logging:
Log output configuration:
 #0: stdout all=warning uptime,level,tags foldmultilines=false
 #1: stderr all=off uptime,level,tags foldmultilines=false

Environment Variables:
JAVA_HOME=C:\Program Files\Java\jdk-22
PATH=C:\Program Files\Common Files\Oracle\Java\javapath;C:\Program Files (x86)\Common Files\Oracle\Java\javapath;C:\Windows\system32;C:\Windows;C:\Windows\System32\Wbem;C:\Windows\System32\WindowsPowerShell\v1.0\;C:\Windows\System32\OpenSSH\;C:\Program Files (x86)\NVIDIA Corporation\PhysX\Common;C:\Program Files\NVIDIA Corporation\NVIDIA NvDLISR;C:\WINDOWS\system32;C:\WINDOWS;C:\WINDOWS\System32\Wbem;C:\WINDOWS\System32\WindowsPowerShell\v1.0\;C:\WINDOWS\System32\OpenSSH\;C:\Program Files\PuTTY\;C:\Program Files\dotnet\;C:\Program Files\nodejs\;C:\Users\eljulls\AppData\Local\Programs\Python\Python312\Scripts\;C:\Users\eljulls\AppData\Local\Programs\Python\Python312\;C:\Users\eljulls\AppData\Local\Programs\Python\Python311\Scripts\;C:\Users\eljulls\AppData\Local\Programs\Python\Python311\;C:\Users\eljulls\AppData\Local\Programs\Python\Launcher\;C:\Users\eljulls\AppData\Local\Microsoft\WindowsApps;C:\Users\eljulls\AppData\Local\Programs\Microsoft VS Code\bin;C:\Users\eljulls\AppData\Roaming\npm;C:\Users\eljulls\AppData\Local\GitHubDesktop\bin
USERNAME=eljulls
OS=Windows_NT
PROCESSOR_IDENTIFIER=Intel64 Family 6 Model 165 Stepping 2, GenuineIntel
TMP=C:\Users\eljulls\AppData\Local\Temp
TEMP=C:\Users\eljulls\AppData\Local\Temp




Periodic native trim disabled

---------------  S Y S T E M  ---------------

OS:
 Windows 11 , 64 bit Build 22621 (10.0.22621.3672)
OS uptime: 1 days 1:35 hours

CPU: total 12 (initial active 12) (6 cores per cpu, 2 threads per core) family 6 model 165 stepping 2 microcode 0xe2, cx8, cmov, fxsr, ht, mmx, 3dnowpref, sse, sse2, sse3, ssse3, sse4.1, sse4.2, popcnt, lzcnt, tsc, tscinvbit, avx, avx2, aes, erms, clmul, bmi1, bmi2, adx, fma, vzeroupper, clflush, clflushopt, rdtscp, f16c, pku
Processor Information for all 12 processors :
  Max Mhz: 2496, Current Mhz: 2496, Mhz Limit: 2496

Memory: 4k page, system-wide physical 8013M (991M free)
TotalPageFile size 17969M (AvailPageFile size 71M)
current process WorkingSet (physical memory assigned to process): 12M, peak: 12M
current process commit charge ("private bytes"): 64M, peak: 190M

vm_info: Java HotSpot(TM) 64-Bit Server VM (22.0.1+8-16) for windows-amd64 JRE (22.0.1+8-16), built on 2024-03-12T10:33:16Z by "mach5one" with MS VC++ 17.6 (VS2022)

END.
