#
# There is insufficient memory for the Java Runtime Environment to continue.
# Native memory allocation (mmap) failed to map 191889408 bytes. Error detail: G1 virtual space
# Possible reasons:
#   The system is out of physical RAM or swap space
#   This process is running with CompressedOops enabled, and the Java Heap may be blocking the growth of the native heap
# Possible solutions:
#   Reduce memory load on the system
#   Increase physical memory or swap space
#   Check if swap backing store is full
#   Decrease Java heap size (-Xmx/-Xms)
#   Decrease number of Java threads
#   Decrease Java thread stack sizes (-Xss)
#   Set larger code cache with -XX:ReservedCodeCacheSize=
#   JVM is running with Unscaled Compressed Oops mode in which the Java heap is
#     placed in the first 4GB address space. The Java Heap base address is the
#     maximum limit for the native heap growth. Please use -XX:HeapBaseMinAddress
#     to set the Java Heap base and to place the Java Heap above 4GB virtual address.
# This output file may be truncated or incomplete.
#
#  Out of Memory Error (os_windows.cpp:3631), pid=23276, tid=20532
#
# JRE version: Java(TM) SE Runtime Environment (22.0.1+8) (build 22.0.1+8-16)
# Java VM: Java HotSpot(TM) 64-Bit Server VM (22.0.1+8-16, mixed mode, sharing, tiered, compressed oops, compressed class ptrs, g1 gc, windows-amd64)
# No core dump will be written. Minidumps are not enabled by default on client versions of Windows
#

---------------  S U M M A R Y ------------

Command Line: forms.FrmMain

Host: Intel(R) Core(TM) i5-10500H CPU @ 2.50GHz, 12 cores, 7G,  Windows 11 , 64 bit Build 22621 (10.0.22621.3672)
Time: Tue Jul  2 05:37:51 2024 Hora estándar Montañas, EE.UU. elapsed time: 0.827445 seconds (0d 0h 0m 0s)

---------------  T H R E A D  ---------------

Current thread (0x000001bd20c260b0):  VMThread "VM Thread"          [id=20532, stack(0x000000107af00000,0x000000107b000000) (1024K)]

Stack: [0x000000107af00000,0x000000107b000000]
Native frames: (J=compiled Java code, j=interpreted, Vv=VM code, C=native code)
V  [jvm.dll+0x6e2279]  (no source info available)
V  [jvm.dll+0x874e33]  (no source info available)
V  [jvm.dll+0x87725e]  (no source info available)
V  [jvm.dll+0x877933]  (no source info available)
V  [jvm.dll+0x27fd76]  (no source info available)
V  [jvm.dll+0x6de915]  (no source info available)
V  [jvm.dll+0x6d341a]  (no source info available)
V  [jvm.dll+0x3589da]  (no source info available)
V  [jvm.dll+0x360f06]  (no source info available)
V  [jvm.dll+0x3b3e2e]  (no source info available)
V  [jvm.dll+0x3b40d8]  (no source info available)
V  [jvm.dll+0x32c59c]  (no source info available)
V  [jvm.dll+0x32c627]  (no source info available)
V  [jvm.dll+0x37229c]  (no source info available)
V  [jvm.dll+0x370996]  (no source info available)
V  [jvm.dll+0x32bc87]  (no source info available)
V  [jvm.dll+0x370468]  (no source info available)
V  [jvm.dll+0x87d7d0]  (no source info available)
V  [jvm.dll+0x87eb57]  (no source info available)
V  [jvm.dll+0x87f0d0]  (no source info available)
V  [jvm.dll+0x87f373]  (no source info available)
V  [jvm.dll+0x81d44b]  (no source info available)
V  [jvm.dll+0x6e0915]  (no source info available)
C  [ucrtbase.dll+0x29333]  (no source info available)
C  [KERNEL32.DLL+0x1257d]  (no source info available)
C  [ntdll.dll+0x5af28]  (no source info available)

VM_Operation (0x000000107bdfc7b8): G1TryInitiateConcMark, mode: safepoint, requested by thread 0x000001bd663ac4a0


---------------  P R O C E S S  ---------------

Threads class SMR info:
_java_thread_list=0x000001bd67ccf200, length=19, elements={
0x000001bd20c3ffb0, 0x000001bd20c40ed0, 0x000001bd20c477f0, 0x000001bd20c4a5e0,
0x000001bd20c4b040, 0x000001bd20c4bbd0, 0x000001bd20c57d20, 0x000001bd20c83e60,
0x000001bd6617e510, 0x000001bd6618bde0, 0x000001bd66328900, 0x000001bd6632e5d0,
0x000001bd6632f8d0, 0x000001bd663ac4a0, 0x000001bd04015720, 0x000001bd67bb4aa0,
0x000001bd67d6b760, 0x000001bd67d76760, 0x000001bd67d76e20
}

Java Threads: ( => current thread )
  0x000001bd20c3ffb0 JavaThread "Reference Handler"          daemon [_thread_blocked, id=27596, stack(0x000000107b000000,0x000000107b100000) (1024K)]
  0x000001bd20c40ed0 JavaThread "Finalizer"                  daemon [_thread_blocked, id=21744, stack(0x000000107b100000,0x000000107b200000) (1024K)]
  0x000001bd20c477f0 JavaThread "Signal Dispatcher"          daemon [_thread_blocked, id=21168, stack(0x000000107b200000,0x000000107b300000) (1024K)]
  0x000001bd20c4a5e0 JavaThread "Attach Listener"            daemon [_thread_blocked, id=24520, stack(0x000000107b300000,0x000000107b400000) (1024K)]
  0x000001bd20c4b040 JavaThread "Service Thread"             daemon [_thread_blocked, id=22972, stack(0x000000107b400000,0x000000107b500000) (1024K)]
  0x000001bd20c4bbd0 JavaThread "Monitor Deflation Thread"   daemon [_thread_blocked, id=3292, stack(0x000000107b500000,0x000000107b600000) (1024K)]
  0x000001bd20c57d20 JavaThread "C2 CompilerThread0"         daemon [_thread_blocked, id=25400, stack(0x000000107b600000,0x000000107b700000) (1024K)]
  0x000001bd20c83e60 JavaThread "C1 CompilerThread0"         daemon [_thread_blocked, id=25052, stack(0x000000107b700000,0x000000107b800000) (1024K)]
  0x000001bd6617e510 JavaThread "Notification Thread"        daemon [_thread_blocked, id=17728, stack(0x000000107b800000,0x000000107b900000) (1024K)]
  0x000001bd6618bde0 JavaThread "Common-Cleaner"             daemon [_thread_blocked, id=27572, stack(0x000000107b900000,0x000000107ba00000) (1024K)]
  0x000001bd66328900 JavaThread "Java2D Disposer"            daemon [_thread_blocked, id=24924, stack(0x000000107ba00000,0x000000107bb00000) (1024K)]
  0x000001bd6632e5d0 JavaThread "AWT-Shutdown"                      [_thread_blocked, id=24836, stack(0x000000107bb00000,0x000000107bc00000) (1024K)]
  0x000001bd6632f8d0 JavaThread "AWT-Windows"                daemon [_thread_in_native, id=20024, stack(0x000000107bc00000,0x000000107bd00000) (1024K)]
  0x000001bd663ac4a0 JavaThread "AWT-EventQueue-0"                  [_thread_blocked, id=15032, stack(0x000000107bd00000,0x000000107be00000) (1024K)]
  0x000001bd04015720 JavaThread "DestroyJavaVM"                     [_thread_blocked, id=17696, stack(0x000000107a800000,0x000000107a900000) (1024K)]
  0x000001bd67bb4aa0 JavaThread "Image Fetcher 0"            daemon [_thread_blocked, id=27448, stack(0x000000107be00000,0x000000107bf00000) (1024K)]
  0x000001bd67d6b760 JavaThread "TimerQueue"                 daemon [_thread_blocked, id=24704, stack(0x000000107bf00000,0x000000107c000000) (1024K)]
  0x000001bd67d76760 JavaThread "C2 CompilerThread1"         daemon [_thread_blocked, id=26596, stack(0x000000107c000000,0x000000107c100000) (1024K)]
  0x000001bd67d76e20 JavaThread "C2 CompilerThread2"         daemon [_thread_blocked, id=5944, stack(0x000000107c100000,0x000000107c200000) (1024K)]
Total: 19

Other Threads:
=>0x000001bd20c260b0 VMThread "VM Thread"                           [id=20532, stack(0x000000107af00000,0x000000107b000000) (1024K)]
  0x000001bd20c0e830 WatcherThread "VM Periodic Task Thread"        [id=10180, stack(0x000000107ae00000,0x000000107af00000) (1024K)]
  0x000001bd04066ae0 WorkerThread "GC Thread#0"                     [id=25068, stack(0x000000107a900000,0x000000107aa00000) (1024K)]
  0x000001bd67de3430 WorkerThread "GC Thread#1"                     [id=18880, stack(0x000000107c200000,0x000000107c300000) (1024K)]
  0x000001bd67de37e0 WorkerThread "GC Thread#2"                     [id=26136, stack(0x000000107c300000,0x000000107c400000) (1024K)]
  0x000001bd67dd9880 WorkerThread "GC Thread#3"                     [id=23016, stack(0x000000107c400000,0x000000107c500000) (1024K)]
  0x000001bd67d774e0 WorkerThread "GC Thread#4"                     [id=18528, stack(0x000000107c500000,0x000000107c600000) (1024K)]
  0x000001bd67d77890 WorkerThread "GC Thread#5"                     [id=22276, stack(0x000000107c600000,0x000000107c700000) (1024K)]
  0x000001bd67de99f0 WorkerThread "GC Thread#6"                     [id=16872, stack(0x000000107c700000,0x000000107c800000) (1024K)]
  0x000001bd67df0fb0 WorkerThread "GC Thread#7"                     [id=13988, stack(0x000000107c800000,0x000000107c900000) (1024K)]
  0x000001bd67df1360 WorkerThread "GC Thread#8"                     [id=24156, stack(0x000000107c900000,0x000000107ca00000) (1024K)]
  0x000001bd67e011f0 WorkerThread "GC Thread#9"                     [id=11416, stack(0x000000107ca00000,0x000000107cb00000) (1024K)]
  0x000001bd04077700 ConcurrentGCThread "G1 Main Marker"            [id=12344, stack(0x000000107aa00000,0x000000107ab00000) (1024K)]
  0x000001bd040789b0 WorkerThread "G1 Conc#0"                       [id=21016, stack(0x000000107ab00000,0x000000107ac00000) (1024K)]
  0x000001bd20adb940 ConcurrentGCThread "G1 Refine#0"               [id=18032, stack(0x000000107ac00000,0x000000107ad00000) (1024K)]
  0x000001bd20adc2d0 ConcurrentGCThread "G1 Service"                [id=24988, stack(0x000000107ad00000,0x000000107ae00000) (1024K)]
Total: 16

Threads with active compile tasks:
Total: 0

VM state: at safepoint (normal execution)

VM Mutex/Monitor currently owned by a thread:  ([mutex/lock_event])
[0x00007fff866abbb8] Threads_lock - owner thread: 0x000001bd20c260b0
[0x00007fff866abcb8] Heap_lock - owner thread: 0x000001bd663ac4a0

Heap address: 0x0000000082c00000, size: 2004 MB, Compressed Oops mode: 32-bit

CDS archive(s) mapped at: [0x000001bd21000000-0x000001bd21c60000-0x000001bd21c60000), size 12976128, SharedBaseAddress: 0x000001bd21000000, ArchiveRelocationMode: 1.
Compressed class space mapped at: 0x000001bd22000000-0x000001bd62000000, reserved size: 1073741824
Narrow klass base: 0x000001bd21000000, Narrow klass shift: 0, Narrow klass range: 0x41000000

GC Precious Log:
 CardTable entry size: 512
 Card Set container configuration: InlinePtr #cards 5 size 8 Array Of Cards #cards 12 size 40 Howl #buckets 4 coarsen threshold 1843 Howl Bitmap #cards 512 size 80 coarsen threshold 460 Card regions per heap region 1 cards per card region 2048
 CPUs: 12 total, 12 available
 Memory: 8013M
 Large Page Support: Disabled
 NUMA Support: Disabled
 Compressed Oops: Enabled (32-bit)
 Heap Region Size: 1M
 Heap Min Capacity: 8M
 Heap Initial Capacity: 126M
 Heap Max Capacity: 2004M
 Pre-touch: Disabled
 Parallel Workers: 10
 Concurrent Workers: 3
 Concurrent Refinement Workers: 10
 Periodic GC: Disabled

Heap:
 garbage-first heap   total reserved 2052096K, committed 129024K, used 54695K [0x0000000082c00000, 0x0000000100000000)
  region size 1024K, 2 young (2048K), 2 survivors (2048K)
 Metaspace       used 11822K, committed 12032K, reserved 1114112K
  class space    used 1378K, committed 1472K, reserved 1048576K

Heap Regions: E=young(eden), S=young(survivor), O=old, HS=humongous(starts), HC=humongous(continues), CS=collection set, F=free, TAMS=top-at-mark-start, PB=parsable bottom
|   0|0x0000000082c00000, 0x0000000082d00000, 0x0000000082d00000|100%|HS|  |TAMS 0x0000000082d00000| PB 0x0000000082c00000| Complete |  0
|   1|0x0000000082d00000, 0x0000000082e00000, 0x0000000082e00000|100%|HC|  |TAMS 0x0000000082e00000| PB 0x0000000082d00000| Complete |  0
|   2|0x0000000082e00000, 0x0000000082f00000, 0x0000000082f00000|100%|HC|  |TAMS 0x0000000082f00000| PB 0x0000000082e00000| Complete |  0
|   3|0x0000000082f00000, 0x0000000083000000, 0x0000000083000000|100%|HC|  |TAMS 0x0000000083000000| PB 0x0000000082f00000| Complete |  0
|   4|0x0000000083000000, 0x0000000083100000, 0x0000000083100000|100%|HC|  |TAMS 0x0000000083100000| PB 0x0000000083000000| Complete |  0
|   5|0x0000000083100000, 0x0000000083200000, 0x0000000083200000|100%|HC|  |TAMS 0x0000000083200000| PB 0x0000000083100000| Complete |  0
|   6|0x0000000083200000, 0x0000000083300000, 0x0000000083300000|100%|HC|  |TAMS 0x0000000083300000| PB 0x0000000083200000| Complete |  0
|   7|0x0000000083300000, 0x0000000083400000, 0x0000000083400000|100%|HC|  |TAMS 0x0000000083400000| PB 0x0000000083300000| Complete |  0
|   8|0x0000000083400000, 0x0000000083500000, 0x0000000083500000|100%|HC|  |TAMS 0x0000000083500000| PB 0x0000000083400000| Complete |  0
|   9|0x0000000083500000, 0x0000000083600000, 0x0000000083600000|100%|HC|  |TAMS 0x0000000083600000| PB 0x0000000083500000| Complete |  0
|  10|0x0000000083600000, 0x0000000083700000, 0x0000000083700000|100%| O|  |TAMS 0x0000000083700000| PB 0x0000000083600000| Untracked |  0
|  11|0x0000000083700000, 0x0000000083800000, 0x0000000083800000|100%|HS|  |TAMS 0x0000000083800000| PB 0x0000000083700000| Complete |  0
|  12|0x0000000083800000, 0x0000000083900000, 0x0000000083900000|100%|HC|  |TAMS 0x0000000083900000| PB 0x0000000083800000| Complete |  0
|  13|0x0000000083900000, 0x0000000083a00000, 0x0000000083a00000|100%|HC|  |TAMS 0x0000000083a00000| PB 0x0000000083900000| Complete |  0
|  14|0x0000000083a00000, 0x0000000083b00000, 0x0000000083b00000|100%|HC|  |TAMS 0x0000000083b00000| PB 0x0000000083a00000| Complete |  0
|  15|0x0000000083b00000, 0x0000000083c00000, 0x0000000083c00000|100%|HS|  |TAMS 0x0000000083c00000| PB 0x0000000083b00000| Complete |  0
|  16|0x0000000083c00000, 0x0000000083d00000, 0x0000000083d00000|100%|HC|  |TAMS 0x0000000083d00000| PB 0x0000000083c00000| Complete |  0
|  17|0x0000000083d00000, 0x0000000083e00000, 0x0000000083e00000|100%|HC|  |TAMS 0x0000000083e00000| PB 0x0000000083d00000| Complete |  0
|  18|0x0000000083e00000, 0x0000000083f00000, 0x0000000083f00000|100%|HC|  |TAMS 0x0000000083f00000| PB 0x0000000083e00000| Complete |  0
|  19|0x0000000083f00000, 0x0000000084000000, 0x0000000084000000|100%|HC|  |TAMS 0x0000000084000000| PB 0x0000000083f00000| Complete |  0
|  20|0x0000000084000000, 0x0000000084100000, 0x0000000084100000|100%|HC|  |TAMS 0x0000000084100000| PB 0x0000000084000000| Complete |  0
|  21|0x0000000084100000, 0x0000000084200000, 0x0000000084200000|100%|HC|  |TAMS 0x0000000084200000| PB 0x0000000084100000| Complete |  0
|  22|0x0000000084200000, 0x0000000084300000, 0x0000000084300000|100%|HS|  |TAMS 0x0000000084300000| PB 0x0000000084200000| Complete |  0
|  23|0x0000000084300000, 0x0000000084400000, 0x0000000084400000|100%|HC|  |TAMS 0x0000000084400000| PB 0x0000000084300000| Complete |  0
|  24|0x0000000084400000, 0x0000000084500000, 0x0000000084500000|100%|HC|  |TAMS 0x0000000084500000| PB 0x0000000084400000| Complete |  0
|  25|0x0000000084500000, 0x0000000084600000, 0x0000000084600000|100%|HC|  |TAMS 0x0000000084600000| PB 0x0000000084500000| Complete |  0
|  26|0x0000000084600000, 0x0000000084700000, 0x0000000084700000|100%|HC|  |TAMS 0x0000000084700000| PB 0x0000000084600000| Complete |  0
|  27|0x0000000084700000, 0x0000000084800000, 0x0000000084800000|100%|HC|  |TAMS 0x0000000084800000| PB 0x0000000084700000| Complete |  0
|  28|0x0000000084800000, 0x0000000084900000, 0x0000000084900000|100%|HC|  |TAMS 0x0000000084900000| PB 0x0000000084800000| Complete |  0
|  29|0x0000000084900000, 0x0000000084a00000, 0x0000000084a00000|100%|HC|  |TAMS 0x0000000084a00000| PB 0x0000000084900000| Complete |  0
|  30|0x0000000084a00000, 0x0000000084b00000, 0x0000000084b00000|100%|HC|  |TAMS 0x0000000084b00000| PB 0x0000000084a00000| Complete |  0
|  31|0x0000000084b00000, 0x0000000084c00000, 0x0000000084c00000|100%|HC|  |TAMS 0x0000000084c00000| PB 0x0000000084b00000| Complete |  0
|  32|0x0000000084c00000, 0x0000000084d00000, 0x0000000084d00000|100%|HS|  |TAMS 0x0000000084d00000| PB 0x0000000084c00000| Complete |  0
|  33|0x0000000084d00000, 0x0000000084e00000, 0x0000000084e00000|100%|HC|  |TAMS 0x0000000084e00000| PB 0x0000000084d00000| Complete |  0
|  34|0x0000000084e00000, 0x0000000084f00000, 0x0000000084f00000|100%|HC|  |TAMS 0x0000000084f00000| PB 0x0000000084e00000| Complete |  0
|  35|0x0000000084f00000, 0x0000000085000000, 0x0000000085000000|100%|HC|  |TAMS 0x0000000085000000| PB 0x0000000084f00000| Complete |  0
|  36|0x0000000085000000, 0x0000000085100000, 0x0000000085100000|100%|HC|  |TAMS 0x0000000085100000| PB 0x0000000085000000| Complete |  0
|  37|0x0000000085100000, 0x0000000085200000, 0x0000000085200000|100%|HC|  |TAMS 0x0000000085200000| PB 0x0000000085100000| Complete |  0
|  38|0x0000000085200000, 0x0000000085300000, 0x0000000085300000|100%|HC|  |TAMS 0x0000000085300000| PB 0x0000000085200000| Complete |  0
|  39|0x0000000085300000, 0x0000000085400000, 0x0000000085400000|100%|HS|  |TAMS 0x0000000085400000| PB 0x0000000085300000| Complete |  0
|  40|0x0000000085400000, 0x0000000085500000, 0x0000000085500000|100%|HC|  |TAMS 0x0000000085500000| PB 0x0000000085400000| Complete |  0
|  41|0x0000000085500000, 0x0000000085600000, 0x0000000085600000|100%|HC|  |TAMS 0x0000000085600000| PB 0x0000000085500000| Complete |  0
|  42|0x0000000085600000, 0x0000000085700000, 0x0000000085700000|100%|HC|  |TAMS 0x0000000085700000| PB 0x0000000085600000| Complete |  0
|  43|0x0000000085700000, 0x0000000085800000, 0x0000000085800000|100%|HC|  |TAMS 0x0000000085800000| PB 0x0000000085700000| Complete |  0
|  44|0x0000000085800000, 0x0000000085900000, 0x0000000085900000|100%|HC|  |TAMS 0x0000000085900000| PB 0x0000000085800000| Complete |  0
|  45|0x0000000085900000, 0x0000000085a00000, 0x0000000085a00000|100%|HC|  |TAMS 0x0000000085a00000| PB 0x0000000085900000| Complete |  0
|  46|0x0000000085a00000, 0x0000000085b00000, 0x0000000085b00000|100%|HC|  |TAMS 0x0000000085b00000| PB 0x0000000085a00000| Complete |  0
|  47|0x0000000085b00000, 0x0000000085c00000, 0x0000000085c00000|100%|HC|  |TAMS 0x0000000085c00000| PB 0x0000000085b00000| Complete |  0
|  48|0x0000000085c00000, 0x0000000085d00000, 0x0000000085d00000|100%|HC|  |TAMS 0x0000000085d00000| PB 0x0000000085c00000| Complete |  0
|  49|0x0000000085d00000, 0x0000000085e00000, 0x0000000085e00000|100%| O|  |TAMS 0x0000000085e00000| PB 0x0000000085d00000| Untracked |  0
|  50|0x0000000085e00000, 0x0000000085f00000, 0x0000000085f00000|100%| O|  |TAMS 0x0000000085f00000| PB 0x0000000085e00000| Untracked |  0
|  51|0x0000000085f00000, 0x0000000085f7c9c0, 0x0000000086000000| 48%| O|  |TAMS 0x0000000085f7c9c0| PB 0x0000000085f00000| Untracked |  0
|  52|0x0000000086000000, 0x0000000086000000, 0x0000000086100000|  0%| F|  |TAMS 0x0000000086000000| PB 0x0000000086000000| Untracked |  0
|  53|0x0000000086100000, 0x0000000086100000, 0x0000000086200000|  0%| F|  |TAMS 0x0000000086100000| PB 0x0000000086100000| Untracked |  0
|  54|0x0000000086200000, 0x0000000086200000, 0x0000000086300000|  0%| F|  |TAMS 0x0000000086200000| PB 0x0000000086200000| Untracked |  0
|  55|0x0000000086300000, 0x0000000086300000, 0x0000000086400000|  0%| F|  |TAMS 0x0000000086300000| PB 0x0000000086300000| Untracked |  0
|  56|0x0000000086400000, 0x0000000086400000, 0x0000000086500000|  0%| F|  |TAMS 0x0000000086400000| PB 0x0000000086400000| Untracked |  0
|  57|0x0000000086500000, 0x0000000086500000, 0x0000000086600000|  0%| F|  |TAMS 0x0000000086500000| PB 0x0000000086500000| Untracked |  0
|  58|0x0000000086600000, 0x0000000086600000, 0x0000000086700000|  0%| F|  |TAMS 0x0000000086600000| PB 0x0000000086600000| Untracked |  0
|  59|0x0000000086700000, 0x0000000086700000, 0x0000000086800000|  0%| F|  |TAMS 0x0000000086700000| PB 0x0000000086700000| Untracked |  0
|  60|0x0000000086800000, 0x0000000086800000, 0x0000000086900000|  0%| F|  |TAMS 0x0000000086800000| PB 0x0000000086800000| Untracked |  0
|  61|0x0000000086900000, 0x0000000086900000, 0x0000000086a00000|  0%| F|  |TAMS 0x0000000086900000| PB 0x0000000086900000| Untracked |  0
|  62|0x0000000086a00000, 0x0000000086a00000, 0x0000000086b00000|  0%| F|  |TAMS 0x0000000086a00000| PB 0x0000000086a00000| Untracked |  0
|  63|0x0000000086b00000, 0x0000000086b00000, 0x0000000086c00000|  0%| F|  |TAMS 0x0000000086b00000| PB 0x0000000086b00000| Untracked |  0
|  64|0x0000000086c00000, 0x0000000086c00000, 0x0000000086d00000|  0%| F|  |TAMS 0x0000000086c00000| PB 0x0000000086c00000| Untracked |  0
|  65|0x0000000086d00000, 0x0000000086d00000, 0x0000000086e00000|  0%| F|  |TAMS 0x0000000086d00000| PB 0x0000000086d00000| Untracked |  0
|  66|0x0000000086e00000, 0x0000000086e00000, 0x0000000086f00000|  0%| F|  |TAMS 0x0000000086e00000| PB 0x0000000086e00000| Untracked |  0
|  67|0x0000000086f00000, 0x0000000086f00000, 0x0000000087000000|  0%| F|  |TAMS 0x0000000086f00000| PB 0x0000000086f00000| Untracked |  0
|  68|0x0000000087000000, 0x0000000087000000, 0x0000000087100000|  0%| F|  |TAMS 0x0000000087000000| PB 0x0000000087000000| Untracked |  0
|  69|0x0000000087100000, 0x0000000087100000, 0x0000000087200000|  0%| F|  |TAMS 0x0000000087100000| PB 0x0000000087100000| Untracked |  0
|  70|0x0000000087200000, 0x0000000087200000, 0x0000000087300000|  0%| F|  |TAMS 0x0000000087200000| PB 0x0000000087200000| Untracked |  0
|  71|0x0000000087300000, 0x0000000087300000, 0x0000000087400000|  0%| F|  |TAMS 0x0000000087300000| PB 0x0000000087300000| Untracked |  0
|  72|0x0000000087400000, 0x0000000087400000, 0x0000000087500000|  0%| F|  |TAMS 0x0000000087400000| PB 0x0000000087400000| Untracked |  0
|  73|0x0000000087500000, 0x0000000087500000, 0x0000000087600000|  0%| F|  |TAMS 0x0000000087500000| PB 0x0000000087500000| Untracked |  0
|  74|0x0000000087600000, 0x0000000087600000, 0x0000000087700000|  0%| F|  |TAMS 0x0000000087600000| PB 0x0000000087600000| Untracked |  0
|  75|0x0000000087700000, 0x0000000087700000, 0x0000000087800000|  0%| F|  |TAMS 0x0000000087700000| PB 0x0000000087700000| Untracked |  0
|  76|0x0000000087800000, 0x0000000087800000, 0x0000000087900000|  0%| F|  |TAMS 0x0000000087800000| PB 0x0000000087800000| Untracked |  0
|  77|0x0000000087900000, 0x0000000087900000, 0x0000000087a00000|  0%| F|  |TAMS 0x0000000087900000| PB 0x0000000087900000| Untracked |  0
|  78|0x0000000087a00000, 0x0000000087a00000, 0x0000000087b00000|  0%| F|  |TAMS 0x0000000087a00000| PB 0x0000000087a00000| Untracked |  0
|  79|0x0000000087b00000, 0x0000000087b00000, 0x0000000087c00000|  0%| F|  |TAMS 0x0000000087b00000| PB 0x0000000087b00000| Untracked |  0
|  80|0x0000000087c00000, 0x0000000087c00000, 0x0000000087d00000|  0%| F|  |TAMS 0x0000000087c00000| PB 0x0000000087c00000| Untracked |  0
|  81|0x0000000087d00000, 0x0000000087d00000, 0x0000000087e00000|  0%| F|  |TAMS 0x0000000087d00000| PB 0x0000000087d00000| Untracked |  0
|  82|0x0000000087e00000, 0x0000000087e00000, 0x0000000087f00000|  0%| F|  |TAMS 0x0000000087e00000| PB 0x0000000087e00000| Untracked |  0
|  83|0x0000000087f00000, 0x0000000087f00000, 0x0000000088000000|  0%| F|  |TAMS 0x0000000087f00000| PB 0x0000000087f00000| Untracked |  0
|  84|0x0000000088000000, 0x0000000088000000, 0x0000000088100000|  0%| F|  |TAMS 0x0000000088000000| PB 0x0000000088000000| Untracked |  0
|  85|0x0000000088100000, 0x0000000088100000, 0x0000000088200000|  0%| F|  |TAMS 0x0000000088100000| PB 0x0000000088100000| Untracked |  0
|  86|0x0000000088200000, 0x0000000088200000, 0x0000000088300000|  0%| F|  |TAMS 0x0000000088200000| PB 0x0000000088200000| Untracked |  0
|  87|0x0000000088300000, 0x0000000088300000, 0x0000000088400000|  0%| F|  |TAMS 0x0000000088300000| PB 0x0000000088300000| Untracked |  0
|  88|0x0000000088400000, 0x0000000088400000, 0x0000000088500000|  0%| F|  |TAMS 0x0000000088400000| PB 0x0000000088400000| Untracked |  0
|  89|0x0000000088500000, 0x0000000088500000, 0x0000000088600000|  0%| F|  |TAMS 0x0000000088500000| PB 0x0000000088500000| Untracked |  0
|  90|0x0000000088600000, 0x0000000088600000, 0x0000000088700000|  0%| F|  |TAMS 0x0000000088600000| PB 0x0000000088600000| Untracked |  0
|  91|0x0000000088700000, 0x0000000088700000, 0x0000000088800000|  0%| F|  |TAMS 0x0000000088700000| PB 0x0000000088700000| Untracked |  0
|  92|0x0000000088800000, 0x0000000088800000, 0x0000000088900000|  0%| F|  |TAMS 0x0000000088800000| PB 0x0000000088800000| Untracked |  0
|  93|0x0000000088900000, 0x0000000088900000, 0x0000000088a00000|  0%| F|  |TAMS 0x0000000088900000| PB 0x0000000088900000| Untracked |  0
|  94|0x0000000088a00000, 0x0000000088a00000, 0x0000000088b00000|  0%| F|  |TAMS 0x0000000088a00000| PB 0x0000000088a00000| Untracked |  0
|  95|0x0000000088b00000, 0x0000000088b00000, 0x0000000088c00000|  0%| F|  |TAMS 0x0000000088b00000| PB 0x0000000088b00000| Untracked |  0
|  96|0x0000000088c00000, 0x0000000088c00000, 0x0000000088d00000|  0%| F|  |TAMS 0x0000000088c00000| PB 0x0000000088c00000| Untracked |  0
|  97|0x0000000088d00000, 0x0000000088d00000, 0x0000000088e00000|  0%| F|  |TAMS 0x0000000088d00000| PB 0x0000000088d00000| Untracked |  0
|  98|0x0000000088e00000, 0x0000000088e00000, 0x0000000088f00000|  0%| F|  |TAMS 0x0000000088e00000| PB 0x0000000088e00000| Untracked |  0
|  99|0x0000000088f00000, 0x0000000088f00000, 0x0000000089000000|  0%| F|  |TAMS 0x0000000088f00000| PB 0x0000000088f00000| Untracked |  0
| 100|0x0000000089000000, 0x0000000089000000, 0x0000000089100000|  0%| F|  |TAMS 0x0000000089000000| PB 0x0000000089000000| Untracked |  0
| 101|0x0000000089100000, 0x0000000089100000, 0x0000000089200000|  0%| F|  |TAMS 0x0000000089100000| PB 0x0000000089100000| Untracked |  0
| 102|0x0000000089200000, 0x0000000089200000, 0x0000000089300000|  0%| F|  |TAMS 0x0000000089200000| PB 0x0000000089200000| Untracked |  0
| 103|0x0000000089300000, 0x0000000089300000, 0x0000000089400000|  0%| F|  |TAMS 0x0000000089300000| PB 0x0000000089300000| Untracked |  0
| 104|0x0000000089400000, 0x0000000089400000, 0x0000000089500000|  0%| F|  |TAMS 0x0000000089400000| PB 0x0000000089400000| Untracked |  0
| 105|0x0000000089500000, 0x0000000089500000, 0x0000000089600000|  0%| F|  |TAMS 0x0000000089500000| PB 0x0000000089500000| Untracked |  0
| 106|0x0000000089600000, 0x0000000089600000, 0x0000000089700000|  0%| F|  |TAMS 0x0000000089600000| PB 0x0000000089600000| Untracked |  0
| 107|0x0000000089700000, 0x0000000089700000, 0x0000000089800000|  0%| F|  |TAMS 0x0000000089700000| PB 0x0000000089700000| Untracked |  0
| 108|0x0000000089800000, 0x0000000089800000, 0x0000000089900000|  0%| F|  |TAMS 0x0000000089800000| PB 0x0000000089800000| Untracked |  0
| 109|0x0000000089900000, 0x0000000089900000, 0x0000000089a00000|  0%| F|  |TAMS 0x0000000089900000| PB 0x0000000089900000| Untracked |  0
| 110|0x0000000089a00000, 0x0000000089a00000, 0x0000000089b00000|  0%| F|  |TAMS 0x0000000089a00000| PB 0x0000000089a00000| Untracked |  0
| 111|0x0000000089b00000, 0x0000000089b00000, 0x0000000089c00000|  0%| F|  |TAMS 0x0000000089b00000| PB 0x0000000089b00000| Untracked |  0
| 112|0x0000000089c00000, 0x0000000089c00000, 0x0000000089d00000|  0%| F|  |TAMS 0x0000000089c00000| PB 0x0000000089c00000| Untracked |  0
| 113|0x0000000089d00000, 0x0000000089d00000, 0x0000000089e00000|  0%| F|  |TAMS 0x0000000089d00000| PB 0x0000000089d00000| Untracked |  0
| 114|0x0000000089e00000, 0x0000000089e00000, 0x0000000089f00000|  0%| F|  |TAMS 0x0000000089e00000| PB 0x0000000089e00000| Untracked |  0
| 115|0x0000000089f00000, 0x0000000089f00000, 0x000000008a000000|  0%| F|  |TAMS 0x0000000089f00000| PB 0x0000000089f00000| Untracked |  0
| 116|0x000000008a000000, 0x000000008a000000, 0x000000008a100000|  0%| F|  |TAMS 0x000000008a000000| PB 0x000000008a000000| Untracked |  0
| 117|0x000000008a100000, 0x000000008a100000, 0x000000008a200000|  0%| F|  |TAMS 0x000000008a100000| PB 0x000000008a100000| Untracked |  0
| 118|0x000000008a200000, 0x000000008a200000, 0x000000008a300000|  0%| F|  |TAMS 0x000000008a200000| PB 0x000000008a200000| Untracked |  0
| 119|0x000000008a300000, 0x000000008a300000, 0x000000008a400000|  0%| F|  |TAMS 0x000000008a300000| PB 0x000000008a300000| Untracked |  0
| 120|0x000000008a400000, 0x000000008a400000, 0x000000008a500000|  0%| F|  |TAMS 0x000000008a400000| PB 0x000000008a400000| Untracked |  0
| 121|0x000000008a500000, 0x000000008a5ed300, 0x000000008a600000| 92%| S|CS|TAMS 0x000000008a500000| PB 0x000000008a500000| Complete |  0
| 122|0x000000008a600000, 0x000000008a700000, 0x000000008a700000|100%| S|CS|TAMS 0x000000008a600000| PB 0x000000008a600000| Complete |  0
| 123|0x000000008a700000, 0x000000008a700000, 0x000000008a800000|  0%| F|  |TAMS 0x000000008a700000| PB 0x000000008a700000| Untracked |  0
| 124|0x000000008a800000, 0x000000008a800000, 0x000000008a900000|  0%| F|  |TAMS 0x000000008a800000| PB 0x000000008a800000| Untracked |  0
| 125|0x000000008a900000, 0x000000008a900000, 0x000000008aa00000|  0%| F|  |TAMS 0x000000008a900000| PB 0x000000008a900000| Untracked |  0

Card table byte_map: [0x000001bd1bc90000,0x000001bd1c080000] _byte_map_base: 0x000001bd1b87a000

Marking Bits: (CMBitMap*) 0x000001bd040671f0
 Bits: [0x000001bd1c080000, 0x000001bd1dfd0000)

Polling page: 0x000001bd01f90000

Metaspace:

Usage:
  Non-class:     10.20 MB used.
      Class:      1.35 MB used.
       Both:     11.55 MB used.

Virtual space:
  Non-class space:       64.00 MB reserved,      10.31 MB ( 16%) committed,  1 nodes.
      Class space:        1.00 GB reserved,       1.44 MB ( <1%) committed,  1 nodes.
             Both:        1.06 GB reserved,      11.75 MB (  1%) committed. 

Chunk freelists:
   Non-Class:  5.00 MB
       Class:  14.58 MB
        Both:  19.58 MB

MaxMetaspaceSize: unlimited
CompressedClassSpaceSize: 1.00 GB
Initial GC threshold: 21.00 MB
Current GC threshold: 21.00 MB
CDS: on
 - commit_granule_bytes: 65536.
 - commit_granule_words: 8192.
 - virtual_space_node_default_size: 8388608.
 - enlarge_chunks_in_place: 1.
 - use_allocation_guard: 0.


Internal statistics:

num_allocs_failed_limit: 0.
num_arena_births: 170.
num_arena_deaths: 0.
num_vsnodes_births: 2.
num_vsnodes_deaths: 0.
num_space_committed: 188.
num_space_uncommitted: 0.
num_chunks_returned_to_freelist: 0.
num_chunks_taken_from_freelist: 249.
num_chunk_merges: 0.
num_chunk_splits: 147.
num_chunks_enlarged: 70.
num_inconsistent_stats: 0.

CodeHeap 'non-profiled nmethods': size=120000Kb used=627Kb max_used=627Kb free=119372Kb
 bounds [0x000001bd13e20000, 0x000001bd14090000, 0x000001bd1b350000]
CodeHeap 'profiled nmethods': size=120000Kb used=2866Kb max_used=2866Kb free=117133Kb
 bounds [0x000001bd0c350000, 0x000001bd0c620000, 0x000001bd13880000]
CodeHeap 'non-nmethods': size=5760Kb used=1656Kb max_used=1677Kb free=4103Kb
 bounds [0x000001bd13880000, 0x000001bd13af0000, 0x000001bd13e20000]
 total_blobs=2398 nmethods=1694 adapters=609
 compilation: enabled
              stopped_count=0, restarted_count=0
 full_count=0

Compilation events (20 events):
Event: 0.794 Thread 0x000001bd67d76760 nmethod 1683 0x000001bd13eba810 code [0x000001bd13eba9e0, 0x000001bd13ebad88]
Event: 0.795 Thread 0x000001bd20c57d20 nmethod 1685 0x000001bd13ebb310 code [0x000001bd13ebb4a0, 0x000001bd13ebb6e8]
Event: 0.800 Thread 0x000001bd20c83e60 1686       1       sun.java2d.SunGraphics2D::getSurfaceData (5 bytes)
Event: 0.800 Thread 0x000001bd20c83e60 nmethod 1686 0x000001bd13ebb910 code [0x000001bd13ebbaa0, 0x000001bd13ebbb68]
Event: 0.813 Thread 0x000001bd67d76760 1687       4       sun.java2d.StateTrackableDelegate::markDirty (6 bytes)
Event: 0.814 Thread 0x000001bd67d76760 nmethod 1687 0x000001bd13ebbc10 code [0x000001bd13ebbd80, 0x000001bd13ebbe60]
Event: 0.815 Thread 0x000001bd20c83e60 1688       1       java.awt.image.Raster::getWidth (5 bytes)
Event: 0.815 Thread 0x000001bd20c83e60 nmethod 1688 0x000001bd13ebbf10 code [0x000001bd13ebc0a0, 0x000001bd13ebc168]
Event: 0.815 Thread 0x000001bd20c83e60 1689       1       java.awt.image.Raster::getHeight (5 bytes)
Event: 0.815 Thread 0x000001bd20c83e60 nmethod 1689 0x000001bd13ebc210 code [0x000001bd13ebc3a0, 0x000001bd13ebc468]
Event: 0.821 Thread 0x000001bd20c83e60 1690       1       java.awt.RenderingHints$Key::intKey (5 bytes)
Event: 0.821 Thread 0x000001bd20c83e60 nmethod 1690 0x000001bd13ebc510 code [0x000001bd13ebc6a0, 0x000001bd13ebc768]
Event: 0.821 Thread 0x000001bd20c83e60 1691       3       java.awt.Component::isEnabled (5 bytes)
Event: 0.821 Thread 0x000001bd20c83e60 nmethod 1691 0x000001bd0c61c210 code [0x000001bd0c61c3a0, 0x000001bd0c61c4c8]
Event: 0.821 Thread 0x000001bd20c83e60 1692       1       java.awt.Component::getX (5 bytes)
Event: 0.821 Thread 0x000001bd20c83e60 nmethod 1692 0x000001bd13ebc810 code [0x000001bd13ebc9a0, 0x000001bd13ebca68]
Event: 0.821 Thread 0x000001bd20c83e60 1693       1       java.awt.Component::getY (5 bytes)
Event: 0.821 Thread 0x000001bd20c83e60 nmethod 1693 0x000001bd13ebcb10 code [0x000001bd13ebcca0, 0x000001bd13ebcd68]
Event: 0.821 Thread 0x000001bd20c83e60 1694       3       java.awt.Component::getGraphicsConfiguration (5 bytes)
Event: 0.821 Thread 0x000001bd20c83e60 nmethod 1694 0x000001bd0c61c590 code [0x000001bd0c61c720, 0x000001bd0c61c840]

GC Heap History (11 events):
Event: 0.448 GC heap before
{Heap before GC invocations=0 (full 0):
 garbage-first heap   total reserved 2052096K, committed 129024K, used 34816K [0x0000000082c00000, 0x0000000100000000)
  region size 1024K, 24 young (24576K), 0 survivors (0K)
 Metaspace       used 8918K, committed 9152K, reserved 1114112K
  class space    used 1036K, committed 1152K, reserved 1048576K
}
Event: 0.451 GC heap after
{Heap after GC invocations=1 (full 0):
 garbage-first heap   total reserved 2052096K, committed 129024K, used 13738K [0x0000000082c00000, 0x0000000100000000)
  region size 1024K, 3 young (3072K), 3 survivors (3072K)
 Metaspace       used 8918K, committed 9152K, reserved 1114112K
  class space    used 1036K, committed 1152K, reserved 1048576K
}
Event: 0.770 GC heap before
{Heap before GC invocations=1 (full 0):
 garbage-first heap   total reserved 2052096K, committed 129024K, used 66986K [0x0000000082c00000, 0x0000000100000000)
  region size 1024K, 19 young (19456K), 3 survivors (3072K)
 Metaspace       used 11815K, committed 12032K, reserved 1114112K
  class space    used 1378K, committed 1472K, reserved 1048576K
}
Event: 0.774 GC heap after
{Heap after GC invocations=2 (full 0):
 garbage-first heap   total reserved 2052096K, committed 129024K, used 54770K [0x0000000082c00000, 0x0000000100000000)
  region size 1024K, 2 young (2048K), 2 survivors (2048K)
 Metaspace       used 11815K, committed 12032K, reserved 1114112K
  class space    used 1378K, committed 1472K, reserved 1048576K
}
Event: 0.781 GC heap before
{Heap before GC invocations=2 (full 0):
 garbage-first heap   total reserved 2052096K, committed 129024K, used 65010K [0x0000000082c00000, 0x0000000100000000)
  region size 1024K, 3 young (3072K), 2 survivors (2048K)
 Metaspace       used 11817K, committed 12032K, reserved 1114112K
  class space    used 1378K, committed 1472K, reserved 1048576K
}
Event: 0.783 GC heap after
{Heap after GC invocations=3 (full 0):
 garbage-first heap   total reserved 2052096K, committed 129024K, used 30121K [0x0000000082c00000, 0x0000000100000000)
  region size 1024K, 2 young (2048K), 2 survivors (2048K)
 Metaspace       used 11817K, committed 12032K, reserved 1114112K
  class space    used 1378K, committed 1472K, reserved 1048576K
}
Event: 0.800 GC heap before
{Heap before GC invocations=3 (full 0):
 garbage-first heap   total reserved 2052096K, committed 129024K, used 54697K [0x0000000082c00000, 0x0000000100000000)
  region size 1024K, 3 young (3072K), 2 survivors (2048K)
 Metaspace       used 11821K, committed 12032K, reserved 1114112K
  class space    used 1378K, committed 1472K, reserved 1048576K
}
Event: 0.802 GC heap after
{Heap after GC invocations=4 (full 0):
 garbage-first heap   total reserved 2052096K, committed 129024K, used 54664K [0x0000000082c00000, 0x0000000100000000)
  region size 1024K, 2 young (2048K), 2 survivors (2048K)
 Metaspace       used 11821K, committed 12032K, reserved 1114112K
  class space    used 1378K, committed 1472K, reserved 1048576K
}
Event: 0.803 GC heap before
{Heap before GC invocations=4 (full 0):
 garbage-first heap   total reserved 2052096K, committed 129024K, used 64904K [0x0000000082c00000, 0x0000000100000000)
  region size 1024K, 3 young (3072K), 2 survivors (2048K)
 Metaspace       used 11821K, committed 12032K, reserved 1114112K
  class space    used 1378K, committed 1472K, reserved 1048576K
}
Event: 0.805 GC heap after
{Heap after GC invocations=5 (full 0):
 garbage-first heap   total reserved 2052096K, committed 129024K, used 30025K [0x0000000082c00000, 0x0000000100000000)
  region size 1024K, 2 young (2048K), 2 survivors (2048K)
 Metaspace       used 11821K, committed 12032K, reserved 1114112K
  class space    used 1378K, committed 1472K, reserved 1048576K
}
Event: 0.822 GC heap before
{Heap before GC invocations=5 (full 0):
 garbage-first heap   total reserved 2052096K, committed 129024K, used 54601K [0x0000000082c00000, 0x0000000100000000)
  region size 1024K, 3 young (3072K), 2 survivors (2048K)
 Metaspace       used 11822K, committed 12032K, reserved 1114112K
  class space    used 1378K, committed 1472K, reserved 1048576K
}

Dll operation events (10 events):
Event: 0.006 Loaded shared library C:\Program Files\Java\jdk-22\bin\java.dll
Event: 0.028 Loaded shared library C:\Program Files\Java\jdk-22\bin\jsvml.dll
Event: 0.053 Loaded shared library C:\Program Files\Java\jdk-22\bin\jimage.dll
Event: 0.056 Loaded shared library C:\Program Files\Java\jdk-22\bin\net.dll
Event: 0.057 Loaded shared library C:\Program Files\Java\jdk-22\bin\nio.dll
Event: 0.059 Loaded shared library C:\Program Files\Java\jdk-22\bin\zip.dll
Event: 0.071 Loaded shared library C:\Program Files\Java\jdk-22\bin\awt.dll
Event: 0.180 Loaded shared library C:\Program Files\Java\jdk-22\bin\freetype.dll
Event: 0.181 Loaded shared library C:\Program Files\Java\jdk-22\bin\fontmanager.dll
Event: 0.333 Loaded shared library C:\Program Files\Java\jdk-22\bin\javajpeg.dll

Deoptimization events (20 events):
Event: 0.642 Thread 0x000001bd663ac4a0 Uncommon trap: trap_request=0xffffffde fr.pc=0x000001bd13e8fe18 relative=0x0000000000000978
Event: 0.642 Thread 0x000001bd663ac4a0 Uncommon trap: reason=class_check action=maybe_recompile pc=0x000001bd13e8fe18 method=sun.nio.ch.IOUtil.read(Ljava/io/FileDescriptor;Ljava/nio/ByteBuffer;JZZILsun/nio/ch/NativeDispatcher;)I @ 1 c2
Event: 0.642 Thread 0x000001bd663ac4a0 DEOPT PACKING pc=0x000001bd13e8fe18 sp=0x000000107bdfd1f0
Event: 0.642 Thread 0x000001bd663ac4a0 DEOPT UNPACKING pc=0x000001bd138d46a2 sp=0x000000107bdfd108 mode 2
Event: 0.672 Thread 0x000001bd663ac4a0 Uncommon trap: trap_request=0xffffff76 fr.pc=0x000001bd13e6a9cc relative=0x000000000000022c
Event: 0.672 Thread 0x000001bd663ac4a0 Uncommon trap: reason=predicate action=maybe_recompile pc=0x000001bd13e6a9cc method=java.util.ArrayList.indexOfRange(Ljava/lang/Object;II)I @ 45 c2
Event: 0.672 Thread 0x000001bd663ac4a0 DEOPT PACKING pc=0x000001bd13e6a9cc sp=0x000000107bdfe860
Event: 0.672 Thread 0x000001bd663ac4a0 DEOPT UNPACKING pc=0x000001bd138d46a2 sp=0x000000107bdfe7d8 mode 2
Event: 0.673 Thread 0x000001bd663ac4a0 Uncommon trap: trap_request=0xffffffbe fr.pc=0x000001bd13e695bc relative=0x000000000000057c
Event: 0.673 Thread 0x000001bd663ac4a0 Uncommon trap: reason=profile_predicate action=maybe_recompile pc=0x000001bd13e695bc method=java.util.ArrayList.indexOfRange(Ljava/lang/Object;II)I @ 42 c2
Event: 0.673 Thread 0x000001bd663ac4a0 DEOPT PACKING pc=0x000001bd13e695bc sp=0x000000107bdfde40
Event: 0.673 Thread 0x000001bd663ac4a0 DEOPT UNPACKING pc=0x000001bd138d46a2 sp=0x000000107bdfddf8 mode 2
Event: 0.697 Thread 0x000001bd663ac4a0 Uncommon trap: trap_request=0xffffff45 fr.pc=0x000001bd13e601c0 relative=0x0000000000000300
Event: 0.697 Thread 0x000001bd663ac4a0 Uncommon trap: reason=unstable_if action=reinterpret pc=0x000001bd13e601c0 method=java.util.HashMap.getNode(Ljava/lang/Object;)Ljava/util/HashMap$Node; @ 57 c2
Event: 0.697 Thread 0x000001bd663ac4a0 DEOPT PACKING pc=0x000001bd13e601c0 sp=0x000000107bdfbd00
Event: 0.697 Thread 0x000001bd663ac4a0 DEOPT UNPACKING pc=0x000001bd138d46a2 sp=0x000000107bdfbc80 mode 2
Event: 0.727 Thread 0x000001bd663ac4a0 Uncommon trap: trap_request=0xffffff45 fr.pc=0x000001bd13e749d0 relative=0x0000000000000130
Event: 0.727 Thread 0x000001bd663ac4a0 Uncommon trap: reason=unstable_if action=reinterpret pc=0x000001bd13e749d0 method=java.lang.ThreadLocal$ThreadLocalMap.getEntry(Ljava/lang/ThreadLocal;)Ljava/lang/ThreadLocal$ThreadLocalMap$Entry; @ 21 c2
Event: 0.727 Thread 0x000001bd663ac4a0 DEOPT PACKING pc=0x000001bd13e749d0 sp=0x000000107bdfd290
Event: 0.727 Thread 0x000001bd663ac4a0 DEOPT UNPACKING pc=0x000001bd138d46a2 sp=0x000000107bdfd1b0 mode 2

Classes loaded (20 events):
Event: 0.733 Loading class java/awt/print/PrinterGraphics
Event: 0.733 Loading class java/awt/print/PrinterGraphics done
Event: 0.734 Loading class java/awt/PrintGraphics
Event: 0.734 Loading class java/awt/PrintGraphics done
Event: 0.734 Loading class sun/java2d/loops/FontInfo
Event: 0.734 Loading class sun/java2d/loops/FontInfo done
Event: 0.735 Loading class javax/swing/plaf/nimbus/ImageCache
Event: 0.735 Loading class javax/swing/plaf/nimbus/ImageCache done
Event: 0.735 Loading class java/awt/ColorPaintContext
Event: 0.735 Loading class java/awt/PaintContext
Event: 0.735 Loading class java/awt/PaintContext done
Event: 0.735 Loading class java/awt/ColorPaintContext done
Event: 0.735 Loading class sun/java2d/pipe/AlphaPaintPipe$TileContext
Event: 0.735 Loading class sun/java2d/pipe/AlphaPaintPipe$TileContext done
Event: 0.736 Loading class javax/swing/tree/DefaultTreeCellRenderer
Event: 0.736 Loading class javax/swing/tree/TreeCellRenderer
Event: 0.736 Loading class javax/swing/tree/TreeCellRenderer done
Event: 0.736 Loading class javax/swing/tree/DefaultTreeCellRenderer done
Event: 0.740 Loading class java/awt/geom/EllipseIterator
Event: 0.741 Loading class java/awt/geom/EllipseIterator done

Classes unloaded (0 events):
No events

Classes redefined (0 events):
No events

Internal exceptions (20 events):
Event: 0.208 Thread 0x000001bd04015720 Exception <a 'java/lang/ClassNotFoundException'{0x000000008a5bff08}: RootPane> (0x000000008a5bff08) 
thrown [s\open\src\hotspot\share\classfile\systemDictionary.cpp, line 313]
Event: 0.209 Thread 0x000001bd04015720 Exception <a 'java/lang/ClassNotFoundException'{0x000000008a5c2c98}: com/sun/swing/internal/plaf/metal/resources/spi/metalProvider> (0x000000008a5c2c98) 
thrown [s\open\src\hotspot\share\classfile\systemDictionary.cpp, line 313]
Event: 0.210 Thread 0x000001bd04015720 Exception <a 'java/lang/ClassNotFoundException'{0x000000008a5c6998}: com/sun/swing/internal/plaf/basic/resources/spi/basicProvider> (0x000000008a5c6998) 
thrown [s\open\src\hotspot\share\classfile\systemDictionary.cpp, line 313]
Event: 0.224 Thread 0x000001bd663ac4a0 Exception <a 'java/lang/ClassNotFoundException'{0x000000008a491148}: com/sun/swing/internal/plaf/synth/resources/spi/synthProvider> (0x000000008a491148) 
thrown [s\open\src\hotspot\share\classfile\systemDictionary.cpp, line 313]
Event: 0.232 Thread 0x000001bd663ac4a0 Exception <a 'java/lang/NoSuchMethodError'{0x000000008a4d4eb0}: 'int java.lang.invoke.Invokers$Holder.invokeExact_MT(java.lang.Object, java.lang.Object)'> (0x000000008a4d4eb0) 
thrown [s\open\src\hotspot\share\interpreter\linkResolver.cpp, line 774]
Event: 0.239 Thread 0x000001bd663ac4a0 Exception <a 'java/lang/NoSuchMethodError'{0x000000008a4ea648}: 'java.lang.Object java.lang.invoke.DirectMethodHandle$Holder.newInvokeSpecial(java.lang.Object, java.lang.Object, int)'> (0x000000008a4ea648) 
thrown [s\open\src\hotspot\share\interpreter\linkResolver.cpp, line 774]
Event: 0.239 Thread 0x000001bd663ac4a0 Exception <a 'java/lang/NoSuchMethodError'{0x000000008a4ef708}: 'int java.lang.invoke.DirectMethodHandle$Holder.invokeSpecial(java.lang.Object, java.lang.Object, java.lang.Object, int)'> (0x000000008a4ef708) 
thrown [s\open\src\hotspot\share\interpreter\linkResolver.cpp, line 774]
Event: 0.240 Thread 0x000001bd663ac4a0 Exception <a 'java/lang/NoSuchMethodError'{0x000000008a30c658}: 'java.lang.Object java.lang.invoke.DirectMethodHandle$Holder.invokeStatic(java.lang.Object, java.lang.Object, java.lang.Object, java.lang.Object, int)'> (0x000000008a30c658) 
thrown [s\open\src\hotspot\share\interpreter\linkResolver.cpp, line 774]
Event: 0.241 Thread 0x000001bd663ac4a0 Exception <a 'java/lang/NoSuchMethodError'{0x000000008a318320}: 'int java.lang.invoke.DirectMethodHandle$Holder.invokeSpecial(java.lang.Object, java.lang.Object, java.lang.Object)'> (0x000000008a318320) 
thrown [s\open\src\hotspot\share\interpreter\linkResolver.cpp, line 774]
Event: 0.290 Thread 0x000001bd67bb4aa0 Exception <a 'java/lang/NoSuchMethodError'{0x000000008a12ae28}: 'java.lang.Object java.lang.invoke.DirectMethodHandle$Holder.newInvokeSpecial(java.lang.Object, java.lang.Object, java.lang.Object, int, int, int, int, int)'> (0x000000008a12ae28) 
thrown [s\open\src\hotspot\share\interpreter\linkResolver.cpp, line 774]
Event: 0.306 Thread 0x000001bd663ac4a0 Exception <a 'java/lang/ClassNotFoundException'{0x000000008a197c28}: java/lang/ObjectCustomizer> (0x000000008a197c28) 
thrown [s\open\src\hotspot\share\classfile\systemDictionary.cpp, line 313]
Event: 0.310 Thread 0x000001bd663ac4a0 Exception <a 'java/lang/NoSuchMethodError'{0x000000008a19ed68}: 'java.lang.Object java.lang.invoke.DirectMethodHandle$Holder.invokeInterface(java.lang.Object, java.lang.Object)'> (0x000000008a19ed68) 
thrown [s\open\src\hotspot\share\interpreter\linkResolver.cpp, line 774]
Event: 0.310 Thread 0x000001bd663ac4a0 Exception <a 'java/lang/IncompatibleClassChangeError'{0x000000008a1a2320}: Found class java.lang.Object, but interface was expected> (0x000000008a1a2320) 
thrown [s\open\src\hotspot\share\interpreter\linkResolver.cpp, line 841]
Event: 0.319 Thread 0x000001bd663ac4a0 Exception <a 'java/lang/ClassNotFoundException'{0x000000008a1e09e0}: net/miginfocom/layout/UnitValueCustomizer> (0x000000008a1e09e0) 
thrown [s\open\src\hotspot\share\classfile\systemDictionary.cpp, line 313]
Event: 0.321 Thread 0x000001bd663ac4a0 Exception <a 'java/lang/ClassNotFoundException'{0x000000008a1f4a78}: java/lang/ObjectCustomizer> (0x000000008a1f4a78) 
thrown [s\open\src\hotspot\share\classfile\systemDictionary.cpp, line 313]
Event: 0.321 Thread 0x000001bd663ac4a0 Exception <a 'java/lang/ClassNotFoundException'{0x000000008a1fa3c0}: net/miginfocom/layout/BoundSizeCustomizer> (0x000000008a1fa3c0) 
thrown [s\open\src\hotspot\share\classfile\systemDictionary.cpp, line 313]
Event: 0.656 Thread 0x000001bd6632f8d0 Exception <a 'java/lang/NoSuchMethodError'{0x0000000089cf2bb0}: 'void java.lang.invoke.DirectMethodHandle$Holder.invokeVirtual(java.lang.Object, java.lang.Object)'> (0x0000000089cf2bb0) 
thrown [s\open\src\hotspot\share\interpreter\linkResolver.cpp, line 774]
Event: 0.665 Thread 0x000001bd663ac4a0 Exception <a 'java/lang/NoSuchMethodError'{0x0000000089ccf190}: 'void java.lang.invoke.DirectMethodHandle$Holder.invokeStaticInit(java.lang.Object)'> (0x0000000089ccf190) 
thrown [s\open\src\hotspot\share\interpreter\linkResolver.cpp, line 774]
Event: 0.697 Thread 0x000001bd663ac4a0 Implicit null exception at 0x000001bd13e60069 to 0x000001bd13e60198
Event: 0.727 Thread 0x000001bd663ac4a0 Implicit null exception at 0x000001bd13e74901 to 0x000001bd13e749b0

ZGC Phase Switch (0 events):
No events

VM Operations (20 events):
Event: 0.630 Executing VM operation: HandshakeAllThreads (Deoptimize) done
Event: 0.642 Executing VM operation: HandshakeAllThreads (Deoptimize)
Event: 0.643 Executing VM operation: HandshakeAllThreads (Deoptimize) done
Event: 0.643 Executing VM operation: HandshakeAllThreads (Deoptimize)
Event: 0.643 Executing VM operation: HandshakeAllThreads (Deoptimize) done
Event: 0.653 Executing VM operation: HandshakeAllThreads (Deoptimize)
Event: 0.653 Executing VM operation: HandshakeAllThreads (Deoptimize) done
Event: 0.704 Executing VM operation: ICBufferFull
Event: 0.704 Executing VM operation: ICBufferFull done
Event: 0.727 Executing VM operation: HandshakeAllThreads (Deoptimize)
Event: 0.727 Executing VM operation: HandshakeAllThreads (Deoptimize) done
Event: 0.770 Executing VM operation: G1TryInitiateConcMark (G1 Humongous Allocation)
Event: 0.774 Executing VM operation: G1TryInitiateConcMark (G1 Humongous Allocation) done
Event: 0.781 Executing VM operation: G1TryInitiateConcMark (G1 Humongous Allocation)
Event: 0.783 Executing VM operation: G1TryInitiateConcMark (G1 Humongous Allocation) done
Event: 0.800 Executing VM operation: G1TryInitiateConcMark (G1 Humongous Allocation)
Event: 0.802 Executing VM operation: G1TryInitiateConcMark (G1 Humongous Allocation) done
Event: 0.803 Executing VM operation: G1TryInitiateConcMark (G1 Humongous Allocation)
Event: 0.805 Executing VM operation: G1TryInitiateConcMark (G1 Humongous Allocation) done
Event: 0.822 Executing VM operation: G1TryInitiateConcMark (G1 Humongous Allocation)

Events (20 events):
Event: 0.026 Thread 0x000001bd20c3ffb0 Thread added: 0x000001bd20c3ffb0
Event: 0.027 Thread 0x000001bd20c40ed0 Thread added: 0x000001bd20c40ed0
Event: 0.027 Thread 0x000001bd20c477f0 Thread added: 0x000001bd20c477f0
Event: 0.027 Thread 0x000001bd20c4a5e0 Thread added: 0x000001bd20c4a5e0
Event: 0.027 Thread 0x000001bd20c4b040 Thread added: 0x000001bd20c4b040
Event: 0.027 Thread 0x000001bd20c4bbd0 Thread added: 0x000001bd20c4bbd0
Event: 0.027 Thread 0x000001bd20c57d20 Thread added: 0x000001bd20c57d20
Event: 0.027 Thread 0x000001bd20c83e60 Thread added: 0x000001bd20c83e60
Event: 0.039 Thread 0x000001bd6617e510 Thread added: 0x000001bd6617e510
Event: 0.041 Thread 0x000001bd6618bde0 Thread added: 0x000001bd6618bde0
Event: 0.108 Thread 0x000001bd66328900 Thread added: 0x000001bd66328900
Event: 0.108 Thread 0x000001bd6632e5d0 Thread added: 0x000001bd6632e5d0
Event: 0.109 Thread 0x000001bd6632f8d0 Thread added: 0x000001bd6632f8d0
Event: 0.217 Thread 0x000001bd663ac4a0 Thread added: 0x000001bd663ac4a0
Event: 0.217 Thread 0x000001bd04015720 Thread exited: 0x000001bd04015720
Event: 0.218 Thread 0x000001bd04015720 Thread added: 0x000001bd04015720
Event: 0.255 Thread 0x000001bd67bb4aa0 Thread added: 0x000001bd67bb4aa0
Event: 0.329 Thread 0x000001bd67d6b760 Thread added: 0x000001bd67d6b760
Event: 0.444 Thread 0x000001bd67d76760 Thread added: 0x000001bd67d76760
Event: 0.444 Thread 0x000001bd67d76e20 Thread added: 0x000001bd67d76e20


Dynamic libraries:
0x00007ff7ba2a0000 - 0x00007ff7ba2b0000 	C:\Program Files\Java\jdk-22\bin\java.exe
0x00007ff80c6b0000 - 0x00007ff80c8c7000 	C:\WINDOWS\SYSTEM32\ntdll.dll
0x00007ff80b240000 - 0x00007ff80b304000 	C:\WINDOWS\System32\KERNEL32.DLL
0x00007ff809a60000 - 0x00007ff809e0c000 	C:\WINDOWS\System32\KERNELBASE.dll
0x00007ff809e10000 - 0x00007ff809f21000 	C:\WINDOWS\System32\ucrtbase.dll
0x00007fff86eb0000 - 0x00007fff86ecb000 	C:\Program Files\Java\jdk-22\bin\VCRUNTIME140.dll
0x00007fffcda80000 - 0x00007fffcda97000 	C:\Program Files\Java\jdk-22\bin\jli.dll
0x00007ff80b020000 - 0x00007ff80b0d2000 	C:\WINDOWS\System32\ADVAPI32.dll
0x00007ff80b3b0000 - 0x00007ff80b457000 	C:\WINDOWS\System32\msvcrt.dll
0x00007ff80c5c0000 - 0x00007ff80c66a000 	C:\WINDOWS\System32\sechost.dll
0x00007ff80a3c0000 - 0x00007ff80a3e8000 	C:\WINDOWS\System32\bcrypt.dll
0x00007ff80c380000 - 0x00007ff80c495000 	C:\WINDOWS\System32\RPCRT4.dll
0x00007ff80c1d0000 - 0x00007ff80c37e000 	C:\WINDOWS\System32\USER32.dll
0x00007ff80a260000 - 0x00007ff80a286000 	C:\WINDOWS\System32\win32u.dll
0x00007fffedf20000 - 0x00007fffee1b3000 	C:\WINDOWS\WinSxS\amd64_microsoft.windows.common-controls_6595b64144ccf1df_6.0.22621.3672_none_2713b9d173822955\COMCTL32.dll
0x00007ff80b160000 - 0x00007ff80b189000 	C:\WINDOWS\System32\GDI32.dll
0x00007ff80a140000 - 0x00007ff80a259000 	C:\WINDOWS\System32\gdi32full.dll
0x00007ff80a0a0000 - 0x00007ff80a13a000 	C:\WINDOWS\System32\msvcp_win.dll
0x00007ff8065e0000 - 0x00007ff8065ea000 	C:\WINDOWS\SYSTEM32\VERSION.dll
0x00007ff80af50000 - 0x00007ff80af81000 	C:\WINDOWS\System32\IMM32.DLL
0x00007fffc2b00000 - 0x00007fffc2b0c000 	C:\Program Files\Java\jdk-22\bin\vcruntime140_1.dll
0x00007fff856c0000 - 0x00007fff8574e000 	C:\Program Files\Java\jdk-22\bin\msvcp140.dll
0x00007fff85a40000 - 0x00007fff86787000 	C:\Program Files\Java\jdk-22\bin\server\jvm.dll
0x00007ff80af90000 - 0x00007ff80b001000 	C:\WINDOWS\System32\WS2_32.dll
0x00007ff808870000 - 0x00007ff8088bd000 	C:\WINDOWS\SYSTEM32\POWRPROF.dll
0x00007ffff80a0000 - 0x00007ffff80d4000 	C:\WINDOWS\SYSTEM32\WINMM.dll
0x00007ff808850000 - 0x00007ff808863000 	C:\WINDOWS\SYSTEM32\UMPDC.dll
0x00007ff808b00000 - 0x00007ff808b18000 	C:\WINDOWS\SYSTEM32\kernel.appcore.dll
0x00007fffc1670000 - 0x00007fffc167a000 	C:\Program Files\Java\jdk-22\bin\jimage.dll
0x00007ffff75e0000 - 0x00007ffff7812000 	C:\WINDOWS\SYSTEM32\DBGHELP.DLL
0x00007ff80b460000 - 0x00007ff80b7e8000 	C:\WINDOWS\System32\combase.dll
0x00007ff80a630000 - 0x00007ff80a707000 	C:\WINDOWS\System32\OLEAUT32.dll
0x00007ffff4e90000 - 0x00007ffff4ec2000 	C:\WINDOWS\SYSTEM32\dbgcore.DLL
0x00007ff8099e0000 - 0x00007ff809a5b000 	C:\WINDOWS\System32\bcryptPrimitives.dll
0x00007fff86e90000 - 0x00007fff86eae000 	C:\Program Files\Java\jdk-22\bin\java.dll
0x00007ff80b850000 - 0x00007ff80c0ac000 	C:\WINDOWS\System32\SHELL32.dll
0x00007ff80ada0000 - 0x00007ff80af45000 	C:\WINDOWS\System32\ole32.dll
0x00007ff807940000 - 0x00007ff808237000 	C:\WINDOWS\SYSTEM32\windows.storage.dll
0x00007ff807800000 - 0x00007ff80793f000 	C:\WINDOWS\SYSTEM32\wintypes.dll
0x00007ff80c4c0000 - 0x00007ff80c5b4000 	C:\WINDOWS\System32\SHCORE.dll
0x00007ff80abe0000 - 0x00007ff80ac3e000 	C:\WINDOWS\System32\shlwapi.dll
0x00007ff809910000 - 0x00007ff809931000 	C:\WINDOWS\SYSTEM32\profapi.dll
0x00007fff85920000 - 0x00007fff859f7000 	C:\Program Files\Java\jdk-22\bin\jsvml.dll
0x00007fffbefe0000 - 0x00007fffbeff0000 	C:\Program Files\Java\jdk-22\bin\net.dll
0x00007ff808f70000 - 0x00007ff808fd9000 	C:\WINDOWS\system32\mswsock.dll
0x00007fff85900000 - 0x00007fff85916000 	C:\Program Files\Java\jdk-22\bin\nio.dll
0x00007fff858e0000 - 0x00007fff858f7000 	C:\Program Files\Java\jdk-22\bin\zip.dll
0x00007fff85750000 - 0x00007fff858de000 	C:\Program Files\Java\jdk-22\bin\awt.dll
0x00007ff805d20000 - 0x00007ff805db7000 	C:\WINDOWS\SYSTEM32\apphelp.dll
0x00007ff806e70000 - 0x00007ff806f1a000 	C:\WINDOWS\system32\uxtheme.dll
0x00007fffcd810000 - 0x00007fffcd943000 	C:\ProgramData\A-Volute\A-Volute.Nahimic\Modules\Scheduled\x64\AudioDevProps2.dll
0x00007ff80ac40000 - 0x00007ff80ad93000 	C:\WINDOWS\System32\MSCTF.dll
0x00007ff8070f0000 - 0x00007ff80711b000 	C:\WINDOWS\system32\DWMAPI.DLL
0x00007fff85630000 - 0x00007fff856b7000 	C:\Program Files\Java\jdk-22\bin\freetype.dll
0x00007fff85550000 - 0x00007fff85627000 	C:\Program Files\Java\jdk-22\bin\fontmanager.dll
0x00007fffd7f30000 - 0x00007fffd8030000 	C:\WINDOWS\system32\opengl32.dll
0x00007fffd80e0000 - 0x00007fffd810d000 	C:\WINDOWS\SYSTEM32\GLU32.dll
0x00007ff807160000 - 0x00007ff807199000 	C:\WINDOWS\SYSTEM32\dxcore.dll
0x00007fffe2af0000 - 0x00007fffe2b1e000 	C:\Program Files\Java\jdk-22\bin\javajpeg.dll
0x00007ff80b190000 - 0x00007ff80b240000 	C:\WINDOWS\System32\clbcatq.dll
0x00007ff806c80000 - 0x00007ff806e30000 	C:\WINDOWS\SYSTEM32\WindowsCodecs.dll
0x00007fffd6af0000 - 0x00007fffd6b4e000 	C:\WINDOWS\system32\dataexchange.dll
0x00007ff805e20000 - 0x00007ff8060aa000 	C:\WINDOWS\system32\twinapi.appcore.dll
0x00007ffff96f0000 - 0x00007ffff983d000 	C:\WINDOWS\SYSTEM32\textinputframework.dll

dbghelp: loaded successfully - version: 4.0.5 - missing functions: none
symbol engine: initialized successfully - sym options: 0x614 - pdb path: .;C:\Program Files\Java\jdk-22\bin;C:\WINDOWS\SYSTEM32;C:\WINDOWS\WinSxS\amd64_microsoft.windows.common-controls_6595b64144ccf1df_6.0.22621.3672_none_2713b9d173822955;C:\Program Files\Java\jdk-22\bin\server;C:\ProgramData\A-Volute\A-Volute.Nahimic\Modules\Scheduled\x64

VM Arguments:
java_command: forms.FrmMain
java_class_path (initial): C:\Users\eljulls\Documents\GitHub\Juatsapp_233537_240005\Juatsapp_presentacion\target\classes;C:\Users\eljulls\.m2\repository\org\netbeans\external\AbsoluteLayout\RELEASE210\AbsoluteLayout-RELEASE210.jar;C:\Users\eljulls\.m2\repository\com\github\lgooddatepicker\LGoodDatePicker\11.2.1\LGoodDatePicker-11.2.1.jar;C:\Users\eljulls\.m2\repository\com\miglayout\miglayout-swing\5.2\miglayout-swing-5.2.jar;C:\Users\eljulls\.m2\repository\com\miglayout\miglayout-core\5.2\miglayout-core-5.2.jar
Launcher Type: SUN_STANDARD

[Global flags]
     intx CICompilerCount                          = 4                                         {product} {ergonomic}
     uint ConcGCThreads                            = 3                                         {product} {ergonomic}
     uint G1ConcRefinementThreads                  = 10                                        {product} {ergonomic}
   size_t G1HeapRegionSize                         = 1048576                                   {product} {ergonomic}
   size_t InitialHeapSize                          = 132120576                                 {product} {ergonomic}
   size_t MarkStackSize                            = 4194304                                   {product} {ergonomic}
   size_t MaxHeapSize                              = 2101346304                                {product} {ergonomic}
   size_t MaxNewSize                               = 1260388352                                {product} {ergonomic}
   size_t MinHeapDeltaBytes                        = 1048576                                   {product} {ergonomic}
   size_t MinHeapSize                              = 8388608                                   {product} {ergonomic}
    uintx NonNMethodCodeHeapSize                   = 5839372                                {pd product} {ergonomic}
    uintx NonProfiledCodeHeapSize                  = 122909434                              {pd product} {ergonomic}
    uintx ProfiledCodeHeapSize                     = 122909434                              {pd product} {ergonomic}
    uintx ReservedCodeCacheSize                    = 251658240                              {pd product} {ergonomic}
     bool SegmentedCodeCache                       = true                                      {product} {ergonomic}
   size_t SoftMaxHeapSize                          = 2101346304                             {manageable} {ergonomic}
     bool UseCompressedOops                        = true                           {product lp64_product} {ergonomic}
     bool UseG1GC                                  = true                                      {product} {ergonomic}
     bool UseLargePagesIndividualAllocation        = false                                  {pd product} {ergonomic}

Logging:
Log output configuration:
 #0: stdout all=warning uptime,level,tags foldmultilines=false
 #1: stderr all=off uptime,level,tags foldmultilines=false

Environment Variables:
JAVA_HOME=C:\Program Files\Java\jdk-22
PATH=C:\Program Files\Common Files\Oracle\Java\javapath;C:\Program Files (x86)\Common Files\Oracle\Java\javapath;C:\Windows\system32;C:\Windows;C:\Windows\System32\Wbem;C:\Windows\System32\WindowsPowerShell\v1.0\;C:\Windows\System32\OpenSSH\;C:\Program Files (x86)\NVIDIA Corporation\PhysX\Common;C:\Program Files\NVIDIA Corporation\NVIDIA NvDLISR;C:\WINDOWS\system32;C:\WINDOWS;C:\WINDOWS\System32\Wbem;C:\WINDOWS\System32\WindowsPowerShell\v1.0\;C:\WINDOWS\System32\OpenSSH\;C:\Program Files\PuTTY\;C:\Program Files\dotnet\;C:\Program Files\nodejs\;C:\Users\eljulls\AppData\Local\Programs\Python\Python312\Scripts\;C:\Users\eljulls\AppData\Local\Programs\Python\Python312\;C:\Users\eljulls\AppData\Local\Programs\Python\Python311\Scripts\;C:\Users\eljulls\AppData\Local\Programs\Python\Python311\;C:\Users\eljulls\AppData\Local\Programs\Python\Launcher\;C:\Users\eljulls\AppData\Local\Microsoft\WindowsApps;C:\Users\eljulls\AppData\Local\Programs\Microsoft VS Code\bin;C:\Users\eljulls\AppData\Roaming\npm;C:\Users\eljulls\AppData\Local\GitHubDesktop\bin
USERNAME=eljulls
OS=Windows_NT
PROCESSOR_IDENTIFIER=Intel64 Family 6 Model 165 Stepping 2, GenuineIntel
TMP=C:\Users\eljulls\AppData\Local\Temp
TEMP=C:\Users\eljulls\AppData\Local\Temp




Periodic native trim disabled

---------------  S Y S T E M  ---------------

OS:
 Windows 11 , 64 bit Build 22621 (10.0.22621.3672)
OS uptime: 1 days 1:06 hours

CPU: total 12 (initial active 12) (6 cores per cpu, 2 threads per core) family 6 model 165 stepping 2 microcode 0xe2, cx8, cmov, fxsr, ht, mmx, 3dnowpref, sse, sse2, sse3, ssse3, sse4.1, sse4.2, popcnt, lzcnt, tsc, tscinvbit, avx, avx2, aes, erms, clmul, bmi1, bmi2, adx, fma, vzeroupper, clflush, clflushopt, rdtscp, f16c, pku
Processor Information for all 12 processors :
  Max Mhz: 2496, Current Mhz: 2496, Mhz Limit: 2496

Memory: 4k page, system-wide physical 8013M (528M free)
TotalPageFile size 25783M (AvailPageFile size 85M)
current process WorkingSet (physical memory assigned to process): 164M, peak: 164M
current process commit charge ("private bytes"): 244M, peak: 427M

vm_info: Java HotSpot(TM) 64-Bit Server VM (22.0.1+8-16) for windows-amd64 JRE (22.0.1+8-16), built on 2024-03-12T10:33:16Z by "mach5one" with MS VC++ 17.6 (VS2022)

END.
